cuda: True
load data from data/MSR/full_experiment_real_data_processed/vbugtype_privilege_escalation_authorization/GGNNinput_graph_ggnn_1_vbugtype_privilege_escalation_authorization.jsonlines
Dataset	(117325, 200)	(117325,)	12059
====================================================================================================
train
(16479, 200)
(16479,)
16479
valid
(2032, 200)
(2032,)
2032
test
(2039, 200)
(2039,)
2039
holdout
(0, 200)
(0,)
0
checkpointing path: models/devign/reveal/vbugtype_privilege_escalation_authorization/1
Initializing dataset...
Number of Train Entries 0 #Batches 0 first 5: [] last 5: []
Number of Valid Entries 0 #Batches 0 first 5: [] last 5: []
Number of Test Entries 2039 #Batches 32 first 5: [6, 18, 22, 62, 111] last 5: [116871, 116918, 117058, 117062, 117319]
Number of Holdout Entries 0 #Batches 0 first 5: [] last 5: []
32
  0%|          | 0/32 [00:00<?, ?it/s]  3%|▎         | 1/32 [00:00<00:28,  1.09it/s]100%|██████████| 32/32 [00:01<00:00, 31.76it/s]
HOLDOUT RESULTS
92.88867091711623 33.33333333333333 35.51401869158878 34.38914027149321
