cuda: True
load data from data/MSR/full_experiment_real_data_processed/vbugtype_mixed/GGNNinput_graph_ggnn_1_vbugtype_mixed.jsonlines
Dataset	(117325, 200)	(117325,)	12059
====================================================================================================
train
(74026, 200)
(74026,)
74026
valid
(9069, 200)
(9069,)
9069
test
(9214, 200)
(9214,)
9214
holdout
(0, 200)
(0,)
0
checkpointing path: models/devign/reveal/vbugtype_mixed/1
Initializing dataset...
Number of Train Entries 0 #Batches 0 first 5: [] last 5: []
Number of Valid Entries 0 #Batches 0 first 5: [] last 5: []
Number of Test Entries 9214 #Batches 144 first 5: [6, 18, 22, 38, 62] last 5: [117196, 117220, 117228, 117291, 117319]
Number of Holdout Entries 0 #Batches 0 first 5: [] last 5: []
144
  0%|          | 0/144 [00:00<?, ?it/s]  1%|          | 1/144 [00:00<02:00,  1.19it/s] 25%|██▌       | 36/144 [00:00<00:02, 51.65it/s] 50%|█████     | 72/144 [00:01<00:00, 104.05it/s] 76%|███████▋  | 110/144 [00:01<00:00, 157.51it/s]100%|██████████| 144/144 [00:01<00:00, 115.41it/s]
HOLDOUT RESULTS
92.27262860863902 33.691756272401435 35.471698113207545 34.55882352941176
