cuda: True
load data from data/MSR/full_experiment_real_data_processed/vbugtype_value_propagation_errors/GGNNinput_graph_ggnn_1_vbugtype_resource_allocation_free.jsonlines
Dataset	(117325, 200)	(117325,)	12059
====================================================================================================
train
(8762, 200)
(8762,)
8762
valid
(1039, 200)
(1039,)
1039
test
(1094, 200)
(1094,)
1094
holdout
(0, 200)
(0,)
0
checkpointing path: models/devign/reveal/vbugtype_value_propagation_errors/1
Initializing dataset...
Number of Train Entries 0 #Batches 0 first 5: [] last 5: []
Number of Valid Entries 0 #Batches 0 first 5: [] last 5: []
Number of Test Entries 1094 #Batches 18 first 5: [101, 552, 553, 556, 635] last 5: [114639, 114840, 116179, 116801, 116841]
Number of Holdout Entries 0 #Batches 0 first 5: [] last 5: []
18
  0%|          | 0/18 [00:00<?, ?it/s]  6%|▌         | 1/18 [00:00<00:10,  1.57it/s]100%|██████████| 18/18 [00:00<00:00, 26.27it/s]
HOLDOUT RESULTS
92.41316270566728 15.909090909090908 13.20754716981132 14.432989690721648
