cuda: True
load data from data/MSR/full_experiment_real_data_processed/vbugtype_resource_allocation_free/GGNNinput_graph_ggnn_1_vbugtype_value_propagation_errors.jsonlines
Dataset	(117325, 200)	(117325,)	12059
====================================================================================================
train
(17389, 200)
(17389,)
17389
valid
(2141, 200)
(2141,)
2141
test
(2188, 200)
(2188,)
2188
holdout
(0, 200)
(0,)
0
checkpointing path: models/devign/reveal/vbugtype_resource_allocation_free/1
Initializing dataset...
Number of Train Entries 0 #Batches 0 first 5: [] last 5: []
Number of Valid Entries 0 #Batches 0 first 5: [] last 5: []
Number of Test Entries 2188 #Batches 35 first 5: [327, 339, 343, 369, 383] last 5: [115784, 115794, 116428, 117016, 117036]
Number of Holdout Entries 0 #Batches 0 first 5: [] last 5: []
35
  0%|          | 0/35 [00:00<?, ?it/s]  3%|▎         | 1/35 [00:00<00:22,  1.54it/s]100%|██████████| 35/35 [00:00<00:00, 47.72it/s]
HOLDOUT RESULTS
90.6764168190128 13.157894736842104 12.5 12.820512820512823
