[08/20/2022 - 10:34:02] File "Devign/main.py", line 68  	Reading already processed data from data/MSR/full_experiment_real_data_processed/processed.bin!	
load json -> msr mapping...
done loading json -> msr mapping
100684 keys missing from splits.csv
5746 keys skipped because _after_
skipped 106430 keys
[08/20/2022 - 10:38:09] File "Devign/main.py", line 85  	8762	1039	1094	0	
model: GGNNSum(
  (ggnn): GatedGraphConv(
    (linears): ModuleList(
      (0): Linear(in_features=200, out_features=200, bias=True)
      (1): Linear(in_features=200, out_features=200, bias=True)
      (2): Linear(in_features=200, out_features=200, bias=True)
      (3): Linear(in_features=200, out_features=200, bias=True)
      (4): Linear(in_features=200, out_features=200, bias=True)
    )
    (gru): GRUCell(200, 200)
  )
  (classifier): Linear(in_features=200, out_features=1, bias=True)
  (sigmoid): Sigmoid()
)
[08/20/2022 - 10:38:09] File "Devign/main.py", line 100  	Total Parameters : 442401	
[08/20/2022 - 10:38:09] File "Devign/main.py", line 101  	####################################################################################################	
[08/20/2022 - 10:38:12] File "/home/<ANONYMOUS>/code/ReVeal/Devign/trainer.py", line 66  	Start Training	
[08/20/2022 - 10:38:29] File "/home/<ANONYMOUS>/code/ReVeal/Devign/trainer.py", line 97  	Step 63		Train Loss    247.675	Valid Loss    96.129	f1: 15.38	Patience 0	
[08/20/2022 - 10:38:29] File "/home/<ANONYMOUS>/code/ReVeal/Devign/trainer.py", line 99  	====================================================================================================	
[08/20/2022 - 10:38:44] File "/home/<ANONYMOUS>/code/ReVeal/Devign/trainer.py", line 97  	Step 127		Train Loss     87.055	Valid Loss    76.018	f1: 11.27	Patience 1	
[08/20/2022 - 10:38:44] File "/home/<ANONYMOUS>/code/ReVeal/Devign/trainer.py", line 99  	====================================================================================================	
[08/20/2022 - 10:39:01] File "/home/<ANONYMOUS>/code/ReVeal/Devign/trainer.py", line 97  	Step 191		Train Loss     65.525	Valid Loss    70.745	f1: 16.90	Patience 0	
[08/20/2022 - 10:39:01] File "/home/<ANONYMOUS>/code/ReVeal/Devign/trainer.py", line 99  	====================================================================================================	
[08/20/2022 - 10:39:16] File "/home/<ANONYMOUS>/code/ReVeal/Devign/trainer.py", line 97  	Step 255		Train Loss     49.542	Valid Loss    70.759	f1: 14.71	Patience 1	
[08/20/2022 - 10:39:16] File "/home/<ANONYMOUS>/code/ReVeal/Devign/trainer.py", line 99  	====================================================================================================	
[08/20/2022 - 10:39:33] File "/home/<ANONYMOUS>/code/ReVeal/Devign/trainer.py", line 97  	Step 319		Train Loss     51.977	Valid Loss    66.592	f1: 22.54	Patience 0	
[08/20/2022 - 10:39:33] File "/home/<ANONYMOUS>/code/ReVeal/Devign/trainer.py", line 99  	====================================================================================================	
[08/20/2022 - 10:39:48] File "/home/<ANONYMOUS>/code/ReVeal/Devign/trainer.py", line 97  	Step 383		Train Loss     42.553	Valid Loss    76.296	f1: 21.92	Patience 1	
[08/20/2022 - 10:39:48] File "/home/<ANONYMOUS>/code/ReVeal/Devign/trainer.py", line 99  	====================================================================================================	
[08/20/2022 - 10:40:03] File "/home/<ANONYMOUS>/code/ReVeal/Devign/trainer.py", line 97  	Step 447		Train Loss     37.316	Valid Loss    79.838	f1: 23.38	Patience 0	
[08/20/2022 - 10:40:03] File "/home/<ANONYMOUS>/code/ReVeal/Devign/trainer.py", line 99  	====================================================================================================	
[08/20/2022 - 10:40:20] File "/home/<ANONYMOUS>/code/ReVeal/Devign/trainer.py", line 97  	Step 511		Train Loss     27.825	Valid Loss    74.795	f1: 20.59	Patience 1	
[08/20/2022 - 10:40:20] File "/home/<ANONYMOUS>/code/ReVeal/Devign/trainer.py", line 99  	====================================================================================================	
[08/20/2022 - 10:40:35] File "/home/<ANONYMOUS>/code/ReVeal/Devign/trainer.py", line 97  	Step 575		Train Loss     32.143	Valid Loss    74.827	f1: 29.63	Patience 0	
[08/20/2022 - 10:40:35] File "/home/<ANONYMOUS>/code/ReVeal/Devign/trainer.py", line 99  	====================================================================================================	
[08/20/2022 - 10:40:52] File "/home/<ANONYMOUS>/code/ReVeal/Devign/trainer.py", line 97  	Step 639		Train Loss     30.893	Valid Loss    78.060	f1: 22.86	Patience 1	
[08/20/2022 - 10:40:52] File "/home/<ANONYMOUS>/code/ReVeal/Devign/trainer.py", line 99  	====================================================================================================	
[08/20/2022 - 10:41:07] File "/home/<ANONYMOUS>/code/ReVeal/Devign/trainer.py", line 97  	Step 703		Train Loss     25.086	Valid Loss    81.863	f1: 19.28	Patience 2	
[08/20/2022 - 10:41:07] File "/home/<ANONYMOUS>/code/ReVeal/Devign/trainer.py", line 99  	====================================================================================================	
[08/20/2022 - 10:41:22] File "/home/<ANONYMOUS>/code/ReVeal/Devign/trainer.py", line 97  	Step 767		Train Loss     28.049	Valid Loss    86.147	f1: 17.14	Patience 3	
[08/20/2022 - 10:41:22] File "/home/<ANONYMOUS>/code/ReVeal/Devign/trainer.py", line 99  	====================================================================================================	
[08/20/2022 - 10:41:40] File "/home/<ANONYMOUS>/code/ReVeal/Devign/trainer.py", line 97  	Step 831		Train Loss     26.349	Valid Loss    98.199	f1: 13.79	Patience 4	
[08/20/2022 - 10:41:40] File "/home/<ANONYMOUS>/code/ReVeal/Devign/trainer.py", line 99  	====================================================================================================	
[08/20/2022 - 10:41:55] File "/home/<ANONYMOUS>/code/ReVeal/Devign/trainer.py", line 97  	Step 895		Train Loss     25.319	Valid Loss    84.326	f1: 22.22	Patience 5	
[08/20/2022 - 10:41:55] File "/home/<ANONYMOUS>/code/ReVeal/Devign/trainer.py", line 99  	====================================================================================================	
[08/20/2022 - 10:42:10] File "/home/<ANONYMOUS>/code/ReVeal/Devign/trainer.py", line 97  	Step 959		Train Loss     25.354	Valid Loss    87.789	f1: 16.13	Patience 6	
[08/20/2022 - 10:42:10] File "/home/<ANONYMOUS>/code/ReVeal/Devign/trainer.py", line 99  	====================================================================================================	
[08/20/2022 - 10:42:27] File "/home/<ANONYMOUS>/code/ReVeal/Devign/trainer.py", line 97  	Step 1023		Train Loss     28.402	Valid Loss   105.766	f1: 25.00	Patience 7	
[08/20/2022 - 10:42:27] File "/home/<ANONYMOUS>/code/ReVeal/Devign/trainer.py", line 99  	====================================================================================================	
[08/20/2022 - 10:42:42] File "/home/<ANONYMOUS>/code/ReVeal/Devign/trainer.py", line 97  	Step 1087		Train Loss     23.244	Valid Loss    96.411	f1: 17.91	Patience 8	
[08/20/2022 - 10:42:42] File "/home/<ANONYMOUS>/code/ReVeal/Devign/trainer.py", line 99  	====================================================================================================	
[08/20/2022 - 10:43:00] File "/home/<ANONYMOUS>/code/ReVeal/Devign/trainer.py", line 97  	Step 1151		Train Loss     24.260	Valid Loss    98.197	f1: 16.13	Patience 9	
[08/20/2022 - 10:43:00] File "/home/<ANONYMOUS>/code/ReVeal/Devign/trainer.py", line 99  	====================================================================================================	
[08/20/2022 - 10:43:16] File "/home/<ANONYMOUS>/code/ReVeal/Devign/trainer.py", line 97  	Step 1215		Train Loss     24.250	Valid Loss   103.899	f1: 20.00	Patience 10	
[08/20/2022 - 10:43:16] File "/home/<ANONYMOUS>/code/ReVeal/Devign/trainer.py", line 99  	====================================================================================================	
[08/20/2022 - 10:43:30] File "/home/<ANONYMOUS>/code/ReVeal/Devign/trainer.py", line 97  	Step 1279		Train Loss     22.340	Valid Loss   105.130	f1: 19.51	Patience 11	
[08/20/2022 - 10:43:30] File "/home/<ANONYMOUS>/code/ReVeal/Devign/trainer.py", line 99  	====================================================================================================	
[08/20/2022 - 10:43:47] File "/home/<ANONYMOUS>/code/ReVeal/Devign/trainer.py", line 97  	Step 1343		Train Loss     28.971	Valid Loss   102.979	f1: 16.13	Patience 12	
[08/20/2022 - 10:43:47] File "/home/<ANONYMOUS>/code/ReVeal/Devign/trainer.py", line 99  	====================================================================================================	
[08/20/2022 - 10:44:03] File "/home/<ANONYMOUS>/code/ReVeal/Devign/trainer.py", line 97  	Step 1407		Train Loss     25.420	Valid Loss    95.165	f1: 18.42	Patience 13	
[08/20/2022 - 10:44:03] File "/home/<ANONYMOUS>/code/ReVeal/Devign/trainer.py", line 99  	====================================================================================================	
[08/20/2022 - 10:44:20] File "/home/<ANONYMOUS>/code/ReVeal/Devign/trainer.py", line 97  	Step 1471		Train Loss     30.722	Valid Loss   123.715	f1: 18.75	Patience 14	
[08/20/2022 - 10:44:20] File "/home/<ANONYMOUS>/code/ReVeal/Devign/trainer.py", line 99  	====================================================================================================	
[08/20/2022 - 10:44:35] File "/home/<ANONYMOUS>/code/ReVeal/Devign/trainer.py", line 97  	Step 1535		Train Loss     25.464	Valid Loss   131.652	f1: 21.05	Patience 15	
[08/20/2022 - 10:44:35] File "/home/<ANONYMOUS>/code/ReVeal/Devign/trainer.py", line 99  	====================================================================================================	
[08/20/2022 - 10:44:49] File "/home/<ANONYMOUS>/code/ReVeal/Devign/trainer.py", line 97  	Step 1599		Train Loss     24.568	Valid Loss   109.525	f1: 20.00	Patience 16	
[08/20/2022 - 10:44:49] File "/home/<ANONYMOUS>/code/ReVeal/Devign/trainer.py", line 99  	====================================================================================================	
[08/20/2022 - 10:45:07] File "/home/<ANONYMOUS>/code/ReVeal/Devign/trainer.py", line 97  	Step 1663		Train Loss     20.394	Valid Loss   131.014	f1: 19.05	Patience 17	
[08/20/2022 - 10:45:07] File "/home/<ANONYMOUS>/code/ReVeal/Devign/trainer.py", line 99  	====================================================================================================	
[08/20/2022 - 10:45:21] File "/home/<ANONYMOUS>/code/ReVeal/Devign/trainer.py", line 97  	Step 1727		Train Loss     21.501	Valid Loss   114.678	f1: 18.18	Patience 18	
[08/20/2022 - 10:45:21] File "/home/<ANONYMOUS>/code/ReVeal/Devign/trainer.py", line 99  	====================================================================================================	
[08/20/2022 - 10:45:36] File "/home/<ANONYMOUS>/code/ReVeal/Devign/trainer.py", line 97  	Step 1791		Train Loss     23.965	Valid Loss   124.975	f1: 17.14	Patience 19	
[08/20/2022 - 10:45:36] File "/home/<ANONYMOUS>/code/ReVeal/Devign/trainer.py", line 99  	====================================================================================================	
[08/20/2022 - 10:45:53] File "/home/<ANONYMOUS>/code/ReVeal/Devign/trainer.py", line 97  	Step 1855		Train Loss     20.092	Valid Loss   122.206	f1: 20.34	Patience 20	
[08/20/2022 - 10:45:53] File "/home/<ANONYMOUS>/code/ReVeal/Devign/trainer.py", line 99  	====================================================================================================	
[08/20/2022 - 10:46:08] File "/home/<ANONYMOUS>/code/ReVeal/Devign/trainer.py", line 97  	Step 1919		Train Loss     21.663	Valid Loss   113.632	f1: 20.90	Patience 21	
[08/20/2022 - 10:46:08] File "/home/<ANONYMOUS>/code/ReVeal/Devign/trainer.py", line 99  	====================================================================================================	
[08/20/2022 - 10:46:26] File "/home/<ANONYMOUS>/code/ReVeal/Devign/trainer.py", line 97  	Step 1983		Train Loss     24.045	Valid Loss   111.561	f1: 23.26	Patience 22	
[08/20/2022 - 10:46:26] File "/home/<ANONYMOUS>/code/ReVeal/Devign/trainer.py", line 99  	====================================================================================================	
[08/20/2022 - 10:46:40] File "/home/<ANONYMOUS>/code/ReVeal/Devign/trainer.py", line 97  	Step 2047		Train Loss     19.551	Valid Loss   117.410	f1: 17.39	Patience 23	
[08/20/2022 - 10:46:40] File "/home/<ANONYMOUS>/code/ReVeal/Devign/trainer.py", line 99  	====================================================================================================	
[08/20/2022 - 10:46:55] File "/home/<ANONYMOUS>/code/ReVeal/Devign/trainer.py", line 97  	Step 2111		Train Loss     22.298	Valid Loss   120.239	f1: 18.75	Patience 24	
[08/20/2022 - 10:46:55] File "/home/<ANONYMOUS>/code/ReVeal/Devign/trainer.py", line 99  	====================================================================================================	
[08/20/2022 - 10:47:12] File "/home/<ANONYMOUS>/code/ReVeal/Devign/trainer.py", line 97  	Step 2175		Train Loss     20.554	Valid Loss   126.961	f1: 18.18	Patience 25	
[08/20/2022 - 10:47:12] File "/home/<ANONYMOUS>/code/ReVeal/Devign/trainer.py", line 99  	====================================================================================================	
[08/20/2022 - 10:47:27] File "/home/<ANONYMOUS>/code/ReVeal/Devign/trainer.py", line 97  	Step 2239		Train Loss     20.911	Valid Loss   116.495	f1: 28.57	Patience 26	
[08/20/2022 - 10:47:27] File "/home/<ANONYMOUS>/code/ReVeal/Devign/trainer.py", line 99  	====================================================================================================	
[08/20/2022 - 10:47:42] File "/home/<ANONYMOUS>/code/ReVeal/Devign/trainer.py", line 97  	Step 2303		Train Loss     22.268	Valid Loss   116.102	f1: 20.78	Patience 27	
[08/20/2022 - 10:47:42] File "/home/<ANONYMOUS>/code/ReVeal/Devign/trainer.py", line 99  	====================================================================================================	
[08/20/2022 - 10:47:59] File "/home/<ANONYMOUS>/code/ReVeal/Devign/trainer.py", line 97  	Step 2367		Train Loss     20.764	Valid Loss   120.102	f1: 18.42	Patience 28	
[08/20/2022 - 10:47:59] File "/home/<ANONYMOUS>/code/ReVeal/Devign/trainer.py", line 99  	====================================================================================================	
[08/20/2022 - 10:48:14] File "/home/<ANONYMOUS>/code/ReVeal/Devign/trainer.py", line 97  	Step 2431		Train Loss     22.005	Valid Loss   142.652	f1: 27.50	Patience 29	
[08/20/2022 - 10:48:14] File "/home/<ANONYMOUS>/code/ReVeal/Devign/trainer.py", line 99  	====================================================================================================	
[08/20/2022 - 10:48:32] File "/home/<ANONYMOUS>/code/ReVeal/Devign/trainer.py", line 97  	Step 2495		Train Loss     27.489	Valid Loss   150.867	f1: 20.00	Patience 30	
[08/20/2022 - 10:48:32] File "/home/<ANONYMOUS>/code/ReVeal/Devign/trainer.py", line 99  	====================================================================================================	
[08/20/2022 - 10:48:46] File "/home/<ANONYMOUS>/code/ReVeal/Devign/trainer.py", line 97  	Step 2559		Train Loss     29.240	Valid Loss   135.638	f1: 15.62	Patience 31	
[08/20/2022 - 10:48:46] File "/home/<ANONYMOUS>/code/ReVeal/Devign/trainer.py", line 99  	====================================================================================================	
[08/20/2022 - 10:49:01] File "/home/<ANONYMOUS>/code/ReVeal/Devign/trainer.py", line 97  	Step 2623		Train Loss     31.454	Valid Loss   112.088	f1: 18.82	Patience 32	
[08/20/2022 - 10:49:01] File "/home/<ANONYMOUS>/code/ReVeal/Devign/trainer.py", line 99  	====================================================================================================	
[08/20/2022 - 10:49:18] File "/home/<ANONYMOUS>/code/ReVeal/Devign/trainer.py", line 97  	Step 2687		Train Loss     28.193	Valid Loss   119.725	f1: 10.34	Patience 33	
[08/20/2022 - 10:49:18] File "/home/<ANONYMOUS>/code/ReVeal/Devign/trainer.py", line 99  	====================================================================================================	
[08/20/2022 - 10:49:33] File "/home/<ANONYMOUS>/code/ReVeal/Devign/trainer.py", line 97  	Step 2751		Train Loss     17.558	Valid Loss   119.455	f1: 18.46	Patience 34	
[08/20/2022 - 10:49:33] File "/home/<ANONYMOUS>/code/ReVeal/Devign/trainer.py", line 99  	====================================================================================================	
[08/20/2022 - 10:49:51] File "/home/<ANONYMOUS>/code/ReVeal/Devign/trainer.py", line 97  	Step 2815		Train Loss     14.729	Valid Loss   109.802	f1: 14.93	Patience 35	
[08/20/2022 - 10:49:51] File "/home/<ANONYMOUS>/code/ReVeal/Devign/trainer.py", line 99  	====================================================================================================	
[08/20/2022 - 10:50:05] File "/home/<ANONYMOUS>/code/ReVeal/Devign/trainer.py", line 97  	Step 2879		Train Loss     16.891	Valid Loss   114.907	f1: 20.59	Patience 36	
[08/20/2022 - 10:50:05] File "/home/<ANONYMOUS>/code/ReVeal/Devign/trainer.py", line 99  	====================================================================================================	
[08/20/2022 - 10:50:20] File "/home/<ANONYMOUS>/code/ReVeal/Devign/trainer.py", line 97  	Step 2943		Train Loss     17.210	Valid Loss   128.645	f1: 17.24	Patience 37	
[08/20/2022 - 10:50:20] File "/home/<ANONYMOUS>/code/ReVeal/Devign/trainer.py", line 99  	====================================================================================================	
[08/20/2022 - 10:50:38] File "/home/<ANONYMOUS>/code/ReVeal/Devign/trainer.py", line 97  	Step 3007		Train Loss     15.744	Valid Loss   107.640	f1: 21.62	Patience 38	
[08/20/2022 - 10:50:38] File "/home/<ANONYMOUS>/code/ReVeal/Devign/trainer.py", line 99  	====================================================================================================	
[08/20/2022 - 10:50:53] File "/home/<ANONYMOUS>/code/ReVeal/Devign/trainer.py", line 97  	Step 3071		Train Loss     17.261	Valid Loss   130.918	f1: 13.79	Patience 39	
[08/20/2022 - 10:50:53] File "/home/<ANONYMOUS>/code/ReVeal/Devign/trainer.py", line 99  	====================================================================================================	
[08/20/2022 - 10:51:08] File "/home/<ANONYMOUS>/code/ReVeal/Devign/trainer.py", line 97  	Step 3135		Train Loss     16.051	Valid Loss   131.214	f1: 16.39	Patience 40	
[08/20/2022 - 10:51:08] File "/home/<ANONYMOUS>/code/ReVeal/Devign/trainer.py", line 99  	====================================================================================================	
[08/20/2022 - 10:51:26] File "/home/<ANONYMOUS>/code/ReVeal/Devign/trainer.py", line 97  	Step 3199		Train Loss     16.427	Valid Loss   115.217	f1: 20.90	Patience 41	
[08/20/2022 - 10:51:26] File "/home/<ANONYMOUS>/code/ReVeal/Devign/trainer.py", line 99  	====================================================================================================	
[08/20/2022 - 10:51:41] File "/home/<ANONYMOUS>/code/ReVeal/Devign/trainer.py", line 97  	Step 3263		Train Loss     11.864	Valid Loss   121.338	f1: 20.59	Patience 42	
[08/20/2022 - 10:51:41] File "/home/<ANONYMOUS>/code/ReVeal/Devign/trainer.py", line 99  	====================================================================================================	
[08/20/2022 - 10:51:58] File "/home/<ANONYMOUS>/code/ReVeal/Devign/trainer.py", line 97  	Step 3327		Train Loss     16.681	Valid Loss   131.785	f1: 18.75	Patience 43	
[08/20/2022 - 10:51:58] File "/home/<ANONYMOUS>/code/ReVeal/Devign/trainer.py", line 99  	====================================================================================================	
[08/20/2022 - 10:52:13] File "/home/<ANONYMOUS>/code/ReVeal/Devign/trainer.py", line 97  	Step 3391		Train Loss     17.241	Valid Loss   151.053	f1: 14.29	Patience 44	
[08/20/2022 - 10:52:13] File "/home/<ANONYMOUS>/code/ReVeal/Devign/trainer.py", line 99  	====================================================================================================	
[08/20/2022 - 10:52:27] File "/home/<ANONYMOUS>/code/ReVeal/Devign/trainer.py", line 97  	Step 3455		Train Loss     12.787	Valid Loss   118.649	f1: 23.68	Patience 45	
[08/20/2022 - 10:52:27] File "/home/<ANONYMOUS>/code/ReVeal/Devign/trainer.py", line 99  	====================================================================================================	
[08/20/2022 - 10:52:44] File "/home/<ANONYMOUS>/code/ReVeal/Devign/trainer.py", line 97  	Step 3519		Train Loss     22.004	Valid Loss   138.432	f1: 19.05	Patience 46	
[08/20/2022 - 10:52:44] File "/home/<ANONYMOUS>/code/ReVeal/Devign/trainer.py", line 99  	====================================================================================================	
[08/20/2022 - 10:52:59] File "/home/<ANONYMOUS>/code/ReVeal/Devign/trainer.py", line 97  	Step 3583		Train Loss     13.967	Valid Loss   128.630	f1: 21.88	Patience 47	
[08/20/2022 - 10:52:59] File "/home/<ANONYMOUS>/code/ReVeal/Devign/trainer.py", line 99  	====================================================================================================	
[08/20/2022 - 10:53:16] File "/home/<ANONYMOUS>/code/ReVeal/Devign/trainer.py", line 97  	Step 3647		Train Loss     16.658	Valid Loss   124.342	f1: 20.90	Patience 48	
[08/20/2022 - 10:53:16] File "/home/<ANONYMOUS>/code/ReVeal/Devign/trainer.py", line 99  	====================================================================================================	
[08/20/2022 - 10:53:31] File "/home/<ANONYMOUS>/code/ReVeal/Devign/trainer.py", line 97  	Step 3711		Train Loss     14.449	Valid Loss   122.530	f1: 22.86	Patience 49	
[08/20/2022 - 10:53:31] File "/home/<ANONYMOUS>/code/ReVeal/Devign/trainer.py", line 99  	====================================================================================================	
[08/20/2022 - 10:53:46] File "/home/<ANONYMOUS>/code/ReVeal/Devign/trainer.py", line 97  	Step 3775		Train Loss     14.573	Valid Loss   139.684	f1: 19.05	Patience 50	
[08/20/2022 - 10:53:46] File "/home/<ANONYMOUS>/code/ReVeal/Devign/trainer.py", line 99  	====================================================================================================	
[08/20/2022 - 10:54:03] File "/home/<ANONYMOUS>/code/ReVeal/Devign/trainer.py", line 97  	Step 3839		Train Loss     19.553	Valid Loss   138.143	f1: 20.00	Patience 51	
[08/20/2022 - 10:54:03] File "/home/<ANONYMOUS>/code/ReVeal/Devign/trainer.py", line 99  	====================================================================================================	
[08/20/2022 - 10:54:19] File "/home/<ANONYMOUS>/code/ReVeal/Devign/trainer.py", line 97  	Step 3903		Train Loss     17.689	Valid Loss   132.464	f1: 21.88	Patience 52	
[08/20/2022 - 10:54:19] File "/home/<ANONYMOUS>/code/ReVeal/Devign/trainer.py", line 99  	====================================================================================================	
[08/20/2022 - 10:54:33] File "/home/<ANONYMOUS>/code/ReVeal/Devign/trainer.py", line 97  	Step 3967		Train Loss     15.658	Valid Loss   130.948	f1: 23.88	Patience 53	
[08/20/2022 - 10:54:33] File "/home/<ANONYMOUS>/code/ReVeal/Devign/trainer.py", line 99  	====================================================================================================	
[08/20/2022 - 10:54:51] File "/home/<ANONYMOUS>/code/ReVeal/Devign/trainer.py", line 97  	Step 4031		Train Loss     16.257	Valid Loss   157.091	f1: 20.00	Patience 54	
[08/20/2022 - 10:54:51] File "/home/<ANONYMOUS>/code/ReVeal/Devign/trainer.py", line 99  	====================================================================================================	
[08/20/2022 - 10:55:06] File "/home/<ANONYMOUS>/code/ReVeal/Devign/trainer.py", line 97  	Step 4095		Train Loss     17.774	Valid Loss   153.876	f1: 19.67	Patience 55	
[08/20/2022 - 10:55:06] File "/home/<ANONYMOUS>/code/ReVeal/Devign/trainer.py", line 99  	====================================================================================================	
[08/20/2022 - 10:55:23] File "/home/<ANONYMOUS>/code/ReVeal/Devign/trainer.py", line 97  	Step 4159		Train Loss     17.764	Valid Loss   146.750	f1: 16.95	Patience 56	
[08/20/2022 - 10:55:23] File "/home/<ANONYMOUS>/code/ReVeal/Devign/trainer.py", line 99  	====================================================================================================	
[08/20/2022 - 10:55:38] File "/home/<ANONYMOUS>/code/ReVeal/Devign/trainer.py", line 97  	Step 4223		Train Loss     15.913	Valid Loss   126.938	f1: 22.86	Patience 57	
[08/20/2022 - 10:55:38] File "/home/<ANONYMOUS>/code/ReVeal/Devign/trainer.py", line 99  	====================================================================================================	
[08/20/2022 - 10:55:53] File "/home/<ANONYMOUS>/code/ReVeal/Devign/trainer.py", line 97  	Step 4287		Train Loss     17.774	Valid Loss   140.554	f1: 19.67	Patience 58	
[08/20/2022 - 10:55:53] File "/home/<ANONYMOUS>/code/ReVeal/Devign/trainer.py", line 99  	====================================================================================================	
[08/20/2022 - 10:56:10] File "/home/<ANONYMOUS>/code/ReVeal/Devign/trainer.py", line 97  	Step 4351		Train Loss     21.937	Valid Loss   139.073	f1: 22.58	Patience 59	
[08/20/2022 - 10:56:10] File "/home/<ANONYMOUS>/code/ReVeal/Devign/trainer.py", line 99  	====================================================================================================	
[08/20/2022 - 10:56:24] File "/home/<ANONYMOUS>/code/ReVeal/Devign/trainer.py", line 97  	Step 4415		Train Loss     19.166	Valid Loss   148.372	f1: 16.95	Patience 60	
[08/20/2022 - 10:56:24] File "/home/<ANONYMOUS>/code/ReVeal/Devign/trainer.py", line 99  	====================================================================================================	
[08/20/2022 - 10:56:42] File "/home/<ANONYMOUS>/code/ReVeal/Devign/trainer.py", line 97  	Step 4479		Train Loss     18.191	Valid Loss   147.630	f1: 19.67	Patience 61	
[08/20/2022 - 10:56:42] File "/home/<ANONYMOUS>/code/ReVeal/Devign/trainer.py", line 99  	====================================================================================================	
[08/20/2022 - 10:56:57] File "/home/<ANONYMOUS>/code/ReVeal/Devign/trainer.py", line 97  	Step 4543		Train Loss     16.678	Valid Loss   144.270	f1: 22.22	Patience 62	
[08/20/2022 - 10:56:57] File "/home/<ANONYMOUS>/code/ReVeal/Devign/trainer.py", line 99  	====================================================================================================	
[08/20/2022 - 10:57:12] File "/home/<ANONYMOUS>/code/ReVeal/Devign/trainer.py", line 97  	Step 4607		Train Loss     14.535	Valid Loss   126.691	f1: 21.21	Patience 63	
[08/20/2022 - 10:57:12] File "/home/<ANONYMOUS>/code/ReVeal/Devign/trainer.py", line 99  	====================================================================================================	
[08/20/2022 - 10:57:29] File "/home/<ANONYMOUS>/code/ReVeal/Devign/trainer.py", line 97  	Step 4671		Train Loss     19.477	Valid Loss   161.355	f1: 16.95	Patience 64	
[08/20/2022 - 10:57:29] File "/home/<ANONYMOUS>/code/ReVeal/Devign/trainer.py", line 99  	====================================================================================================	
[08/20/2022 - 10:57:44] File "/home/<ANONYMOUS>/code/ReVeal/Devign/trainer.py", line 97  	Step 4735		Train Loss     21.701	Valid Loss   144.267	f1: 19.67	Patience 65	
[08/20/2022 - 10:57:44] File "/home/<ANONYMOUS>/code/ReVeal/Devign/trainer.py", line 99  	====================================================================================================	
[08/20/2022 - 10:57:59] File "/home/<ANONYMOUS>/code/ReVeal/Devign/trainer.py", line 97  	Step 4799		Train Loss     19.159	Valid Loss   151.640	f1: 16.67	Patience 66	
[08/20/2022 - 10:57:59] File "/home/<ANONYMOUS>/code/ReVeal/Devign/trainer.py", line 99  	====================================================================================================	
[08/20/2022 - 10:58:16] File "/home/<ANONYMOUS>/code/ReVeal/Devign/trainer.py", line 97  	Step 4863		Train Loss     23.469	Valid Loss   139.051	f1: 19.35	Patience 67	
[08/20/2022 - 10:58:16] File "/home/<ANONYMOUS>/code/ReVeal/Devign/trainer.py", line 99  	====================================================================================================	
[08/20/2022 - 10:58:32] File "/home/<ANONYMOUS>/code/ReVeal/Devign/trainer.py", line 97  	Step 4927		Train Loss     20.685	Valid Loss   139.825	f1: 21.21	Patience 68	
[08/20/2022 - 10:58:32] File "/home/<ANONYMOUS>/code/ReVeal/Devign/trainer.py", line 99  	====================================================================================================	
[08/20/2022 - 10:58:49] File "/home/<ANONYMOUS>/code/ReVeal/Devign/trainer.py", line 97  	Step 4991		Train Loss     19.594	Valid Loss   150.332	f1: 16.67	Patience 69	
[08/20/2022 - 10:58:49] File "/home/<ANONYMOUS>/code/ReVeal/Devign/trainer.py", line 99  	====================================================================================================	
[08/20/2022 - 10:59:05] File "/home/<ANONYMOUS>/code/ReVeal/Devign/trainer.py", line 97  	Step 5055		Train Loss     19.662	Valid Loss   141.244	f1: 16.67	Patience 70	
[08/20/2022 - 10:59:05] File "/home/<ANONYMOUS>/code/ReVeal/Devign/trainer.py", line 99  	====================================================================================================	
[08/20/2022 - 10:59:19] File "/home/<ANONYMOUS>/code/ReVeal/Devign/trainer.py", line 97  	Step 5119		Train Loss     24.756	Valid Loss   223.131	f1: 11.54	Patience 71	
[08/20/2022 - 10:59:19] File "/home/<ANONYMOUS>/code/ReVeal/Devign/trainer.py", line 99  	====================================================================================================	
[08/20/2022 - 10:59:37] File "/home/<ANONYMOUS>/code/ReVeal/Devign/trainer.py", line 97  	Step 5183		Train Loss     40.533	Valid Loss   138.512	f1: 18.18	Patience 72	
[08/20/2022 - 10:59:37] File "/home/<ANONYMOUS>/code/ReVeal/Devign/trainer.py", line 99  	====================================================================================================	
[08/20/2022 - 10:59:51] File "/home/<ANONYMOUS>/code/ReVeal/Devign/trainer.py", line 97  	Step 5247		Train Loss     23.034	Valid Loss   202.254	f1: 14.08	Patience 73	
[08/20/2022 - 10:59:51] File "/home/<ANONYMOUS>/code/ReVeal/Devign/trainer.py", line 99  	====================================================================================================	
[08/20/2022 - 11:00:06] File "/home/<ANONYMOUS>/code/ReVeal/Devign/trainer.py", line 97  	Step 5311		Train Loss     29.869	Valid Loss   158.974	f1: 17.91	Patience 74	
[08/20/2022 - 11:00:06] File "/home/<ANONYMOUS>/code/ReVeal/Devign/trainer.py", line 99  	====================================================================================================	
[08/20/2022 - 11:00:24] File "/home/<ANONYMOUS>/code/ReVeal/Devign/trainer.py", line 97  	Step 5375		Train Loss     25.385	Valid Loss   162.994	f1: 17.28	Patience 75	
[08/20/2022 - 11:00:24] File "/home/<ANONYMOUS>/code/ReVeal/Devign/trainer.py", line 99  	====================================================================================================	
[08/20/2022 - 11:00:39] File "/home/<ANONYMOUS>/code/ReVeal/Devign/trainer.py", line 97  	Step 5439		Train Loss     18.698	Valid Loss   171.373	f1: 19.72	Patience 76	
[08/20/2022 - 11:00:39] File "/home/<ANONYMOUS>/code/ReVeal/Devign/trainer.py", line 99  	====================================================================================================	
[08/20/2022 - 11:00:56] File "/home/<ANONYMOUS>/code/ReVeal/Devign/trainer.py", line 97  	Step 5503		Train Loss     24.607	Valid Loss   189.250	f1: 18.92	Patience 77	
[08/20/2022 - 11:00:56] File "/home/<ANONYMOUS>/code/ReVeal/Devign/trainer.py", line 99  	====================================================================================================	
[08/20/2022 - 11:01:11] File "/home/<ANONYMOUS>/code/ReVeal/Devign/trainer.py", line 97  	Step 5567		Train Loss     20.139	Valid Loss   171.849	f1: 19.44	Patience 78	
[08/20/2022 - 11:01:11] File "/home/<ANONYMOUS>/code/ReVeal/Devign/trainer.py", line 99  	====================================================================================================	
[08/20/2022 - 11:01:26] File "/home/<ANONYMOUS>/code/ReVeal/Devign/trainer.py", line 97  	Step 5631		Train Loss     22.298	Valid Loss   193.379	f1: 20.00	Patience 79	
[08/20/2022 - 11:01:26] File "/home/<ANONYMOUS>/code/ReVeal/Devign/trainer.py", line 99  	====================================================================================================	
[08/20/2022 - 11:01:43] File "/home/<ANONYMOUS>/code/ReVeal/Devign/trainer.py", line 97  	Step 5695		Train Loss     17.775	Valid Loss   186.724	f1: 18.67	Patience 80	
[08/20/2022 - 11:01:43] File "/home/<ANONYMOUS>/code/ReVeal/Devign/trainer.py", line 99  	====================================================================================================	
[08/20/2022 - 11:01:58] File "/home/<ANONYMOUS>/code/ReVeal/Devign/trainer.py", line 97  	Step 5759		Train Loss     18.088	Valid Loss   163.360	f1: 21.54	Patience 81	
[08/20/2022 - 11:01:58] File "/home/<ANONYMOUS>/code/ReVeal/Devign/trainer.py", line 99  	====================================================================================================	
[08/20/2022 - 11:02:15] File "/home/<ANONYMOUS>/code/ReVeal/Devign/trainer.py", line 97  	Step 5823		Train Loss     20.891	Valid Loss   176.686	f1: 18.67	Patience 82	
[08/20/2022 - 11:02:15] File "/home/<ANONYMOUS>/code/ReVeal/Devign/trainer.py", line 99  	====================================================================================================	
[08/20/2022 - 11:02:30] File "/home/<ANONYMOUS>/code/ReVeal/Devign/trainer.py", line 97  	Step 5887		Train Loss     18.123	Valid Loss   173.404	f1: 16.00	Patience 83	
[08/20/2022 - 11:02:30] File "/home/<ANONYMOUS>/code/ReVeal/Devign/trainer.py", line 99  	====================================================================================================	
[08/20/2022 - 11:02:45] File "/home/<ANONYMOUS>/code/ReVeal/Devign/trainer.py", line 97  	Step 5951		Train Loss     22.848	Valid Loss   162.235	f1: 17.39	Patience 84	
[08/20/2022 - 11:02:45] File "/home/<ANONYMOUS>/code/ReVeal/Devign/trainer.py", line 99  	====================================================================================================	
[08/20/2022 - 11:03:02] File "/home/<ANONYMOUS>/code/ReVeal/Devign/trainer.py", line 97  	Step 6015		Train Loss     19.915	Valid Loss   187.701	f1: 18.46	Patience 85	
[08/20/2022 - 11:03:02] File "/home/<ANONYMOUS>/code/ReVeal/Devign/trainer.py", line 99  	====================================================================================================	
[08/20/2022 - 11:03:17] File "/home/<ANONYMOUS>/code/ReVeal/Devign/trainer.py", line 97  	Step 6079		Train Loss     18.219	Valid Loss   165.277	f1: 18.18	Patience 86	
[08/20/2022 - 11:03:17] File "/home/<ANONYMOUS>/code/ReVeal/Devign/trainer.py", line 99  	====================================================================================================	
[08/20/2022 - 11:03:32] File "/home/<ANONYMOUS>/code/ReVeal/Devign/trainer.py", line 97  	Step 6143		Train Loss     20.173	Valid Loss   176.623	f1: 19.05	Patience 87	
[08/20/2022 - 11:03:32] File "/home/<ANONYMOUS>/code/ReVeal/Devign/trainer.py", line 99  	====================================================================================================	
[08/20/2022 - 11:03:50] File "/home/<ANONYMOUS>/code/ReVeal/Devign/trainer.py", line 97  	Step 6207		Train Loss     18.374	Valid Loss   182.344	f1: 18.46	Patience 88	
[08/20/2022 - 11:03:50] File "/home/<ANONYMOUS>/code/ReVeal/Devign/trainer.py", line 99  	====================================================================================================	
[08/20/2022 - 11:04:05] File "/home/<ANONYMOUS>/code/ReVeal/Devign/trainer.py", line 97  	Step 6271		Train Loss     22.843	Valid Loss   184.266	f1: 20.25	Patience 89	
[08/20/2022 - 11:04:05] File "/home/<ANONYMOUS>/code/ReVeal/Devign/trainer.py", line 99  	====================================================================================================	
[08/20/2022 - 11:04:22] File "/home/<ANONYMOUS>/code/ReVeal/Devign/trainer.py", line 97  	Step 6335		Train Loss     19.924	Valid Loss   165.653	f1: 18.46	Patience 90	
[08/20/2022 - 11:04:22] File "/home/<ANONYMOUS>/code/ReVeal/Devign/trainer.py", line 99  	====================================================================================================	
[08/20/2022 - 11:04:37] File "/home/<ANONYMOUS>/code/ReVeal/Devign/trainer.py", line 97  	Step 6399		Train Loss     20.570	Valid Loss   171.634	f1: 18.75	Patience 91	
[08/20/2022 - 11:04:37] File "/home/<ANONYMOUS>/code/ReVeal/Devign/trainer.py", line 99  	====================================================================================================	
[08/20/2022 - 11:04:52] File "/home/<ANONYMOUS>/code/ReVeal/Devign/trainer.py", line 97  	Step 6463		Train Loss     19.461	Valid Loss   165.523	f1: 18.18	Patience 92	
[08/20/2022 - 11:04:52] File "/home/<ANONYMOUS>/code/ReVeal/Devign/trainer.py", line 99  	====================================================================================================	
[08/20/2022 - 11:05:09] File "/home/<ANONYMOUS>/code/ReVeal/Devign/trainer.py", line 97  	Step 6527		Train Loss     20.035	Valid Loss   174.975	f1: 16.90	Patience 93	
[08/20/2022 - 11:05:09] File "/home/<ANONYMOUS>/code/ReVeal/Devign/trainer.py", line 99  	====================================================================================================	
[08/20/2022 - 11:05:24] File "/home/<ANONYMOUS>/code/ReVeal/Devign/trainer.py", line 97  	Step 6591		Train Loss     19.712	Valid Loss   157.902	f1: 20.29	Patience 94	
[08/20/2022 - 11:05:24] File "/home/<ANONYMOUS>/code/ReVeal/Devign/trainer.py", line 99  	====================================================================================================	
[08/20/2022 - 11:05:38] File "/home/<ANONYMOUS>/code/ReVeal/Devign/trainer.py", line 97  	Step 6655		Train Loss     20.015	Valid Loss   163.475	f1: 18.18	Patience 95	
[08/20/2022 - 11:05:38] File "/home/<ANONYMOUS>/code/ReVeal/Devign/trainer.py", line 99  	====================================================================================================	
[08/20/2022 - 11:05:56] File "/home/<ANONYMOUS>/code/ReVeal/Devign/trainer.py", line 97  	Step 6719		Train Loss     18.372	Valid Loss   166.898	f1: 20.00	Patience 96	
[08/20/2022 - 11:05:56] File "/home/<ANONYMOUS>/code/ReVeal/Devign/trainer.py", line 99  	====================================================================================================	
[08/20/2022 - 11:06:11] File "/home/<ANONYMOUS>/code/ReVeal/Devign/trainer.py", line 97  	Step 6783		Train Loss     21.353	Valid Loss   153.384	f1: 16.90	Patience 97	
[08/20/2022 - 11:06:11] File "/home/<ANONYMOUS>/code/ReVeal/Devign/trainer.py", line 99  	====================================================================================================	
[08/20/2022 - 11:06:29] File "/home/<ANONYMOUS>/code/ReVeal/Devign/trainer.py", line 97  	Step 6847		Train Loss     19.442	Valid Loss   194.742	f1: 17.14	Patience 98	
[08/20/2022 - 11:06:29] File "/home/<ANONYMOUS>/code/ReVeal/Devign/trainer.py", line 99  	====================================================================================================	
[08/20/2022 - 11:06:44] File "/home/<ANONYMOUS>/code/ReVeal/Devign/trainer.py", line 97  	Step 6911		Train Loss     21.388	Valid Loss   176.071	f1: 18.75	Patience 99	
[08/20/2022 - 11:06:44] File "/home/<ANONYMOUS>/code/ReVeal/Devign/trainer.py", line 99  	====================================================================================================	
[08/20/2022 - 11:06:59] File "/home/<ANONYMOUS>/code/ReVeal/Devign/trainer.py", line 97  	Step 6975		Train Loss     17.331	Valid Loss   171.441	f1: 19.18	Patience 100	
[08/20/2022 - 11:06:59] File "/home/<ANONYMOUS>/code/ReVeal/Devign/trainer.py", line 99  	====================================================================================================	
[08/20/2022 - 11:07:00] File "/home/<ANONYMOUS>/code/ReVeal/Devign/trainer.py", line 114  	models/MSR/ggnn/vbugtype_value_propagation_errors/1/GGNNSumModel	Test Accuracy: 93.14	Precision: 22.50	Recall: 16.98	F1: 19.35	
[08/20/2022 - 11:07:00] File "/home/<ANONYMOUS>/code/ReVeal/Devign/trainer.py", line 115  	====================================================================================================	
pass through data:   0%|          | 0/459 [00:00<?, ?it/s]pass through data:   0%|          | 1/459 [00:00<01:47,  4.26it/s]pass through data:   0%|          | 2/459 [00:00<01:45,  4.34it/s]pass through data:   1%|          | 3/459 [00:00<01:46,  4.27it/s]pass through data:   1%|          | 4/459 [00:00<01:47,  4.22it/s]pass through data:   1%|          | 5/459 [00:01<01:48,  4.19it/s]pass through data:   1%|▏         | 6/459 [00:01<01:46,  4.26it/s]pass through data:   2%|▏         | 7/459 [00:01<01:45,  4.28it/s]pass through data:   2%|▏         | 8/459 [00:01<01:47,  4.20it/s]pass through data:   2%|▏         | 9/459 [00:04<07:26,  1.01it/s]pass through data:   2%|▏         | 10/459 [00:04<05:45,  1.30it/s]pass through data:   2%|▏         | 11/459 [00:05<04:39,  1.60it/s]pass through data:   3%|▎         | 12/459 [00:05<03:52,  1.92it/s]pass through data:   3%|▎         | 13/459 [00:05<03:14,  2.30it/s]pass through data:   3%|▎         | 14/459 [00:05<02:46,  2.67it/s]pass through data:   3%|▎         | 15/459 [00:06<02:35,  2.85it/s]pass through data:   3%|▎         | 16/459 [00:06<02:27,  3.01it/s]pass through data:   4%|▎         | 17/459 [00:06<02:18,  3.18it/s]pass through data:   4%|▍         | 18/459 [00:06<02:09,  3.41it/s]pass through data:   4%|▍         | 19/459 [00:07<02:00,  3.64it/s]pass through data:   4%|▍         | 20/459 [00:07<02:02,  3.59it/s]pass through data:   5%|▍         | 21/459 [00:07<02:03,  3.56it/s]pass through data:   5%|▍         | 22/459 [00:08<01:57,  3.73it/s]pass through data:   5%|▌         | 23/459 [00:08<01:52,  3.89it/s]pass through data:   5%|▌         | 24/459 [00:08<01:54,  3.79it/s]pass through data:   5%|▌         | 25/459 [00:08<01:56,  3.72it/s]pass through data:   6%|▌         | 26/459 [00:09<01:59,  3.62it/s]pass through data:   6%|▌         | 27/459 [00:09<01:54,  3.79it/s]pass through data:   6%|▌         | 28/459 [00:09<01:51,  3.88it/s]pass through data:   6%|▋         | 29/459 [00:09<01:55,  3.71it/s]pass through data:   7%|▋         | 30/459 [00:10<01:58,  3.63it/s]pass through data:   7%|▋         | 31/459 [00:10<01:53,  3.78it/s]pass through data:   7%|▋         | 32/459 [00:10<01:49,  3.88it/s]pass through data:   7%|▋         | 33/459 [00:10<01:53,  3.77it/s]pass through data:   7%|▋         | 34/459 [00:11<01:56,  3.65it/s]pass through data:   8%|▊         | 35/459 [00:11<01:50,  3.84it/s]pass through data:   8%|▊         | 36/459 [00:11<01:46,  3.96it/s]pass through data:   8%|▊         | 37/459 [00:11<01:49,  3.84it/s]pass through data:   8%|▊         | 38/459 [00:12<01:52,  3.76it/s]pass through data:   8%|▊         | 39/459 [00:12<01:47,  3.91it/s]pass through data:   9%|▊         | 40/459 [00:12<01:45,  3.96it/s]pass through data:   9%|▉         | 41/459 [00:13<01:50,  3.78it/s]pass through data:   9%|▉         | 42/459 [00:13<01:52,  3.70it/s]pass through data:   9%|▉         | 43/459 [00:13<01:47,  3.86it/s]pass through data:  10%|▉         | 44/459 [00:13<01:44,  3.95it/s]pass through data:  10%|▉         | 45/459 [00:13<01:36,  4.30it/s]pass through data:  10%|█         | 46/459 [00:14<01:28,  4.69it/s]pass through data:  10%|█         | 47/459 [00:14<01:23,  4.91it/s]pass through data:  10%|█         | 48/459 [00:14<01:22,  4.99it/s]pass through data:  11%|█         | 49/459 [00:14<01:32,  4.41it/s]pass through data:  11%|█         | 50/459 [00:15<01:39,  4.12it/s]pass through data:  11%|█         | 51/459 [00:15<01:42,  3.97it/s]pass through data:  11%|█▏        | 52/459 [00:15<01:39,  4.08it/s]pass through data:  12%|█▏        | 53/459 [00:15<01:38,  4.10it/s]pass through data:  12%|█▏        | 54/459 [00:16<01:43,  3.90it/s]pass through data:  12%|█▏        | 55/459 [00:16<01:48,  3.72it/s]pass through data:  12%|█▏        | 56/459 [00:16<01:45,  3.82it/s]pass through data:  12%|█▏        | 57/459 [00:16<01:40,  3.99it/s]pass through data:  13%|█▎        | 58/459 [00:17<01:50,  3.64it/s]pass through data:  13%|█▎        | 59/459 [00:17<01:51,  3.60it/s]pass through data:  13%|█▎        | 60/459 [00:17<01:46,  3.76it/s]pass through data:  13%|█▎        | 61/459 [00:17<01:41,  3.91it/s]pass through data:  14%|█▎        | 62/459 [00:18<01:45,  3.77it/s]pass through data:  14%|█▎        | 63/459 [00:18<01:47,  3.69it/s]pass through data:  14%|█▍        | 64/459 [00:18<01:43,  3.83it/s]pass through data:  14%|█▍        | 65/459 [00:18<01:40,  3.92it/s]pass through data:  14%|█▍        | 66/459 [00:19<01:44,  3.78it/s]pass through data:  15%|█▍        | 67/459 [00:19<01:45,  3.73it/s]pass through data:  15%|█▍        | 68/459 [00:19<01:41,  3.87it/s]pass through data:  15%|█▌        | 69/459 [00:20<01:38,  3.95it/s]pass through data:  15%|█▌        | 70/459 [00:20<01:43,  3.76it/s]pass through data:  15%|█▌        | 71/459 [00:20<01:39,  3.91it/s]pass through data:  16%|█▌        | 72/459 [00:20<01:36,  4.00it/s]pass through data:  16%|█▌        | 73/459 [00:21<01:40,  3.86it/s]pass through data:  16%|█▌        | 74/459 [00:21<01:44,  3.67it/s]pass through data:  16%|█▋        | 75/459 [00:21<01:39,  3.85it/s]pass through data:  17%|█▋        | 76/459 [00:21<01:38,  3.91it/s]pass through data:  17%|█▋        | 77/459 [00:22<01:41,  3.75it/s]pass through data:  17%|█▋        | 78/459 [00:22<01:43,  3.69it/s]pass through data:  17%|█▋        | 79/459 [00:22<01:37,  3.89it/s]pass through data:  17%|█▋        | 80/459 [00:22<01:35,  3.95it/s]pass through data:  18%|█▊        | 81/459 [00:23<01:39,  3.79it/s]pass through data:  18%|█▊        | 82/459 [00:23<01:41,  3.73it/s]pass through data:  18%|█▊        | 83/459 [00:23<01:37,  3.86it/s]pass through data:  18%|█▊        | 84/459 [00:23<01:33,  4.02it/s]pass through data:  19%|█▊        | 85/459 [00:24<01:24,  4.40it/s]pass through data:  19%|█▊        | 86/459 [00:24<01:20,  4.66it/s]pass through data:  19%|█▉        | 87/459 [00:24<01:15,  4.91it/s]pass through data:  19%|█▉        | 88/459 [00:24<01:15,  4.92it/s]pass through data:  19%|█▉        | 89/459 [00:24<01:22,  4.47it/s]pass through data:  20%|█▉        | 90/459 [00:25<01:32,  4.00it/s]pass through data:  20%|█▉        | 91/459 [00:25<01:37,  3.78it/s]pass through data:  20%|██        | 92/459 [00:25<01:36,  3.81it/s]pass through data:  20%|██        | 93/459 [00:26<01:31,  3.99it/s]pass through data:  20%|██        | 94/459 [00:26<01:31,  3.98it/s]pass through data:  21%|██        | 95/459 [00:26<01:31,  3.98it/s]pass through data:  21%|██        | 96/459 [00:26<01:30,  4.01it/s]pass through data:  21%|██        | 97/459 [00:27<01:28,  4.08it/s]pass through data:  21%|██▏       | 98/459 [00:27<01:26,  4.17it/s]pass through data:  22%|██▏       | 99/459 [00:27<01:27,  4.11it/s]pass through data:  22%|██▏       | 100/459 [00:27<01:27,  4.08it/s]pass through data:  22%|██▏       | 101/459 [00:27<01:27,  4.10it/s]pass through data:  22%|██▏       | 102/459 [00:28<01:25,  4.16it/s]pass through data:  22%|██▏       | 103/459 [00:28<01:24,  4.23it/s]pass through data:  23%|██▎       | 104/459 [00:28<01:25,  4.18it/s]pass through data:  23%|██▎       | 105/459 [00:28<01:24,  4.21it/s]pass through data:  23%|██▎       | 106/459 [00:29<01:23,  4.25it/s]pass through data:  23%|██▎       | 107/459 [00:29<01:28,  4.00it/s]pass through data:  24%|██▎       | 108/459 [00:29<01:31,  3.85it/s]pass through data:  24%|██▎       | 109/459 [00:30<01:35,  3.67it/s]pass through data:  24%|██▍       | 110/459 [00:30<01:31,  3.81it/s]pass through data:  24%|██▍       | 111/459 [00:30<01:27,  3.97it/s]pass through data:  24%|██▍       | 112/459 [00:30<01:30,  3.83it/s]pass through data:  25%|██▍       | 113/459 [00:31<01:33,  3.71it/s]pass through data:  25%|██▍       | 114/459 [00:31<01:34,  3.63it/s]pass through data:  25%|██▌       | 115/459 [00:31<01:30,  3.81it/s]pass through data:  25%|██▌       | 116/459 [00:31<01:28,  3.88it/s]pass through data:  25%|██▌       | 117/459 [00:32<01:30,  3.80it/s]pass through data:  26%|██▌       | 118/459 [00:32<01:31,  3.71it/s]pass through data:  26%|██▌       | 119/459 [00:32<01:28,  3.84it/s]pass through data:  26%|██▌       | 120/459 [00:32<01:26,  3.93it/s]pass through data:  26%|██▋       | 121/459 [00:33<01:29,  3.78it/s]pass through data:  27%|██▋       | 122/459 [00:33<01:30,  3.74it/s]pass through data:  27%|██▋       | 123/459 [00:33<01:26,  3.89it/s]pass through data:  27%|██▋       | 124/459 [00:33<01:20,  4.14it/s]pass through data:  27%|██▋       | 125/459 [00:34<01:16,  4.36it/s]pass through data:  27%|██▋       | 126/459 [00:34<01:13,  4.52it/s]pass through data:  28%|██▊       | 127/459 [00:34<01:16,  4.36it/s]pass through data:  28%|██▊       | 128/459 [00:34<01:20,  4.09it/s]pass through data:  28%|██▊       | 129/459 [00:35<01:24,  3.89it/s]pass through data:  28%|██▊       | 130/459 [00:35<01:22,  4.00it/s]pass through data:  29%|██▊       | 131/459 [00:35<01:21,  4.05it/s]pass through data:  29%|██▉       | 132/459 [00:35<01:24,  3.89it/s]pass through data:  29%|██▉       | 133/459 [00:36<01:26,  3.77it/s]pass through data:  29%|██▉       | 134/459 [00:36<01:23,  3.87it/s]pass through data:  29%|██▉       | 135/459 [00:36<01:21,  3.97it/s]pass through data:  30%|██▉       | 136/459 [00:36<01:23,  3.87it/s]pass through data:  30%|██▉       | 137/459 [00:37<01:25,  3.78it/s]pass through data:  30%|███       | 138/459 [00:37<01:27,  3.69it/s]pass through data:  30%|███       | 139/459 [00:37<01:23,  3.82it/s]pass through data:  31%|███       | 140/459 [00:37<01:21,  3.90it/s]pass through data:  31%|███       | 141/459 [00:38<01:24,  3.77it/s]pass through data:  31%|███       | 142/459 [00:38<01:26,  3.68it/s]pass through data:  31%|███       | 143/459 [00:38<01:22,  3.83it/s]pass through data:  31%|███▏      | 144/459 [00:38<01:19,  3.99it/s]pass through data:  32%|███▏      | 145/459 [00:39<01:21,  3.85it/s]pass through data:  32%|███▏      | 146/459 [00:39<01:23,  3.75it/s]pass through data:  32%|███▏      | 147/459 [00:39<01:22,  3.79it/s]pass through data:  32%|███▏      | 148/459 [00:40<01:19,  3.92it/s]pass through data:  32%|███▏      | 149/459 [00:40<01:20,  3.86it/s]pass through data:  33%|███▎      | 150/459 [00:40<01:22,  3.74it/s]pass through data:  33%|███▎      | 151/459 [00:40<01:23,  3.67it/s]pass through data:  33%|███▎      | 152/459 [00:41<01:20,  3.84it/s]pass through data:  33%|███▎      | 153/459 [00:41<01:17,  3.94it/s]pass through data:  34%|███▎      | 154/459 [00:41<01:20,  3.81it/s]pass through data:  34%|███▍      | 155/459 [00:41<01:21,  3.72it/s]pass through data:  34%|███▍      | 156/459 [00:42<01:18,  3.86it/s]pass through data:  34%|███▍      | 157/459 [00:42<01:15,  4.00it/s]pass through data:  34%|███▍      | 158/459 [00:42<01:18,  3.85it/s]pass through data:  35%|███▍      | 159/459 [00:42<01:19,  3.80it/s]pass through data:  35%|███▍      | 160/459 [00:43<01:20,  3.73it/s]pass through data:  35%|███▌      | 161/459 [00:43<01:13,  4.06it/s]pass through data:  35%|███▌      | 162/459 [00:43<01:07,  4.43it/s]pass through data:  36%|███▌      | 163/459 [00:43<01:03,  4.66it/s]pass through data:  36%|███▌      | 164/459 [00:43<01:01,  4.76it/s]pass through data:  36%|███▌      | 165/459 [00:44<01:08,  4.31it/s]pass through data:  36%|███▌      | 166/459 [00:44<01:12,  4.04it/s]pass through data:  36%|███▋      | 167/459 [00:47<04:51,  1.00it/s]pass through data:  37%|███▋      | 168/459 [00:47<03:44,  1.30it/s]pass through data:  37%|███▋      | 169/459 [00:47<02:56,  1.65it/s]pass through data:  37%|███▋      | 170/459 [00:48<02:28,  1.95it/s]pass through data:  37%|███▋      | 171/459 [00:48<02:06,  2.27it/s]pass through data:  37%|███▋      | 172/459 [00:48<01:52,  2.55it/s]pass through data:  38%|███▊      | 173/459 [00:48<01:38,  2.90it/s]pass through data:  38%|███▊      | 174/459 [00:49<01:29,  3.18it/s]pass through data:  38%|███▊      | 175/459 [00:49<01:26,  3.29it/s]pass through data:  38%|███▊      | 176/459 [00:49<01:24,  3.37it/s]pass through data:  39%|███▊      | 177/459 [00:49<01:17,  3.62it/s]pass through data:  39%|███▉      | 178/459 [00:50<01:14,  3.76it/s]pass through data:  39%|███▉      | 179/459 [00:50<01:15,  3.70it/s]pass through data:  39%|███▉      | 180/459 [00:50<01:16,  3.66it/s]pass through data:  39%|███▉      | 181/459 [00:50<01:12,  3.81it/s]pass through data:  40%|███▉      | 182/459 [00:51<01:09,  3.97it/s]pass through data:  40%|███▉      | 183/459 [00:51<01:12,  3.83it/s]pass through data:  40%|████      | 184/459 [00:51<01:09,  3.94it/s]pass through data:  40%|████      | 185/459 [00:51<01:07,  4.06it/s]pass through data:  41%|████      | 186/459 [00:52<01:05,  4.15it/s]pass through data:  41%|████      | 187/459 [00:52<01:05,  4.15it/s]pass through data:  41%|████      | 188/459 [00:52<01:05,  4.15it/s]pass through data:  41%|████      | 189/459 [00:52<01:03,  4.26it/s]pass through data:  41%|████▏     | 190/459 [00:52<01:00,  4.44it/s]pass through data:  42%|████▏     | 191/459 [00:53<00:57,  4.69it/s]pass through data:  42%|████▏     | 192/459 [00:53<00:54,  4.92it/s]pass through data:  42%|████▏     | 193/459 [00:53<00:56,  4.74it/s]pass through data:  42%|████▏     | 194/459 [00:53<00:59,  4.48it/s]pass through data:  42%|████▏     | 195/459 [00:54<01:00,  4.38it/s]pass through data:  43%|████▎     | 196/459 [00:54<01:00,  4.35it/s]pass through data:  43%|████▎     | 197/459 [00:54<01:00,  4.33it/s]pass through data:  43%|████▎     | 198/459 [00:54<01:00,  4.28it/s]pass through data:  43%|████▎     | 199/459 [00:55<01:00,  4.27it/s]pass through data:  44%|████▎     | 200/459 [00:55<01:00,  4.30it/s]pass through data:  44%|████▍     | 201/459 [00:55<01:03,  4.08it/s]pass through data:  44%|████▍     | 202/459 [00:55<01:05,  3.90it/s]pass through data:  44%|████▍     | 203/459 [00:56<01:07,  3.79it/s]pass through data:  44%|████▍     | 204/459 [00:56<01:05,  3.91it/s]pass through data:  45%|████▍     | 205/459 [00:56<01:04,  3.94it/s]pass through data:  45%|████▍     | 206/459 [00:56<01:02,  4.02it/s]pass through data:  45%|████▌     | 207/459 [00:57<01:01,  4.09it/s]pass through data:  45%|████▌     | 208/459 [00:57<01:04,  3.92it/s]pass through data:  46%|████▌     | 209/459 [00:57<01:05,  3.81it/s]pass through data:  46%|████▌     | 210/459 [00:57<01:03,  3.91it/s]pass through data:  46%|████▌     | 211/459 [00:58<01:02,  3.99it/s]pass through data:  46%|████▌     | 212/459 [00:58<01:04,  3.84it/s]pass through data:  46%|████▋     | 213/459 [00:58<01:05,  3.76it/s]pass through data:  47%|████▋     | 214/459 [00:58<01:06,  3.67it/s]pass through data:  47%|████▋     | 215/459 [00:59<01:03,  3.82it/s]pass through data:  47%|████▋     | 216/459 [00:59<01:02,  3.88it/s]pass through data:  47%|████▋     | 217/459 [00:59<01:04,  3.75it/s]pass through data:  47%|████▋     | 218/459 [00:59<01:04,  3.73it/s]pass through data:  48%|████▊     | 219/459 [01:00<01:02,  3.87it/s]pass through data:  48%|████▊     | 220/459 [01:00<01:00,  3.93it/s]pass through data:  48%|████▊     | 221/459 [01:00<01:03,  3.72it/s]pass through data:  48%|████▊     | 222/459 [01:01<01:04,  3.68it/s]pass through data:  49%|████▊     | 223/459 [01:01<01:01,  3.82it/s]pass through data:  49%|████▉     | 224/459 [01:01<00:59,  3.98it/s]pass through data:  49%|████▉     | 225/459 [01:01<01:00,  3.87it/s]pass through data:  49%|████▉     | 226/459 [01:02<01:01,  3.76it/s]pass through data:  49%|████▉     | 227/459 [01:02<00:59,  3.89it/s]pass through data:  50%|████▉     | 228/459 [01:02<00:56,  4.06it/s]pass through data:  50%|████▉     | 229/459 [01:02<00:51,  4.46it/s]pass through data:  50%|█████     | 230/459 [01:02<00:48,  4.74it/s]pass through data:  50%|█████     | 231/459 [01:03<00:45,  5.01it/s]pass through data:  51%|█████     | 232/459 [01:03<00:46,  4.93it/s]pass through data:  51%|█████     | 233/459 [01:03<00:48,  4.65it/s]pass through data:  51%|█████     | 234/459 [01:03<00:53,  4.21it/s]pass through data:  51%|█████     | 235/459 [01:04<00:56,  3.98it/s]pass through data:  51%|█████▏    | 236/459 [01:04<00:55,  4.03it/s]pass through data:  52%|█████▏    | 237/459 [01:04<00:53,  4.16it/s]pass through data:  52%|█████▏    | 238/459 [01:04<00:56,  3.88it/s]pass through data:  52%|█████▏    | 239/459 [01:05<00:58,  3.76it/s]pass through data:  52%|█████▏    | 240/459 [01:05<00:58,  3.71it/s]pass through data:  53%|█████▎    | 241/459 [01:05<00:56,  3.86it/s]pass through data:  53%|█████▎    | 242/459 [01:05<00:56,  3.84it/s]pass through data:  53%|█████▎    | 243/459 [01:06<00:57,  3.74it/s]pass through data:  53%|█████▎    | 244/459 [01:06<00:57,  3.72it/s]pass through data:  53%|█████▎    | 245/459 [01:06<00:55,  3.86it/s]pass through data:  54%|█████▎    | 246/459 [01:06<00:53,  3.94it/s]pass through data:  54%|█████▍    | 247/459 [01:07<00:55,  3.81it/s]pass through data:  54%|█████▍    | 248/459 [01:07<00:56,  3.73it/s]pass through data:  54%|█████▍    | 249/459 [01:07<00:53,  3.90it/s]pass through data:  54%|█████▍    | 250/459 [01:07<00:51,  4.06it/s]pass through data:  55%|█████▍    | 251/459 [01:08<00:53,  3.91it/s]pass through data:  55%|█████▍    | 252/459 [01:08<00:54,  3.81it/s]pass through data:  55%|█████▌    | 253/459 [01:08<00:52,  3.91it/s]pass through data:  55%|█████▌    | 254/459 [01:08<00:51,  3.99it/s]pass through data:  56%|█████▌    | 255/459 [01:09<00:52,  3.85it/s]pass through data:  56%|█████▌    | 256/459 [01:09<00:54,  3.76it/s]pass through data:  56%|█████▌    | 257/459 [01:09<00:52,  3.87it/s]pass through data:  56%|█████▌    | 258/459 [01:10<00:50,  3.99it/s]pass through data:  56%|█████▋    | 259/459 [01:10<00:52,  3.80it/s]pass through data:  57%|█████▋    | 260/459 [01:10<00:53,  3.74it/s]pass through data:  57%|█████▋    | 261/459 [01:10<00:51,  3.87it/s]pass through data:  57%|█████▋    | 262/459 [01:11<00:49,  4.01it/s]pass through data:  57%|█████▋    | 263/459 [01:11<00:50,  3.86it/s]pass through data:  58%|█████▊    | 264/459 [01:11<00:52,  3.75it/s]pass through data:  58%|█████▊    | 265/459 [01:11<00:47,  4.04it/s]pass through data:  58%|█████▊    | 266/459 [01:12<00:44,  4.31it/s]pass through data:  58%|█████▊    | 267/459 [01:12<00:42,  4.53it/s]pass through data:  58%|█████▊    | 268/459 [01:12<00:42,  4.47it/s]pass through data:  59%|█████▊    | 269/459 [01:12<00:43,  4.37it/s]pass through data:  59%|█████▉    | 270/459 [01:12<00:46,  4.08it/s]pass through data:  59%|█████▉    | 271/459 [01:13<00:48,  3.88it/s]pass through data:  59%|█████▉    | 272/459 [01:13<00:47,  3.97it/s]pass through data:  59%|█████▉    | 273/459 [01:13<00:46,  4.03it/s]pass through data:  60%|█████▉    | 274/459 [01:14<00:47,  3.92it/s]pass through data:  60%|█████▉    | 275/459 [01:14<00:47,  3.85it/s]pass through data:  60%|██████    | 276/459 [01:14<00:46,  3.97it/s]pass through data:  60%|██████    | 277/459 [01:14<00:44,  4.11it/s]pass through data:  61%|██████    | 278/459 [01:15<00:46,  3.90it/s]pass through data:  61%|██████    | 279/459 [01:15<00:47,  3.76it/s]pass through data:  61%|██████    | 280/459 [01:15<00:45,  3.90it/s]pass through data:  61%|██████    | 281/459 [01:15<00:43,  4.08it/s]pass through data:  61%|██████▏   | 282/459 [01:16<00:44,  3.98it/s]pass through data:  62%|██████▏   | 283/459 [01:16<00:46,  3.77it/s]pass through data:  62%|██████▏   | 284/459 [01:16<00:46,  3.73it/s]pass through data:  62%|██████▏   | 285/459 [01:16<00:44,  3.90it/s]pass through data:  62%|██████▏   | 286/459 [01:17<00:44,  3.93it/s]pass through data:  63%|██████▎   | 287/459 [01:17<00:44,  3.83it/s]pass through data:  63%|██████▎   | 288/459 [01:17<00:46,  3.70it/s]pass through data:  63%|██████▎   | 289/459 [01:17<00:44,  3.86it/s]pass through data:  63%|██████▎   | 290/459 [01:18<00:42,  3.96it/s]pass through data:  63%|██████▎   | 291/459 [01:18<00:42,  3.96it/s]pass through data:  64%|██████▎   | 292/459 [01:18<00:41,  3.99it/s]pass through data:  64%|██████▍   | 293/459 [01:18<00:41,  4.03it/s]pass through data:  64%|██████▍   | 294/459 [01:19<00:40,  4.11it/s]pass through data:  64%|██████▍   | 295/459 [01:19<00:39,  4.17it/s]pass through data:  64%|██████▍   | 296/459 [01:19<00:39,  4.15it/s]pass through data:  65%|██████▍   | 297/459 [01:19<00:39,  4.14it/s]pass through data:  65%|██████▍   | 298/459 [01:20<00:38,  4.14it/s]pass through data:  65%|██████▌   | 299/459 [01:20<00:38,  4.19it/s]pass through data:  65%|██████▌   | 300/459 [01:20<00:37,  4.20it/s]pass through data:  66%|██████▌   | 301/459 [01:20<00:37,  4.17it/s]pass through data:  66%|██████▌   | 302/459 [01:21<00:38,  4.10it/s]pass through data:  66%|██████▌   | 303/459 [01:21<00:37,  4.22it/s]pass through data:  66%|██████▌   | 304/459 [01:21<00:38,  4.00it/s]pass through data:  66%|██████▋   | 305/459 [01:21<00:36,  4.22it/s]pass through data:  67%|██████▋   | 306/459 [01:21<00:34,  4.40it/s]pass through data:  67%|██████▋   | 307/459 [01:22<00:32,  4.67it/s]pass through data:  67%|██████▋   | 308/459 [01:22<00:30,  4.89it/s]pass through data:  67%|██████▋   | 309/459 [01:22<00:32,  4.67it/s]pass through data:  68%|██████▊   | 310/459 [01:22<00:34,  4.34it/s]pass through data:  68%|██████▊   | 311/459 [01:23<00:36,  4.08it/s]pass through data:  68%|██████▊   | 312/459 [01:23<00:35,  4.13it/s]pass through data:  68%|██████▊   | 313/459 [01:23<00:34,  4.19it/s]pass through data:  68%|██████▊   | 314/459 [01:23<00:36,  3.92it/s]pass through data:  69%|██████▊   | 315/459 [01:24<00:37,  3.80it/s]pass through data:  69%|██████▉   | 316/459 [01:24<00:36,  3.91it/s]pass through data:  69%|██████▉   | 317/459 [01:24<00:35,  4.03it/s]pass through data:  69%|██████▉   | 318/459 [01:24<00:36,  3.87it/s]pass through data:  69%|██████▉   | 319/459 [01:25<00:36,  3.78it/s]pass through data:  70%|██████▉   | 320/459 [01:25<00:35,  3.90it/s]pass through data:  70%|██████▉   | 321/459 [01:25<00:34,  4.04it/s]pass through data:  70%|███████   | 322/459 [01:25<00:35,  3.84it/s]pass through data:  70%|███████   | 323/459 [01:26<00:36,  3.73it/s]pass through data:  71%|███████   | 324/459 [01:26<00:34,  3.86it/s]pass through data:  71%|███████   | 325/459 [01:26<00:33,  3.95it/s]pass through data:  71%|███████   | 326/459 [01:26<00:34,  3.80it/s]pass through data:  71%|███████   | 327/459 [01:27<00:35,  3.72it/s]pass through data:  71%|███████▏  | 328/459 [01:27<00:35,  3.67it/s]pass through data:  72%|███████▏  | 329/459 [01:27<00:33,  3.83it/s]pass through data:  72%|███████▏  | 330/459 [01:28<00:33,  3.83it/s]pass through data:  72%|███████▏  | 331/459 [01:28<00:34,  3.71it/s]pass through data:  72%|███████▏  | 332/459 [01:28<00:34,  3.68it/s]pass through data:  73%|███████▎  | 333/459 [01:28<00:32,  3.85it/s]pass through data:  73%|███████▎  | 334/459 [01:29<00:31,  3.94it/s]pass through data:  73%|███████▎  | 335/459 [01:29<00:32,  3.80it/s]pass through data:  73%|███████▎  | 336/459 [01:29<00:33,  3.71it/s]pass through data:  73%|███████▎  | 337/459 [01:29<00:31,  3.84it/s]pass through data:  74%|███████▎  | 338/459 [01:30<00:31,  3.80it/s]pass through data:  74%|███████▍  | 339/459 [01:30<00:31,  3.76it/s]pass through data:  74%|███████▍  | 340/459 [01:30<00:30,  3.95it/s]pass through data:  74%|███████▍  | 341/459 [01:30<00:29,  4.06it/s]pass through data:  75%|███████▍  | 342/459 [01:31<00:29,  3.90it/s]pass through data:  75%|███████▍  | 343/459 [01:31<00:30,  3.79it/s]pass through data:  75%|███████▍  | 344/459 [01:31<00:29,  3.95it/s]pass through data:  75%|███████▌  | 345/459 [01:31<00:26,  4.37it/s]pass through data:  75%|███████▌  | 346/459 [01:31<00:24,  4.70it/s]pass through data:  76%|███████▌  | 347/459 [01:32<00:22,  4.98it/s]pass through data:  76%|███████▌  | 348/459 [01:35<01:50,  1.00it/s]pass through data:  76%|███████▌  | 349/459 [01:35<01:25,  1.28it/s]pass through data:  76%|███████▋  | 350/459 [01:35<01:08,  1.60it/s]pass through data:  76%|███████▋  | 351/459 [01:35<00:56,  1.92it/s]pass through data:  77%|███████▋  | 352/459 [01:36<00:46,  2.31it/s]pass through data:  77%|███████▋  | 353/459 [01:36<00:40,  2.65it/s]pass through data:  77%|███████▋  | 354/459 [01:36<00:37,  2.84it/s]pass through data:  77%|███████▋  | 355/459 [01:36<00:34,  3.04it/s]pass through data:  78%|███████▊  | 356/459 [01:37<00:30,  3.35it/s]pass through data:  78%|███████▊  | 357/459 [01:37<00:28,  3.60it/s]pass through data:  78%|███████▊  | 358/459 [01:37<00:27,  3.61it/s]pass through data:  78%|███████▊  | 359/459 [01:37<00:27,  3.62it/s]pass through data:  78%|███████▊  | 360/459 [01:38<00:25,  3.81it/s]pass through data:  79%|███████▊  | 361/459 [01:38<00:24,  3.94it/s]pass through data:  79%|███████▉  | 362/459 [01:38<00:25,  3.79it/s]pass through data:  79%|███████▉  | 363/459 [01:38<00:25,  3.70it/s]pass through data:  79%|███████▉  | 364/459 [01:39<00:24,  3.85it/s]pass through data:  80%|███████▉  | 365/459 [01:39<00:23,  3.99it/s]pass through data:  80%|███████▉  | 366/459 [01:39<00:23,  3.90it/s]pass through data:  80%|███████▉  | 367/459 [01:39<00:24,  3.80it/s]pass through data:  80%|████████  | 368/459 [01:40<00:23,  3.94it/s]pass through data:  80%|████████  | 369/459 [01:40<00:21,  4.21it/s]pass through data:  81%|████████  | 370/459 [01:40<00:19,  4.55it/s]pass through data:  81%|████████  | 371/459 [01:40<00:17,  4.89it/s]pass through data:  81%|████████  | 372/459 [01:40<00:19,  4.44it/s]pass through data:  81%|████████▏ | 373/459 [01:41<00:20,  4.22it/s]pass through data:  81%|████████▏ | 374/459 [01:41<00:20,  4.22it/s]pass through data:  82%|████████▏ | 375/459 [01:41<00:19,  4.24it/s]pass through data:  82%|████████▏ | 376/459 [01:41<00:20,  4.00it/s]pass through data:  82%|████████▏ | 377/459 [01:42<00:20,  3.92it/s]pass through data:  82%|████████▏ | 378/459 [01:42<00:20,  4.01it/s]pass through data:  83%|████████▎ | 379/459 [01:42<00:19,  4.06it/s]pass through data:  83%|████████▎ | 380/459 [01:43<00:20,  3.92it/s]pass through data:  83%|████████▎ | 381/459 [01:43<00:20,  3.81it/s]pass through data:  83%|████████▎ | 382/459 [01:43<00:19,  3.94it/s]pass through data:  83%|████████▎ | 383/459 [01:43<00:18,  4.07it/s]pass through data:  84%|████████▎ | 384/459 [01:44<00:19,  3.93it/s]pass through data:  84%|████████▍ | 385/459 [01:44<00:18,  4.02it/s]pass through data:  84%|████████▍ | 386/459 [01:44<00:17,  4.10it/s]pass through data:  84%|████████▍ | 387/459 [01:44<00:17,  4.17it/s]pass through data:  85%|████████▍ | 388/459 [01:44<00:17,  4.17it/s]pass through data:  85%|████████▍ | 389/459 [01:45<00:16,  4.18it/s]pass through data:  85%|████████▍ | 390/459 [01:45<00:16,  4.19it/s]pass through data:  85%|████████▌ | 391/459 [01:45<00:16,  4.21it/s]pass through data:  85%|████████▌ | 392/459 [01:45<00:15,  4.26it/s]pass through data:  86%|████████▌ | 393/459 [01:46<00:15,  4.27it/s]pass through data:  86%|████████▌ | 394/459 [01:46<00:15,  4.25it/s]pass through data:  86%|████████▌ | 395/459 [01:46<00:15,  4.19it/s]pass through data:  86%|████████▋ | 396/459 [01:46<00:14,  4.21it/s]pass through data:  86%|████████▋ | 397/459 [01:47<00:14,  4.24it/s]pass through data:  87%|████████▋ | 398/459 [01:47<00:14,  4.26it/s]pass through data:  87%|████████▋ | 399/459 [01:47<00:14,  4.27it/s]pass through data:  87%|████████▋ | 400/459 [01:47<00:14,  4.01it/s]pass through data:  87%|████████▋ | 401/459 [01:48<00:15,  3.85it/s]pass through data:  88%|████████▊ | 402/459 [01:48<00:14,  3.94it/s]pass through data:  88%|████████▊ | 403/459 [01:48<00:13,  4.07it/s]pass through data:  88%|████████▊ | 404/459 [01:48<00:14,  3.83it/s]pass through data:  88%|████████▊ | 405/459 [01:49<00:14,  3.72it/s]pass through data:  88%|████████▊ | 406/459 [01:49<00:14,  3.65it/s]pass through data:  89%|████████▊ | 407/459 [01:49<00:13,  3.81it/s]pass through data:  89%|████████▉ | 408/459 [01:49<00:13,  3.89it/s]pass through data:  89%|████████▉ | 409/459 [01:50<00:11,  4.20it/s]pass through data:  89%|████████▉ | 410/459 [01:50<00:11,  4.35it/s]pass through data:  90%|████████▉ | 411/459 [01:50<00:10,  4.52it/s]pass through data:  90%|████████▉ | 412/459 [01:50<00:11,  4.14it/s]pass through data:  90%|████████▉ | 413/459 [01:51<00:11,  4.09it/s]pass through data:  90%|█████████ | 414/459 [01:51<00:10,  4.10it/s]pass through data:  90%|█████████ | 415/459 [01:51<00:11,  3.84it/s]pass through data:  91%|█████████ | 416/459 [01:51<00:11,  3.67it/s]pass through data:  91%|█████████ | 417/459 [01:52<00:11,  3.59it/s]pass through data:  91%|█████████ | 418/459 [01:52<00:10,  3.76it/s]pass through data:  91%|█████████▏| 419/459 [01:52<00:10,  3.71it/s]pass through data:  92%|█████████▏| 420/459 [01:53<00:10,  3.57it/s]pass through data:  92%|█████████▏| 421/459 [01:53<00:11,  3.35it/s]pass through data:  92%|█████████▏| 422/459 [01:53<00:10,  3.45it/s]pass through data:  92%|█████████▏| 423/459 [01:53<00:09,  3.60it/s]pass through data:  92%|█████████▏| 424/459 [01:54<00:09,  3.57it/s]pass through data:  93%|█████████▎| 425/459 [01:54<00:09,  3.48it/s]pass through data:  93%|█████████▎| 426/459 [01:54<00:09,  3.66it/s]pass through data:  93%|█████████▎| 427/459 [01:54<00:08,  3.75it/s]pass through data:  93%|█████████▎| 428/459 [01:55<00:08,  3.64it/s]pass through data:  93%|█████████▎| 429/459 [01:55<00:08,  3.55it/s]pass through data:  94%|█████████▎| 430/459 [01:55<00:08,  3.56it/s]pass through data:  94%|█████████▍| 431/459 [01:56<00:07,  3.74it/s]pass through data:  94%|█████████▍| 432/459 [01:56<00:07,  3.85it/s]pass through data:  94%|█████████▍| 433/459 [01:56<00:07,  3.67it/s]pass through data:  95%|█████████▍| 434/459 [01:56<00:07,  3.53it/s]pass through data:  95%|█████████▍| 435/459 [01:57<00:06,  3.50it/s]pass through data:  95%|█████████▍| 436/459 [01:57<00:06,  3.69it/s]pass through data:  95%|█████████▌| 437/459 [01:57<00:05,  3.74it/s]pass through data:  95%|█████████▌| 438/459 [01:58<00:05,  3.60it/s]pass through data:  96%|█████████▌| 439/459 [01:58<00:05,  3.48it/s]pass through data:  96%|█████████▌| 440/459 [01:58<00:05,  3.64it/s]pass through data:  96%|█████████▌| 441/459 [01:58<00:04,  3.81it/s]pass through data:  96%|█████████▋| 442/459 [01:59<00:04,  3.63it/s]pass through data:  97%|█████████▋| 443/459 [01:59<00:04,  3.58it/s]pass through data:  97%|█████████▋| 444/459 [01:59<00:03,  3.93it/s]pass through data:  97%|█████████▋| 445/459 [01:59<00:03,  4.27it/s]pass through data:  97%|█████████▋| 446/459 [01:59<00:02,  4.51it/s]pass through data:  97%|█████████▋| 447/459 [02:00<00:02,  4.70it/s]pass through data:  98%|█████████▊| 448/459 [02:00<00:02,  4.15it/s]pass through data:  98%|█████████▊| 449/459 [02:00<00:02,  3.98it/s]pass through data:  98%|█████████▊| 450/459 [02:01<00:02,  4.03it/s]pass through data:  98%|█████████▊| 451/459 [02:01<00:01,  4.12it/s]pass through data:  98%|█████████▊| 452/459 [02:01<00:01,  3.89it/s]pass through data:  99%|█████████▊| 453/459 [02:01<00:01,  3.73it/s]pass through data:  99%|█████████▉| 454/459 [02:02<00:01,  3.87it/s]pass through data:  99%|█████████▉| 455/459 [02:02<00:01,  3.98it/s]pass through data:  99%|█████████▉| 456/459 [02:02<00:00,  3.79it/s]pass through data: 100%|█████████▉| 457/459 [02:02<00:00,  3.67it/s]pass through data: 100%|█████████▉| 458/459 [02:03<00:00,  3.76it/s]pass through data: 100%|██████████| 459/459 [02:03<00:00,  3.72it/s]
117325 eexamples_written
