[08/19/2022 - 21:22:19] File "Devign/main.py", line 68  	Reading already processed data from data/combined/full_experiment_real_data_processed/processed.bin!	
load json -> msr mapping...
done loading json -> msr mapping
113224 keys missing from splits.csv
5746 keys skipped because _after_
skipped 118970 keys
[08/19/2022 - 21:28:18] File "Devign/main.py", line 85  	19517	1964	3197	0	
model: GGNNSum(
  (ggnn): GatedGraphConv(
    (linears): ModuleList(
      (0): Linear(in_features=200, out_features=200, bias=True)
      (1): Linear(in_features=200, out_features=200, bias=True)
      (2): Linear(in_features=200, out_features=200, bias=True)
      (3): Linear(in_features=200, out_features=200, bias=True)
      (4): Linear(in_features=200, out_features=200, bias=True)
    )
    (gru): GRUCell(200, 200)
  )
  (classifier): Linear(in_features=200, out_features=1, bias=True)
  (sigmoid): Sigmoid()
)
[08/19/2022 - 21:28:18] File "Devign/main.py", line 100  	Total Parameters : 442401	
[08/19/2022 - 21:28:18] File "Devign/main.py", line 101  	####################################################################################################	
[08/19/2022 - 21:28:21] File "/home/<ANONYMOUS>/code/ReVeal/Devign/trainer.py", line 66  	Start Training	
[08/19/2022 - 21:28:38] File "/home/<ANONYMOUS>/code/ReVeal/Devign/trainer.py", line 97  	Step 63		Train Loss    560.376	Valid Loss   374.455	f1: 40.17	Patience 0	
[08/19/2022 - 21:28:38] File "/home/<ANONYMOUS>/code/ReVeal/Devign/trainer.py", line 99  	====================================================================================================	
[08/19/2022 - 21:28:54] File "/home/<ANONYMOUS>/code/ReVeal/Devign/trainer.py", line 97  	Step 127		Train Loss    326.660	Valid Loss   322.405	f1: 48.88	Patience 0	
[08/19/2022 - 21:28:54] File "/home/<ANONYMOUS>/code/ReVeal/Devign/trainer.py", line 99  	====================================================================================================	
[08/19/2022 - 21:29:12] File "/home/<ANONYMOUS>/code/ReVeal/Devign/trainer.py", line 97  	Step 191		Train Loss    270.011	Valid Loss   311.080	f1: 48.57	Patience 1	
[08/19/2022 - 21:29:12] File "/home/<ANONYMOUS>/code/ReVeal/Devign/trainer.py", line 99  	====================================================================================================	
[08/19/2022 - 21:29:27] File "/home/<ANONYMOUS>/code/ReVeal/Devign/trainer.py", line 97  	Step 255		Train Loss    247.810	Valid Loss   303.324	f1: 46.84	Patience 2	
[08/19/2022 - 21:29:27] File "/home/<ANONYMOUS>/code/ReVeal/Devign/trainer.py", line 99  	====================================================================================================	
[08/19/2022 - 21:29:43] File "/home/<ANONYMOUS>/code/ReVeal/Devign/trainer.py", line 97  	Step 319		Train Loss    224.130	Valid Loss   289.430	f1: 51.52	Patience 0	
[08/19/2022 - 21:29:43] File "/home/<ANONYMOUS>/code/ReVeal/Devign/trainer.py", line 99  	====================================================================================================	
[08/19/2022 - 21:30:02] File "/home/<ANONYMOUS>/code/ReVeal/Devign/trainer.py", line 97  	Step 383		Train Loss    209.614	Valid Loss   296.404	f1: 54.25	Patience 0	
[08/19/2022 - 21:30:02] File "/home/<ANONYMOUS>/code/ReVeal/Devign/trainer.py", line 99  	====================================================================================================	
[08/19/2022 - 21:30:18] File "/home/<ANONYMOUS>/code/ReVeal/Devign/trainer.py", line 97  	Step 447		Train Loss    200.867	Valid Loss   284.326	f1: 59.34	Patience 0	
[08/19/2022 - 21:30:18] File "/home/<ANONYMOUS>/code/ReVeal/Devign/trainer.py", line 99  	====================================================================================================	
[08/19/2022 - 21:30:33] File "/home/<ANONYMOUS>/code/ReVeal/Devign/trainer.py", line 97  	Step 511		Train Loss    192.659	Valid Loss   280.335	f1: 46.72	Patience 1	
[08/19/2022 - 21:30:33] File "/home/<ANONYMOUS>/code/ReVeal/Devign/trainer.py", line 99  	====================================================================================================	
[08/19/2022 - 21:30:52] File "/home/<ANONYMOUS>/code/ReVeal/Devign/trainer.py", line 97  	Step 575		Train Loss    188.961	Valid Loss   301.978	f1: 35.40	Patience 2	
[08/19/2022 - 21:30:52] File "/home/<ANONYMOUS>/code/ReVeal/Devign/trainer.py", line 99  	====================================================================================================	
[08/19/2022 - 21:31:08] File "/home/<ANONYMOUS>/code/ReVeal/Devign/trainer.py", line 97  	Step 639		Train Loss    175.026	Valid Loss   278.431	f1: 58.72	Patience 3	
[08/19/2022 - 21:31:08] File "/home/<ANONYMOUS>/code/ReVeal/Devign/trainer.py", line 99  	====================================================================================================	
[08/19/2022 - 21:31:23] File "/home/<ANONYMOUS>/code/ReVeal/Devign/trainer.py", line 97  	Step 703		Train Loss    174.574	Valid Loss   290.556	f1: 51.28	Patience 4	
[08/19/2022 - 21:31:23] File "/home/<ANONYMOUS>/code/ReVeal/Devign/trainer.py", line 99  	====================================================================================================	
[08/19/2022 - 21:31:42] File "/home/<ANONYMOUS>/code/ReVeal/Devign/trainer.py", line 97  	Step 767		Train Loss    165.963	Valid Loss   255.389	f1: 49.81	Patience 5	
[08/19/2022 - 21:31:42] File "/home/<ANONYMOUS>/code/ReVeal/Devign/trainer.py", line 99  	====================================================================================================	
[08/19/2022 - 21:31:58] File "/home/<ANONYMOUS>/code/ReVeal/Devign/trainer.py", line 97  	Step 831		Train Loss    159.695	Valid Loss   255.888	f1: 50.85	Patience 6	
[08/19/2022 - 21:31:58] File "/home/<ANONYMOUS>/code/ReVeal/Devign/trainer.py", line 99  	====================================================================================================	
[08/19/2022 - 21:32:13] File "/home/<ANONYMOUS>/code/ReVeal/Devign/trainer.py", line 97  	Step 895		Train Loss    159.494	Valid Loss   266.092	f1: 45.11	Patience 7	
[08/19/2022 - 21:32:13] File "/home/<ANONYMOUS>/code/ReVeal/Devign/trainer.py", line 99  	====================================================================================================	
[08/19/2022 - 21:32:31] File "/home/<ANONYMOUS>/code/ReVeal/Devign/trainer.py", line 97  	Step 959		Train Loss    154.805	Valid Loss   266.344	f1: 53.02	Patience 8	
[08/19/2022 - 21:32:31] File "/home/<ANONYMOUS>/code/ReVeal/Devign/trainer.py", line 99  	====================================================================================================	
[08/19/2022 - 21:32:47] File "/home/<ANONYMOUS>/code/ReVeal/Devign/trainer.py", line 97  	Step 1023		Train Loss    158.600	Valid Loss   259.580	f1: 46.20	Patience 9	
[08/19/2022 - 21:32:47] File "/home/<ANONYMOUS>/code/ReVeal/Devign/trainer.py", line 99  	====================================================================================================	
[08/19/2022 - 21:33:02] File "/home/<ANONYMOUS>/code/ReVeal/Devign/trainer.py", line 97  	Step 1087		Train Loss    150.152	Valid Loss   245.289	f1: 49.47	Patience 10	
[08/19/2022 - 21:33:02] File "/home/<ANONYMOUS>/code/ReVeal/Devign/trainer.py", line 99  	====================================================================================================	
[08/19/2022 - 21:33:20] File "/home/<ANONYMOUS>/code/ReVeal/Devign/trainer.py", line 97  	Step 1151		Train Loss    152.421	Valid Loss   256.480	f1: 47.48	Patience 11	
[08/19/2022 - 21:33:20] File "/home/<ANONYMOUS>/code/ReVeal/Devign/trainer.py", line 99  	====================================================================================================	
[08/19/2022 - 21:33:36] File "/home/<ANONYMOUS>/code/ReVeal/Devign/trainer.py", line 97  	Step 1215		Train Loss    142.432	Valid Loss   244.867	f1: 51.66	Patience 12	
[08/19/2022 - 21:33:36] File "/home/<ANONYMOUS>/code/ReVeal/Devign/trainer.py", line 99  	====================================================================================================	
[08/19/2022 - 21:33:51] File "/home/<ANONYMOUS>/code/ReVeal/Devign/trainer.py", line 97  	Step 1279		Train Loss    146.942	Valid Loss   261.746	f1: 47.31	Patience 13	
[08/19/2022 - 21:33:51] File "/home/<ANONYMOUS>/code/ReVeal/Devign/trainer.py", line 99  	====================================================================================================	
[08/19/2022 - 21:34:10] File "/home/<ANONYMOUS>/code/ReVeal/Devign/trainer.py", line 97  	Step 1343		Train Loss    139.466	Valid Loss   246.126	f1: 53.35	Patience 14	
[08/19/2022 - 21:34:10] File "/home/<ANONYMOUS>/code/ReVeal/Devign/trainer.py", line 99  	====================================================================================================	
[08/19/2022 - 21:34:25] File "/home/<ANONYMOUS>/code/ReVeal/Devign/trainer.py", line 97  	Step 1407		Train Loss    139.829	Valid Loss   276.947	f1: 38.65	Patience 15	
[08/19/2022 - 21:34:25] File "/home/<ANONYMOUS>/code/ReVeal/Devign/trainer.py", line 99  	====================================================================================================	
[08/19/2022 - 21:34:40] File "/home/<ANONYMOUS>/code/ReVeal/Devign/trainer.py", line 97  	Step 1471		Train Loss    141.375	Valid Loss   266.604	f1: 48.05	Patience 16	
[08/19/2022 - 21:34:40] File "/home/<ANONYMOUS>/code/ReVeal/Devign/trainer.py", line 99  	====================================================================================================	
[08/19/2022 - 21:35:00] File "/home/<ANONYMOUS>/code/ReVeal/Devign/trainer.py", line 97  	Step 1535		Train Loss    142.128	Valid Loss   254.968	f1: 57.23	Patience 17	
[08/19/2022 - 21:35:00] File "/home/<ANONYMOUS>/code/ReVeal/Devign/trainer.py", line 99  	====================================================================================================	
[08/19/2022 - 21:35:15] File "/home/<ANONYMOUS>/code/ReVeal/Devign/trainer.py", line 97  	Step 1599		Train Loss    136.516	Valid Loss   287.826	f1: 59.43	Patience 0	
[08/19/2022 - 21:35:15] File "/home/<ANONYMOUS>/code/ReVeal/Devign/trainer.py", line 99  	====================================================================================================	
[08/19/2022 - 21:35:30] File "/home/<ANONYMOUS>/code/ReVeal/Devign/trainer.py", line 97  	Step 1663		Train Loss    137.522	Valid Loss   258.627	f1: 58.38	Patience 1	
[08/19/2022 - 21:35:30] File "/home/<ANONYMOUS>/code/ReVeal/Devign/trainer.py", line 99  	====================================================================================================	
[08/19/2022 - 21:35:48] File "/home/<ANONYMOUS>/code/ReVeal/Devign/trainer.py", line 97  	Step 1727		Train Loss    127.673	Valid Loss   274.686	f1: 51.82	Patience 2	
[08/19/2022 - 21:35:48] File "/home/<ANONYMOUS>/code/ReVeal/Devign/trainer.py", line 99  	====================================================================================================	
[08/19/2022 - 21:36:03] File "/home/<ANONYMOUS>/code/ReVeal/Devign/trainer.py", line 97  	Step 1791		Train Loss    128.673	Valid Loss   266.863	f1: 52.79	Patience 3	
[08/19/2022 - 21:36:03] File "/home/<ANONYMOUS>/code/ReVeal/Devign/trainer.py", line 99  	====================================================================================================	
[08/19/2022 - 21:36:19] File "/home/<ANONYMOUS>/code/ReVeal/Devign/trainer.py", line 97  	Step 1855		Train Loss    126.204	Valid Loss   258.931	f1: 48.59	Patience 4	
[08/19/2022 - 21:36:19] File "/home/<ANONYMOUS>/code/ReVeal/Devign/trainer.py", line 99  	====================================================================================================	
[08/19/2022 - 21:36:36] File "/home/<ANONYMOUS>/code/ReVeal/Devign/trainer.py", line 97  	Step 1919		Train Loss    125.239	Valid Loss   267.820	f1: 52.59	Patience 5	
[08/19/2022 - 21:36:36] File "/home/<ANONYMOUS>/code/ReVeal/Devign/trainer.py", line 99  	====================================================================================================	
[08/19/2022 - 21:36:52] File "/home/<ANONYMOUS>/code/ReVeal/Devign/trainer.py", line 97  	Step 1983		Train Loss    122.918	Valid Loss   266.707	f1: 54.33	Patience 6	
[08/19/2022 - 21:36:52] File "/home/<ANONYMOUS>/code/ReVeal/Devign/trainer.py", line 99  	====================================================================================================	
[08/19/2022 - 21:37:08] File "/home/<ANONYMOUS>/code/ReVeal/Devign/trainer.py", line 97  	Step 2047		Train Loss    121.697	Valid Loss   290.208	f1: 57.33	Patience 7	
[08/19/2022 - 21:37:08] File "/home/<ANONYMOUS>/code/ReVeal/Devign/trainer.py", line 99  	====================================================================================================	
[08/19/2022 - 21:37:27] File "/home/<ANONYMOUS>/code/ReVeal/Devign/trainer.py", line 97  	Step 2111		Train Loss    119.077	Valid Loss   258.444	f1: 55.61	Patience 8	
[08/19/2022 - 21:37:27] File "/home/<ANONYMOUS>/code/ReVeal/Devign/trainer.py", line 99  	====================================================================================================	
[08/19/2022 - 21:37:42] File "/home/<ANONYMOUS>/code/ReVeal/Devign/trainer.py", line 97  	Step 2175		Train Loss    120.072	Valid Loss   277.221	f1: 57.44	Patience 9	
[08/19/2022 - 21:37:42] File "/home/<ANONYMOUS>/code/ReVeal/Devign/trainer.py", line 99  	====================================================================================================	
[08/19/2022 - 21:37:58] File "/home/<ANONYMOUS>/code/ReVeal/Devign/trainer.py", line 97  	Step 2239		Train Loss    114.402	Valid Loss   298.069	f1: 46.09	Patience 10	
[08/19/2022 - 21:37:58] File "/home/<ANONYMOUS>/code/ReVeal/Devign/trainer.py", line 99  	====================================================================================================	
[08/19/2022 - 21:38:17] File "/home/<ANONYMOUS>/code/ReVeal/Devign/trainer.py", line 97  	Step 2303		Train Loss    116.396	Valid Loss   301.182	f1: 49.07	Patience 11	
[08/19/2022 - 21:38:17] File "/home/<ANONYMOUS>/code/ReVeal/Devign/trainer.py", line 99  	====================================================================================================	
[08/19/2022 - 21:38:32] File "/home/<ANONYMOUS>/code/ReVeal/Devign/trainer.py", line 97  	Step 2367		Train Loss    113.655	Valid Loss   280.786	f1: 55.34	Patience 12	
[08/19/2022 - 21:38:32] File "/home/<ANONYMOUS>/code/ReVeal/Devign/trainer.py", line 99  	====================================================================================================	
[08/19/2022 - 21:38:47] File "/home/<ANONYMOUS>/code/ReVeal/Devign/trainer.py", line 97  	Step 2431		Train Loss    112.889	Valid Loss   278.337	f1: 59.88	Patience 0	
[08/19/2022 - 21:38:47] File "/home/<ANONYMOUS>/code/ReVeal/Devign/trainer.py", line 99  	====================================================================================================	
[08/19/2022 - 21:39:06] File "/home/<ANONYMOUS>/code/ReVeal/Devign/trainer.py", line 97  	Step 2495		Train Loss    111.778	Valid Loss   295.039	f1: 55.79	Patience 1	
[08/19/2022 - 21:39:06] File "/home/<ANONYMOUS>/code/ReVeal/Devign/trainer.py", line 99  	====================================================================================================	
[08/19/2022 - 21:39:22] File "/home/<ANONYMOUS>/code/ReVeal/Devign/trainer.py", line 97  	Step 2559		Train Loss    112.281	Valid Loss   286.956	f1: 55.74	Patience 2	
[08/19/2022 - 21:39:22] File "/home/<ANONYMOUS>/code/ReVeal/Devign/trainer.py", line 99  	====================================================================================================	
[08/19/2022 - 21:39:37] File "/home/<ANONYMOUS>/code/ReVeal/Devign/trainer.py", line 97  	Step 2623		Train Loss    107.214	Valid Loss   303.093	f1: 55.07	Patience 3	
[08/19/2022 - 21:39:37] File "/home/<ANONYMOUS>/code/ReVeal/Devign/trainer.py", line 99  	====================================================================================================	
[08/19/2022 - 21:39:56] File "/home/<ANONYMOUS>/code/ReVeal/Devign/trainer.py", line 97  	Step 2687		Train Loss    111.031	Valid Loss   326.858	f1: 39.82	Patience 4	
[08/19/2022 - 21:39:56] File "/home/<ANONYMOUS>/code/ReVeal/Devign/trainer.py", line 99  	====================================================================================================	
[08/19/2022 - 21:40:12] File "/home/<ANONYMOUS>/code/ReVeal/Devign/trainer.py", line 97  	Step 2751		Train Loss    114.600	Valid Loss   285.170	f1: 54.54	Patience 5	
[08/19/2022 - 21:40:12] File "/home/<ANONYMOUS>/code/ReVeal/Devign/trainer.py", line 99  	====================================================================================================	
[08/19/2022 - 21:40:27] File "/home/<ANONYMOUS>/code/ReVeal/Devign/trainer.py", line 97  	Step 2815		Train Loss    101.446	Valid Loss   287.821	f1: 53.12	Patience 6	
[08/19/2022 - 21:40:27] File "/home/<ANONYMOUS>/code/ReVeal/Devign/trainer.py", line 99  	====================================================================================================	
[08/19/2022 - 21:40:46] File "/home/<ANONYMOUS>/code/ReVeal/Devign/trainer.py", line 97  	Step 2879		Train Loss    102.100	Valid Loss   296.931	f1: 55.63	Patience 7	
[08/19/2022 - 21:40:46] File "/home/<ANONYMOUS>/code/ReVeal/Devign/trainer.py", line 99  	====================================================================================================	
[08/19/2022 - 21:41:01] File "/home/<ANONYMOUS>/code/ReVeal/Devign/trainer.py", line 97  	Step 2943		Train Loss    105.266	Valid Loss   313.562	f1: 58.43	Patience 8	
[08/19/2022 - 21:41:01] File "/home/<ANONYMOUS>/code/ReVeal/Devign/trainer.py", line 99  	====================================================================================================	
[08/19/2022 - 21:41:17] File "/home/<ANONYMOUS>/code/ReVeal/Devign/trainer.py", line 97  	Step 3007		Train Loss    106.422	Valid Loss   298.876	f1: 53.92	Patience 9	
[08/19/2022 - 21:41:17] File "/home/<ANONYMOUS>/code/ReVeal/Devign/trainer.py", line 99  	====================================================================================================	
[08/19/2022 - 21:41:36] File "/home/<ANONYMOUS>/code/ReVeal/Devign/trainer.py", line 97  	Step 3071		Train Loss    101.296	Valid Loss   314.256	f1: 57.09	Patience 10	
[08/19/2022 - 21:41:36] File "/home/<ANONYMOUS>/code/ReVeal/Devign/trainer.py", line 99  	====================================================================================================	
[08/19/2022 - 21:41:50] File "/home/<ANONYMOUS>/code/ReVeal/Devign/trainer.py", line 97  	Step 3135		Train Loss     98.190	Valid Loss   321.396	f1: 58.32	Patience 11	
[08/19/2022 - 21:41:50] File "/home/<ANONYMOUS>/code/ReVeal/Devign/trainer.py", line 99  	====================================================================================================	
[08/19/2022 - 21:42:06] File "/home/<ANONYMOUS>/code/ReVeal/Devign/trainer.py", line 97  	Step 3199		Train Loss     91.704	Valid Loss   341.731	f1: 55.49	Patience 12	
[08/19/2022 - 21:42:06] File "/home/<ANONYMOUS>/code/ReVeal/Devign/trainer.py", line 99  	====================================================================================================	
[08/19/2022 - 21:42:24] File "/home/<ANONYMOUS>/code/ReVeal/Devign/trainer.py", line 97  	Step 3263		Train Loss    106.909	Valid Loss   316.580	f1: 56.34	Patience 13	
[08/19/2022 - 21:42:24] File "/home/<ANONYMOUS>/code/ReVeal/Devign/trainer.py", line 99  	====================================================================================================	
[08/19/2022 - 21:42:39] File "/home/<ANONYMOUS>/code/ReVeal/Devign/trainer.py", line 97  	Step 3327		Train Loss     93.380	Valid Loss   340.159	f1: 57.78	Patience 14	
[08/19/2022 - 21:42:39] File "/home/<ANONYMOUS>/code/ReVeal/Devign/trainer.py", line 99  	====================================================================================================	
[08/19/2022 - 21:42:54] File "/home/<ANONYMOUS>/code/ReVeal/Devign/trainer.py", line 97  	Step 3391		Train Loss     99.775	Valid Loss   330.935	f1: 56.75	Patience 15	
[08/19/2022 - 21:42:54] File "/home/<ANONYMOUS>/code/ReVeal/Devign/trainer.py", line 99  	====================================================================================================	
[08/19/2022 - 21:43:13] File "/home/<ANONYMOUS>/code/ReVeal/Devign/trainer.py", line 97  	Step 3455		Train Loss     99.098	Valid Loss   361.424	f1: 59.41	Patience 16	
[08/19/2022 - 21:43:13] File "/home/<ANONYMOUS>/code/ReVeal/Devign/trainer.py", line 99  	====================================================================================================	
[08/19/2022 - 21:43:29] File "/home/<ANONYMOUS>/code/ReVeal/Devign/trainer.py", line 97  	Step 3519		Train Loss     89.297	Valid Loss   348.061	f1: 52.00	Patience 17	
[08/19/2022 - 21:43:29] File "/home/<ANONYMOUS>/code/ReVeal/Devign/trainer.py", line 99  	====================================================================================================	
[08/19/2022 - 21:43:44] File "/home/<ANONYMOUS>/code/ReVeal/Devign/trainer.py", line 97  	Step 3583		Train Loss     91.217	Valid Loss   356.037	f1: 53.91	Patience 18	
[08/19/2022 - 21:43:44] File "/home/<ANONYMOUS>/code/ReVeal/Devign/trainer.py", line 99  	====================================================================================================	
[08/19/2022 - 21:44:03] File "/home/<ANONYMOUS>/code/ReVeal/Devign/trainer.py", line 97  	Step 3647		Train Loss     96.646	Valid Loss   371.216	f1: 55.45	Patience 19	
[08/19/2022 - 21:44:03] File "/home/<ANONYMOUS>/code/ReVeal/Devign/trainer.py", line 99  	====================================================================================================	
[08/19/2022 - 21:44:19] File "/home/<ANONYMOUS>/code/ReVeal/Devign/trainer.py", line 97  	Step 3711		Train Loss     93.950	Valid Loss   352.623	f1: 60.52	Patience 0	
[08/19/2022 - 21:44:19] File "/home/<ANONYMOUS>/code/ReVeal/Devign/trainer.py", line 99  	====================================================================================================	
[08/19/2022 - 21:44:35] File "/home/<ANONYMOUS>/code/ReVeal/Devign/trainer.py", line 97  	Step 3775		Train Loss     93.604	Valid Loss   354.270	f1: 58.59	Patience 1	
[08/19/2022 - 21:44:35] File "/home/<ANONYMOUS>/code/ReVeal/Devign/trainer.py", line 99  	====================================================================================================	
[08/19/2022 - 21:44:53] File "/home/<ANONYMOUS>/code/ReVeal/Devign/trainer.py", line 97  	Step 3839		Train Loss     92.186	Valid Loss   414.742	f1: 60.41	Patience 2	
[08/19/2022 - 21:44:53] File "/home/<ANONYMOUS>/code/ReVeal/Devign/trainer.py", line 99  	====================================================================================================	
[08/19/2022 - 21:45:09] File "/home/<ANONYMOUS>/code/ReVeal/Devign/trainer.py", line 97  	Step 3903		Train Loss     89.960	Valid Loss   374.840	f1: 58.95	Patience 3	
[08/19/2022 - 21:45:09] File "/home/<ANONYMOUS>/code/ReVeal/Devign/trainer.py", line 99  	====================================================================================================	
[08/19/2022 - 21:45:24] File "/home/<ANONYMOUS>/code/ReVeal/Devign/trainer.py", line 97  	Step 3967		Train Loss     89.263	Valid Loss   395.968	f1: 56.04	Patience 4	
[08/19/2022 - 21:45:24] File "/home/<ANONYMOUS>/code/ReVeal/Devign/trainer.py", line 99  	====================================================================================================	
[08/19/2022 - 21:45:42] File "/home/<ANONYMOUS>/code/ReVeal/Devign/trainer.py", line 97  	Step 4031		Train Loss     92.672	Valid Loss   403.153	f1: 55.60	Patience 5	
[08/19/2022 - 21:45:42] File "/home/<ANONYMOUS>/code/ReVeal/Devign/trainer.py", line 99  	====================================================================================================	
[08/19/2022 - 21:45:58] File "/home/<ANONYMOUS>/code/ReVeal/Devign/trainer.py", line 97  	Step 4095		Train Loss     93.127	Valid Loss   381.410	f1: 59.75	Patience 6	
[08/19/2022 - 21:45:58] File "/home/<ANONYMOUS>/code/ReVeal/Devign/trainer.py", line 99  	====================================================================================================	
[08/19/2022 - 21:46:13] File "/home/<ANONYMOUS>/code/ReVeal/Devign/trainer.py", line 97  	Step 4159		Train Loss     91.902	Valid Loss   342.893	f1: 64.12	Patience 0	
[08/19/2022 - 21:46:13] File "/home/<ANONYMOUS>/code/ReVeal/Devign/trainer.py", line 99  	====================================================================================================	
[08/19/2022 - 21:46:33] File "/home/<ANONYMOUS>/code/ReVeal/Devign/trainer.py", line 97  	Step 4223		Train Loss    114.576	Valid Loss   376.533	f1: 54.00	Patience 1	
[08/19/2022 - 21:46:33] File "/home/<ANONYMOUS>/code/ReVeal/Devign/trainer.py", line 99  	====================================================================================================	
[08/19/2022 - 21:46:48] File "/home/<ANONYMOUS>/code/ReVeal/Devign/trainer.py", line 97  	Step 4287		Train Loss    121.497	Valid Loss   398.146	f1: 55.94	Patience 2	
[08/19/2022 - 21:46:48] File "/home/<ANONYMOUS>/code/ReVeal/Devign/trainer.py", line 99  	====================================================================================================	
[08/19/2022 - 21:47:03] File "/home/<ANONYMOUS>/code/ReVeal/Devign/trainer.py", line 97  	Step 4351		Train Loss    119.825	Valid Loss   389.674	f1: 54.88	Patience 3	
[08/19/2022 - 21:47:03] File "/home/<ANONYMOUS>/code/ReVeal/Devign/trainer.py", line 99  	====================================================================================================	
[08/19/2022 - 21:47:21] File "/home/<ANONYMOUS>/code/ReVeal/Devign/trainer.py", line 97  	Step 4415		Train Loss    124.150	Valid Loss   368.482	f1: 60.40	Patience 4	
[08/19/2022 - 21:47:21] File "/home/<ANONYMOUS>/code/ReVeal/Devign/trainer.py", line 99  	====================================================================================================	
[08/19/2022 - 21:47:37] File "/home/<ANONYMOUS>/code/ReVeal/Devign/trainer.py", line 97  	Step 4479		Train Loss    115.510	Valid Loss   359.279	f1: 56.67	Patience 5	
[08/19/2022 - 21:47:37] File "/home/<ANONYMOUS>/code/ReVeal/Devign/trainer.py", line 99  	====================================================================================================	
[08/19/2022 - 21:47:52] File "/home/<ANONYMOUS>/code/ReVeal/Devign/trainer.py", line 97  	Step 4543		Train Loss    108.683	Valid Loss   373.179	f1: 59.07	Patience 6	
[08/19/2022 - 21:47:52] File "/home/<ANONYMOUS>/code/ReVeal/Devign/trainer.py", line 99  	====================================================================================================	
[08/19/2022 - 21:48:11] File "/home/<ANONYMOUS>/code/ReVeal/Devign/trainer.py", line 97  	Step 4607		Train Loss    112.565	Valid Loss   361.879	f1: 56.52	Patience 7	
[08/19/2022 - 21:48:11] File "/home/<ANONYMOUS>/code/ReVeal/Devign/trainer.py", line 99  	====================================================================================================	
[08/19/2022 - 21:48:26] File "/home/<ANONYMOUS>/code/ReVeal/Devign/trainer.py", line 97  	Step 4671		Train Loss     98.728	Valid Loss   377.063	f1: 58.19	Patience 8	
[08/19/2022 - 21:48:26] File "/home/<ANONYMOUS>/code/ReVeal/Devign/trainer.py", line 99  	====================================================================================================	
[08/19/2022 - 21:48:42] File "/home/<ANONYMOUS>/code/ReVeal/Devign/trainer.py", line 97  	Step 4735		Train Loss    100.468	Valid Loss   371.852	f1: 61.21	Patience 9	
[08/19/2022 - 21:48:42] File "/home/<ANONYMOUS>/code/ReVeal/Devign/trainer.py", line 99  	====================================================================================================	
[08/19/2022 - 21:49:01] File "/home/<ANONYMOUS>/code/ReVeal/Devign/trainer.py", line 97  	Step 4799		Train Loss     81.422	Valid Loss   368.784	f1: 54.26	Patience 10	
[08/19/2022 - 21:49:01] File "/home/<ANONYMOUS>/code/ReVeal/Devign/trainer.py", line 99  	====================================================================================================	
[08/19/2022 - 21:49:16] File "/home/<ANONYMOUS>/code/ReVeal/Devign/trainer.py", line 97  	Step 4863		Train Loss     97.354	Valid Loss   398.394	f1: 58.11	Patience 11	
[08/19/2022 - 21:49:16] File "/home/<ANONYMOUS>/code/ReVeal/Devign/trainer.py", line 99  	====================================================================================================	
[08/19/2022 - 21:49:31] File "/home/<ANONYMOUS>/code/ReVeal/Devign/trainer.py", line 97  	Step 4927		Train Loss     81.398	Valid Loss   371.521	f1: 57.78	Patience 12	
[08/19/2022 - 21:49:31] File "/home/<ANONYMOUS>/code/ReVeal/Devign/trainer.py", line 99  	====================================================================================================	
[08/19/2022 - 21:49:50] File "/home/<ANONYMOUS>/code/ReVeal/Devign/trainer.py", line 97  	Step 4991		Train Loss     81.318	Valid Loss   388.672	f1: 59.45	Patience 13	
[08/19/2022 - 21:49:50] File "/home/<ANONYMOUS>/code/ReVeal/Devign/trainer.py", line 99  	====================================================================================================	
[08/19/2022 - 21:50:05] File "/home/<ANONYMOUS>/code/ReVeal/Devign/trainer.py", line 97  	Step 5055		Train Loss     78.630	Valid Loss   389.721	f1: 51.96	Patience 14	
[08/19/2022 - 21:50:05] File "/home/<ANONYMOUS>/code/ReVeal/Devign/trainer.py", line 99  	====================================================================================================	
[08/19/2022 - 21:50:21] File "/home/<ANONYMOUS>/code/ReVeal/Devign/trainer.py", line 97  	Step 5119		Train Loss     87.827	Valid Loss   405.302	f1: 61.07	Patience 15	
[08/19/2022 - 21:50:21] File "/home/<ANONYMOUS>/code/ReVeal/Devign/trainer.py", line 99  	====================================================================================================	
[08/19/2022 - 21:50:39] File "/home/<ANONYMOUS>/code/ReVeal/Devign/trainer.py", line 97  	Step 5183		Train Loss     74.965	Valid Loss   397.801	f1: 57.64	Patience 16	
[08/19/2022 - 21:50:39] File "/home/<ANONYMOUS>/code/ReVeal/Devign/trainer.py", line 99  	====================================================================================================	
[08/19/2022 - 21:50:54] File "/home/<ANONYMOUS>/code/ReVeal/Devign/trainer.py", line 97  	Step 5247		Train Loss     82.961	Valid Loss   391.526	f1: 55.94	Patience 17	
[08/19/2022 - 21:50:54] File "/home/<ANONYMOUS>/code/ReVeal/Devign/trainer.py", line 99  	====================================================================================================	
[08/19/2022 - 21:51:10] File "/home/<ANONYMOUS>/code/ReVeal/Devign/trainer.py", line 97  	Step 5311		Train Loss     74.548	Valid Loss   440.760	f1: 60.84	Patience 18	
[08/19/2022 - 21:51:10] File "/home/<ANONYMOUS>/code/ReVeal/Devign/trainer.py", line 99  	====================================================================================================	
[08/19/2022 - 21:51:29] File "/home/<ANONYMOUS>/code/ReVeal/Devign/trainer.py", line 97  	Step 5375		Train Loss     76.872	Valid Loss   424.978	f1: 56.51	Patience 19	
[08/19/2022 - 21:51:29] File "/home/<ANONYMOUS>/code/ReVeal/Devign/trainer.py", line 99  	====================================================================================================	
[08/19/2022 - 21:51:44] File "/home/<ANONYMOUS>/code/ReVeal/Devign/trainer.py", line 97  	Step 5439		Train Loss     72.259	Valid Loss   432.894	f1: 55.73	Patience 20	
[08/19/2022 - 21:51:44] File "/home/<ANONYMOUS>/code/ReVeal/Devign/trainer.py", line 99  	====================================================================================================	
[08/19/2022 - 21:52:00] File "/home/<ANONYMOUS>/code/ReVeal/Devign/trainer.py", line 97  	Step 5503		Train Loss     81.931	Valid Loss   452.484	f1: 59.38	Patience 21	
[08/19/2022 - 21:52:00] File "/home/<ANONYMOUS>/code/ReVeal/Devign/trainer.py", line 99  	====================================================================================================	
[08/19/2022 - 21:52:18] File "/home/<ANONYMOUS>/code/ReVeal/Devign/trainer.py", line 97  	Step 5567		Train Loss     67.039	Valid Loss   443.086	f1: 55.45	Patience 22	
[08/19/2022 - 21:52:18] File "/home/<ANONYMOUS>/code/ReVeal/Devign/trainer.py", line 99  	====================================================================================================	
[08/19/2022 - 21:52:34] File "/home/<ANONYMOUS>/code/ReVeal/Devign/trainer.py", line 97  	Step 5631		Train Loss     82.095	Valid Loss   427.089	f1: 57.56	Patience 23	
[08/19/2022 - 21:52:34] File "/home/<ANONYMOUS>/code/ReVeal/Devign/trainer.py", line 99  	====================================================================================================	
[08/19/2022 - 21:52:49] File "/home/<ANONYMOUS>/code/ReVeal/Devign/trainer.py", line 97  	Step 5695		Train Loss     78.026	Valid Loss   447.230	f1: 53.12	Patience 24	
[08/19/2022 - 21:52:49] File "/home/<ANONYMOUS>/code/ReVeal/Devign/trainer.py", line 99  	====================================================================================================	
[08/19/2022 - 21:53:08] File "/home/<ANONYMOUS>/code/ReVeal/Devign/trainer.py", line 97  	Step 5759		Train Loss     71.138	Valid Loss   452.336	f1: 56.12	Patience 25	
[08/19/2022 - 21:53:08] File "/home/<ANONYMOUS>/code/ReVeal/Devign/trainer.py", line 99  	====================================================================================================	
[08/19/2022 - 21:53:24] File "/home/<ANONYMOUS>/code/ReVeal/Devign/trainer.py", line 97  	Step 5823		Train Loss     84.628	Valid Loss   473.086	f1: 57.20	Patience 26	
[08/19/2022 - 21:53:24] File "/home/<ANONYMOUS>/code/ReVeal/Devign/trainer.py", line 99  	====================================================================================================	
[08/19/2022 - 21:53:39] File "/home/<ANONYMOUS>/code/ReVeal/Devign/trainer.py", line 97  	Step 5887		Train Loss     71.606	Valid Loss   470.322	f1: 60.47	Patience 27	
[08/19/2022 - 21:53:39] File "/home/<ANONYMOUS>/code/ReVeal/Devign/trainer.py", line 99  	====================================================================================================	
[08/19/2022 - 21:53:58] File "/home/<ANONYMOUS>/code/ReVeal/Devign/trainer.py", line 97  	Step 5951		Train Loss     79.182	Valid Loss   501.239	f1: 53.22	Patience 28	
[08/19/2022 - 21:53:58] File "/home/<ANONYMOUS>/code/ReVeal/Devign/trainer.py", line 99  	====================================================================================================	
[08/19/2022 - 21:54:13] File "/home/<ANONYMOUS>/code/ReVeal/Devign/trainer.py", line 97  	Step 6015		Train Loss     78.322	Valid Loss   469.564	f1: 60.25	Patience 29	
[08/19/2022 - 21:54:13] File "/home/<ANONYMOUS>/code/ReVeal/Devign/trainer.py", line 99  	====================================================================================================	
[08/19/2022 - 21:54:28] File "/home/<ANONYMOUS>/code/ReVeal/Devign/trainer.py", line 97  	Step 6079		Train Loss     77.323	Valid Loss   471.454	f1: 59.77	Patience 30	
[08/19/2022 - 21:54:28] File "/home/<ANONYMOUS>/code/ReVeal/Devign/trainer.py", line 99  	====================================================================================================	
[08/19/2022 - 21:54:47] File "/home/<ANONYMOUS>/code/ReVeal/Devign/trainer.py", line 97  	Step 6143		Train Loss     71.984	Valid Loss   502.753	f1: 57.32	Patience 31	
[08/19/2022 - 21:54:47] File "/home/<ANONYMOUS>/code/ReVeal/Devign/trainer.py", line 99  	====================================================================================================	
[08/19/2022 - 21:55:02] File "/home/<ANONYMOUS>/code/ReVeal/Devign/trainer.py", line 97  	Step 6207		Train Loss     85.107	Valid Loss   556.557	f1: 57.40	Patience 32	
[08/19/2022 - 21:55:02] File "/home/<ANONYMOUS>/code/ReVeal/Devign/trainer.py", line 99  	====================================================================================================	
[08/19/2022 - 21:55:17] File "/home/<ANONYMOUS>/code/ReVeal/Devign/trainer.py", line 97  	Step 6271		Train Loss     63.836	Valid Loss   540.764	f1: 58.22	Patience 33	
[08/19/2022 - 21:55:17] File "/home/<ANONYMOUS>/code/ReVeal/Devign/trainer.py", line 99  	====================================================================================================	
[08/19/2022 - 21:55:36] File "/home/<ANONYMOUS>/code/ReVeal/Devign/trainer.py", line 97  	Step 6335		Train Loss     79.121	Valid Loss   580.043	f1: 60.36	Patience 34	
[08/19/2022 - 21:55:36] File "/home/<ANONYMOUS>/code/ReVeal/Devign/trainer.py", line 99  	====================================================================================================	
[08/19/2022 - 21:55:51] File "/home/<ANONYMOUS>/code/ReVeal/Devign/trainer.py", line 97  	Step 6399		Train Loss     72.585	Valid Loss   535.511	f1: 59.25	Patience 35	
[08/19/2022 - 21:55:51] File "/home/<ANONYMOUS>/code/ReVeal/Devign/trainer.py", line 99  	====================================================================================================	
[08/19/2022 - 21:56:06] File "/home/<ANONYMOUS>/code/ReVeal/Devign/trainer.py", line 97  	Step 6463		Train Loss     69.018	Valid Loss   512.719	f1: 58.96	Patience 36	
[08/19/2022 - 21:56:06] File "/home/<ANONYMOUS>/code/ReVeal/Devign/trainer.py", line 99  	====================================================================================================	
[08/19/2022 - 21:56:25] File "/home/<ANONYMOUS>/code/ReVeal/Devign/trainer.py", line 97  	Step 6527		Train Loss     66.554	Valid Loss   562.880	f1: 61.05	Patience 37	
[08/19/2022 - 21:56:25] File "/home/<ANONYMOUS>/code/ReVeal/Devign/trainer.py", line 99  	====================================================================================================	
[08/19/2022 - 21:56:40] File "/home/<ANONYMOUS>/code/ReVeal/Devign/trainer.py", line 97  	Step 6591		Train Loss     68.542	Valid Loss   544.065	f1: 60.18	Patience 38	
[08/19/2022 - 21:56:40] File "/home/<ANONYMOUS>/code/ReVeal/Devign/trainer.py", line 99  	====================================================================================================	
[08/19/2022 - 21:56:56] File "/home/<ANONYMOUS>/code/ReVeal/Devign/trainer.py", line 97  	Step 6655		Train Loss     77.843	Valid Loss   524.870	f1: 60.91	Patience 39	
[08/19/2022 - 21:56:56] File "/home/<ANONYMOUS>/code/ReVeal/Devign/trainer.py", line 99  	====================================================================================================	
[08/19/2022 - 21:57:14] File "/home/<ANONYMOUS>/code/ReVeal/Devign/trainer.py", line 97  	Step 6719		Train Loss     64.386	Valid Loss   607.145	f1: 58.79	Patience 40	
[08/19/2022 - 21:57:14] File "/home/<ANONYMOUS>/code/ReVeal/Devign/trainer.py", line 99  	====================================================================================================	
[08/19/2022 - 21:57:29] File "/home/<ANONYMOUS>/code/ReVeal/Devign/trainer.py", line 97  	Step 6783		Train Loss     66.357	Valid Loss   541.645	f1: 57.56	Patience 41	
[08/19/2022 - 21:57:29] File "/home/<ANONYMOUS>/code/ReVeal/Devign/trainer.py", line 99  	====================================================================================================	
[08/19/2022 - 21:57:45] File "/home/<ANONYMOUS>/code/ReVeal/Devign/trainer.py", line 97  	Step 6847		Train Loss     66.746	Valid Loss   578.433	f1: 57.83	Patience 42	
[08/19/2022 - 21:57:45] File "/home/<ANONYMOUS>/code/ReVeal/Devign/trainer.py", line 99  	====================================================================================================	
[08/19/2022 - 21:58:04] File "/home/<ANONYMOUS>/code/ReVeal/Devign/trainer.py", line 97  	Step 6911		Train Loss     67.758	Valid Loss   586.831	f1: 54.84	Patience 43	
[08/19/2022 - 21:58:04] File "/home/<ANONYMOUS>/code/ReVeal/Devign/trainer.py", line 99  	====================================================================================================	
[08/19/2022 - 21:58:19] File "/home/<ANONYMOUS>/code/ReVeal/Devign/trainer.py", line 97  	Step 6975		Train Loss     70.552	Valid Loss   609.138	f1: 57.71	Patience 44	
[08/19/2022 - 21:58:19] File "/home/<ANONYMOUS>/code/ReVeal/Devign/trainer.py", line 99  	====================================================================================================	
[08/19/2022 - 21:58:35] File "/home/<ANONYMOUS>/code/ReVeal/Devign/trainer.py", line 97  	Step 7039		Train Loss     64.862	Valid Loss   572.407	f1: 58.49	Patience 45	
[08/19/2022 - 21:58:35] File "/home/<ANONYMOUS>/code/ReVeal/Devign/trainer.py", line 99  	====================================================================================================	
[08/19/2022 - 21:58:52] File "/home/<ANONYMOUS>/code/ReVeal/Devign/trainer.py", line 97  	Step 7103		Train Loss     66.658	Valid Loss   569.806	f1: 59.35	Patience 46	
[08/19/2022 - 21:58:52] File "/home/<ANONYMOUS>/code/ReVeal/Devign/trainer.py", line 99  	====================================================================================================	
[08/19/2022 - 21:59:07] File "/home/<ANONYMOUS>/code/ReVeal/Devign/trainer.py", line 97  	Step 7167		Train Loss     66.308	Valid Loss   599.337	f1: 59.55	Patience 47	
[08/19/2022 - 21:59:07] File "/home/<ANONYMOUS>/code/ReVeal/Devign/trainer.py", line 99  	====================================================================================================	
[08/19/2022 - 21:59:23] File "/home/<ANONYMOUS>/code/ReVeal/Devign/trainer.py", line 97  	Step 7231		Train Loss     61.194	Valid Loss   623.387	f1: 57.46	Patience 48	
[08/19/2022 - 21:59:23] File "/home/<ANONYMOUS>/code/ReVeal/Devign/trainer.py", line 99  	====================================================================================================	
[08/19/2022 - 21:59:41] File "/home/<ANONYMOUS>/code/ReVeal/Devign/trainer.py", line 97  	Step 7295		Train Loss     64.762	Valid Loss   616.706	f1: 59.73	Patience 49	
[08/19/2022 - 21:59:41] File "/home/<ANONYMOUS>/code/ReVeal/Devign/trainer.py", line 99  	====================================================================================================	
[08/19/2022 - 21:59:57] File "/home/<ANONYMOUS>/code/ReVeal/Devign/trainer.py", line 97  	Step 7359		Train Loss     66.876	Valid Loss   592.013	f1: 59.56	Patience 50	
[08/19/2022 - 21:59:57] File "/home/<ANONYMOUS>/code/ReVeal/Devign/trainer.py", line 99  	====================================================================================================	
[08/19/2022 - 22:00:13] File "/home/<ANONYMOUS>/code/ReVeal/Devign/trainer.py", line 97  	Step 7423		Train Loss     60.566	Valid Loss   590.273	f1: 58.02	Patience 51	
[08/19/2022 - 22:00:13] File "/home/<ANONYMOUS>/code/ReVeal/Devign/trainer.py", line 99  	====================================================================================================	
[08/19/2022 - 22:00:31] File "/home/<ANONYMOUS>/code/ReVeal/Devign/trainer.py", line 97  	Step 7487		Train Loss     70.637	Valid Loss   617.245	f1: 58.47	Patience 52	
[08/19/2022 - 22:00:31] File "/home/<ANONYMOUS>/code/ReVeal/Devign/trainer.py", line 99  	====================================================================================================	
[08/19/2022 - 22:00:47] File "/home/<ANONYMOUS>/code/ReVeal/Devign/trainer.py", line 97  	Step 7551		Train Loss     67.074	Valid Loss   632.202	f1: 58.14	Patience 53	
[08/19/2022 - 22:00:47] File "/home/<ANONYMOUS>/code/ReVeal/Devign/trainer.py", line 99  	====================================================================================================	
[08/19/2022 - 22:01:02] File "/home/<ANONYMOUS>/code/ReVeal/Devign/trainer.py", line 97  	Step 7615		Train Loss     67.851	Valid Loss   594.906	f1: 60.65	Patience 54	
[08/19/2022 - 22:01:02] File "/home/<ANONYMOUS>/code/ReVeal/Devign/trainer.py", line 99  	====================================================================================================	
[08/19/2022 - 22:01:20] File "/home/<ANONYMOUS>/code/ReVeal/Devign/trainer.py", line 97  	Step 7679		Train Loss     73.990	Valid Loss   622.739	f1: 58.57	Patience 55	
[08/19/2022 - 22:01:20] File "/home/<ANONYMOUS>/code/ReVeal/Devign/trainer.py", line 99  	====================================================================================================	
[08/19/2022 - 22:01:36] File "/home/<ANONYMOUS>/code/ReVeal/Devign/trainer.py", line 97  	Step 7743		Train Loss     62.722	Valid Loss   626.563	f1: 59.52	Patience 56	
[08/19/2022 - 22:01:36] File "/home/<ANONYMOUS>/code/ReVeal/Devign/trainer.py", line 99  	====================================================================================================	
[08/19/2022 - 22:01:51] File "/home/<ANONYMOUS>/code/ReVeal/Devign/trainer.py", line 97  	Step 7807		Train Loss     71.206	Valid Loss   632.309	f1: 59.24	Patience 57	
[08/19/2022 - 22:01:51] File "/home/<ANONYMOUS>/code/ReVeal/Devign/trainer.py", line 99  	====================================================================================================	
[08/19/2022 - 22:02:10] File "/home/<ANONYMOUS>/code/ReVeal/Devign/trainer.py", line 97  	Step 7871		Train Loss     67.530	Valid Loss   644.450	f1: 57.32	Patience 58	
[08/19/2022 - 22:02:10] File "/home/<ANONYMOUS>/code/ReVeal/Devign/trainer.py", line 99  	====================================================================================================	
[08/19/2022 - 22:02:25] File "/home/<ANONYMOUS>/code/ReVeal/Devign/trainer.py", line 97  	Step 7935		Train Loss     66.890	Valid Loss   742.237	f1: 59.84	Patience 59	
[08/19/2022 - 22:02:25] File "/home/<ANONYMOUS>/code/ReVeal/Devign/trainer.py", line 99  	====================================================================================================	
[08/19/2022 - 22:02:41] File "/home/<ANONYMOUS>/code/ReVeal/Devign/trainer.py", line 97  	Step 7999		Train Loss     73.599	Valid Loss   644.365	f1: 60.97	Patience 60	
[08/19/2022 - 22:02:41] File "/home/<ANONYMOUS>/code/ReVeal/Devign/trainer.py", line 99  	====================================================================================================	
[08/19/2022 - 22:03:00] File "/home/<ANONYMOUS>/code/ReVeal/Devign/trainer.py", line 97  	Step 8063		Train Loss     69.520	Valid Loss   632.631	f1: 53.78	Patience 61	
[08/19/2022 - 22:03:00] File "/home/<ANONYMOUS>/code/ReVeal/Devign/trainer.py", line 99  	====================================================================================================	
[08/19/2022 - 22:03:15] File "/home/<ANONYMOUS>/code/ReVeal/Devign/trainer.py", line 97  	Step 8127		Train Loss     59.112	Valid Loss   645.213	f1: 61.35	Patience 62	
[08/19/2022 - 22:03:15] File "/home/<ANONYMOUS>/code/ReVeal/Devign/trainer.py", line 99  	====================================================================================================	
[08/19/2022 - 22:03:30] File "/home/<ANONYMOUS>/code/ReVeal/Devign/trainer.py", line 97  	Step 8191		Train Loss     65.227	Valid Loss   662.811	f1: 63.82	Patience 63	
[08/19/2022 - 22:03:30] File "/home/<ANONYMOUS>/code/ReVeal/Devign/trainer.py", line 99  	====================================================================================================	
[08/19/2022 - 22:03:49] File "/home/<ANONYMOUS>/code/ReVeal/Devign/trainer.py", line 97  	Step 8255		Train Loss     73.786	Valid Loss   682.783	f1: 61.73	Patience 64	
[08/19/2022 - 22:03:49] File "/home/<ANONYMOUS>/code/ReVeal/Devign/trainer.py", line 99  	====================================================================================================	
[08/19/2022 - 22:04:05] File "/home/<ANONYMOUS>/code/ReVeal/Devign/trainer.py", line 97  	Step 8319		Train Loss     73.192	Valid Loss   648.553	f1: 60.66	Patience 65	
[08/19/2022 - 22:04:05] File "/home/<ANONYMOUS>/code/ReVeal/Devign/trainer.py", line 99  	====================================================================================================	
[08/19/2022 - 22:04:21] File "/home/<ANONYMOUS>/code/ReVeal/Devign/trainer.py", line 97  	Step 8383		Train Loss     67.936	Valid Loss   711.307	f1: 60.47	Patience 66	
[08/19/2022 - 22:04:21] File "/home/<ANONYMOUS>/code/ReVeal/Devign/trainer.py", line 99  	====================================================================================================	
[08/19/2022 - 22:04:39] File "/home/<ANONYMOUS>/code/ReVeal/Devign/trainer.py", line 97  	Step 8447		Train Loss     56.684	Valid Loss   691.626	f1: 59.55	Patience 67	
[08/19/2022 - 22:04:39] File "/home/<ANONYMOUS>/code/ReVeal/Devign/trainer.py", line 99  	====================================================================================================	
[08/19/2022 - 22:04:55] File "/home/<ANONYMOUS>/code/ReVeal/Devign/trainer.py", line 97  	Step 8511		Train Loss     61.685	Valid Loss   712.371	f1: 59.56	Patience 68	
[08/19/2022 - 22:04:55] File "/home/<ANONYMOUS>/code/ReVeal/Devign/trainer.py", line 99  	====================================================================================================	
[08/19/2022 - 22:05:11] File "/home/<ANONYMOUS>/code/ReVeal/Devign/trainer.py", line 97  	Step 8575		Train Loss     60.050	Valid Loss   662.935	f1: 58.36	Patience 69	
[08/19/2022 - 22:05:11] File "/home/<ANONYMOUS>/code/ReVeal/Devign/trainer.py", line 99  	====================================================================================================	
[08/19/2022 - 22:05:29] File "/home/<ANONYMOUS>/code/ReVeal/Devign/trainer.py", line 97  	Step 8639		Train Loss     70.039	Valid Loss   750.110	f1: 59.70	Patience 70	
[08/19/2022 - 22:05:29] File "/home/<ANONYMOUS>/code/ReVeal/Devign/trainer.py", line 99  	====================================================================================================	
[08/19/2022 - 22:05:44] File "/home/<ANONYMOUS>/code/ReVeal/Devign/trainer.py", line 97  	Step 8703		Train Loss     61.794	Valid Loss   726.313	f1: 57.67	Patience 71	
[08/19/2022 - 22:05:44] File "/home/<ANONYMOUS>/code/ReVeal/Devign/trainer.py", line 99  	====================================================================================================	
[08/19/2022 - 22:06:01] File "/home/<ANONYMOUS>/code/ReVeal/Devign/trainer.py", line 97  	Step 8767		Train Loss     67.709	Valid Loss   727.047	f1: 60.02	Patience 72	
[08/19/2022 - 22:06:01] File "/home/<ANONYMOUS>/code/ReVeal/Devign/trainer.py", line 99  	====================================================================================================	
[08/19/2022 - 22:06:18] File "/home/<ANONYMOUS>/code/ReVeal/Devign/trainer.py", line 97  	Step 8831		Train Loss     62.576	Valid Loss   706.267	f1: 59.64	Patience 73	
[08/19/2022 - 22:06:18] File "/home/<ANONYMOUS>/code/ReVeal/Devign/trainer.py", line 99  	====================================================================================================	
[08/19/2022 - 22:06:34] File "/home/<ANONYMOUS>/code/ReVeal/Devign/trainer.py", line 97  	Step 8895		Train Loss     61.334	Valid Loss   737.173	f1: 61.68	Patience 74	
[08/19/2022 - 22:06:34] File "/home/<ANONYMOUS>/code/ReVeal/Devign/trainer.py", line 99  	====================================================================================================	
[08/19/2022 - 22:06:50] File "/home/<ANONYMOUS>/code/ReVeal/Devign/trainer.py", line 97  	Step 8959		Train Loss     71.136	Valid Loss   751.276	f1: 62.75	Patience 75	
[08/19/2022 - 22:06:50] File "/home/<ANONYMOUS>/code/ReVeal/Devign/trainer.py", line 99  	====================================================================================================	
[08/19/2022 - 22:07:08] File "/home/<ANONYMOUS>/code/ReVeal/Devign/trainer.py", line 97  	Step 9023		Train Loss     59.018	Valid Loss   728.824	f1: 61.16	Patience 76	
[08/19/2022 - 22:07:08] File "/home/<ANONYMOUS>/code/ReVeal/Devign/trainer.py", line 99  	====================================================================================================	
[08/19/2022 - 22:07:24] File "/home/<ANONYMOUS>/code/ReVeal/Devign/trainer.py", line 97  	Step 9087		Train Loss     59.583	Valid Loss   820.314	f1: 61.69	Patience 77	
[08/19/2022 - 22:07:24] File "/home/<ANONYMOUS>/code/ReVeal/Devign/trainer.py", line 99  	====================================================================================================	
[08/19/2022 - 22:07:39] File "/home/<ANONYMOUS>/code/ReVeal/Devign/trainer.py", line 97  	Step 9151		Train Loss     63.549	Valid Loss   848.872	f1: 62.13	Patience 78	
[08/19/2022 - 22:07:39] File "/home/<ANONYMOUS>/code/ReVeal/Devign/trainer.py", line 99  	====================================================================================================	
[08/19/2022 - 22:07:58] File "/home/<ANONYMOUS>/code/ReVeal/Devign/trainer.py", line 97  	Step 9215		Train Loss     80.104	Valid Loss   733.301	f1: 60.15	Patience 79	
[08/19/2022 - 22:07:58] File "/home/<ANONYMOUS>/code/ReVeal/Devign/trainer.py", line 99  	====================================================================================================	
[08/19/2022 - 22:08:14] File "/home/<ANONYMOUS>/code/ReVeal/Devign/trainer.py", line 97  	Step 9279		Train Loss     59.441	Valid Loss   749.133	f1: 62.87	Patience 80	
[08/19/2022 - 22:08:14] File "/home/<ANONYMOUS>/code/ReVeal/Devign/trainer.py", line 99  	====================================================================================================	
[08/19/2022 - 22:08:28] File "/home/<ANONYMOUS>/code/ReVeal/Devign/trainer.py", line 97  	Step 9343		Train Loss     69.686	Valid Loss   722.648	f1: 59.30	Patience 81	
[08/19/2022 - 22:08:28] File "/home/<ANONYMOUS>/code/ReVeal/Devign/trainer.py", line 99  	====================================================================================================	
[08/19/2022 - 22:08:47] File "/home/<ANONYMOUS>/code/ReVeal/Devign/trainer.py", line 97  	Step 9407		Train Loss     64.531	Valid Loss   766.160	f1: 59.15	Patience 82	
[08/19/2022 - 22:08:47] File "/home/<ANONYMOUS>/code/ReVeal/Devign/trainer.py", line 99  	====================================================================================================	
[08/19/2022 - 22:09:03] File "/home/<ANONYMOUS>/code/ReVeal/Devign/trainer.py", line 97  	Step 9471		Train Loss     66.827	Valid Loss   787.013	f1: 60.99	Patience 83	
[08/19/2022 - 22:09:03] File "/home/<ANONYMOUS>/code/ReVeal/Devign/trainer.py", line 99  	====================================================================================================	
[08/19/2022 - 22:09:18] File "/home/<ANONYMOUS>/code/ReVeal/Devign/trainer.py", line 97  	Step 9535		Train Loss     65.873	Valid Loss   753.669	f1: 59.68	Patience 84	
[08/19/2022 - 22:09:18] File "/home/<ANONYMOUS>/code/ReVeal/Devign/trainer.py", line 99  	====================================================================================================	
[08/19/2022 - 22:09:37] File "/home/<ANONYMOUS>/code/ReVeal/Devign/trainer.py", line 97  	Step 9599		Train Loss     70.399	Valid Loss   744.978	f1: 59.76	Patience 85	
[08/19/2022 - 22:09:37] File "/home/<ANONYMOUS>/code/ReVeal/Devign/trainer.py", line 99  	====================================================================================================	
[08/19/2022 - 22:09:51] File "/home/<ANONYMOUS>/code/ReVeal/Devign/trainer.py", line 97  	Step 9663		Train Loss     60.958	Valid Loss   763.265	f1: 61.13	Patience 86	
[08/19/2022 - 22:09:51] File "/home/<ANONYMOUS>/code/ReVeal/Devign/trainer.py", line 99  	====================================================================================================	
[08/19/2022 - 22:10:07] File "/home/<ANONYMOUS>/code/ReVeal/Devign/trainer.py", line 97  	Step 9727		Train Loss     55.796	Valid Loss   870.832	f1: 62.06	Patience 87	
[08/19/2022 - 22:10:07] File "/home/<ANONYMOUS>/code/ReVeal/Devign/trainer.py", line 99  	====================================================================================================	
[08/19/2022 - 22:10:26] File "/home/<ANONYMOUS>/code/ReVeal/Devign/trainer.py", line 97  	Step 9791		Train Loss     63.549	Valid Loss   821.408	f1: 62.06	Patience 88	
[08/19/2022 - 22:10:26] File "/home/<ANONYMOUS>/code/ReVeal/Devign/trainer.py", line 99  	====================================================================================================	
[08/19/2022 - 22:10:40] File "/home/<ANONYMOUS>/code/ReVeal/Devign/trainer.py", line 97  	Step 9855		Train Loss     58.468	Valid Loss   801.178	f1: 58.85	Patience 89	
[08/19/2022 - 22:10:40] File "/home/<ANONYMOUS>/code/ReVeal/Devign/trainer.py", line 99  	====================================================================================================	
[08/19/2022 - 22:10:56] File "/home/<ANONYMOUS>/code/ReVeal/Devign/trainer.py", line 97  	Step 9919		Train Loss     65.891	Valid Loss   845.078	f1: 62.28	Patience 90	
[08/19/2022 - 22:10:56] File "/home/<ANONYMOUS>/code/ReVeal/Devign/trainer.py", line 99  	====================================================================================================	
[08/19/2022 - 22:11:12] File "/home/<ANONYMOUS>/code/ReVeal/Devign/trainer.py", line 97  	Step 9983		Train Loss     46.704	Valid Loss   786.144	f1: 57.92	Patience 91	
[08/19/2022 - 22:11:12] File "/home/<ANONYMOUS>/code/ReVeal/Devign/trainer.py", line 99  	====================================================================================================	
[08/19/2022 - 22:11:30] File "/home/<ANONYMOUS>/code/ReVeal/Devign/trainer.py", line 97  	Step 10047		Train Loss     58.447	Valid Loss   873.727	f1: 57.49	Patience 92	
[08/19/2022 - 22:11:30] File "/home/<ANONYMOUS>/code/ReVeal/Devign/trainer.py", line 99  	====================================================================================================	
[08/19/2022 - 22:11:46] File "/home/<ANONYMOUS>/code/ReVeal/Devign/trainer.py", line 97  	Step 10111		Train Loss     50.360	Valid Loss   825.126	f1: 57.98	Patience 93	
[08/19/2022 - 22:11:46] File "/home/<ANONYMOUS>/code/ReVeal/Devign/trainer.py", line 99  	====================================================================================================	
[08/19/2022 - 22:12:02] File "/home/<ANONYMOUS>/code/ReVeal/Devign/trainer.py", line 97  	Step 10175		Train Loss     67.104	Valid Loss   861.735	f1: 59.02	Patience 94	
[08/19/2022 - 22:12:02] File "/home/<ANONYMOUS>/code/ReVeal/Devign/trainer.py", line 99  	====================================================================================================	
[08/19/2022 - 22:12:20] File "/home/<ANONYMOUS>/code/ReVeal/Devign/trainer.py", line 97  	Step 10239		Train Loss     64.042	Valid Loss   868.542	f1: 62.42	Patience 95	
[08/19/2022 - 22:12:20] File "/home/<ANONYMOUS>/code/ReVeal/Devign/trainer.py", line 99  	====================================================================================================	
[08/19/2022 - 22:12:36] File "/home/<ANONYMOUS>/code/ReVeal/Devign/trainer.py", line 97  	Step 10303		Train Loss     64.533	Valid Loss   826.982	f1: 61.38	Patience 96	
[08/19/2022 - 22:12:36] File "/home/<ANONYMOUS>/code/ReVeal/Devign/trainer.py", line 99  	====================================================================================================	
[08/19/2022 - 22:12:51] File "/home/<ANONYMOUS>/code/ReVeal/Devign/trainer.py", line 97  	Step 10367		Train Loss     59.124	Valid Loss   839.876	f1: 58.66	Patience 97	
[08/19/2022 - 22:12:51] File "/home/<ANONYMOUS>/code/ReVeal/Devign/trainer.py", line 99  	====================================================================================================	
[08/19/2022 - 22:13:10] File "/home/<ANONYMOUS>/code/ReVeal/Devign/trainer.py", line 97  	Step 10431		Train Loss     61.281	Valid Loss   791.659	f1: 60.40	Patience 98	
[08/19/2022 - 22:13:10] File "/home/<ANONYMOUS>/code/ReVeal/Devign/trainer.py", line 99  	====================================================================================================	
[08/19/2022 - 22:13:25] File "/home/<ANONYMOUS>/code/ReVeal/Devign/trainer.py", line 97  	Step 10495		Train Loss     57.209	Valid Loss   838.208	f1: 61.29	Patience 99	
[08/19/2022 - 22:13:25] File "/home/<ANONYMOUS>/code/ReVeal/Devign/trainer.py", line 99  	====================================================================================================	
[08/19/2022 - 22:13:40] File "/home/<ANONYMOUS>/code/ReVeal/Devign/trainer.py", line 97  	Step 10559		Train Loss     56.453	Valid Loss   803.837	f1: 59.24	Patience 100	
[08/19/2022 - 22:13:40] File "/home/<ANONYMOUS>/code/ReVeal/Devign/trainer.py", line 99  	====================================================================================================	
[08/19/2022 - 22:13:46] File "/home/<ANONYMOUS>/code/ReVeal/Devign/trainer.py", line 114  	models/combined/ggnn/vbalanced_0.6/1/GGNNSumModel	Test Accuracy: 58.34	Precision: 61.74	Recall: 62.23	F1: 61.99	
[08/19/2022 - 22:13:46] File "/home/<ANONYMOUS>/code/ReVeal/Devign/trainer.py", line 115  	====================================================================================================	
pass through data:   0%|          | 0/562 [00:00<?, ?it/s]pass through data:   0%|          | 1/562 [00:00<02:25,  3.86it/s]pass through data:   0%|          | 2/562 [00:00<02:19,  4.03it/s]pass through data:   1%|          | 3/562 [00:00<02:14,  4.15it/s]pass through data:   1%|          | 4/562 [00:00<02:14,  4.15it/s]pass through data:   1%|          | 5/562 [00:01<02:15,  4.11it/s]pass through data:   1%|          | 6/562 [00:01<02:18,  4.00it/s]pass through data:   1%|          | 7/562 [00:01<02:18,  3.99it/s]pass through data:   1%|         | 8/562 [00:01<02:16,  4.06it/s]pass through data:   2%|         | 9/562 [00:02<02:17,  4.02it/s]pass through data:   2%|         | 10/562 [00:02<02:19,  3.96it/s]pass through data:   2%|         | 11/562 [00:02<02:17,  4.01it/s]pass through data:   2%|         | 12/562 [00:02<02:16,  4.04it/s]pass through data:   2%|         | 13/562 [00:03<02:16,  4.02it/s]pass through data:   2%|         | 14/562 [00:03<02:18,  3.94it/s]pass through data:   3%|         | 15/562 [00:03<02:17,  3.98it/s]pass through data:   3%|         | 16/562 [00:03<02:17,  3.98it/s]pass through data:   3%|         | 17/562 [00:04<02:16,  4.00it/s]pass through data:   3%|         | 18/562 [00:04<02:16,  3.99it/s]pass through data:   3%|         | 19/562 [00:04<02:20,  3.86it/s]pass through data:   4%|         | 20/562 [00:05<02:25,  3.74it/s]pass through data:   4%|         | 21/562 [00:05<02:21,  3.83it/s]pass through data:   4%|         | 22/562 [00:05<02:22,  3.80it/s]pass through data:   4%|         | 23/562 [00:05<02:17,  3.91it/s]pass through data:   4%|         | 24/562 [00:06<02:15,  3.96it/s]pass through data:   4%|         | 25/562 [00:06<02:14,  3.99it/s]pass through data:   5%|         | 26/562 [00:06<02:13,  4.01it/s]pass through data:   5%|         | 27/562 [00:06<02:10,  4.09it/s]pass through data:   5%|         | 28/562 [00:07<02:08,  4.15it/s]pass through data:   5%|         | 29/562 [00:07<02:10,  4.09it/s]pass through data:   5%|         | 30/562 [00:07<02:12,  4.02it/s]pass through data:   6%|         | 31/562 [00:07<02:11,  4.04it/s]pass through data:   6%|         | 32/562 [00:08<02:09,  4.09it/s]pass through data:   6%|         | 33/562 [00:08<02:08,  4.11it/s]pass through data:   6%|         | 34/562 [00:08<02:08,  4.10it/s]pass through data:   6%|         | 35/562 [00:08<02:06,  4.16it/s]pass through data:   6%|         | 36/562 [00:08<02:06,  4.15it/s]pass through data:   7%|         | 37/562 [00:09<02:05,  4.18it/s]pass through data:   7%|         | 38/562 [00:09<02:04,  4.20it/s]pass through data:   7%|         | 39/562 [00:09<02:07,  4.09it/s]pass through data:   7%|         | 40/562 [00:09<02:11,  3.98it/s]pass through data:   7%|         | 41/562 [00:10<02:09,  4.01it/s]pass through data:   7%|         | 42/562 [00:10<02:08,  4.04it/s]pass through data:   8%|         | 43/562 [00:10<02:07,  4.08it/s]pass through data:   8%|         | 44/562 [00:10<02:05,  4.14it/s]pass through data:   8%|         | 45/562 [00:11<02:03,  4.18it/s]pass through data:   8%|         | 46/562 [00:11<02:04,  4.15it/s]pass through data:   8%|         | 47/562 [00:11<02:02,  4.19it/s]pass through data:   9%|         | 48/562 [00:11<02:02,  4.18it/s]pass through data:   9%|         | 49/562 [00:12<02:01,  4.23it/s]pass through data:   9%|         | 50/562 [00:12<02:00,  4.24it/s]pass through data:   9%|         | 51/562 [00:12<02:01,  4.21it/s]pass through data:   9%|         | 52/562 [00:12<01:59,  4.27it/s]pass through data:   9%|         | 53/562 [00:13<02:00,  4.24it/s]pass through data:  10%|         | 54/562 [00:13<01:59,  4.24it/s]pass through data:  10%|         | 55/562 [00:13<01:59,  4.23it/s]pass through data:  10%|         | 56/562 [00:13<01:59,  4.24it/s]pass through data:  10%|         | 57/562 [00:13<02:00,  4.20it/s]pass through data:  10%|         | 58/562 [00:14<02:03,  4.08it/s]pass through data:  10%|         | 59/562 [00:14<02:02,  4.11it/s]pass through data:  11%|         | 60/562 [00:14<02:04,  4.04it/s]pass through data:  11%|         | 61/562 [00:15<02:08,  3.89it/s]pass through data:  11%|         | 62/562 [00:15<02:06,  3.96it/s]pass through data:  11%|         | 63/562 [00:15<02:06,  3.95it/s]pass through data:  11%|        | 64/562 [00:15<02:02,  4.07it/s]pass through data:  12%|        | 65/562 [00:15<02:01,  4.10it/s]pass through data:  12%|        | 66/562 [00:16<02:01,  4.10it/s]pass through data:  12%|        | 67/562 [00:16<02:02,  4.05it/s]pass through data:  12%|        | 68/562 [00:16<02:00,  4.09it/s]pass through data:  12%|        | 69/562 [00:16<01:58,  4.15it/s]pass through data:  12%|        | 70/562 [00:17<01:58,  4.16it/s]pass through data:  13%|        | 71/562 [00:17<01:59,  4.09it/s]pass through data:  13%|        | 72/562 [00:17<01:58,  4.13it/s]pass through data:  13%|        | 73/562 [00:17<01:56,  4.19it/s]pass through data:  13%|        | 74/562 [00:18<01:56,  4.19it/s]pass through data:  13%|        | 75/562 [00:18<01:58,  4.12it/s]pass through data:  14%|        | 76/562 [00:18<01:59,  4.06it/s]pass through data:  14%|        | 77/562 [00:18<01:58,  4.10it/s]pass through data:  14%|        | 78/562 [00:19<01:57,  4.11it/s]pass through data:  14%|        | 79/562 [00:19<01:57,  4.09it/s]pass through data:  14%|        | 80/562 [00:19<01:58,  4.06it/s]pass through data:  14%|        | 81/562 [00:19<02:03,  3.88it/s]pass through data:  15%|        | 82/562 [00:20<02:00,  3.99it/s]pass through data:  15%|        | 83/562 [00:20<01:58,  4.06it/s]pass through data:  15%|        | 84/562 [00:20<01:55,  4.14it/s]pass through data:  15%|        | 85/562 [00:20<01:58,  4.02it/s]pass through data:  15%|        | 86/562 [00:21<01:59,  3.99it/s]pass through data:  15%|        | 87/562 [00:21<01:58,  4.01it/s]pass through data:  16%|        | 88/562 [00:21<01:56,  4.06it/s]pass through data:  16%|        | 89/562 [00:21<02:00,  3.94it/s]pass through data:  16%|        | 90/562 [00:22<01:59,  3.95it/s]pass through data:  16%|        | 91/562 [00:22<01:58,  3.97it/s]pass through data:  16%|        | 92/562 [00:22<01:56,  4.02it/s]pass through data:  17%|        | 93/562 [00:22<01:55,  4.06it/s]pass through data:  17%|        | 94/562 [00:23<01:56,  4.03it/s]pass through data:  17%|        | 95/562 [00:23<01:58,  3.94it/s]pass through data:  17%|        | 96/562 [00:23<01:55,  4.03it/s]pass through data:  17%|        | 97/562 [00:23<01:54,  4.05it/s]pass through data:  17%|        | 98/562 [00:24<01:52,  4.11it/s]pass through data:  18%|        | 99/562 [00:24<01:52,  4.11it/s]pass through data:  18%|        | 100/562 [00:24<01:50,  4.19it/s]pass through data:  18%|        | 101/562 [00:24<01:50,  4.18it/s]pass through data:  18%|        | 102/562 [00:25<01:45,  4.37it/s]pass through data:  18%|        | 103/562 [00:25<01:41,  4.53it/s]pass through data:  19%|        | 104/562 [00:25<01:38,  4.63it/s]pass through data:  19%|        | 105/562 [00:25<01:37,  4.69it/s]pass through data:  19%|        | 106/562 [00:25<01:36,  4.74it/s]pass through data:  19%|        | 107/562 [00:26<01:35,  4.78it/s]pass through data:  19%|        | 108/562 [00:26<01:34,  4.81it/s]pass through data:  19%|        | 109/562 [00:26<01:34,  4.81it/s]pass through data:  20%|        | 110/562 [00:26<01:33,  4.83it/s]pass through data:  20%|        | 111/562 [00:26<01:33,  4.84it/s]pass through data:  20%|        | 112/562 [00:27<01:32,  4.86it/s]pass through data:  20%|        | 113/562 [00:27<01:36,  4.64it/s]pass through data:  20%|        | 114/562 [00:27<01:41,  4.41it/s]pass through data:  20%|        | 115/562 [00:27<01:44,  4.29it/s]pass through data:  21%|        | 116/562 [00:28<01:45,  4.23it/s]pass through data:  21%|        | 117/562 [00:28<01:44,  4.24it/s]pass through data:  21%|        | 118/562 [00:28<01:45,  4.19it/s]pass through data:  21%|        | 119/562 [00:28<01:47,  4.11it/s]pass through data:  21%|       | 120/562 [00:29<01:48,  4.09it/s]pass through data:  22%|       | 121/562 [00:29<01:46,  4.12it/s]pass through data:  22%|       | 122/562 [00:29<01:45,  4.19it/s]pass through data:  22%|       | 123/562 [00:29<01:47,  4.07it/s]pass through data:  22%|       | 124/562 [00:30<01:49,  4.01it/s]pass through data:  22%|       | 125/562 [00:30<01:47,  4.08it/s]pass through data:  22%|       | 126/562 [00:30<01:45,  4.12it/s]pass through data:  23%|       | 127/562 [00:30<01:44,  4.17it/s]pass through data:  23%|       | 128/562 [00:30<01:44,  4.14it/s]pass through data:  23%|       | 129/562 [00:31<01:43,  4.18it/s]pass through data:  23%|       | 130/562 [00:31<01:42,  4.22it/s]pass through data:  23%|       | 131/562 [00:31<01:43,  4.17it/s]pass through data:  23%|       | 132/562 [00:31<01:41,  4.22it/s]pass through data:  24%|       | 133/562 [00:32<01:41,  4.21it/s]pass through data:  24%|       | 134/562 [00:32<01:41,  4.22it/s]pass through data:  24%|       | 135/562 [00:32<01:40,  4.23it/s]pass through data:  24%|       | 136/562 [00:32<01:41,  4.22it/s]pass through data:  24%|       | 137/562 [00:33<01:40,  4.25it/s]pass through data:  25%|       | 138/562 [00:33<01:38,  4.30it/s]pass through data:  25%|       | 139/562 [00:33<01:39,  4.24it/s]pass through data:  25%|       | 140/562 [00:33<01:39,  4.25it/s]pass through data:  25%|       | 141/562 [00:34<01:39,  4.23it/s]pass through data:  25%|       | 142/562 [00:34<01:38,  4.26it/s]pass through data:  25%|       | 143/562 [00:34<01:38,  4.25it/s]pass through data:  26%|       | 144/562 [00:34<01:43,  4.02it/s]pass through data:  26%|       | 145/562 [00:35<01:42,  4.07it/s]pass through data:  26%|       | 146/562 [00:35<01:41,  4.08it/s]pass through data:  26%|       | 147/562 [00:35<01:41,  4.09it/s]pass through data:  26%|       | 148/562 [00:35<01:41,  4.08it/s]pass through data:  27%|       | 149/562 [00:36<01:41,  4.06it/s]pass through data:  27%|       | 150/562 [00:36<01:40,  4.10it/s]pass through data:  27%|       | 151/562 [00:36<01:40,  4.10it/s]pass through data:  27%|       | 152/562 [00:36<01:41,  4.06it/s]pass through data:  27%|       | 153/562 [00:37<01:42,  4.00it/s]pass through data:  27%|       | 154/562 [00:37<01:40,  4.05it/s]pass through data:  28%|       | 155/562 [00:37<01:39,  4.08it/s]pass through data:  28%|       | 156/562 [00:37<01:40,  4.04it/s]pass through data:  28%|       | 157/562 [00:38<01:39,  4.06it/s]pass through data:  28%|       | 158/562 [00:38<01:38,  4.11it/s]pass through data:  28%|       | 159/562 [00:38<01:37,  4.12it/s]pass through data:  28%|       | 160/562 [00:38<01:38,  4.07it/s]pass through data:  29%|       | 161/562 [00:38<01:38,  4.07it/s]pass through data:  29%|       | 162/562 [00:39<01:36,  4.14it/s]pass through data:  29%|       | 163/562 [00:39<01:36,  4.12it/s]pass through data:  29%|       | 164/562 [00:39<01:39,  3.98it/s]pass through data:  29%|       | 165/562 [00:40<01:52,  3.54it/s]pass through data:  30%|       | 166/562 [00:40<01:47,  3.68it/s]pass through data:  30%|       | 167/562 [00:40<01:46,  3.72it/s]pass through data:  30%|       | 168/562 [00:40<01:42,  3.85it/s]pass through data:  30%|       | 169/562 [00:41<01:41,  3.89it/s]pass through data:  30%|       | 170/562 [00:41<01:40,  3.91it/s]pass through data:  30%|       | 171/562 [00:41<01:39,  3.93it/s]pass through data:  31%|       | 172/562 [00:41<01:37,  3.98it/s]pass through data:  31%|       | 173/562 [00:42<01:37,  3.98it/s]pass through data:  31%|       | 174/562 [00:42<01:40,  3.87it/s]pass through data:  31%|       | 175/562 [00:42<01:41,  3.83it/s]pass through data:  31%|      | 176/562 [00:42<01:40,  3.85it/s]pass through data:  31%|      | 177/562 [00:43<01:41,  3.81it/s]pass through data:  32%|      | 178/562 [00:43<01:41,  3.80it/s]pass through data:  32%|      | 179/562 [00:43<01:41,  3.78it/s]pass through data:  32%|      | 180/562 [00:43<01:38,  3.86it/s]pass through data:  32%|      | 181/562 [00:44<01:37,  3.90it/s]pass through data:  32%|      | 182/562 [00:47<07:36,  1.20s/it]pass through data:  33%|      | 183/562 [00:47<05:47,  1.09it/s]pass through data:  33%|      | 184/562 [00:48<04:31,  1.39it/s]pass through data:  33%|      | 185/562 [00:48<03:36,  1.74it/s]pass through data:  33%|      | 186/562 [00:48<02:59,  2.10it/s]pass through data:  33%|      | 187/562 [00:48<02:32,  2.46it/s]pass through data:  33%|      | 188/562 [00:49<02:14,  2.78it/s]pass through data:  34%|      | 189/562 [00:49<02:00,  3.10it/s]pass through data:  34%|      | 190/562 [00:49<01:52,  3.32it/s]pass through data:  34%|      | 191/562 [00:49<01:48,  3.42it/s]pass through data:  34%|      | 192/562 [00:50<01:44,  3.54it/s]pass through data:  34%|      | 193/562 [00:50<01:39,  3.70it/s]pass through data:  35%|      | 194/562 [00:50<01:35,  3.86it/s]pass through data:  35%|      | 195/562 [00:50<01:32,  3.97it/s]pass through data:  35%|      | 196/562 [00:51<01:30,  4.04it/s]pass through data:  35%|      | 197/562 [00:51<01:29,  4.10it/s]pass through data:  35%|      | 198/562 [00:51<01:28,  4.10it/s]pass through data:  35%|      | 199/562 [00:51<01:27,  4.13it/s]pass through data:  36%|      | 200/562 [00:51<01:27,  4.15it/s]pass through data:  36%|      | 201/562 [00:52<01:25,  4.20it/s]pass through data:  36%|      | 202/562 [00:52<01:25,  4.19it/s]pass through data:  36%|      | 203/562 [00:52<01:25,  4.22it/s]pass through data:  36%|      | 204/562 [00:52<01:24,  4.23it/s]pass through data:  36%|      | 205/562 [00:53<01:26,  4.14it/s]pass through data:  37%|      | 206/562 [00:53<01:26,  4.13it/s]pass through data:  37%|      | 207/562 [00:53<01:26,  4.13it/s]pass through data:  37%|      | 208/562 [00:53<01:25,  4.16it/s]pass through data:  37%|      | 209/562 [00:54<01:24,  4.16it/s]pass through data:  37%|      | 210/562 [00:54<01:25,  4.13it/s]pass through data:  38%|      | 211/562 [00:54<01:25,  4.08it/s]pass through data:  38%|      | 212/562 [00:54<01:29,  3.89it/s]pass through data:  38%|      | 213/562 [00:55<01:27,  3.99it/s]pass through data:  38%|      | 214/562 [00:55<01:26,  4.00it/s]pass through data:  38%|      | 215/562 [00:55<01:27,  3.99it/s]pass through data:  38%|      | 216/562 [00:55<01:25,  4.06it/s]pass through data:  39%|      | 217/562 [00:56<01:23,  4.11it/s]pass through data:  39%|      | 218/562 [00:56<01:23,  4.13it/s]pass through data:  39%|      | 219/562 [00:56<01:23,  4.12it/s]pass through data:  39%|      | 220/562 [00:56<01:24,  4.07it/s]pass through data:  39%|      | 221/562 [00:57<01:22,  4.12it/s]pass through data:  40%|      | 222/562 [00:57<01:22,  4.12it/s]pass through data:  40%|      | 223/562 [00:57<01:22,  4.12it/s]pass through data:  40%|      | 224/562 [00:57<01:22,  4.09it/s]pass through data:  40%|      | 225/562 [00:58<01:21,  4.13it/s]pass through data:  40%|      | 226/562 [00:58<01:21,  4.14it/s]pass through data:  40%|      | 227/562 [00:58<01:21,  4.11it/s]pass through data:  41%|      | 228/562 [00:58<01:21,  4.09it/s]pass through data:  41%|      | 229/562 [00:59<01:20,  4.12it/s]pass through data:  41%|      | 230/562 [00:59<01:19,  4.16it/s]pass through data:  41%|      | 231/562 [00:59<01:19,  4.16it/s]pass through data:  41%|     | 232/562 [00:59<01:24,  3.89it/s]pass through data:  41%|     | 233/562 [01:00<01:23,  3.94it/s]pass through data:  42%|     | 234/562 [01:00<01:21,  4.04it/s]pass through data:  42%|     | 235/562 [01:00<01:20,  4.06it/s]pass through data:  42%|     | 236/562 [01:00<01:20,  4.06it/s]pass through data:  42%|     | 237/562 [01:01<01:19,  4.06it/s]pass through data:  42%|     | 238/562 [01:01<01:19,  4.09it/s]pass through data:  43%|     | 239/562 [01:01<01:17,  4.15it/s]pass through data:  43%|     | 240/562 [01:01<01:17,  4.17it/s]pass through data:  43%|     | 241/562 [01:02<01:17,  4.12it/s]pass through data:  43%|     | 242/562 [01:02<01:19,  4.01it/s]pass through data:  43%|     | 243/562 [01:02<01:18,  4.09it/s]pass through data:  43%|     | 244/562 [01:02<01:17,  4.10it/s]pass through data:  44%|     | 245/562 [01:02<01:17,  4.09it/s]pass through data:  44%|     | 246/562 [01:03<01:18,  4.05it/s]pass through data:  44%|     | 247/562 [01:03<01:14,  4.25it/s]pass through data:  44%|     | 248/562 [01:03<01:11,  4.39it/s]pass through data:  44%|     | 249/562 [01:03<01:09,  4.51it/s]pass through data:  44%|     | 250/562 [01:04<01:06,  4.71it/s]pass through data:  45%|     | 251/562 [01:04<01:02,  4.97it/s]pass through data:  45%|     | 252/562 [01:04<01:00,  5.08it/s]pass through data:  45%|     | 253/562 [01:04<00:59,  5.17it/s]pass through data:  45%|     | 254/562 [01:04<01:02,  4.93it/s]pass through data:  45%|     | 255/562 [01:05<01:01,  5.03it/s]pass through data:  46%|     | 256/562 [01:05<00:58,  5.22it/s]pass through data:  46%|     | 257/562 [01:05<00:57,  5.31it/s]pass through data:  46%|     | 258/562 [01:05<00:56,  5.37it/s]pass through data:  46%|     | 259/562 [01:05<00:55,  5.46it/s]pass through data:  46%|     | 260/562 [01:05<01:01,  4.92it/s]pass through data:  46%|     | 261/562 [01:06<01:05,  4.59it/s]pass through data:  47%|     | 262/562 [01:06<01:07,  4.44it/s]pass through data:  47%|     | 263/562 [01:06<01:10,  4.26it/s]pass through data:  47%|     | 264/562 [01:06<01:10,  4.25it/s]pass through data:  47%|     | 265/562 [01:07<01:10,  4.23it/s]pass through data:  47%|     | 266/562 [01:07<01:11,  4.17it/s]pass through data:  48%|     | 267/562 [01:07<01:10,  4.16it/s]pass through data:  48%|     | 268/562 [01:07<01:10,  4.19it/s]pass through data:  48%|     | 269/562 [01:08<01:10,  4.16it/s]pass through data:  48%|     | 270/562 [01:08<01:11,  4.11it/s]pass through data:  48%|     | 271/562 [01:08<01:11,  4.10it/s]pass through data:  48%|     | 272/562 [01:08<01:09,  4.15it/s]pass through data:  49%|     | 273/562 [01:09<01:09,  4.17it/s]pass through data:  49%|     | 274/562 [01:09<01:10,  4.10it/s]pass through data:  49%|     | 275/562 [01:09<01:08,  4.17it/s]pass through data:  49%|     | 276/562 [01:09<01:11,  3.99it/s]pass through data:  49%|     | 277/562 [01:10<01:10,  4.05it/s]pass through data:  49%|     | 278/562 [01:10<01:08,  4.16it/s]pass through data:  50%|     | 279/562 [01:10<01:07,  4.18it/s]pass through data:  50%|     | 280/562 [01:10<01:06,  4.25it/s]pass through data:  50%|     | 281/562 [01:11<01:05,  4.27it/s]pass through data:  50%|     | 282/562 [01:11<01:06,  4.22it/s]pass through data:  50%|     | 283/562 [01:11<01:05,  4.25it/s]pass through data:  51%|     | 284/562 [01:11<01:05,  4.25it/s]pass through data:  51%|     | 285/562 [01:12<01:04,  4.27it/s]pass through data:  51%|     | 286/562 [01:12<01:04,  4.27it/s]pass through data:  51%|     | 287/562 [01:12<01:05,  4.22it/s]pass through data:  51%|     | 288/562 [01:12<01:04,  4.25it/s]pass through data:  51%|    | 289/562 [01:12<01:04,  4.25it/s]pass through data:  52%|    | 290/562 [01:13<01:04,  4.21it/s]pass through data:  52%|    | 291/562 [01:13<01:03,  4.26it/s]pass through data:  52%|    | 292/562 [01:13<01:03,  4.27it/s]pass through data:  52%|    | 293/562 [01:13<01:02,  4.27it/s]pass through data:  52%|    | 294/562 [01:14<01:02,  4.25it/s]pass through data:  52%|    | 295/562 [01:14<01:04,  4.15it/s]pass through data:  53%|    | 296/562 [01:14<01:03,  4.19it/s]pass through data:  53%|    | 297/562 [01:14<01:07,  3.92it/s]pass through data:  53%|    | 298/562 [01:15<01:07,  3.93it/s]pass through data:  53%|    | 299/562 [01:15<01:05,  3.99it/s]pass through data:  53%|    | 300/562 [01:15<01:06,  3.91it/s]pass through data:  54%|    | 301/562 [01:15<01:06,  3.94it/s]pass through data:  54%|    | 302/562 [01:16<01:07,  3.87it/s]pass through data:  54%|    | 303/562 [01:16<01:11,  3.62it/s]pass through data:  54%|    | 304/562 [01:16<01:14,  3.47it/s]pass through data:  54%|    | 305/562 [01:17<01:10,  3.64it/s]pass through data:  54%|    | 306/562 [01:17<01:07,  3.80it/s]pass through data:  55%|    | 307/562 [01:17<01:05,  3.91it/s]pass through data:  55%|    | 308/562 [01:17<01:05,  3.91it/s]pass through data:  55%|    | 309/562 [01:18<01:04,  3.90it/s]pass through data:  55%|    | 310/562 [01:18<01:03,  3.98it/s]pass through data:  55%|    | 311/562 [01:18<01:02,  4.04it/s]pass through data:  56%|    | 312/562 [01:18<01:01,  4.06it/s]pass through data:  56%|    | 313/562 [01:19<01:01,  4.06it/s]pass through data:  56%|    | 314/562 [01:19<01:02,  3.98it/s]pass through data:  56%|    | 315/562 [01:19<01:01,  4.00it/s]pass through data:  56%|    | 316/562 [01:19<01:00,  4.03it/s]pass through data:  56%|    | 317/562 [01:20<01:02,  3.90it/s]pass through data:  57%|    | 318/562 [01:20<01:02,  3.92it/s]pass through data:  57%|    | 319/562 [01:20<01:02,  3.90it/s]pass through data:  57%|    | 320/562 [01:20<01:01,  3.96it/s]pass through data:  57%|    | 321/562 [01:21<00:59,  4.03it/s]pass through data:  57%|    | 322/562 [01:21<01:00,  4.00it/s]pass through data:  57%|    | 323/562 [01:21<00:59,  4.02it/s]pass through data:  58%|    | 324/562 [01:21<00:58,  4.07it/s]pass through data:  58%|    | 325/562 [01:22<00:57,  4.11it/s]pass through data:  58%|    | 326/562 [01:22<00:57,  4.10it/s]pass through data:  58%|    | 327/562 [01:22<00:57,  4.07it/s]pass through data:  58%|    | 328/562 [01:22<00:57,  4.09it/s]pass through data:  59%|    | 329/562 [01:22<00:56,  4.16it/s]pass through data:  59%|    | 330/562 [01:23<00:56,  4.14it/s]pass through data:  59%|    | 331/562 [01:23<00:56,  4.10it/s]pass through data:  59%|    | 332/562 [01:23<00:55,  4.12it/s]pass through data:  59%|    | 333/562 [01:23<00:54,  4.19it/s]pass through data:  59%|    | 334/562 [01:24<00:54,  4.17it/s]pass through data:  60%|    | 335/562 [01:24<00:54,  4.19it/s]pass through data:  60%|    | 336/562 [01:24<00:55,  4.06it/s]pass through data:  60%|    | 337/562 [01:24<00:58,  3.83it/s]pass through data:  60%|    | 338/562 [01:25<00:57,  3.86it/s]pass through data:  60%|    | 339/562 [01:25<00:56,  3.95it/s]pass through data:  60%|    | 340/562 [01:25<00:55,  3.97it/s]pass through data:  61%|    | 341/562 [01:25<00:55,  4.00it/s]pass through data:  61%|    | 342/562 [01:26<00:53,  4.08it/s]pass through data:  61%|    | 343/562 [01:26<00:52,  4.15it/s]pass through data:  61%|    | 344/562 [01:26<00:52,  4.14it/s]pass through data:  61%|   | 345/562 [01:26<00:52,  4.15it/s]pass through data:  62%|   | 346/562 [01:27<00:51,  4.18it/s]pass through data:  62%|   | 347/562 [01:27<00:50,  4.24it/s]pass through data:  62%|   | 348/562 [01:27<00:51,  4.13it/s]pass through data:  62%|   | 349/562 [01:27<00:51,  4.16it/s]pass through data:  62%|   | 350/562 [01:28<00:50,  4.23it/s]pass through data:  62%|   | 351/562 [01:28<00:50,  4.21it/s]pass through data:  63%|   | 352/562 [01:28<00:50,  4.18it/s]pass through data:  63%|   | 353/562 [01:28<00:49,  4.22it/s]pass through data:  63%|   | 354/562 [01:29<00:49,  4.24it/s]pass through data:  63%|   | 355/562 [01:29<00:47,  4.33it/s]pass through data:  63%|   | 356/562 [01:29<00:47,  4.31it/s]pass through data:  64%|   | 357/562 [01:29<00:47,  4.33it/s]pass through data:  64%|   | 358/562 [01:30<00:50,  4.02it/s]pass through data:  64%|   | 359/562 [01:30<00:49,  4.12it/s]pass through data:  64%|   | 360/562 [01:30<00:48,  4.19it/s]pass through data:  64%|   | 361/562 [01:30<00:47,  4.21it/s]pass through data:  64%|   | 362/562 [01:30<00:47,  4.25it/s]pass through data:  65%|   | 363/562 [01:31<00:46,  4.30it/s]pass through data:  65%|   | 364/562 [01:31<00:46,  4.29it/s]pass through data:  65%|   | 365/562 [01:31<00:45,  4.36it/s]pass through data:  65%|   | 366/562 [01:31<00:45,  4.34it/s]pass through data:  65%|   | 367/562 [01:32<00:45,  4.29it/s]pass through data:  65%|   | 368/562 [01:32<00:45,  4.30it/s]pass through data:  66%|   | 369/562 [01:32<00:44,  4.30it/s]pass through data:  66%|   | 370/562 [01:32<00:44,  4.32it/s]pass through data:  66%|   | 371/562 [01:33<00:43,  4.36it/s]pass through data:  66%|   | 372/562 [01:33<00:44,  4.26it/s]pass through data:  66%|   | 373/562 [01:33<00:44,  4.29it/s]pass through data:  67%|   | 374/562 [01:33<00:44,  4.25it/s]pass through data:  67%|   | 375/562 [01:33<00:43,  4.29it/s]pass through data:  67%|   | 376/562 [01:34<00:43,  4.24it/s]pass through data:  67%|   | 377/562 [01:34<00:43,  4.26it/s]pass through data:  67%|   | 378/562 [01:34<00:43,  4.22it/s]pass through data:  67%|   | 379/562 [01:34<00:45,  4.05it/s]pass through data:  68%|   | 380/562 [01:35<00:44,  4.09it/s]pass through data:  68%|   | 381/562 [01:35<00:43,  4.15it/s]pass through data:  68%|   | 382/562 [01:35<00:43,  4.16it/s]pass through data:  68%|   | 383/562 [01:35<00:43,  4.14it/s]pass through data:  68%|   | 384/562 [01:36<00:43,  4.09it/s]pass through data:  69%|   | 385/562 [01:36<00:42,  4.17it/s]pass through data:  69%|   | 386/562 [01:36<00:42,  4.18it/s]pass through data:  69%|   | 387/562 [01:36<00:42,  4.13it/s]pass through data:  69%|   | 388/562 [01:37<00:42,  4.09it/s]pass through data:  69%|   | 389/562 [01:37<00:42,  4.12it/s]pass through data:  69%|   | 390/562 [01:37<00:41,  4.15it/s]pass through data:  70%|   | 391/562 [01:37<00:40,  4.17it/s]pass through data:  70%|   | 392/562 [01:38<00:41,  4.09it/s]pass through data:  70%|   | 393/562 [01:38<00:41,  4.11it/s]pass through data:  70%|   | 394/562 [01:38<00:40,  4.18it/s]pass through data:  70%|   | 395/562 [01:38<00:39,  4.21it/s]pass through data:  70%|   | 396/562 [01:39<00:39,  4.18it/s]pass through data:  71%|   | 397/562 [01:39<00:39,  4.21it/s]pass through data:  71%|   | 398/562 [01:39<00:38,  4.23it/s]pass through data:  71%|   | 399/562 [01:39<00:39,  4.14it/s]pass through data:  71%|   | 400/562 [01:40<00:40,  4.00it/s]pass through data:  71%|  | 401/562 [01:40<00:39,  4.03it/s]pass through data:  72%|  | 402/562 [01:40<00:39,  4.06it/s]pass through data:  72%|  | 403/562 [01:40<00:38,  4.11it/s]pass through data:  72%|  | 404/562 [01:44<03:14,  1.23s/it]pass through data:  72%|  | 405/562 [01:44<02:25,  1.08it/s]pass through data:  72%|  | 406/562 [01:44<01:50,  1.41it/s]pass through data:  72%|  | 407/562 [01:44<01:27,  1.77it/s]pass through data:  73%|  | 408/562 [01:45<01:09,  2.23it/s]pass through data:  73%|  | 409/562 [01:45<01:00,  2.55it/s]pass through data:  73%|  | 410/562 [01:45<00:52,  2.88it/s]pass through data:  73%|  | 411/562 [01:45<00:47,  3.19it/s]pass through data:  73%|  | 412/562 [01:46<00:44,  3.38it/s]pass through data:  73%|  | 413/562 [01:46<00:42,  3.51it/s]pass through data:  74%|  | 414/562 [01:46<00:40,  3.65it/s]pass through data:  74%|  | 415/562 [01:46<00:38,  3.79it/s]pass through data:  74%|  | 416/562 [01:47<00:37,  3.86it/s]pass through data:  74%|  | 417/562 [01:47<00:37,  3.88it/s]pass through data:  74%|  | 418/562 [01:47<00:36,  3.90it/s]pass through data:  75%|  | 419/562 [01:47<00:35,  4.00it/s]pass through data:  75%|  | 420/562 [01:48<00:35,  4.04it/s]pass through data:  75%|  | 421/562 [01:48<00:35,  4.03it/s]pass through data:  75%|  | 422/562 [01:48<00:34,  4.02it/s]pass through data:  75%|  | 423/562 [01:48<00:34,  4.06it/s]pass through data:  75%|  | 424/562 [01:49<00:33,  4.08it/s]pass through data:  76%|  | 425/562 [01:49<00:33,  4.14it/s]pass through data:  76%|  | 426/562 [01:49<00:32,  4.15it/s]pass through data:  76%|  | 427/562 [01:49<00:33,  3.98it/s]pass through data:  76%|  | 428/562 [01:50<00:36,  3.71it/s]pass through data:  76%|  | 429/562 [01:50<00:34,  3.86it/s]pass through data:  77%|  | 430/562 [01:50<00:33,  3.96it/s]pass through data:  77%|  | 431/562 [01:50<00:32,  3.99it/s]pass through data:  77%|  | 432/562 [01:51<00:32,  4.00it/s]pass through data:  77%|  | 433/562 [01:51<00:32,  3.93it/s]pass through data:  77%|  | 434/562 [01:51<00:31,  4.01it/s]pass through data:  77%|  | 435/562 [01:51<00:31,  4.04it/s]pass through data:  78%|  | 436/562 [01:52<00:30,  4.07it/s]pass through data:  78%|  | 437/562 [01:52<00:31,  3.98it/s]pass through data:  78%|  | 438/562 [01:52<00:31,  3.97it/s]pass through data:  78%|  | 439/562 [01:52<00:30,  4.00it/s]pass through data:  78%|  | 440/562 [01:53<00:30,  4.01it/s]pass through data:  78%|  | 441/562 [01:53<00:29,  4.06it/s]pass through data:  79%|  | 442/562 [01:53<00:29,  4.10it/s]pass through data:  79%|  | 443/562 [01:53<00:29,  4.06it/s]pass through data:  79%|  | 444/562 [01:54<00:28,  4.15it/s]pass through data:  79%|  | 445/562 [01:54<00:28,  4.14it/s]pass through data:  79%|  | 446/562 [01:54<00:28,  4.12it/s]pass through data:  80%|  | 447/562 [01:54<00:28,  4.03it/s]pass through data:  80%|  | 448/562 [01:55<00:30,  3.70it/s]pass through data:  80%|  | 449/562 [01:55<00:29,  3.84it/s]pass through data:  80%|  | 450/562 [01:55<00:28,  3.89it/s]pass through data:  80%|  | 451/562 [01:55<00:28,  3.89it/s]pass through data:  80%|  | 452/562 [01:56<00:27,  4.01it/s]pass through data:  81%|  | 453/562 [01:56<00:26,  4.12it/s]pass through data:  81%|  | 454/562 [01:56<00:26,  4.10it/s]pass through data:  81%|  | 455/562 [01:56<00:26,  4.05it/s]pass through data:  81%|  | 456/562 [01:57<00:26,  4.05it/s]pass through data:  81%| | 457/562 [01:57<00:26,  4.03it/s]pass through data:  81%| | 458/562 [01:57<00:25,  4.12it/s]pass through data:  82%| | 459/562 [01:57<00:24,  4.12it/s]pass through data:  82%| | 460/562 [01:58<00:24,  4.10it/s]pass through data:  82%| | 461/562 [01:58<00:24,  4.11it/s]pass through data:  82%| | 462/562 [01:58<00:24,  4.16it/s]pass through data:  82%| | 463/562 [01:58<00:23,  4.16it/s]pass through data:  83%| | 464/562 [01:58<00:23,  4.17it/s]pass through data:  83%| | 465/562 [01:59<00:23,  4.12it/s]pass through data:  83%| | 466/562 [01:59<00:23,  4.11it/s]pass through data:  83%| | 467/562 [01:59<00:22,  4.17it/s]pass through data:  83%| | 468/562 [01:59<00:23,  4.00it/s]pass through data:  83%| | 469/562 [02:00<00:23,  4.00it/s]pass through data:  84%| | 470/562 [02:00<00:23,  3.95it/s]pass through data:  84%| | 471/562 [02:00<00:22,  4.00it/s]pass through data:  84%| | 472/562 [02:00<00:22,  4.03it/s]pass through data:  84%| | 473/562 [02:01<00:22,  4.01it/s]pass through data:  84%| | 474/562 [02:01<00:21,  4.01it/s]pass through data:  85%| | 475/562 [02:01<00:21,  4.03it/s]pass through data:  85%| | 476/562 [02:01<00:21,  4.09it/s]pass through data:  85%| | 477/562 [02:02<00:20,  4.13it/s]pass through data:  85%| | 478/562 [02:02<00:20,  4.12it/s]pass through data:  85%| | 479/562 [02:02<00:20,  4.10it/s]pass through data:  85%| | 480/562 [02:02<00:20,  4.06it/s]pass through data:  86%| | 481/562 [02:03<00:19,  4.12it/s]pass through data:  86%| | 482/562 [02:03<00:19,  4.17it/s]pass through data:  86%| | 483/562 [02:03<00:19,  4.15it/s]pass through data:  86%| | 484/562 [02:03<00:19,  4.09it/s]pass through data:  86%| | 485/562 [02:04<00:18,  4.14it/s]pass through data:  86%| | 486/562 [02:04<00:18,  4.14it/s]pass through data:  87%| | 487/562 [02:04<00:18,  4.11it/s]pass through data:  87%| | 488/562 [02:04<00:18,  3.90it/s]pass through data:  87%| | 489/562 [02:05<00:18,  3.94it/s]pass through data:  87%| | 490/562 [02:05<00:17,  4.06it/s]pass through data:  87%| | 491/562 [02:05<00:17,  4.12it/s]pass through data:  88%| | 492/562 [02:05<00:17,  4.08it/s]pass through data:  88%| | 493/562 [02:06<00:17,  4.05it/s]pass through data:  88%| | 494/562 [02:06<00:16,  4.12it/s]pass through data:  88%| | 495/562 [02:06<00:16,  4.18it/s]pass through data:  88%| | 496/562 [02:06<00:15,  4.15it/s]pass through data:  88%| | 497/562 [02:07<00:15,  4.13it/s]pass through data:  89%| | 498/562 [02:07<00:15,  4.13it/s]pass through data:  89%| | 499/562 [02:07<00:15,  4.20it/s]pass through data:  89%| | 500/562 [02:07<00:14,  4.22it/s]pass through data:  89%| | 501/562 [02:08<00:14,  4.25it/s]pass through data:  89%| | 502/562 [02:08<00:14,  4.26it/s]pass through data:  90%| | 503/562 [02:08<00:14,  4.19it/s]pass through data:  90%| | 504/562 [02:08<00:13,  4.25it/s]pass through data:  90%| | 505/562 [02:08<00:13,  4.21it/s]pass through data:  90%| | 506/562 [02:09<00:13,  4.15it/s]pass through data:  90%| | 507/562 [02:09<00:13,  4.19it/s]pass through data:  90%| | 508/562 [02:09<00:13,  4.13it/s]pass through data:  91%| | 509/562 [02:10<00:13,  3.91it/s]pass through data:  91%| | 510/562 [02:10<00:13,  3.80it/s]pass through data:  91%| | 511/562 [02:10<00:13,  3.90it/s]pass through data:  91%| | 512/562 [02:10<00:12,  3.94it/s]pass through data:  91%|| 513/562 [02:11<00:12,  4.00it/s]pass through data:  91%|| 514/562 [02:11<00:11,  4.05it/s]pass through data:  92%|| 515/562 [02:11<00:11,  4.07it/s]pass through data:  92%|| 516/562 [02:11<00:11,  4.15it/s]pass through data:  92%|| 517/562 [02:11<00:10,  4.17it/s]pass through data:  92%|| 518/562 [02:12<00:10,  4.20it/s]pass through data:  92%|| 519/562 [02:12<00:10,  4.20it/s]pass through data:  93%|| 520/562 [02:12<00:09,  4.20it/s]pass through data:  93%|| 521/562 [02:12<00:09,  4.23it/s]pass through data:  93%|| 522/562 [02:13<00:09,  4.20it/s]pass through data:  93%|| 523/562 [02:13<00:09,  4.16it/s]pass through data:  93%|| 524/562 [02:13<00:09,  4.12it/s]pass through data:  93%|| 525/562 [02:13<00:09,  4.09it/s]pass through data:  94%|| 526/562 [02:14<00:08,  4.09it/s]pass through data:  94%|| 527/562 [02:14<00:08,  4.11it/s]pass through data:  94%|| 528/562 [02:14<00:08,  4.09it/s]pass through data:  94%|| 529/562 [02:14<00:08,  3.95it/s]pass through data:  94%|| 530/562 [02:15<00:08,  3.97it/s]pass through data:  94%|| 531/562 [02:15<00:07,  4.07it/s]pass through data:  95%|| 532/562 [02:15<00:07,  4.09it/s]pass through data:  95%|| 533/562 [02:15<00:07,  4.09it/s]pass through data:  95%|| 534/562 [02:16<00:06,  4.11it/s]pass through data:  95%|| 535/562 [02:16<00:06,  4.15it/s]pass through data:  95%|| 536/562 [02:16<00:06,  4.21it/s]pass through data:  96%|| 537/562 [02:16<00:05,  4.19it/s]pass through data:  96%|| 538/562 [02:17<00:05,  4.16it/s]pass through data:  96%|| 539/562 [02:17<00:05,  4.17it/s]pass through data:  96%|| 540/562 [02:17<00:05,  4.21it/s]pass through data:  96%|| 541/562 [02:17<00:05,  4.18it/s]pass through data:  96%|| 542/562 [02:18<00:04,  4.14it/s]pass through data:  97%|| 543/562 [02:18<00:04,  4.08it/s]pass through data:  97%|| 544/562 [02:18<00:04,  4.14it/s]pass through data:  97%|| 545/562 [02:18<00:04,  4.14it/s]pass through data:  97%|| 546/562 [02:18<00:03,  4.08it/s]pass through data:  97%|| 547/562 [02:19<00:03,  4.04it/s]pass through data:  98%|| 548/562 [02:19<00:03,  4.08it/s]pass through data:  98%|| 549/562 [02:19<00:03,  4.11it/s]pass through data:  98%|| 550/562 [02:20<00:03,  3.95it/s]pass through data:  98%|| 551/562 [02:20<00:02,  4.06it/s]pass through data:  98%|| 552/562 [02:20<00:02,  4.05it/s]pass through data:  98%|| 553/562 [02:20<00:02,  4.05it/s]pass through data:  99%|| 554/562 [02:20<00:01,  4.11it/s]pass through data:  99%|| 555/562 [02:21<00:01,  4.12it/s]pass through data:  99%|| 556/562 [02:21<00:01,  4.09it/s]pass through data:  99%|| 557/562 [02:21<00:01,  4.04it/s]pass through data:  99%|| 558/562 [02:21<00:00,  4.07it/s]pass through data:  99%|| 559/562 [02:22<00:00,  4.15it/s]pass through data: 100%|| 560/562 [02:22<00:00,  4.28it/s]pass through data: 100%|| 561/562 [02:22<00:00,  4.44it/s]pass through data: 100%|| 562/562 [02:22<00:00,  3.94it/s]
143648 eexamples_written
