[08/19/2022 - 19:37:36] File "Devign/main.py", line 68  	Reading already processed data from data/combined/full_experiment_real_data_processed/processed.bin!	
load json -> msr mapping...
done loading json -> msr mapping
120475 keys missing from splits.csv
5746 keys skipped because _after_
skipped 126221 keys
[08/19/2022 - 19:44:47] File "Devign/main.py", line 85  	12914	1316	3197	0	
model: GGNNSum(
  (ggnn): GatedGraphConv(
    (linears): ModuleList(
      (0): Linear(in_features=200, out_features=200, bias=True)
      (1): Linear(in_features=200, out_features=200, bias=True)
      (2): Linear(in_features=200, out_features=200, bias=True)
      (3): Linear(in_features=200, out_features=200, bias=True)
      (4): Linear(in_features=200, out_features=200, bias=True)
    )
    (gru): GRUCell(200, 200)
  )
  (classifier): Linear(in_features=200, out_features=1, bias=True)
  (sigmoid): Sigmoid()
)
[08/19/2022 - 19:44:47] File "Devign/main.py", line 100  	Total Parameters : 442401	
[08/19/2022 - 19:44:47] File "Devign/main.py", line 101  	####################################################################################################	
[08/19/2022 - 19:44:50] File "/home/<ANONYMOUS>/code/ReVeal/Devign/trainer.py", line 66  	Start Training	
[08/19/2022 - 19:45:12] File "/home/<ANONYMOUS>/code/ReVeal/Devign/trainer.py", line 97  	Step 63		Train Loss    596.239	Valid Loss   321.200	f1: 50.75	Patience 0	
[08/19/2022 - 19:45:12] File "/home/<ANONYMOUS>/code/ReVeal/Devign/trainer.py", line 99  	====================================================================================================	
[08/19/2022 - 19:45:31] File "/home/<ANONYMOUS>/code/ReVeal/Devign/trainer.py", line 97  	Step 127		Train Loss    327.029	Valid Loss   360.150	f1: 56.67	Patience 0	
[08/19/2022 - 19:45:31] File "/home/<ANONYMOUS>/code/ReVeal/Devign/trainer.py", line 99  	====================================================================================================	
[08/19/2022 - 19:45:55] File "/home/<ANONYMOUS>/code/ReVeal/Devign/trainer.py", line 97  	Step 191		Train Loss    258.321	Valid Loss   306.171	f1: 58.24	Patience 0	
[08/19/2022 - 19:45:55] File "/home/<ANONYMOUS>/code/ReVeal/Devign/trainer.py", line 99  	====================================================================================================	
[08/19/2022 - 19:46:14] File "/home/<ANONYMOUS>/code/ReVeal/Devign/trainer.py", line 97  	Step 255		Train Loss    217.521	Valid Loss   281.289	f1: 38.52	Patience 1	
[08/19/2022 - 19:46:14] File "/home/<ANONYMOUS>/code/ReVeal/Devign/trainer.py", line 99  	====================================================================================================	
[08/19/2022 - 19:46:34] File "/home/<ANONYMOUS>/code/ReVeal/Devign/trainer.py", line 97  	Step 319		Train Loss    191.684	Valid Loss   285.912	f1: 44.93	Patience 2	
[08/19/2022 - 19:46:34] File "/home/<ANONYMOUS>/code/ReVeal/Devign/trainer.py", line 99  	====================================================================================================	
[08/19/2022 - 19:46:56] File "/home/<ANONYMOUS>/code/ReVeal/Devign/trainer.py", line 97  	Step 383		Train Loss    177.923	Valid Loss   268.140	f1: 48.56	Patience 3	
[08/19/2022 - 19:46:56] File "/home/<ANONYMOUS>/code/ReVeal/Devign/trainer.py", line 99  	====================================================================================================	
[08/19/2022 - 19:47:17] File "/home/<ANONYMOUS>/code/ReVeal/Devign/trainer.py", line 97  	Step 447		Train Loss    175.852	Valid Loss   266.484	f1: 48.69	Patience 4	
[08/19/2022 - 19:47:17] File "/home/<ANONYMOUS>/code/ReVeal/Devign/trainer.py", line 99  	====================================================================================================	
[08/19/2022 - 19:47:38] File "/home/<ANONYMOUS>/code/ReVeal/Devign/trainer.py", line 97  	Step 511		Train Loss    164.067	Valid Loss   280.548	f1: 45.43	Patience 5	
[08/19/2022 - 19:47:38] File "/home/<ANONYMOUS>/code/ReVeal/Devign/trainer.py", line 99  	====================================================================================================	
[08/19/2022 - 19:48:00] File "/home/<ANONYMOUS>/code/ReVeal/Devign/trainer.py", line 97  	Step 575		Train Loss    157.904	Valid Loss   275.854	f1: 49.83	Patience 6	
[08/19/2022 - 19:48:00] File "/home/<ANONYMOUS>/code/ReVeal/Devign/trainer.py", line 99  	====================================================================================================	
[08/19/2022 - 19:48:20] File "/home/<ANONYMOUS>/code/ReVeal/Devign/trainer.py", line 97  	Step 639		Train Loss    153.346	Valid Loss   278.753	f1: 38.20	Patience 7	
[08/19/2022 - 19:48:20] File "/home/<ANONYMOUS>/code/ReVeal/Devign/trainer.py", line 99  	====================================================================================================	
[08/19/2022 - 19:48:40] File "/home/<ANONYMOUS>/code/ReVeal/Devign/trainer.py", line 97  	Step 703		Train Loss    150.753	Valid Loss   276.167	f1: 50.83	Patience 8	
[08/19/2022 - 19:48:40] File "/home/<ANONYMOUS>/code/ReVeal/Devign/trainer.py", line 99  	====================================================================================================	
[08/19/2022 - 19:49:03] File "/home/<ANONYMOUS>/code/ReVeal/Devign/trainer.py", line 97  	Step 767		Train Loss    141.450	Valid Loss   260.835	f1: 49.62	Patience 9	
[08/19/2022 - 19:49:03] File "/home/<ANONYMOUS>/code/ReVeal/Devign/trainer.py", line 99  	====================================================================================================	
[08/19/2022 - 19:49:23] File "/home/<ANONYMOUS>/code/ReVeal/Devign/trainer.py", line 97  	Step 831		Train Loss    140.631	Valid Loss   276.496	f1: 37.33	Patience 10	
[08/19/2022 - 19:49:23] File "/home/<ANONYMOUS>/code/ReVeal/Devign/trainer.py", line 99  	====================================================================================================	
[08/19/2022 - 19:49:44] File "/home/<ANONYMOUS>/code/ReVeal/Devign/trainer.py", line 97  	Step 895		Train Loss    148.139	Valid Loss   259.153	f1: 53.12	Patience 11	
[08/19/2022 - 19:49:44] File "/home/<ANONYMOUS>/code/ReVeal/Devign/trainer.py", line 99  	====================================================================================================	
[08/19/2022 - 19:50:06] File "/home/<ANONYMOUS>/code/ReVeal/Devign/trainer.py", line 97  	Step 959		Train Loss    132.429	Valid Loss   267.282	f1: 46.73	Patience 12	
[08/19/2022 - 19:50:06] File "/home/<ANONYMOUS>/code/ReVeal/Devign/trainer.py", line 99  	====================================================================================================	
[08/19/2022 - 19:50:26] File "/home/<ANONYMOUS>/code/ReVeal/Devign/trainer.py", line 97  	Step 1023		Train Loss    137.022	Valid Loss   259.016	f1: 55.95	Patience 13	
[08/19/2022 - 19:50:26] File "/home/<ANONYMOUS>/code/ReVeal/Devign/trainer.py", line 99  	====================================================================================================	
[08/19/2022 - 19:50:47] File "/home/<ANONYMOUS>/code/ReVeal/Devign/trainer.py", line 97  	Step 1087		Train Loss    131.976	Valid Loss   266.355	f1: 45.64	Patience 14	
[08/19/2022 - 19:50:47] File "/home/<ANONYMOUS>/code/ReVeal/Devign/trainer.py", line 99  	====================================================================================================	
[08/19/2022 - 19:51:09] File "/home/<ANONYMOUS>/code/ReVeal/Devign/trainer.py", line 97  	Step 1151		Train Loss    126.917	Valid Loss   265.710	f1: 47.06	Patience 15	
[08/19/2022 - 19:51:09] File "/home/<ANONYMOUS>/code/ReVeal/Devign/trainer.py", line 99  	====================================================================================================	
[08/19/2022 - 19:51:30] File "/home/<ANONYMOUS>/code/ReVeal/Devign/trainer.py", line 97  	Step 1215		Train Loss    123.653	Valid Loss   262.414	f1: 55.06	Patience 16	
[08/19/2022 - 19:51:30] File "/home/<ANONYMOUS>/code/ReVeal/Devign/trainer.py", line 99  	====================================================================================================	
[08/19/2022 - 19:51:50] File "/home/<ANONYMOUS>/code/ReVeal/Devign/trainer.py", line 97  	Step 1279		Train Loss    122.196	Valid Loss   266.417	f1: 44.80	Patience 17	
[08/19/2022 - 19:51:50] File "/home/<ANONYMOUS>/code/ReVeal/Devign/trainer.py", line 99  	====================================================================================================	
[08/19/2022 - 19:52:09] File "/home/<ANONYMOUS>/code/ReVeal/Devign/trainer.py", line 97  	Step 1343		Train Loss    121.997	Valid Loss   264.536	f1: 52.80	Patience 18	
[08/19/2022 - 19:52:09] File "/home/<ANONYMOUS>/code/ReVeal/Devign/trainer.py", line 99  	====================================================================================================	
[08/19/2022 - 19:52:32] File "/home/<ANONYMOUS>/code/ReVeal/Devign/trainer.py", line 97  	Step 1407		Train Loss    118.109	Valid Loss   266.004	f1: 50.80	Patience 19	
[08/19/2022 - 19:52:32] File "/home/<ANONYMOUS>/code/ReVeal/Devign/trainer.py", line 99  	====================================================================================================	
[08/19/2022 - 19:52:52] File "/home/<ANONYMOUS>/code/ReVeal/Devign/trainer.py", line 97  	Step 1471		Train Loss    112.807	Valid Loss   273.229	f1: 45.16	Patience 20	
[08/19/2022 - 19:52:52] File "/home/<ANONYMOUS>/code/ReVeal/Devign/trainer.py", line 99  	====================================================================================================	
[08/19/2022 - 19:53:12] File "/home/<ANONYMOUS>/code/ReVeal/Devign/trainer.py", line 97  	Step 1535		Train Loss    111.120	Valid Loss   268.136	f1: 50.82	Patience 21	
[08/19/2022 - 19:53:12] File "/home/<ANONYMOUS>/code/ReVeal/Devign/trainer.py", line 99  	====================================================================================================	
[08/19/2022 - 19:53:36] File "/home/<ANONYMOUS>/code/ReVeal/Devign/trainer.py", line 97  	Step 1599		Train Loss    107.956	Valid Loss   268.143	f1: 51.52	Patience 22	
[08/19/2022 - 19:53:36] File "/home/<ANONYMOUS>/code/ReVeal/Devign/trainer.py", line 99  	====================================================================================================	
[08/19/2022 - 19:53:56] File "/home/<ANONYMOUS>/code/ReVeal/Devign/trainer.py", line 97  	Step 1663		Train Loss    110.202	Valid Loss   276.367	f1: 47.48	Patience 23	
[08/19/2022 - 19:53:56] File "/home/<ANONYMOUS>/code/ReVeal/Devign/trainer.py", line 99  	====================================================================================================	
[08/19/2022 - 19:54:16] File "/home/<ANONYMOUS>/code/ReVeal/Devign/trainer.py", line 97  	Step 1727		Train Loss    109.882	Valid Loss   257.306	f1: 52.62	Patience 24	
[08/19/2022 - 19:54:16] File "/home/<ANONYMOUS>/code/ReVeal/Devign/trainer.py", line 99  	====================================================================================================	
[08/19/2022 - 19:54:39] File "/home/<ANONYMOUS>/code/ReVeal/Devign/trainer.py", line 97  	Step 1791		Train Loss    104.904	Valid Loss   286.820	f1: 52.42	Patience 25	
[08/19/2022 - 19:54:39] File "/home/<ANONYMOUS>/code/ReVeal/Devign/trainer.py", line 99  	====================================================================================================	
[08/19/2022 - 19:54:59] File "/home/<ANONYMOUS>/code/ReVeal/Devign/trainer.py", line 97  	Step 1855		Train Loss    105.444	Valid Loss   288.742	f1: 58.68	Patience 0	
[08/19/2022 - 19:54:59] File "/home/<ANONYMOUS>/code/ReVeal/Devign/trainer.py", line 99  	====================================================================================================	
[08/19/2022 - 19:55:18] File "/home/<ANONYMOUS>/code/ReVeal/Devign/trainer.py", line 97  	Step 1919		Train Loss    102.010	Valid Loss   274.537	f1: 47.69	Patience 1	
[08/19/2022 - 19:55:18] File "/home/<ANONYMOUS>/code/ReVeal/Devign/trainer.py", line 99  	====================================================================================================	
[08/19/2022 - 19:55:41] File "/home/<ANONYMOUS>/code/ReVeal/Devign/trainer.py", line 97  	Step 1983		Train Loss     98.614	Valid Loss   266.429	f1: 54.40	Patience 2	
[08/19/2022 - 19:55:41] File "/home/<ANONYMOUS>/code/ReVeal/Devign/trainer.py", line 99  	====================================================================================================	
[08/19/2022 - 19:56:00] File "/home/<ANONYMOUS>/code/ReVeal/Devign/trainer.py", line 97  	Step 2047		Train Loss     94.369	Valid Loss   270.242	f1: 47.13	Patience 3	
[08/19/2022 - 19:56:00] File "/home/<ANONYMOUS>/code/ReVeal/Devign/trainer.py", line 99  	====================================================================================================	
[08/19/2022 - 19:56:21] File "/home/<ANONYMOUS>/code/ReVeal/Devign/trainer.py", line 97  	Step 2111		Train Loss     94.730	Valid Loss   272.539	f1: 53.88	Patience 4	
[08/19/2022 - 19:56:21] File "/home/<ANONYMOUS>/code/ReVeal/Devign/trainer.py", line 99  	====================================================================================================	
[08/19/2022 - 19:56:44] File "/home/<ANONYMOUS>/code/ReVeal/Devign/trainer.py", line 97  	Step 2175		Train Loss     92.219	Valid Loss   341.742	f1: 57.56	Patience 5	
[08/19/2022 - 19:56:44] File "/home/<ANONYMOUS>/code/ReVeal/Devign/trainer.py", line 99  	====================================================================================================	
[08/19/2022 - 19:57:04] File "/home/<ANONYMOUS>/code/ReVeal/Devign/trainer.py", line 97  	Step 2239		Train Loss     92.206	Valid Loss   278.490	f1: 50.21	Patience 6	
[08/19/2022 - 19:57:04] File "/home/<ANONYMOUS>/code/ReVeal/Devign/trainer.py", line 99  	====================================================================================================	
[08/19/2022 - 19:57:24] File "/home/<ANONYMOUS>/code/ReVeal/Devign/trainer.py", line 97  	Step 2303		Train Loss     91.547	Valid Loss   294.757	f1: 51.72	Patience 7	
[08/19/2022 - 19:57:24] File "/home/<ANONYMOUS>/code/ReVeal/Devign/trainer.py", line 99  	====================================================================================================	
[08/19/2022 - 19:57:47] File "/home/<ANONYMOUS>/code/ReVeal/Devign/trainer.py", line 97  	Step 2367		Train Loss     86.791	Valid Loss   293.838	f1: 54.56	Patience 8	
[08/19/2022 - 19:57:47] File "/home/<ANONYMOUS>/code/ReVeal/Devign/trainer.py", line 99  	====================================================================================================	
[08/19/2022 - 19:58:08] File "/home/<ANONYMOUS>/code/ReVeal/Devign/trainer.py", line 97  	Step 2431		Train Loss     86.670	Valid Loss   289.492	f1: 52.07	Patience 9	
[08/19/2022 - 19:58:08] File "/home/<ANONYMOUS>/code/ReVeal/Devign/trainer.py", line 99  	====================================================================================================	
[08/19/2022 - 19:58:28] File "/home/<ANONYMOUS>/code/ReVeal/Devign/trainer.py", line 97  	Step 2495		Train Loss     85.861	Valid Loss   344.726	f1: 56.30	Patience 10	
[08/19/2022 - 19:58:28] File "/home/<ANONYMOUS>/code/ReVeal/Devign/trainer.py", line 99  	====================================================================================================	
[08/19/2022 - 19:58:50] File "/home/<ANONYMOUS>/code/ReVeal/Devign/trainer.py", line 97  	Step 2559		Train Loss     84.624	Valid Loss   334.561	f1: 55.67	Patience 11	
[08/19/2022 - 19:58:50] File "/home/<ANONYMOUS>/code/ReVeal/Devign/trainer.py", line 99  	====================================================================================================	
[08/19/2022 - 19:59:09] File "/home/<ANONYMOUS>/code/ReVeal/Devign/trainer.py", line 97  	Step 2623		Train Loss     92.886	Valid Loss   336.774	f1: 55.44	Patience 12	
[08/19/2022 - 19:59:09] File "/home/<ANONYMOUS>/code/ReVeal/Devign/trainer.py", line 99  	====================================================================================================	
[08/19/2022 - 19:59:29] File "/home/<ANONYMOUS>/code/ReVeal/Devign/trainer.py", line 97  	Step 2687		Train Loss     86.960	Valid Loss   330.454	f1: 56.33	Patience 13	
[08/19/2022 - 19:59:29] File "/home/<ANONYMOUS>/code/ReVeal/Devign/trainer.py", line 99  	====================================================================================================	
[08/19/2022 - 19:59:51] File "/home/<ANONYMOUS>/code/ReVeal/Devign/trainer.py", line 97  	Step 2751		Train Loss     87.836	Valid Loss   340.249	f1: 54.44	Patience 14	
[08/19/2022 - 19:59:51] File "/home/<ANONYMOUS>/code/ReVeal/Devign/trainer.py", line 99  	====================================================================================================	
[08/19/2022 - 20:00:12] File "/home/<ANONYMOUS>/code/ReVeal/Devign/trainer.py", line 97  	Step 2815		Train Loss     86.243	Valid Loss   325.180	f1: 55.96	Patience 15	
[08/19/2022 - 20:00:12] File "/home/<ANONYMOUS>/code/ReVeal/Devign/trainer.py", line 99  	====================================================================================================	
[08/19/2022 - 20:00:32] File "/home/<ANONYMOUS>/code/ReVeal/Devign/trainer.py", line 97  	Step 2879		Train Loss     80.252	Valid Loss   365.403	f1: 55.35	Patience 16	
[08/19/2022 - 20:00:32] File "/home/<ANONYMOUS>/code/ReVeal/Devign/trainer.py", line 99  	====================================================================================================	
[08/19/2022 - 20:00:55] File "/home/<ANONYMOUS>/code/ReVeal/Devign/trainer.py", line 97  	Step 2943		Train Loss     82.372	Valid Loss   361.165	f1: 50.21	Patience 17	
[08/19/2022 - 20:00:55] File "/home/<ANONYMOUS>/code/ReVeal/Devign/trainer.py", line 99  	====================================================================================================	
[08/19/2022 - 20:01:15] File "/home/<ANONYMOUS>/code/ReVeal/Devign/trainer.py", line 97  	Step 3007		Train Loss     81.204	Valid Loss   349.966	f1: 57.21	Patience 18	
[08/19/2022 - 20:01:15] File "/home/<ANONYMOUS>/code/ReVeal/Devign/trainer.py", line 99  	====================================================================================================	
[08/19/2022 - 20:01:36] File "/home/<ANONYMOUS>/code/ReVeal/Devign/trainer.py", line 97  	Step 3071		Train Loss     79.733	Valid Loss   365.909	f1: 62.99	Patience 0	
[08/19/2022 - 20:01:36] File "/home/<ANONYMOUS>/code/ReVeal/Devign/trainer.py", line 99  	====================================================================================================	
[08/19/2022 - 20:01:58] File "/home/<ANONYMOUS>/code/ReVeal/Devign/trainer.py", line 97  	Step 3135		Train Loss    102.609	Valid Loss   360.484	f1: 54.81	Patience 1	
[08/19/2022 - 20:01:58] File "/home/<ANONYMOUS>/code/ReVeal/Devign/trainer.py", line 99  	====================================================================================================	
[08/19/2022 - 20:02:18] File "/home/<ANONYMOUS>/code/ReVeal/Devign/trainer.py", line 97  	Step 3199		Train Loss    102.188	Valid Loss   424.762	f1: 52.76	Patience 2	
[08/19/2022 - 20:02:18] File "/home/<ANONYMOUS>/code/ReVeal/Devign/trainer.py", line 99  	====================================================================================================	
[08/19/2022 - 20:02:37] File "/home/<ANONYMOUS>/code/ReVeal/Devign/trainer.py", line 97  	Step 3263		Train Loss     86.079	Valid Loss   386.700	f1: 58.21	Patience 3	
[08/19/2022 - 20:02:37] File "/home/<ANONYMOUS>/code/ReVeal/Devign/trainer.py", line 99  	====================================================================================================	
[08/19/2022 - 20:03:01] File "/home/<ANONYMOUS>/code/ReVeal/Devign/trainer.py", line 97  	Step 3327		Train Loss     85.940	Valid Loss   375.974	f1: 54.01	Patience 4	
[08/19/2022 - 20:03:01] File "/home/<ANONYMOUS>/code/ReVeal/Devign/trainer.py", line 99  	====================================================================================================	
[08/19/2022 - 20:03:21] File "/home/<ANONYMOUS>/code/ReVeal/Devign/trainer.py", line 97  	Step 3391		Train Loss     79.885	Valid Loss   424.832	f1: 61.29	Patience 5	
[08/19/2022 - 20:03:21] File "/home/<ANONYMOUS>/code/ReVeal/Devign/trainer.py", line 99  	====================================================================================================	
[08/19/2022 - 20:03:41] File "/home/<ANONYMOUS>/code/ReVeal/Devign/trainer.py", line 97  	Step 3455		Train Loss     78.193	Valid Loss   385.712	f1: 54.02	Patience 6	
[08/19/2022 - 20:03:41] File "/home/<ANONYMOUS>/code/ReVeal/Devign/trainer.py", line 99  	====================================================================================================	
[08/19/2022 - 20:04:01] File "/home/<ANONYMOUS>/code/ReVeal/Devign/trainer.py", line 97  	Step 3519		Train Loss     77.812	Valid Loss   473.369	f1: 61.14	Patience 7	
[08/19/2022 - 20:04:01] File "/home/<ANONYMOUS>/code/ReVeal/Devign/trainer.py", line 99  	====================================================================================================	
[08/19/2022 - 20:04:25] File "/home/<ANONYMOUS>/code/ReVeal/Devign/trainer.py", line 97  	Step 3583		Train Loss     73.878	Valid Loss   418.084	f1: 54.47	Patience 8	
[08/19/2022 - 20:04:25] File "/home/<ANONYMOUS>/code/ReVeal/Devign/trainer.py", line 99  	====================================================================================================	
[08/19/2022 - 20:04:44] File "/home/<ANONYMOUS>/code/ReVeal/Devign/trainer.py", line 97  	Step 3647		Train Loss     85.368	Valid Loss   383.469	f1: 57.85	Patience 9	
[08/19/2022 - 20:04:44] File "/home/<ANONYMOUS>/code/ReVeal/Devign/trainer.py", line 99  	====================================================================================================	
[08/19/2022 - 20:05:05] File "/home/<ANONYMOUS>/code/ReVeal/Devign/trainer.py", line 97  	Step 3711		Train Loss     84.590	Valid Loss   410.969	f1: 56.94	Patience 10	
[08/19/2022 - 20:05:05] File "/home/<ANONYMOUS>/code/ReVeal/Devign/trainer.py", line 99  	====================================================================================================	
[08/19/2022 - 20:05:27] File "/home/<ANONYMOUS>/code/ReVeal/Devign/trainer.py", line 97  	Step 3775		Train Loss     88.653	Valid Loss   413.811	f1: 54.37	Patience 11	
[08/19/2022 - 20:05:27] File "/home/<ANONYMOUS>/code/ReVeal/Devign/trainer.py", line 99  	====================================================================================================	
[08/19/2022 - 20:05:47] File "/home/<ANONYMOUS>/code/ReVeal/Devign/trainer.py", line 97  	Step 3839		Train Loss     79.402	Valid Loss   425.274	f1: 54.23	Patience 12	
[08/19/2022 - 20:05:47] File "/home/<ANONYMOUS>/code/ReVeal/Devign/trainer.py", line 99  	====================================================================================================	
[08/19/2022 - 20:06:08] File "/home/<ANONYMOUS>/code/ReVeal/Devign/trainer.py", line 97  	Step 3903		Train Loss     73.890	Valid Loss   422.593	f1: 55.31	Patience 13	
[08/19/2022 - 20:06:08] File "/home/<ANONYMOUS>/code/ReVeal/Devign/trainer.py", line 99  	====================================================================================================	
[08/19/2022 - 20:06:30] File "/home/<ANONYMOUS>/code/ReVeal/Devign/trainer.py", line 97  	Step 3967		Train Loss     78.310	Valid Loss   443.875	f1: 51.11	Patience 14	
[08/19/2022 - 20:06:30] File "/home/<ANONYMOUS>/code/ReVeal/Devign/trainer.py", line 99  	====================================================================================================	
[08/19/2022 - 20:06:50] File "/home/<ANONYMOUS>/code/ReVeal/Devign/trainer.py", line 97  	Step 4031		Train Loss     71.571	Valid Loss   471.495	f1: 53.19	Patience 15	
[08/19/2022 - 20:06:50] File "/home/<ANONYMOUS>/code/ReVeal/Devign/trainer.py", line 99  	====================================================================================================	
[08/19/2022 - 20:07:11] File "/home/<ANONYMOUS>/code/ReVeal/Devign/trainer.py", line 97  	Step 4095		Train Loss     73.054	Valid Loss   478.826	f1: 53.71	Patience 16	
[08/19/2022 - 20:07:11] File "/home/<ANONYMOUS>/code/ReVeal/Devign/trainer.py", line 99  	====================================================================================================	
[08/19/2022 - 20:07:33] File "/home/<ANONYMOUS>/code/ReVeal/Devign/trainer.py", line 97  	Step 4159		Train Loss     77.803	Valid Loss   464.885	f1: 57.14	Patience 17	
[08/19/2022 - 20:07:33] File "/home/<ANONYMOUS>/code/ReVeal/Devign/trainer.py", line 99  	====================================================================================================	
[08/19/2022 - 20:07:53] File "/home/<ANONYMOUS>/code/ReVeal/Devign/trainer.py", line 97  	Step 4223		Train Loss     70.048	Valid Loss   504.578	f1: 52.94	Patience 18	
[08/19/2022 - 20:07:53] File "/home/<ANONYMOUS>/code/ReVeal/Devign/trainer.py", line 99  	====================================================================================================	
[08/19/2022 - 20:08:13] File "/home/<ANONYMOUS>/code/ReVeal/Devign/trainer.py", line 97  	Step 4287		Train Loss     75.041	Valid Loss   494.129	f1: 54.66	Patience 19	
[08/19/2022 - 20:08:13] File "/home/<ANONYMOUS>/code/ReVeal/Devign/trainer.py", line 99  	====================================================================================================	
[08/19/2022 - 20:08:36] File "/home/<ANONYMOUS>/code/ReVeal/Devign/trainer.py", line 97  	Step 4351		Train Loss     70.649	Valid Loss   538.716	f1: 55.80	Patience 20	
[08/19/2022 - 20:08:36] File "/home/<ANONYMOUS>/code/ReVeal/Devign/trainer.py", line 99  	====================================================================================================	
[08/19/2022 - 20:08:56] File "/home/<ANONYMOUS>/code/ReVeal/Devign/trainer.py", line 97  	Step 4415		Train Loss     72.537	Valid Loss   544.973	f1: 57.38	Patience 21	
[08/19/2022 - 20:08:56] File "/home/<ANONYMOUS>/code/ReVeal/Devign/trainer.py", line 99  	====================================================================================================	
[08/19/2022 - 20:09:16] File "/home/<ANONYMOUS>/code/ReVeal/Devign/trainer.py", line 97  	Step 4479		Train Loss     75.279	Valid Loss   598.719	f1: 57.56	Patience 22	
[08/19/2022 - 20:09:16] File "/home/<ANONYMOUS>/code/ReVeal/Devign/trainer.py", line 99  	====================================================================================================	
[08/19/2022 - 20:09:40] File "/home/<ANONYMOUS>/code/ReVeal/Devign/trainer.py", line 97  	Step 4543		Train Loss     68.722	Valid Loss   523.953	f1: 51.55	Patience 23	
[08/19/2022 - 20:09:40] File "/home/<ANONYMOUS>/code/ReVeal/Devign/trainer.py", line 99  	====================================================================================================	
[08/19/2022 - 20:09:59] File "/home/<ANONYMOUS>/code/ReVeal/Devign/trainer.py", line 97  	Step 4607		Train Loss     66.286	Valid Loss   603.988	f1: 59.30	Patience 24	
[08/19/2022 - 20:09:59] File "/home/<ANONYMOUS>/code/ReVeal/Devign/trainer.py", line 99  	====================================================================================================	
[08/19/2022 - 20:10:20] File "/home/<ANONYMOUS>/code/ReVeal/Devign/trainer.py", line 97  	Step 4671		Train Loss     68.816	Valid Loss   566.860	f1: 56.70	Patience 25	
[08/19/2022 - 20:10:20] File "/home/<ANONYMOUS>/code/ReVeal/Devign/trainer.py", line 99  	====================================================================================================	
[08/19/2022 - 20:10:44] File "/home/<ANONYMOUS>/code/ReVeal/Devign/trainer.py", line 97  	Step 4735		Train Loss     65.930	Valid Loss   641.659	f1: 57.39	Patience 26	
[08/19/2022 - 20:10:44] File "/home/<ANONYMOUS>/code/ReVeal/Devign/trainer.py", line 99  	====================================================================================================	
[08/19/2022 - 20:11:04] File "/home/<ANONYMOUS>/code/ReVeal/Devign/trainer.py", line 97  	Step 4799		Train Loss     62.958	Valid Loss   641.681	f1: 62.88	Patience 27	
[08/19/2022 - 20:11:04] File "/home/<ANONYMOUS>/code/ReVeal/Devign/trainer.py", line 99  	====================================================================================================	
[08/19/2022 - 20:11:25] File "/home/<ANONYMOUS>/code/ReVeal/Devign/trainer.py", line 97  	Step 4863		Train Loss     64.008	Valid Loss   592.040	f1: 57.23	Patience 28	
[08/19/2022 - 20:11:25] File "/home/<ANONYMOUS>/code/ReVeal/Devign/trainer.py", line 99  	====================================================================================================	
[08/19/2022 - 20:11:50] File "/home/<ANONYMOUS>/code/ReVeal/Devign/trainer.py", line 97  	Step 4927		Train Loss     62.036	Valid Loss   601.628	f1: 56.87	Patience 29	
[08/19/2022 - 20:11:50] File "/home/<ANONYMOUS>/code/ReVeal/Devign/trainer.py", line 99  	====================================================================================================	
[08/19/2022 - 20:12:09] File "/home/<ANONYMOUS>/code/ReVeal/Devign/trainer.py", line 97  	Step 4991		Train Loss     63.173	Valid Loss   615.220	f1: 56.24	Patience 30	
[08/19/2022 - 20:12:09] File "/home/<ANONYMOUS>/code/ReVeal/Devign/trainer.py", line 99  	====================================================================================================	
[08/19/2022 - 20:12:28] File "/home/<ANONYMOUS>/code/ReVeal/Devign/trainer.py", line 97  	Step 5055		Train Loss     62.888	Valid Loss   676.819	f1: 56.30	Patience 31	
[08/19/2022 - 20:12:28] File "/home/<ANONYMOUS>/code/ReVeal/Devign/trainer.py", line 99  	====================================================================================================	
[08/19/2022 - 20:12:52] File "/home/<ANONYMOUS>/code/ReVeal/Devign/trainer.py", line 97  	Step 5119		Train Loss     65.057	Valid Loss   623.515	f1: 51.62	Patience 32	
[08/19/2022 - 20:12:52] File "/home/<ANONYMOUS>/code/ReVeal/Devign/trainer.py", line 99  	====================================================================================================	
[08/19/2022 - 20:13:11] File "/home/<ANONYMOUS>/code/ReVeal/Devign/trainer.py", line 97  	Step 5183		Train Loss     61.178	Valid Loss   644.600	f1: 55.51	Patience 33	
[08/19/2022 - 20:13:11] File "/home/<ANONYMOUS>/code/ReVeal/Devign/trainer.py", line 99  	====================================================================================================	
[08/19/2022 - 20:13:31] File "/home/<ANONYMOUS>/code/ReVeal/Devign/trainer.py", line 97  	Step 5247		Train Loss     62.723	Valid Loss   675.545	f1: 56.15	Patience 34	
[08/19/2022 - 20:13:31] File "/home/<ANONYMOUS>/code/ReVeal/Devign/trainer.py", line 99  	====================================================================================================	
[08/19/2022 - 20:13:52] File "/home/<ANONYMOUS>/code/ReVeal/Devign/trainer.py", line 97  	Step 5311		Train Loss     60.044	Valid Loss   678.691	f1: 61.50	Patience 35	
[08/19/2022 - 20:13:52] File "/home/<ANONYMOUS>/code/ReVeal/Devign/trainer.py", line 99  	====================================================================================================	
[08/19/2022 - 20:14:13] File "/home/<ANONYMOUS>/code/ReVeal/Devign/trainer.py", line 97  	Step 5375		Train Loss     71.889	Valid Loss   662.228	f1: 55.73	Patience 36	
[08/19/2022 - 20:14:13] File "/home/<ANONYMOUS>/code/ReVeal/Devign/trainer.py", line 99  	====================================================================================================	
[08/19/2022 - 20:14:33] File "/home/<ANONYMOUS>/code/ReVeal/Devign/trainer.py", line 97  	Step 5439		Train Loss     67.187	Valid Loss   717.460	f1: 58.18	Patience 37	
[08/19/2022 - 20:14:33] File "/home/<ANONYMOUS>/code/ReVeal/Devign/trainer.py", line 99  	====================================================================================================	
[08/19/2022 - 20:14:53] File "/home/<ANONYMOUS>/code/ReVeal/Devign/trainer.py", line 97  	Step 5503		Train Loss     59.617	Valid Loss   737.557	f1: 58.85	Patience 38	
[08/19/2022 - 20:14:53] File "/home/<ANONYMOUS>/code/ReVeal/Devign/trainer.py", line 99  	====================================================================================================	
[08/19/2022 - 20:15:16] File "/home/<ANONYMOUS>/code/ReVeal/Devign/trainer.py", line 97  	Step 5567		Train Loss     65.068	Valid Loss   742.123	f1: 59.51	Patience 39	
[08/19/2022 - 20:15:16] File "/home/<ANONYMOUS>/code/ReVeal/Devign/trainer.py", line 99  	====================================================================================================	
[08/19/2022 - 20:15:36] File "/home/<ANONYMOUS>/code/ReVeal/Devign/trainer.py", line 97  	Step 5631		Train Loss     58.504	Valid Loss   792.723	f1: 60.24	Patience 40	
[08/19/2022 - 20:15:36] File "/home/<ANONYMOUS>/code/ReVeal/Devign/trainer.py", line 99  	====================================================================================================	
[08/19/2022 - 20:15:56] File "/home/<ANONYMOUS>/code/ReVeal/Devign/trainer.py", line 97  	Step 5695		Train Loss     70.928	Valid Loss   698.288	f1: 60.66	Patience 41	
[08/19/2022 - 20:15:56] File "/home/<ANONYMOUS>/code/ReVeal/Devign/trainer.py", line 99  	====================================================================================================	
[08/19/2022 - 20:16:19] File "/home/<ANONYMOUS>/code/ReVeal/Devign/trainer.py", line 97  	Step 5759		Train Loss     62.404	Valid Loss   678.032	f1: 56.02	Patience 42	
[08/19/2022 - 20:16:19] File "/home/<ANONYMOUS>/code/ReVeal/Devign/trainer.py", line 99  	====================================================================================================	
[08/19/2022 - 20:16:38] File "/home/<ANONYMOUS>/code/ReVeal/Devign/trainer.py", line 97  	Step 5823		Train Loss     64.471	Valid Loss   824.959	f1: 61.84	Patience 43	
[08/19/2022 - 20:16:38] File "/home/<ANONYMOUS>/code/ReVeal/Devign/trainer.py", line 99  	====================================================================================================	
[08/19/2022 - 20:16:59] File "/home/<ANONYMOUS>/code/ReVeal/Devign/trainer.py", line 97  	Step 5887		Train Loss     69.161	Valid Loss   722.446	f1: 53.88	Patience 44	
[08/19/2022 - 20:16:59] File "/home/<ANONYMOUS>/code/ReVeal/Devign/trainer.py", line 99  	====================================================================================================	
[08/19/2022 - 20:17:21] File "/home/<ANONYMOUS>/code/ReVeal/Devign/trainer.py", line 97  	Step 5951		Train Loss     64.833	Valid Loss   664.294	f1: 56.12	Patience 45	
[08/19/2022 - 20:17:21] File "/home/<ANONYMOUS>/code/ReVeal/Devign/trainer.py", line 99  	====================================================================================================	
[08/19/2022 - 20:17:41] File "/home/<ANONYMOUS>/code/ReVeal/Devign/trainer.py", line 97  	Step 6015		Train Loss     69.990	Valid Loss   764.042	f1: 61.95	Patience 46	
[08/19/2022 - 20:17:41] File "/home/<ANONYMOUS>/code/ReVeal/Devign/trainer.py", line 99  	====================================================================================================	
[08/19/2022 - 20:18:00] File "/home/<ANONYMOUS>/code/ReVeal/Devign/trainer.py", line 97  	Step 6079		Train Loss     62.003	Valid Loss   784.515	f1: 57.08	Patience 47	
[08/19/2022 - 20:18:00] File "/home/<ANONYMOUS>/code/ReVeal/Devign/trainer.py", line 99  	====================================================================================================	
[08/19/2022 - 20:18:24] File "/home/<ANONYMOUS>/code/ReVeal/Devign/trainer.py", line 97  	Step 6143		Train Loss     66.500	Valid Loss   749.120	f1: 54.32	Patience 48	
[08/19/2022 - 20:18:24] File "/home/<ANONYMOUS>/code/ReVeal/Devign/trainer.py", line 99  	====================================================================================================	
[08/19/2022 - 20:18:43] File "/home/<ANONYMOUS>/code/ReVeal/Devign/trainer.py", line 97  	Step 6207		Train Loss     69.190	Valid Loss   772.012	f1: 58.11	Patience 49	
[08/19/2022 - 20:18:43] File "/home/<ANONYMOUS>/code/ReVeal/Devign/trainer.py", line 99  	====================================================================================================	
[08/19/2022 - 20:19:03] File "/home/<ANONYMOUS>/code/ReVeal/Devign/trainer.py", line 97  	Step 6271		Train Loss     70.017	Valid Loss   776.277	f1: 55.90	Patience 50	
[08/19/2022 - 20:19:03] File "/home/<ANONYMOUS>/code/ReVeal/Devign/trainer.py", line 99  	====================================================================================================	
[08/19/2022 - 20:19:27] File "/home/<ANONYMOUS>/code/ReVeal/Devign/trainer.py", line 97  	Step 6335		Train Loss     62.938	Valid Loss   717.467	f1: 56.42	Patience 51	
[08/19/2022 - 20:19:27] File "/home/<ANONYMOUS>/code/ReVeal/Devign/trainer.py", line 99  	====================================================================================================	
[08/19/2022 - 20:19:47] File "/home/<ANONYMOUS>/code/ReVeal/Devign/trainer.py", line 97  	Step 6399		Train Loss     57.438	Valid Loss   725.111	f1: 56.94	Patience 52	
[08/19/2022 - 20:19:47] File "/home/<ANONYMOUS>/code/ReVeal/Devign/trainer.py", line 99  	====================================================================================================	
[08/19/2022 - 20:20:07] File "/home/<ANONYMOUS>/code/ReVeal/Devign/trainer.py", line 97  	Step 6463		Train Loss     62.983	Valid Loss   805.171	f1: 60.86	Patience 53	
[08/19/2022 - 20:20:07] File "/home/<ANONYMOUS>/code/ReVeal/Devign/trainer.py", line 99  	====================================================================================================	
[08/19/2022 - 20:20:30] File "/home/<ANONYMOUS>/code/ReVeal/Devign/trainer.py", line 97  	Step 6527		Train Loss     68.773	Valid Loss   815.084	f1: 56.59	Patience 54	
[08/19/2022 - 20:20:30] File "/home/<ANONYMOUS>/code/ReVeal/Devign/trainer.py", line 99  	====================================================================================================	
[08/19/2022 - 20:20:49] File "/home/<ANONYMOUS>/code/ReVeal/Devign/trainer.py", line 97  	Step 6591		Train Loss     62.352	Valid Loss   807.358	f1: 60.12	Patience 55	
[08/19/2022 - 20:20:49] File "/home/<ANONYMOUS>/code/ReVeal/Devign/trainer.py", line 99  	====================================================================================================	
[08/19/2022 - 20:21:08] File "/home/<ANONYMOUS>/code/ReVeal/Devign/trainer.py", line 97  	Step 6655		Train Loss     79.836	Valid Loss   725.872	f1: 54.28	Patience 56	
[08/19/2022 - 20:21:08] File "/home/<ANONYMOUS>/code/ReVeal/Devign/trainer.py", line 99  	====================================================================================================	
[08/19/2022 - 20:21:32] File "/home/<ANONYMOUS>/code/ReVeal/Devign/trainer.py", line 97  	Step 6719		Train Loss     68.025	Valid Loss   767.833	f1: 58.42	Patience 57	
[08/19/2022 - 20:21:32] File "/home/<ANONYMOUS>/code/ReVeal/Devign/trainer.py", line 99  	====================================================================================================	
[08/19/2022 - 20:21:51] File "/home/<ANONYMOUS>/code/ReVeal/Devign/trainer.py", line 97  	Step 6783		Train Loss     58.894	Valid Loss   826.997	f1: 62.91	Patience 58	
[08/19/2022 - 20:21:51] File "/home/<ANONYMOUS>/code/ReVeal/Devign/trainer.py", line 99  	====================================================================================================	
[08/19/2022 - 20:22:11] File "/home/<ANONYMOUS>/code/ReVeal/Devign/trainer.py", line 97  	Step 6847		Train Loss     64.448	Valid Loss   856.235	f1: 58.43	Patience 59	
[08/19/2022 - 20:22:11] File "/home/<ANONYMOUS>/code/ReVeal/Devign/trainer.py", line 99  	====================================================================================================	
[08/19/2022 - 20:22:35] File "/home/<ANONYMOUS>/code/ReVeal/Devign/trainer.py", line 97  	Step 6911		Train Loss     64.849	Valid Loss   838.250	f1: 57.01	Patience 60	
[08/19/2022 - 20:22:35] File "/home/<ANONYMOUS>/code/ReVeal/Devign/trainer.py", line 99  	====================================================================================================	
[08/19/2022 - 20:22:55] File "/home/<ANONYMOUS>/code/ReVeal/Devign/trainer.py", line 97  	Step 6975		Train Loss     69.379	Valid Loss   891.475	f1: 60.88	Patience 61	
[08/19/2022 - 20:22:55] File "/home/<ANONYMOUS>/code/ReVeal/Devign/trainer.py", line 99  	====================================================================================================	
[08/19/2022 - 20:23:15] File "/home/<ANONYMOUS>/code/ReVeal/Devign/trainer.py", line 97  	Step 7039		Train Loss     57.193	Valid Loss   859.074	f1: 58.42	Patience 62	
[08/19/2022 - 20:23:15] File "/home/<ANONYMOUS>/code/ReVeal/Devign/trainer.py", line 99  	====================================================================================================	
[08/19/2022 - 20:23:39] File "/home/<ANONYMOUS>/code/ReVeal/Devign/trainer.py", line 97  	Step 7103		Train Loss     54.839	Valid Loss   819.971	f1: 59.75	Patience 63	
[08/19/2022 - 20:23:39] File "/home/<ANONYMOUS>/code/ReVeal/Devign/trainer.py", line 99  	====================================================================================================	
[08/19/2022 - 20:23:58] File "/home/<ANONYMOUS>/code/ReVeal/Devign/trainer.py", line 97  	Step 7167		Train Loss     68.718	Valid Loss   816.456	f1: 57.37	Patience 64	
[08/19/2022 - 20:23:58] File "/home/<ANONYMOUS>/code/ReVeal/Devign/trainer.py", line 99  	====================================================================================================	
[08/19/2022 - 20:24:19] File "/home/<ANONYMOUS>/code/ReVeal/Devign/trainer.py", line 97  	Step 7231		Train Loss     62.428	Valid Loss   850.031	f1: 59.54	Patience 65	
[08/19/2022 - 20:24:19] File "/home/<ANONYMOUS>/code/ReVeal/Devign/trainer.py", line 99  	====================================================================================================	
[08/19/2022 - 20:24:39] File "/home/<ANONYMOUS>/code/ReVeal/Devign/trainer.py", line 97  	Step 7295		Train Loss     54.015	Valid Loss   817.076	f1: 57.23	Patience 66	
[08/19/2022 - 20:24:39] File "/home/<ANONYMOUS>/code/ReVeal/Devign/trainer.py", line 99  	====================================================================================================	
[08/19/2022 - 20:25:03] File "/home/<ANONYMOUS>/code/ReVeal/Devign/trainer.py", line 97  	Step 7359		Train Loss     56.717	Valid Loss   866.624	f1: 58.00	Patience 67	
[08/19/2022 - 20:25:03] File "/home/<ANONYMOUS>/code/ReVeal/Devign/trainer.py", line 99  	====================================================================================================	
[08/19/2022 - 20:25:23] File "/home/<ANONYMOUS>/code/ReVeal/Devign/trainer.py", line 97  	Step 7423		Train Loss     53.478	Valid Loss   821.676	f1: 55.44	Patience 68	
[08/19/2022 - 20:25:23] File "/home/<ANONYMOUS>/code/ReVeal/Devign/trainer.py", line 99  	====================================================================================================	
[08/19/2022 - 20:25:42] File "/home/<ANONYMOUS>/code/ReVeal/Devign/trainer.py", line 97  	Step 7487		Train Loss     57.027	Valid Loss   858.403	f1: 54.35	Patience 69	
[08/19/2022 - 20:25:42] File "/home/<ANONYMOUS>/code/ReVeal/Devign/trainer.py", line 99  	====================================================================================================	
[08/19/2022 - 20:26:05] File "/home/<ANONYMOUS>/code/ReVeal/Devign/trainer.py", line 97  	Step 7551		Train Loss     52.124	Valid Loss   901.853	f1: 56.51	Patience 70	
[08/19/2022 - 20:26:05] File "/home/<ANONYMOUS>/code/ReVeal/Devign/trainer.py", line 99  	====================================================================================================	
[08/19/2022 - 20:26:25] File "/home/<ANONYMOUS>/code/ReVeal/Devign/trainer.py", line 97  	Step 7615		Train Loss     63.529	Valid Loss   946.238	f1: 59.15	Patience 71	
[08/19/2022 - 20:26:25] File "/home/<ANONYMOUS>/code/ReVeal/Devign/trainer.py", line 99  	====================================================================================================	
[08/19/2022 - 20:26:49] File "/home/<ANONYMOUS>/code/ReVeal/Devign/trainer.py", line 97  	Step 7679		Train Loss     52.469	Valid Loss   967.836	f1: 61.66	Patience 72	
[08/19/2022 - 20:26:49] File "/home/<ANONYMOUS>/code/ReVeal/Devign/trainer.py", line 99  	====================================================================================================	
[08/19/2022 - 20:27:10] File "/home/<ANONYMOUS>/code/ReVeal/Devign/trainer.py", line 97  	Step 7743		Train Loss     59.918	Valid Loss   878.861	f1: 54.05	Patience 73	
[08/19/2022 - 20:27:10] File "/home/<ANONYMOUS>/code/ReVeal/Devign/trainer.py", line 99  	====================================================================================================	
[08/19/2022 - 20:27:29] File "/home/<ANONYMOUS>/code/ReVeal/Devign/trainer.py", line 97  	Step 7807		Train Loss     59.772	Valid Loss   922.571	f1: 61.07	Patience 74	
[08/19/2022 - 20:27:29] File "/home/<ANONYMOUS>/code/ReVeal/Devign/trainer.py", line 99  	====================================================================================================	
[08/19/2022 - 20:27:49] File "/home/<ANONYMOUS>/code/ReVeal/Devign/trainer.py", line 97  	Step 7871		Train Loss     50.857	Valid Loss   947.997	f1: 59.17	Patience 75	
[08/19/2022 - 20:27:49] File "/home/<ANONYMOUS>/code/ReVeal/Devign/trainer.py", line 99  	====================================================================================================	
[08/19/2022 - 20:28:12] File "/home/<ANONYMOUS>/code/ReVeal/Devign/trainer.py", line 97  	Step 7935		Train Loss     56.639	Valid Loss   879.154	f1: 56.89	Patience 76	
[08/19/2022 - 20:28:12] File "/home/<ANONYMOUS>/code/ReVeal/Devign/trainer.py", line 99  	====================================================================================================	
[08/19/2022 - 20:28:32] File "/home/<ANONYMOUS>/code/ReVeal/Devign/trainer.py", line 97  	Step 7999		Train Loss     51.457	Valid Loss   940.354	f1: 57.41	Patience 77	
[08/19/2022 - 20:28:32] File "/home/<ANONYMOUS>/code/ReVeal/Devign/trainer.py", line 99  	====================================================================================================	
[08/19/2022 - 20:28:51] File "/home/<ANONYMOUS>/code/ReVeal/Devign/trainer.py", line 97  	Step 8063		Train Loss     51.815	Valid Loss   893.641	f1: 50.90	Patience 78	
[08/19/2022 - 20:28:51] File "/home/<ANONYMOUS>/code/ReVeal/Devign/trainer.py", line 99  	====================================================================================================	
[08/19/2022 - 20:29:15] File "/home/<ANONYMOUS>/code/ReVeal/Devign/trainer.py", line 97  	Step 8127		Train Loss     56.511	Valid Loss   912.585	f1: 56.22	Patience 79	
[08/19/2022 - 20:29:15] File "/home/<ANONYMOUS>/code/ReVeal/Devign/trainer.py", line 99  	====================================================================================================	
[08/19/2022 - 20:29:34] File "/home/<ANONYMOUS>/code/ReVeal/Devign/trainer.py", line 97  	Step 8191		Train Loss     51.935	Valid Loss   910.568	f1: 58.31	Patience 80	
[08/19/2022 - 20:29:34] File "/home/<ANONYMOUS>/code/ReVeal/Devign/trainer.py", line 99  	====================================================================================================	
[08/19/2022 - 20:29:54] File "/home/<ANONYMOUS>/code/ReVeal/Devign/trainer.py", line 97  	Step 8255		Train Loss     61.587	Valid Loss   996.381	f1: 54.65	Patience 81	
[08/19/2022 - 20:29:54] File "/home/<ANONYMOUS>/code/ReVeal/Devign/trainer.py", line 99  	====================================================================================================	
[08/19/2022 - 20:30:18] File "/home/<ANONYMOUS>/code/ReVeal/Devign/trainer.py", line 97  	Step 8319		Train Loss     55.310	Valid Loss   927.237	f1: 54.10	Patience 82	
[08/19/2022 - 20:30:18] File "/home/<ANONYMOUS>/code/ReVeal/Devign/trainer.py", line 99  	====================================================================================================	
[08/19/2022 - 20:30:36] File "/home/<ANONYMOUS>/code/ReVeal/Devign/trainer.py", line 97  	Step 8383		Train Loss     53.370	Valid Loss   896.671	f1: 54.99	Patience 83	
[08/19/2022 - 20:30:36] File "/home/<ANONYMOUS>/code/ReVeal/Devign/trainer.py", line 99  	====================================================================================================	
[08/19/2022 - 20:30:57] File "/home/<ANONYMOUS>/code/ReVeal/Devign/trainer.py", line 97  	Step 8447		Train Loss     58.297	Valid Loss   934.232	f1: 55.61	Patience 84	
[08/19/2022 - 20:30:57] File "/home/<ANONYMOUS>/code/ReVeal/Devign/trainer.py", line 99  	====================================================================================================	
[08/19/2022 - 20:31:21] File "/home/<ANONYMOUS>/code/ReVeal/Devign/trainer.py", line 97  	Step 8511		Train Loss     67.089	Valid Loss   989.154	f1: 58.53	Patience 85	
[08/19/2022 - 20:31:21] File "/home/<ANONYMOUS>/code/ReVeal/Devign/trainer.py", line 99  	====================================================================================================	
[08/19/2022 - 20:31:40] File "/home/<ANONYMOUS>/code/ReVeal/Devign/trainer.py", line 97  	Step 8575		Train Loss     53.268	Valid Loss  1048.765	f1: 58.76	Patience 86	
[08/19/2022 - 20:31:40] File "/home/<ANONYMOUS>/code/ReVeal/Devign/trainer.py", line 99  	====================================================================================================	
[08/19/2022 - 20:32:00] File "/home/<ANONYMOUS>/code/ReVeal/Devign/trainer.py", line 97  	Step 8639		Train Loss     58.495	Valid Loss   983.215	f1: 56.24	Patience 87	
[08/19/2022 - 20:32:00] File "/home/<ANONYMOUS>/code/ReVeal/Devign/trainer.py", line 99  	====================================================================================================	
[08/19/2022 - 20:32:24] File "/home/<ANONYMOUS>/code/ReVeal/Devign/trainer.py", line 97  	Step 8703		Train Loss     50.248	Valid Loss   924.504	f1: 56.90	Patience 88	
[08/19/2022 - 20:32:24] File "/home/<ANONYMOUS>/code/ReVeal/Devign/trainer.py", line 99  	====================================================================================================	
[08/19/2022 - 20:32:43] File "/home/<ANONYMOUS>/code/ReVeal/Devign/trainer.py", line 97  	Step 8767		Train Loss     50.702	Valid Loss  1075.633	f1: 55.64	Patience 89	
[08/19/2022 - 20:32:43] File "/home/<ANONYMOUS>/code/ReVeal/Devign/trainer.py", line 99  	====================================================================================================	
[08/19/2022 - 20:33:02] File "/home/<ANONYMOUS>/code/ReVeal/Devign/trainer.py", line 97  	Step 8831		Train Loss     66.668	Valid Loss   954.843	f1: 53.17	Patience 90	
[08/19/2022 - 20:33:02] File "/home/<ANONYMOUS>/code/ReVeal/Devign/trainer.py", line 99  	====================================================================================================	
[08/19/2022 - 20:33:26] File "/home/<ANONYMOUS>/code/ReVeal/Devign/trainer.py", line 97  	Step 8895		Train Loss     56.327	Valid Loss   949.380	f1: 54.52	Patience 91	
[08/19/2022 - 20:33:26] File "/home/<ANONYMOUS>/code/ReVeal/Devign/trainer.py", line 99  	====================================================================================================	
[08/19/2022 - 20:33:46] File "/home/<ANONYMOUS>/code/ReVeal/Devign/trainer.py", line 97  	Step 8959		Train Loss     63.105	Valid Loss  1053.336	f1: 58.57	Patience 92	
[08/19/2022 - 20:33:46] File "/home/<ANONYMOUS>/code/ReVeal/Devign/trainer.py", line 99  	====================================================================================================	
[08/19/2022 - 20:34:06] File "/home/<ANONYMOUS>/code/ReVeal/Devign/trainer.py", line 97  	Step 9023		Train Loss     66.335	Valid Loss   950.343	f1: 55.99	Patience 93	
[08/19/2022 - 20:34:06] File "/home/<ANONYMOUS>/code/ReVeal/Devign/trainer.py", line 99  	====================================================================================================	
[08/19/2022 - 20:34:30] File "/home/<ANONYMOUS>/code/ReVeal/Devign/trainer.py", line 97  	Step 9087		Train Loss     58.157	Valid Loss  1029.625	f1: 59.09	Patience 94	
[08/19/2022 - 20:34:30] File "/home/<ANONYMOUS>/code/ReVeal/Devign/trainer.py", line 99  	====================================================================================================	
[08/19/2022 - 20:34:51] File "/home/<ANONYMOUS>/code/ReVeal/Devign/trainer.py", line 97  	Step 9151		Train Loss     63.934	Valid Loss   942.444	f1: 61.68	Patience 95	
[08/19/2022 - 20:34:51] File "/home/<ANONYMOUS>/code/ReVeal/Devign/trainer.py", line 99  	====================================================================================================	
[08/19/2022 - 20:35:11] File "/home/<ANONYMOUS>/code/ReVeal/Devign/trainer.py", line 97  	Step 9215		Train Loss     58.754	Valid Loss   945.822	f1: 53.72	Patience 96	
[08/19/2022 - 20:35:11] File "/home/<ANONYMOUS>/code/ReVeal/Devign/trainer.py", line 99  	====================================================================================================	
[08/19/2022 - 20:35:34] File "/home/<ANONYMOUS>/code/ReVeal/Devign/trainer.py", line 97  	Step 9279		Train Loss     56.631	Valid Loss   987.154	f1: 59.58	Patience 97	
[08/19/2022 - 20:35:35] File "/home/<ANONYMOUS>/code/ReVeal/Devign/trainer.py", line 99  	====================================================================================================	
[08/19/2022 - 20:35:55] File "/home/<ANONYMOUS>/code/ReVeal/Devign/trainer.py", line 97  	Step 9343		Train Loss     53.567	Valid Loss  1020.524	f1: 60.62	Patience 98	
[08/19/2022 - 20:35:55] File "/home/<ANONYMOUS>/code/ReVeal/Devign/trainer.py", line 99  	====================================================================================================	
[08/19/2022 - 20:36:13] File "/home/<ANONYMOUS>/code/ReVeal/Devign/trainer.py", line 97  	Step 9407		Train Loss     58.004	Valid Loss   970.895	f1: 53.36	Patience 99	
[08/19/2022 - 20:36:13] File "/home/<ANONYMOUS>/code/ReVeal/Devign/trainer.py", line 99  	====================================================================================================	
[08/19/2022 - 20:36:36] File "/home/<ANONYMOUS>/code/ReVeal/Devign/trainer.py", line 97  	Step 9471		Train Loss     63.181	Valid Loss   937.331	f1: 56.79	Patience 100	
[08/19/2022 - 20:36:36] File "/home/<ANONYMOUS>/code/ReVeal/Devign/trainer.py", line 99  	====================================================================================================	
[08/19/2022 - 20:36:40] File "/home/<ANONYMOUS>/code/ReVeal/Devign/trainer.py", line 114  	models/combined/ggnn/vbalanced_0.4/1/GGNNSumModel	Test Accuracy: 58.59	Precision: 61.45	Recall: 64.76	F1: 63.06	
[08/19/2022 - 20:36:40] File "/home/<ANONYMOUS>/code/ReVeal/Devign/trainer.py", line 115  	====================================================================================================	
pass through data:   0%|          | 0/562 [00:00<?, ?it/s]pass through data:   0%|          | 1/562 [00:00<03:00,  3.10it/s]pass through data:   0%|          | 2/562 [00:00<02:59,  3.11it/s]pass through data:   1%|          | 3/562 [00:00<02:41,  3.45it/s]pass through data:   1%|          | 4/562 [00:01<02:39,  3.50it/s]pass through data:   1%|          | 5/562 [00:01<02:48,  3.30it/s]pass through data:   1%|          | 6/562 [00:01<02:53,  3.20it/s]pass through data:   1%|          | 7/562 [00:02<03:01,  3.05it/s]pass through data:   1%|         | 8/562 [00:02<02:59,  3.08it/s]pass through data:   2%|         | 9/562 [00:02<02:44,  3.35it/s]pass through data:   2%|         | 10/562 [00:03<02:47,  3.29it/s]pass through data:   2%|         | 11/562 [00:03<02:42,  3.39it/s]pass through data:   2%|         | 12/562 [00:03<02:37,  3.48it/s]pass through data:   2%|         | 13/562 [00:03<02:31,  3.63it/s]pass through data:   2%|         | 14/562 [00:04<02:41,  3.39it/s]pass through data:   3%|         | 15/562 [00:04<03:05,  2.95it/s]pass through data:   3%|         | 16/562 [00:04<02:55,  3.11it/s]pass through data:   3%|         | 17/562 [00:05<02:52,  3.16it/s]pass through data:   3%|         | 18/562 [00:05<02:45,  3.29it/s]pass through data:   3%|         | 19/562 [00:05<02:58,  3.04it/s]pass through data:   4%|         | 20/562 [00:06<02:59,  3.01it/s]pass through data:   4%|         | 21/562 [00:06<02:46,  3.26it/s]pass through data:   4%|         | 22/562 [00:06<02:45,  3.27it/s]pass through data:   4%|         | 23/562 [00:07<02:51,  3.15it/s]pass through data:   4%|         | 24/562 [00:07<02:50,  3.16it/s]pass through data:   4%|         | 25/562 [00:07<03:00,  2.98it/s]pass through data:   5%|         | 26/562 [00:08<03:05,  2.89it/s]pass through data:   5%|         | 27/562 [00:08<03:00,  2.96it/s]pass through data:   5%|         | 28/562 [00:08<03:15,  2.73it/s]pass through data:   5%|         | 29/562 [00:09<03:05,  2.88it/s]pass through data:   5%|         | 30/562 [00:09<03:00,  2.95it/s]pass through data:   6%|         | 31/562 [00:09<03:13,  2.74it/s]pass through data:   6%|         | 32/562 [00:10<03:00,  2.94it/s]pass through data:   6%|         | 33/562 [00:10<02:51,  3.08it/s]pass through data:   6%|         | 34/562 [00:10<02:49,  3.11it/s]pass through data:   6%|         | 35/562 [00:11<02:48,  3.13it/s]pass through data:   6%|         | 36/562 [00:11<02:44,  3.21it/s]pass through data:   7%|         | 37/562 [00:11<02:47,  3.13it/s]pass through data:   7%|         | 38/562 [00:12<02:50,  3.08it/s]pass through data:   7%|         | 39/562 [00:12<02:41,  3.25it/s]pass through data:   7%|         | 40/562 [00:12<02:38,  3.29it/s]pass through data:   7%|         | 41/562 [00:12<02:31,  3.43it/s]pass through data:   7%|         | 42/562 [00:13<02:27,  3.53it/s]pass through data:   8%|         | 43/562 [00:13<02:25,  3.58it/s]pass through data:   8%|         | 44/562 [00:13<02:21,  3.67it/s]pass through data:   8%|         | 45/562 [00:14<02:29,  3.45it/s]pass through data:   8%|         | 46/562 [00:14<02:33,  3.37it/s]pass through data:   8%|         | 47/562 [00:14<02:45,  3.11it/s]pass through data:   9%|         | 48/562 [00:15<02:44,  3.12it/s]pass through data:   9%|         | 49/562 [00:15<02:39,  3.22it/s]pass through data:   9%|         | 50/562 [00:15<02:37,  3.25it/s]pass through data:   9%|         | 51/562 [00:16<02:35,  3.30it/s]pass through data:   9%|         | 52/562 [00:16<02:29,  3.41it/s]pass through data:   9%|         | 53/562 [00:16<02:27,  3.46it/s]pass through data:  10%|         | 54/562 [00:16<02:28,  3.43it/s]pass through data:  10%|         | 55/562 [00:17<02:29,  3.40it/s]pass through data:  10%|         | 56/562 [00:17<02:43,  3.09it/s]pass through data:  10%|         | 57/562 [00:17<02:47,  3.01it/s]pass through data:  10%|         | 58/562 [00:18<02:54,  2.89it/s]pass through data:  10%|         | 59/562 [00:18<02:51,  2.93it/s]pass through data:  11%|         | 60/562 [00:18<02:36,  3.21it/s]pass through data:  11%|         | 61/562 [00:19<02:40,  3.12it/s]pass through data:  11%|         | 62/562 [00:19<02:29,  3.34it/s]pass through data:  11%|         | 63/562 [00:19<02:40,  3.11it/s]pass through data:  11%|        | 64/562 [00:20<02:39,  3.13it/s]pass through data:  12%|        | 65/562 [00:20<02:30,  3.31it/s]pass through data:  12%|        | 66/562 [00:20<02:25,  3.42it/s]pass through data:  12%|        | 67/562 [00:20<02:19,  3.55it/s]pass through data:  12%|        | 68/562 [00:21<02:28,  3.33it/s]pass through data:  12%|        | 69/562 [00:21<02:35,  3.17it/s]pass through data:  12%|        | 70/562 [00:21<02:39,  3.08it/s]pass through data:  13%|        | 71/562 [00:22<02:39,  3.08it/s]pass through data:  13%|        | 72/562 [00:22<02:56,  2.78it/s]pass through data:  13%|        | 73/562 [00:23<03:01,  2.70it/s]pass through data:  13%|        | 74/562 [00:23<02:58,  2.74it/s]pass through data:  13%|        | 75/562 [00:23<03:01,  2.68it/s]pass through data:  14%|        | 76/562 [00:24<02:59,  2.70it/s]pass through data:  14%|        | 77/562 [00:24<02:47,  2.89it/s]pass through data:  14%|        | 78/562 [00:24<02:52,  2.80it/s]pass through data:  14%|        | 79/562 [00:25<02:50,  2.84it/s]pass through data:  14%|        | 80/562 [00:25<02:43,  2.95it/s]pass through data:  14%|        | 81/562 [00:25<02:40,  3.00it/s]pass through data:  15%|        | 82/562 [00:26<02:41,  2.96it/s]pass through data:  15%|        | 83/562 [00:26<02:28,  3.23it/s]pass through data:  15%|        | 84/562 [00:26<02:21,  3.39it/s]pass through data:  15%|        | 85/562 [00:27<02:22,  3.35it/s]pass through data:  15%|        | 86/562 [00:27<02:16,  3.49it/s]pass through data:  15%|        | 87/562 [00:27<02:10,  3.64it/s]pass through data:  16%|        | 88/562 [00:27<02:05,  3.78it/s]pass through data:  16%|        | 89/562 [00:28<02:03,  3.82it/s]pass through data:  16%|        | 90/562 [00:28<02:09,  3.66it/s]pass through data:  16%|        | 91/562 [00:28<02:09,  3.62it/s]pass through data:  16%|        | 92/562 [00:28<02:17,  3.41it/s]pass through data:  17%|        | 93/562 [00:29<02:16,  3.43it/s]pass through data:  17%|        | 94/562 [00:29<02:16,  3.44it/s]pass through data:  17%|        | 95/562 [00:29<02:26,  3.20it/s]pass through data:  17%|        | 96/562 [00:30<02:20,  3.31it/s]pass through data:  17%|        | 97/562 [00:30<02:24,  3.21it/s]pass through data:  17%|        | 98/562 [00:30<02:22,  3.26it/s]pass through data:  18%|        | 99/562 [00:31<02:20,  3.30it/s]pass through data:  18%|        | 100/562 [00:31<02:18,  3.34it/s]pass through data:  18%|        | 101/562 [00:31<02:29,  3.08it/s]pass through data:  18%|        | 102/562 [00:32<02:34,  2.98it/s]pass through data:  18%|        | 103/562 [00:32<02:30,  3.06it/s]pass through data:  19%|        | 104/562 [00:32<02:25,  3.14it/s]pass through data:  19%|        | 105/562 [00:32<02:16,  3.36it/s]pass through data:  19%|        | 106/562 [00:33<02:10,  3.49it/s]pass through data:  19%|        | 107/562 [00:33<02:08,  3.53it/s]pass through data:  19%|        | 108/562 [00:33<02:07,  3.55it/s]pass through data:  19%|        | 109/562 [00:34<02:02,  3.69it/s]pass through data:  20%|        | 110/562 [00:34<02:00,  3.77it/s]pass through data:  20%|        | 111/562 [00:34<01:59,  3.76it/s]pass through data:  20%|        | 112/562 [00:34<02:08,  3.51it/s]pass through data:  20%|        | 113/562 [00:35<02:03,  3.65it/s]pass through data:  20%|        | 114/562 [00:35<01:59,  3.76it/s]pass through data:  20%|        | 115/562 [00:35<02:02,  3.66it/s]pass through data:  21%|        | 116/562 [00:35<02:08,  3.47it/s]pass through data:  21%|        | 117/562 [00:36<02:08,  3.46it/s]pass through data:  21%|        | 118/562 [00:36<02:10,  3.41it/s]pass through data:  21%|        | 119/562 [00:36<02:11,  3.36it/s]pass through data:  21%|       | 120/562 [00:37<02:20,  3.16it/s]pass through data:  22%|       | 121/562 [00:37<02:25,  3.02it/s]pass through data:  22%|       | 122/562 [00:37<02:27,  2.98it/s]pass through data:  22%|       | 123/562 [00:38<02:22,  3.08it/s]pass through data:  22%|       | 124/562 [00:38<02:15,  3.23it/s]pass through data:  22%|       | 125/562 [00:38<02:09,  3.38it/s]pass through data:  22%|       | 126/562 [00:39<02:11,  3.31it/s]pass through data:  23%|       | 127/562 [00:39<02:03,  3.52it/s]pass through data:  23%|       | 128/562 [00:39<02:09,  3.35it/s]pass through data:  23%|       | 129/562 [00:40<02:14,  3.23it/s]pass through data:  23%|       | 130/562 [00:40<02:09,  3.34it/s]pass through data:  23%|       | 131/562 [00:40<02:06,  3.41it/s]pass through data:  23%|       | 132/562 [00:40<02:05,  3.43it/s]pass through data:  24%|       | 133/562 [00:41<02:07,  3.37it/s]pass through data:  24%|       | 134/562 [00:41<02:14,  3.19it/s]pass through data:  24%|       | 135/562 [00:41<02:12,  3.23it/s]pass through data:  24%|       | 136/562 [00:42<02:12,  3.22it/s]pass through data:  24%|       | 137/562 [00:42<02:07,  3.34it/s]pass through data:  25%|       | 138/562 [00:42<02:04,  3.39it/s]pass through data:  25%|       | 139/562 [00:42<02:03,  3.42it/s]pass through data:  25%|       | 140/562 [00:43<02:00,  3.50it/s]pass through data:  25%|       | 141/562 [00:43<02:01,  3.46it/s]pass through data:  25%|       | 142/562 [00:43<02:08,  3.26it/s]pass through data:  25%|       | 143/562 [00:44<02:13,  3.13it/s]pass through data:  26%|       | 144/562 [00:44<02:18,  3.01it/s]pass through data:  26%|       | 145/562 [00:44<02:14,  3.10it/s]pass through data:  26%|       | 146/562 [00:45<02:17,  3.03it/s]pass through data:  26%|       | 147/562 [00:45<02:15,  3.07it/s]pass through data:  26%|       | 148/562 [00:45<02:13,  3.10it/s]pass through data:  27%|       | 149/562 [00:46<02:10,  3.15it/s]pass through data:  27%|       | 150/562 [00:46<02:03,  3.34it/s]pass through data:  27%|       | 151/562 [00:46<02:03,  3.33it/s]pass through data:  27%|       | 152/562 [00:47<02:05,  3.26it/s]pass through data:  27%|       | 153/562 [00:47<02:00,  3.41it/s]pass through data:  27%|       | 154/562 [00:47<02:10,  3.13it/s]pass through data:  28%|       | 155/562 [00:48<02:05,  3.25it/s]pass through data:  28%|       | 156/562 [00:48<02:19,  2.91it/s]pass through data:  28%|       | 157/562 [00:48<02:22,  2.84it/s]pass through data:  28%|       | 158/562 [00:49<02:18,  2.92it/s]pass through data:  28%|       | 159/562 [00:49<02:21,  2.85it/s]pass through data:  28%|       | 160/562 [00:49<02:27,  2.73it/s]pass through data:  29%|       | 161/562 [00:50<02:16,  2.93it/s]pass through data:  29%|       | 162/562 [00:50<02:12,  3.03it/s]pass through data:  29%|       | 163/562 [00:50<02:06,  3.16it/s]pass through data:  29%|       | 164/562 [00:51<02:05,  3.17it/s]pass through data:  29%|       | 165/562 [00:51<02:01,  3.26it/s]pass through data:  30%|       | 166/562 [00:51<02:02,  3.24it/s]pass through data:  30%|       | 167/562 [00:51<01:58,  3.35it/s]pass through data:  30%|       | 168/562 [00:52<02:06,  3.10it/s]pass through data:  30%|       | 169/562 [00:52<02:10,  3.02it/s]pass through data:  30%|       | 170/562 [00:52<02:05,  3.12it/s]pass through data:  30%|       | 171/562 [00:53<02:01,  3.21it/s]pass through data:  31%|       | 172/562 [00:53<02:00,  3.25it/s]pass through data:  31%|       | 173/562 [00:53<02:00,  3.23it/s]pass through data:  31%|       | 174/562 [00:54<02:05,  3.08it/s]pass through data:  31%|       | 175/562 [00:54<02:10,  2.97it/s]pass through data:  31%|      | 176/562 [00:54<02:13,  2.90it/s]pass through data:  31%|      | 177/562 [00:55<02:14,  2.85it/s]pass through data:  32%|      | 178/562 [00:55<02:10,  2.95it/s]pass through data:  32%|      | 179/562 [00:55<02:02,  3.13it/s]pass through data:  32%|      | 180/562 [00:56<02:03,  3.10it/s]pass through data:  32%|      | 181/562 [00:56<01:59,  3.20it/s]pass through data:  32%|      | 182/562 [00:56<01:55,  3.29it/s]pass through data:  33%|      | 183/562 [00:57<01:56,  3.26it/s]pass through data:  33%|      | 184/562 [00:57<01:51,  3.38it/s]pass through data:  33%|      | 185/562 [00:57<01:51,  3.37it/s]pass through data:  33%|      | 186/562 [00:58<02:00,  3.12it/s]pass through data:  33%|      | 187/562 [00:58<02:06,  2.98it/s]pass through data:  33%|      | 188/562 [00:58<02:05,  2.99it/s]pass through data:  34%|      | 189/562 [00:59<02:18,  2.69it/s]pass through data:  34%|      | 190/562 [00:59<02:17,  2.70it/s]pass through data:  34%|      | 191/562 [00:59<02:11,  2.82it/s]pass through data:  34%|      | 192/562 [01:03<08:17,  1.34s/it]pass through data:  34%|      | 193/562 [01:03<06:22,  1.04s/it]pass through data:  35%|      | 194/562 [01:04<04:53,  1.25it/s]pass through data:  35%|      | 195/562 [01:04<04:08,  1.48it/s]pass through data:  35%|      | 196/562 [01:04<03:35,  1.70it/s]pass through data:  35%|      | 197/562 [01:05<03:04,  1.98it/s]pass through data:  35%|      | 198/562 [01:05<02:39,  2.28it/s]pass through data:  35%|      | 199/562 [01:05<02:22,  2.55it/s]pass through data:  36%|      | 200/562 [01:06<02:15,  2.67it/s]pass through data:  36%|      | 201/562 [01:06<02:17,  2.62it/s]pass through data:  36%|      | 202/562 [01:06<02:10,  2.77it/s]pass through data:  36%|      | 203/562 [01:07<02:07,  2.82it/s]pass through data:  36%|      | 204/562 [01:07<02:04,  2.88it/s]pass through data:  36%|      | 205/562 [01:07<01:53,  3.15it/s]pass through data:  37%|      | 206/562 [01:08<01:49,  3.24it/s]pass through data:  37%|      | 207/562 [01:08<01:54,  3.10it/s]pass through data:  37%|      | 208/562 [01:08<01:54,  3.10it/s]pass through data:  37%|      | 209/562 [01:09<01:50,  3.21it/s]pass through data:  37%|      | 210/562 [01:09<01:49,  3.21it/s]pass through data:  38%|      | 211/562 [01:09<01:57,  2.98it/s]pass through data:  38%|      | 212/562 [01:10<02:07,  2.75it/s]pass through data:  38%|      | 213/562 [01:10<02:05,  2.78it/s]pass through data:  38%|      | 214/562 [01:10<02:04,  2.79it/s]pass through data:  38%|      | 215/562 [01:11<02:07,  2.72it/s]pass through data:  38%|      | 216/562 [01:11<02:00,  2.87it/s]pass through data:  39%|      | 217/562 [01:11<01:55,  3.00it/s]pass through data:  39%|      | 218/562 [01:12<01:48,  3.18it/s]pass through data:  39%|      | 219/562 [01:12<01:46,  3.22it/s]pass through data:  39%|      | 220/562 [01:12<01:41,  3.38it/s]pass through data:  39%|      | 221/562 [01:12<01:43,  3.30it/s]pass through data:  40%|      | 222/562 [01:13<01:45,  3.23it/s]pass through data:  40%|      | 223/562 [01:13<01:43,  3.27it/s]pass through data:  40%|      | 224/562 [01:14<01:54,  2.95it/s]pass through data:  40%|      | 225/562 [01:14<01:46,  3.15it/s]pass through data:  40%|      | 226/562 [01:14<01:39,  3.36it/s]pass through data:  40%|      | 227/562 [01:14<01:39,  3.36it/s]pass through data:  41%|      | 228/562 [01:15<01:39,  3.36it/s]pass through data:  41%|      | 229/562 [01:15<01:38,  3.37it/s]pass through data:  41%|      | 230/562 [01:15<01:34,  3.52it/s]pass through data:  41%|      | 231/562 [01:15<01:33,  3.54it/s]pass through data:  41%|     | 232/562 [01:16<01:31,  3.60it/s]pass through data:  41%|     | 233/562 [01:16<01:30,  3.62it/s]pass through data:  42%|     | 234/562 [01:16<01:35,  3.44it/s]pass through data:  42%|     | 235/562 [01:17<01:41,  3.21it/s]pass through data:  42%|     | 236/562 [01:17<01:41,  3.20it/s]pass through data:  42%|     | 237/562 [01:17<01:38,  3.32it/s]pass through data:  42%|     | 238/562 [01:18<01:46,  3.05it/s]pass through data:  43%|     | 239/562 [01:18<01:42,  3.17it/s]pass through data:  43%|     | 240/562 [01:18<01:36,  3.33it/s]pass through data:  43%|     | 241/562 [01:19<01:38,  3.24it/s]pass through data:  43%|     | 242/562 [01:19<01:37,  3.28it/s]pass through data:  43%|     | 243/562 [01:19<01:40,  3.16it/s]pass through data:  43%|     | 244/562 [01:20<01:48,  2.93it/s]pass through data:  44%|     | 245/562 [01:20<01:49,  2.90it/s]pass through data:  44%|     | 246/562 [01:20<01:50,  2.87it/s]pass through data:  44%|     | 247/562 [01:21<01:42,  3.08it/s]pass through data:  44%|     | 248/562 [01:21<01:37,  3.23it/s]pass through data:  44%|     | 249/562 [01:21<01:36,  3.26it/s]pass through data:  44%|     | 250/562 [01:21<01:30,  3.44it/s]pass through data:  45%|     | 251/562 [01:22<01:35,  3.27it/s]pass through data:  45%|     | 252/562 [01:22<01:36,  3.22it/s]pass through data:  45%|     | 253/562 [01:22<01:35,  3.23it/s]pass through data:  45%|     | 254/562 [01:23<01:29,  3.45it/s]pass through data:  45%|     | 255/562 [01:23<01:38,  3.12it/s]pass through data:  46%|     | 256/562 [01:23<01:37,  3.15it/s]pass through data:  46%|     | 257/562 [01:24<01:45,  2.89it/s]pass through data:  46%|     | 258/562 [01:24<01:36,  3.15it/s]pass through data:  46%|     | 259/562 [01:24<01:32,  3.26it/s]pass through data:  46%|     | 260/562 [01:25<01:42,  2.96it/s]pass through data:  46%|     | 261/562 [01:25<01:45,  2.85it/s]pass through data:  47%|     | 262/562 [01:25<01:34,  3.17it/s]pass through data:  47%|     | 263/562 [01:26<01:36,  3.11it/s]pass through data:  47%|     | 264/562 [01:26<01:35,  3.11it/s]pass through data:  47%|     | 265/562 [01:26<01:40,  2.96it/s]pass through data:  47%|     | 266/562 [01:27<01:32,  3.21it/s]pass through data:  48%|     | 267/562 [01:27<01:25,  3.46it/s]pass through data:  48%|     | 268/562 [01:27<01:21,  3.60it/s]pass through data:  48%|     | 269/562 [01:27<01:24,  3.45it/s]pass through data:  48%|     | 270/562 [01:28<01:27,  3.33it/s]pass through data:  48%|     | 271/562 [01:28<01:32,  3.15it/s]pass through data:  48%|     | 272/562 [01:28<01:33,  3.12it/s]pass through data:  49%|     | 273/562 [01:29<01:31,  3.17it/s]pass through data:  49%|     | 274/562 [01:29<01:34,  3.04it/s]pass through data:  49%|     | 275/562 [01:29<01:36,  2.99it/s]pass through data:  49%|     | 276/562 [01:30<01:36,  2.96it/s]pass through data:  49%|     | 277/562 [01:30<01:35,  2.99it/s]pass through data:  49%|     | 278/562 [01:30<01:32,  3.06it/s]pass through data:  50%|     | 279/562 [01:31<01:35,  2.97it/s]pass through data:  50%|     | 280/562 [01:31<01:28,  3.20it/s]pass through data:  50%|     | 281/562 [01:31<01:21,  3.44it/s]pass through data:  50%|     | 282/562 [01:31<01:17,  3.62it/s]pass through data:  50%|     | 283/562 [01:32<01:14,  3.74it/s]pass through data:  51%|     | 284/562 [01:32<01:14,  3.72it/s]pass through data:  51%|     | 285/562 [01:32<01:14,  3.70it/s]pass through data:  51%|     | 286/562 [01:33<01:11,  3.84it/s]pass through data:  51%|     | 287/562 [01:33<01:10,  3.93it/s]pass through data:  51%|     | 288/562 [01:33<01:08,  4.01it/s]pass through data:  51%|    | 289/562 [01:33<01:08,  3.99it/s]pass through data:  52%|    | 290/562 [01:34<01:09,  3.93it/s]pass through data:  52%|    | 291/562 [01:34<01:08,  3.93it/s]pass through data:  52%|    | 292/562 [01:34<01:07,  3.98it/s]pass through data:  52%|    | 293/562 [01:34<01:12,  3.69it/s]pass through data:  52%|    | 294/562 [01:35<01:16,  3.51it/s]pass through data:  52%|    | 295/562 [01:35<01:18,  3.40it/s]pass through data:  53%|    | 296/562 [01:35<01:15,  3.50it/s]pass through data:  53%|    | 297/562 [01:35<01:13,  3.59it/s]pass through data:  53%|    | 298/562 [01:36<01:14,  3.55it/s]pass through data:  53%|    | 299/562 [01:36<01:16,  3.45it/s]pass through data:  53%|    | 300/562 [01:36<01:17,  3.36it/s]pass through data:  54%|    | 301/562 [01:37<01:17,  3.36it/s]pass through data:  54%|    | 302/562 [01:37<01:18,  3.33it/s]pass through data:  54%|    | 303/562 [01:37<01:19,  3.25it/s]pass through data:  54%|    | 304/562 [01:38<01:21,  3.18it/s]pass through data:  54%|    | 305/562 [01:38<01:19,  3.22it/s]pass through data:  54%|    | 306/562 [01:38<01:23,  3.06it/s]pass through data:  55%|    | 307/562 [01:39<01:19,  3.19it/s]pass through data:  55%|    | 308/562 [01:39<01:19,  3.21it/s]pass through data:  55%|    | 309/562 [01:39<01:24,  3.00it/s]pass through data:  55%|    | 310/562 [01:40<01:17,  3.23it/s]pass through data:  55%|    | 311/562 [01:40<01:16,  3.28it/s]pass through data:  56%|    | 312/562 [01:40<01:15,  3.30it/s]pass through data:  56%|    | 313/562 [01:40<01:13,  3.37it/s]pass through data:  56%|    | 314/562 [01:41<01:16,  3.24it/s]pass through data:  56%|    | 315/562 [01:41<01:21,  3.05it/s]pass through data:  56%|    | 316/562 [01:42<01:25,  2.89it/s]pass through data:  56%|    | 317/562 [01:42<01:23,  2.93it/s]pass through data:  57%|    | 318/562 [01:42<01:20,  3.03it/s]pass through data:  57%|    | 319/562 [01:42<01:21,  2.99it/s]pass through data:  57%|    | 320/562 [01:43<01:21,  2.99it/s]pass through data:  57%|    | 321/562 [01:43<01:14,  3.25it/s]pass through data:  57%|    | 322/562 [01:43<01:13,  3.28it/s]pass through data:  57%|    | 323/562 [01:44<01:10,  3.37it/s]pass through data:  58%|    | 324/562 [01:44<01:08,  3.46it/s]pass through data:  58%|    | 325/562 [01:44<01:09,  3.39it/s]pass through data:  58%|    | 326/562 [01:45<01:12,  3.25it/s]pass through data:  58%|    | 327/562 [01:45<01:09,  3.37it/s]pass through data:  58%|    | 328/562 [01:45<01:08,  3.41it/s]pass through data:  59%|    | 329/562 [01:45<01:08,  3.42it/s]pass through data:  59%|    | 330/562 [01:46<01:07,  3.42it/s]pass through data:  59%|    | 331/562 [01:46<01:05,  3.51it/s]pass through data:  59%|    | 332/562 [01:46<01:05,  3.52it/s]pass through data:  59%|    | 333/562 [01:47<01:11,  3.20it/s]pass through data:  59%|    | 334/562 [01:47<01:07,  3.35it/s]pass through data:  60%|    | 335/562 [01:47<01:09,  3.25it/s]pass through data:  60%|    | 336/562 [01:47<01:06,  3.42it/s]pass through data:  60%|    | 337/562 [01:48<01:10,  3.18it/s]pass through data:  60%|    | 338/562 [01:48<01:09,  3.24it/s]pass through data:  60%|    | 339/562 [01:48<01:09,  3.20it/s]pass through data:  60%|    | 340/562 [01:49<01:16,  2.91it/s]pass through data:  61%|    | 341/562 [01:49<01:16,  2.87it/s]pass through data:  61%|    | 342/562 [01:50<01:19,  2.75it/s]pass through data:  61%|    | 343/562 [01:50<01:18,  2.78it/s]pass through data:  61%|    | 344/562 [01:50<01:16,  2.85it/s]pass through data:  61%|   | 345/562 [01:51<01:14,  2.91it/s]pass through data:  62%|   | 346/562 [01:51<01:08,  3.15it/s]pass through data:  62%|   | 347/562 [01:51<01:06,  3.22it/s]pass through data:  62%|   | 348/562 [01:52<01:13,  2.90it/s]pass through data:  62%|   | 349/562 [01:52<01:12,  2.96it/s]pass through data:  62%|   | 350/562 [01:52<01:15,  2.82it/s]pass through data:  62%|   | 351/562 [01:53<01:15,  2.78it/s]pass through data:  63%|   | 352/562 [01:53<01:15,  2.77it/s]pass through data:  63%|   | 353/562 [01:53<01:15,  2.77it/s]pass through data:  63%|   | 354/562 [01:54<01:15,  2.77it/s]pass through data:  63%|   | 355/562 [01:54<01:14,  2.78it/s]pass through data:  63%|   | 356/562 [01:55<01:17,  2.65it/s]pass through data:  64%|   | 357/562 [01:55<01:11,  2.85it/s]pass through data:  64%|   | 358/562 [01:55<01:09,  2.94it/s]pass through data:  64%|   | 359/562 [01:56<01:08,  2.97it/s]pass through data:  64%|   | 360/562 [01:56<01:05,  3.08it/s]pass through data:  64%|   | 361/562 [01:56<01:09,  2.89it/s]pass through data:  64%|   | 362/562 [01:57<01:13,  2.71it/s]pass through data:  65%|   | 363/562 [01:57<01:10,  2.83it/s]pass through data:  65%|   | 364/562 [01:57<01:06,  2.96it/s]pass through data:  65%|   | 365/562 [01:58<01:04,  3.04it/s]pass through data:  65%|   | 366/562 [01:58<01:00,  3.22it/s]pass through data:  65%|   | 367/562 [01:58<00:59,  3.28it/s]pass through data:  65%|   | 368/562 [01:58<01:00,  3.21it/s]pass through data:  66%|   | 369/562 [01:59<01:02,  3.10it/s]pass through data:  66%|   | 370/562 [01:59<01:05,  2.95it/s]pass through data:  66%|   | 371/562 [01:59<01:03,  3.01it/s]pass through data:  66%|   | 372/562 [02:00<01:04,  2.93it/s]pass through data:  66%|   | 373/562 [02:00<01:03,  2.96it/s]pass through data:  67%|   | 374/562 [02:00<01:01,  3.08it/s]pass through data:  67%|   | 375/562 [02:01<00:59,  3.15it/s]pass through data:  67%|   | 376/562 [02:01<00:57,  3.25it/s]pass through data:  67%|   | 377/562 [02:01<00:55,  3.32it/s]pass through data:  67%|   | 378/562 [02:02<00:57,  3.18it/s]pass through data:  67%|   | 379/562 [02:02<00:52,  3.48it/s]pass through data:  68%|   | 380/562 [02:02<00:53,  3.41it/s]pass through data:  68%|   | 381/562 [02:02<00:50,  3.56it/s]pass through data:  68%|   | 382/562 [02:03<00:56,  3.19it/s]pass through data:  68%|   | 383/562 [02:03<00:57,  3.10it/s]pass through data:  68%|   | 384/562 [02:04<00:57,  3.07it/s]pass through data:  69%|   | 385/562 [02:04<00:54,  3.24it/s]pass through data:  69%|   | 386/562 [02:04<00:53,  3.29it/s]pass through data:  69%|   | 387/562 [02:05<01:00,  2.90it/s]pass through data:  69%|   | 388/562 [02:05<00:57,  3.01it/s]pass through data:  69%|   | 389/562 [02:05<00:59,  2.89it/s]pass through data:  69%|   | 390/562 [02:05<00:55,  3.09it/s]pass through data:  70%|   | 391/562 [02:06<00:53,  3.20it/s]pass through data:  70%|   | 392/562 [02:06<00:51,  3.29it/s]pass through data:  70%|   | 393/562 [02:06<00:48,  3.49it/s]pass through data:  70%|   | 394/562 [02:07<00:46,  3.63it/s]pass through data:  70%|   | 395/562 [02:07<00:45,  3.66it/s]pass through data:  70%|   | 396/562 [02:07<00:44,  3.76it/s]pass through data:  71%|   | 397/562 [02:07<00:48,  3.43it/s]pass through data:  71%|   | 398/562 [02:08<00:46,  3.53it/s]pass through data:  71%|   | 399/562 [02:08<00:48,  3.34it/s]pass through data:  71%|   | 400/562 [02:08<00:47,  3.38it/s]pass through data:  71%|  | 401/562 [02:09<00:47,  3.37it/s]pass through data:  72%|  | 402/562 [02:09<00:48,  3.33it/s]pass through data:  72%|  | 403/562 [02:09<00:49,  3.22it/s]pass through data:  72%|  | 404/562 [02:10<00:50,  3.13it/s]pass through data:  72%|  | 405/562 [02:10<00:47,  3.31it/s]pass through data:  72%|  | 406/562 [02:10<00:46,  3.37it/s]pass through data:  72%|  | 407/562 [02:10<00:47,  3.30it/s]pass through data:  73%|  | 408/562 [02:11<00:47,  3.26it/s]pass through data:  73%|  | 409/562 [02:11<00:50,  3.03it/s]pass through data:  73%|  | 410/562 [02:12<00:51,  2.97it/s]pass through data:  73%|  | 411/562 [02:12<00:50,  2.97it/s]pass through data:  73%|  | 412/562 [02:12<00:50,  2.98it/s]pass through data:  73%|  | 413/562 [02:13<00:51,  2.90it/s]pass through data:  74%|  | 414/562 [02:13<00:49,  2.97it/s]pass through data:  74%|  | 415/562 [02:13<00:48,  3.05it/s]pass through data:  74%|  | 416/562 [02:17<03:27,  1.42s/it]pass through data:  74%|  | 417/562 [02:18<02:40,  1.11s/it]pass through data:  74%|  | 418/562 [02:18<02:08,  1.12it/s]pass through data:  75%|  | 419/562 [02:18<01:49,  1.31it/s]pass through data:  75%|  | 420/562 [02:19<01:31,  1.55it/s]pass through data:  75%|  | 421/562 [02:19<01:18,  1.80it/s]pass through data:  75%|  | 422/562 [02:19<01:09,  2.00it/s]pass through data:  75%|  | 423/562 [02:20<01:05,  2.12it/s]pass through data:  75%|  | 424/562 [02:20<00:58,  2.37it/s]pass through data:  76%|  | 425/562 [02:20<00:52,  2.59it/s]pass through data:  76%|  | 426/562 [02:21<00:50,  2.71it/s]pass through data:  76%|  | 427/562 [02:21<00:46,  2.87it/s]pass through data:  76%|  | 428/562 [02:21<00:42,  3.12it/s]pass through data:  76%|  | 429/562 [02:22<00:40,  3.25it/s]pass through data:  77%|  | 430/562 [02:22<00:39,  3.37it/s]pass through data:  77%|  | 431/562 [02:22<00:37,  3.50it/s]pass through data:  77%|  | 432/562 [02:22<00:37,  3.48it/s]pass through data:  77%|  | 433/562 [02:23<00:37,  3.48it/s]pass through data:  77%|  | 434/562 [02:23<00:36,  3.55it/s]pass through data:  77%|  | 435/562 [02:23<00:36,  3.44it/s]pass through data:  78%|  | 436/562 [02:24<00:36,  3.42it/s]pass through data:  78%|  | 437/562 [02:24<00:39,  3.14it/s]pass through data:  78%|  | 438/562 [02:24<00:38,  3.22it/s]pass through data:  78%|  | 439/562 [02:25<00:44,  2.75it/s]pass through data:  78%|  | 440/562 [02:25<00:46,  2.65it/s]pass through data:  78%|  | 441/562 [02:25<00:42,  2.83it/s]pass through data:  79%|  | 442/562 [02:26<00:40,  2.94it/s]pass through data:  79%|  | 443/562 [02:26<00:39,  2.98it/s]pass through data:  79%|  | 444/562 [02:26<00:36,  3.21it/s]pass through data:  79%|  | 445/562 [02:27<00:36,  3.23it/s]pass through data:  79%|  | 446/562 [02:27<00:36,  3.20it/s]pass through data:  80%|  | 447/562 [02:27<00:35,  3.27it/s]pass through data:  80%|  | 448/562 [02:28<00:34,  3.29it/s]pass through data:  80%|  | 449/562 [02:28<00:32,  3.48it/s]pass through data:  80%|  | 450/562 [02:28<00:31,  3.51it/s]pass through data:  80%|  | 451/562 [02:28<00:30,  3.59it/s]pass through data:  80%|  | 452/562 [02:29<00:30,  3.60it/s]pass through data:  81%|  | 453/562 [02:29<00:29,  3.67it/s]pass through data:  81%|  | 454/562 [02:29<00:29,  3.67it/s]pass through data:  81%|  | 455/562 [02:30<00:32,  3.30it/s]pass through data:  81%|  | 456/562 [02:30<00:30,  3.48it/s]pass through data:  81%| | 457/562 [02:30<00:30,  3.49it/s]pass through data:  81%| | 458/562 [02:30<00:29,  3.57it/s]pass through data:  82%| | 459/562 [02:31<00:28,  3.68it/s]pass through data:  82%| | 460/562 [02:31<00:27,  3.76it/s]pass through data:  82%| | 461/562 [02:31<00:27,  3.63it/s]pass through data:  82%| | 462/562 [02:31<00:28,  3.49it/s]pass through data:  82%| | 463/562 [02:32<00:28,  3.42it/s]pass through data:  83%| | 464/562 [02:32<00:27,  3.56it/s]pass through data:  83%| | 465/562 [02:32<00:28,  3.42it/s]pass through data:  83%| | 466/562 [02:33<00:27,  3.47it/s]pass through data:  83%| | 467/562 [02:33<00:27,  3.51it/s]pass through data:  83%| | 468/562 [02:33<00:26,  3.49it/s]pass through data:  83%| | 469/562 [02:34<00:27,  3.35it/s]pass through data:  84%| | 470/562 [02:34<00:29,  3.12it/s]pass through data:  84%| | 471/562 [02:34<00:29,  3.10it/s]pass through data:  84%| | 472/562 [02:35<00:30,  2.95it/s]pass through data:  84%| | 473/562 [02:35<00:28,  3.15it/s]pass through data:  84%| | 474/562 [02:35<00:26,  3.28it/s]pass through data:  85%| | 475/562 [02:35<00:26,  3.31it/s]pass through data:  85%| | 476/562 [02:36<00:25,  3.36it/s]pass through data:  85%| | 477/562 [02:36<00:26,  3.23it/s]pass through data:  85%| | 478/562 [02:36<00:27,  3.10it/s]pass through data:  85%| | 479/562 [02:37<00:28,  2.96it/s]pass through data:  85%| | 480/562 [02:37<00:28,  2.92it/s]pass through data:  86%| | 481/562 [02:37<00:27,  2.98it/s]pass through data:  86%| | 482/562 [02:38<00:25,  3.20it/s]pass through data:  86%| | 483/562 [02:38<00:24,  3.17it/s]pass through data:  86%| | 484/562 [02:38<00:24,  3.14it/s]pass through data:  86%| | 485/562 [02:39<00:26,  2.86it/s]pass through data:  86%| | 486/562 [02:39<00:26,  2.82it/s]pass through data:  87%| | 487/562 [02:40<00:26,  2.84it/s]pass through data:  87%| | 488/562 [02:40<00:24,  3.01it/s]pass through data:  87%| | 489/562 [02:40<00:23,  3.09it/s]pass through data:  87%| | 490/562 [02:40<00:22,  3.26it/s]pass through data:  87%| | 491/562 [02:41<00:21,  3.28it/s]pass through data:  88%| | 492/562 [02:41<00:20,  3.36it/s]pass through data:  88%| | 493/562 [02:41<00:21,  3.28it/s]pass through data:  88%| | 494/562 [02:42<00:21,  3.11it/s]pass through data:  88%| | 495/562 [02:42<00:21,  3.09it/s]pass through data:  88%| | 496/562 [02:42<00:21,  3.06it/s]pass through data:  88%| | 497/562 [02:43<00:19,  3.30it/s]pass through data:  89%| | 498/562 [02:43<00:19,  3.22it/s]pass through data:  89%| | 499/562 [02:43<00:18,  3.34it/s]pass through data:  89%| | 500/562 [02:44<00:20,  3.09it/s]pass through data:  89%| | 501/562 [02:44<00:19,  3.18it/s]pass through data:  89%| | 502/562 [02:44<00:18,  3.28it/s]pass through data:  90%| | 503/562 [02:44<00:19,  3.07it/s]pass through data:  90%| | 504/562 [02:45<00:18,  3.19it/s]pass through data:  90%| | 505/562 [02:45<00:17,  3.34it/s]pass through data:  90%| | 506/562 [02:45<00:16,  3.36it/s]pass through data:  90%| | 507/562 [02:46<00:17,  3.15it/s]pass through data:  90%| | 508/562 [02:46<00:17,  3.10it/s]pass through data:  91%| | 509/562 [02:46<00:16,  3.17it/s]pass through data:  91%| | 510/562 [02:47<00:15,  3.27it/s]pass through data:  91%| | 511/562 [02:47<00:15,  3.23it/s]pass through data:  91%| | 512/562 [02:47<00:15,  3.14it/s]pass through data:  91%|| 513/562 [02:48<00:14,  3.29it/s]pass through data:  91%|| 514/562 [02:48<00:15,  3.19it/s]pass through data:  92%|| 515/562 [02:48<00:14,  3.15it/s]pass through data:  92%|| 516/562 [02:48<00:14,  3.20it/s]pass through data:  92%|| 517/562 [02:49<00:13,  3.33it/s]pass through data:  92%|| 518/562 [02:49<00:12,  3.48it/s]pass through data:  92%|| 519/562 [02:49<00:12,  3.33it/s]pass through data:  93%|| 520/562 [02:50<00:12,  3.35it/s]pass through data:  93%|| 521/562 [02:50<00:12,  3.37it/s]pass through data:  93%|| 522/562 [02:50<00:11,  3.37it/s]pass through data:  93%|| 523/562 [02:51<00:11,  3.28it/s]pass through data:  93%|| 524/562 [02:51<00:11,  3.31it/s]pass through data:  93%|| 525/562 [02:51<00:10,  3.39it/s]pass through data:  94%|| 526/562 [02:51<00:10,  3.51it/s]pass through data:  94%|| 527/562 [02:52<00:09,  3.56it/s]pass through data:  94%|| 528/562 [02:52<00:09,  3.67it/s]pass through data:  94%|| 529/562 [02:52<00:08,  3.69it/s]pass through data:  94%|| 530/562 [02:52<00:08,  3.64it/s]pass through data:  94%|| 531/562 [02:53<00:08,  3.68it/s]pass through data:  95%|| 532/562 [02:53<00:08,  3.58it/s]pass through data:  95%|| 533/562 [02:53<00:08,  3.46it/s]pass through data:  95%|| 534/562 [02:54<00:08,  3.46it/s]pass through data:  95%|| 535/562 [02:54<00:07,  3.44it/s]pass through data:  95%|| 536/562 [02:54<00:07,  3.47it/s]pass through data:  96%|| 537/562 [02:55<00:07,  3.18it/s]pass through data:  96%|| 538/562 [02:55<00:07,  3.21it/s]pass through data:  96%|| 539/562 [02:55<00:07,  3.08it/s]pass through data:  96%|| 540/562 [02:56<00:07,  3.13it/s]pass through data:  96%|| 541/562 [02:56<00:06,  3.09it/s]pass through data:  96%|| 542/562 [02:56<00:06,  3.12it/s]pass through data:  97%|| 543/562 [02:57<00:06,  3.03it/s]pass through data:  97%|| 544/562 [02:57<00:05,  3.13it/s]pass through data:  97%|| 545/562 [02:57<00:05,  3.08it/s]pass through data:  97%|| 546/562 [02:57<00:05,  3.13it/s]pass through data:  97%|| 547/562 [02:58<00:04,  3.07it/s]pass through data:  98%|| 548/562 [02:58<00:04,  3.15it/s]pass through data:  98%|| 549/562 [02:58<00:04,  3.02it/s]pass through data:  98%|| 550/562 [02:59<00:04,  2.92it/s]pass through data:  98%|| 551/562 [02:59<00:03,  2.88it/s]pass through data:  98%|| 552/562 [03:00<00:03,  2.92it/s]pass through data:  98%|| 553/562 [03:00<00:03,  2.99it/s]pass through data:  99%|| 554/562 [03:00<00:02,  2.84it/s]pass through data:  99%|| 555/562 [03:01<00:02,  2.89it/s]pass through data:  99%|| 556/562 [03:01<00:02,  2.77it/s]pass through data:  99%|| 557/562 [03:01<00:01,  2.81it/s]pass through data:  99%|| 558/562 [03:02<00:01,  2.76it/s]pass through data:  99%|| 559/562 [03:02<00:01,  2.81it/s]pass through data: 100%|| 560/562 [03:02<00:00,  2.96it/s]pass through data: 100%|| 561/562 [03:03<00:00,  2.86it/s]pass through data: 100%|| 562/562 [03:03<00:00,  3.07it/s]
143648 eexamples_written
