[08/23/2022 - 18:04:28] File "Devign/main.py", line 70  	Reading already processed data from data/combined/full_experiment_real_data_processed/processed.bin!	
loading splits from data/combined/full_experiment_real_data_processed/vbalanced_0.01/splits.csv
load json -> msr mapping...
done loading json -> msr mapping
134520 keys missing from splits.csv
5746 keys skipped because _after_
skipped 140266 keys
[08/23/2022 - 18:10:47] File "Devign/main.py", line 88  	168	17	3197	0	
model: GGNNSum(
  (ggnn): GatedGraphConv(
    (linears): ModuleList(
      (0): Linear(in_features=200, out_features=200, bias=True)
      (1): Linear(in_features=200, out_features=200, bias=True)
      (2): Linear(in_features=200, out_features=200, bias=True)
      (3): Linear(in_features=200, out_features=200, bias=True)
      (4): Linear(in_features=200, out_features=200, bias=True)
    )
    (gru): GRUCell(200, 200)
  )
  (classifier): Linear(in_features=200, out_features=1, bias=True)
  (sigmoid): Sigmoid()
)
[08/23/2022 - 18:10:47] File "Devign/main.py", line 103  	Total Parameters : 442401	
[08/23/2022 - 18:10:47] File "Devign/main.py", line 104  	####################################################################################################	
[08/23/2022 - 18:10:51] File "/home/<ANONYMOUS>/code/ReVeal/Devign/trainer.py", line 66  	Start Training	
[08/23/2022 - 18:11:47] File "/home/<ANONYMOUS>/code/ReVeal/Devign/trainer.py", line 97  	Step 63		Train Loss     57.432	Valid Loss    43.618	f1: 60.87	Patience 0	
[08/23/2022 - 18:11:47] File "/home/<ANONYMOUS>/code/ReVeal/Devign/trainer.py", line 99  	====================================================================================================	
[08/23/2022 - 18:12:39] File "/home/<ANONYMOUS>/code/ReVeal/Devign/trainer.py", line 97  	Step 127		Train Loss      6.798	Valid Loss   137.066	f1: 66.67	Patience 0	
[08/23/2022 - 18:12:39] File "/home/<ANONYMOUS>/code/ReVeal/Devign/trainer.py", line 99  	====================================================================================================	
[08/23/2022 - 18:13:31] File "/home/<ANONYMOUS>/code/ReVeal/Devign/trainer.py", line 97  	Step 191		Train Loss      3.196	Valid Loss   142.215	f1: 66.67	Patience 1	
[08/23/2022 - 18:13:31] File "/home/<ANONYMOUS>/code/ReVeal/Devign/trainer.py", line 99  	====================================================================================================	
[08/23/2022 - 18:14:25] File "/home/<ANONYMOUS>/code/ReVeal/Devign/trainer.py", line 97  	Step 255		Train Loss      2.238	Valid Loss   228.574	f1: 64.00	Patience 2	
[08/23/2022 - 18:14:25] File "/home/<ANONYMOUS>/code/ReVeal/Devign/trainer.py", line 99  	====================================================================================================	
[08/23/2022 - 18:15:17] File "/home/<ANONYMOUS>/code/ReVeal/Devign/trainer.py", line 97  	Step 319		Train Loss      1.874	Valid Loss   229.745	f1: 64.00	Patience 3	
[08/23/2022 - 18:15:17] File "/home/<ANONYMOUS>/code/ReVeal/Devign/trainer.py", line 99  	====================================================================================================	
[08/23/2022 - 18:16:13] File "/home/<ANONYMOUS>/code/ReVeal/Devign/trainer.py", line 97  	Step 383		Train Loss      1.700	Valid Loss   230.703	f1: 64.00	Patience 4	
[08/23/2022 - 18:16:13] File "/home/<ANONYMOUS>/code/ReVeal/Devign/trainer.py", line 99  	====================================================================================================	
[08/23/2022 - 18:17:06] File "/home/<ANONYMOUS>/code/ReVeal/Devign/trainer.py", line 97  	Step 447		Train Loss      1.605	Valid Loss   231.525	f1: 64.00	Patience 5	
[08/23/2022 - 18:17:06] File "/home/<ANONYMOUS>/code/ReVeal/Devign/trainer.py", line 99  	====================================================================================================	
[08/23/2022 - 18:18:00] File "/home/<ANONYMOUS>/code/ReVeal/Devign/trainer.py", line 97  	Step 511		Train Loss      1.547	Valid Loss   232.299	f1: 64.00	Patience 6	
[08/23/2022 - 18:18:00] File "/home/<ANONYMOUS>/code/ReVeal/Devign/trainer.py", line 99  	====================================================================================================	
[08/23/2022 - 18:18:53] File "/home/<ANONYMOUS>/code/ReVeal/Devign/trainer.py", line 97  	Step 575		Train Loss      1.510	Valid Loss   232.994	f1: 64.00	Patience 7	
[08/23/2022 - 18:18:53] File "/home/<ANONYMOUS>/code/ReVeal/Devign/trainer.py", line 99  	====================================================================================================	
[08/23/2022 - 18:19:45] File "/home/<ANONYMOUS>/code/ReVeal/Devign/trainer.py", line 97  	Step 639		Train Loss      1.484	Valid Loss   233.662	f1: 69.23	Patience 0	
[08/23/2022 - 18:19:45] File "/home/<ANONYMOUS>/code/ReVeal/Devign/trainer.py", line 99  	====================================================================================================	
[08/23/2022 - 18:20:37] File "/home/<ANONYMOUS>/code/ReVeal/Devign/trainer.py", line 97  	Step 703		Train Loss      1.466	Valid Loss   234.352	f1: 74.07	Patience 0	
[08/23/2022 - 18:20:37] File "/home/<ANONYMOUS>/code/ReVeal/Devign/trainer.py", line 99  	====================================================================================================	
[08/23/2022 - 18:21:33] File "/home/<ANONYMOUS>/code/ReVeal/Devign/trainer.py", line 97  	Step 767		Train Loss      1.452	Valid Loss   234.999	f1: 74.07	Patience 1	
[08/23/2022 - 18:21:33] File "/home/<ANONYMOUS>/code/ReVeal/Devign/trainer.py", line 99  	====================================================================================================	
[08/23/2022 - 18:22:26] File "/home/<ANONYMOUS>/code/ReVeal/Devign/trainer.py", line 97  	Step 831		Train Loss      1.442	Valid Loss   235.620	f1: 74.07	Patience 2	
[08/23/2022 - 18:22:26] File "/home/<ANONYMOUS>/code/ReVeal/Devign/trainer.py", line 99  	====================================================================================================	
[08/23/2022 - 18:23:20] File "/home/<ANONYMOUS>/code/ReVeal/Devign/trainer.py", line 97  	Step 895		Train Loss      1.433	Valid Loss   236.207	f1: 74.07	Patience 3	
[08/23/2022 - 18:23:20] File "/home/<ANONYMOUS>/code/ReVeal/Devign/trainer.py", line 99  	====================================================================================================	
[08/23/2022 - 18:24:13] File "/home/<ANONYMOUS>/code/ReVeal/Devign/trainer.py", line 97  	Step 959		Train Loss      1.427	Valid Loss   236.757	f1: 74.07	Patience 4	
[08/23/2022 - 18:24:13] File "/home/<ANONYMOUS>/code/ReVeal/Devign/trainer.py", line 99  	====================================================================================================	
[08/23/2022 - 18:25:06] File "/home/<ANONYMOUS>/code/ReVeal/Devign/trainer.py", line 97  	Step 1023		Train Loss      1.422	Valid Loss   237.323	f1: 74.07	Patience 5	
[08/23/2022 - 18:25:06] File "/home/<ANONYMOUS>/code/ReVeal/Devign/trainer.py", line 99  	====================================================================================================	
[08/23/2022 - 18:25:59] File "/home/<ANONYMOUS>/code/ReVeal/Devign/trainer.py", line 97  	Step 1087		Train Loss      1.418	Valid Loss   237.878	f1: 74.07	Patience 6	
[08/23/2022 - 18:25:59] File "/home/<ANONYMOUS>/code/ReVeal/Devign/trainer.py", line 99  	====================================================================================================	
[08/23/2022 - 18:26:52] File "/home/<ANONYMOUS>/code/ReVeal/Devign/trainer.py", line 97  	Step 1151		Train Loss      1.414	Valid Loss   238.376	f1: 74.07	Patience 7	
[08/23/2022 - 18:26:52] File "/home/<ANONYMOUS>/code/ReVeal/Devign/trainer.py", line 99  	====================================================================================================	
[08/23/2022 - 18:27:46] File "/home/<ANONYMOUS>/code/ReVeal/Devign/trainer.py", line 97  	Step 1215		Train Loss      1.411	Valid Loss   238.862	f1: 74.07	Patience 8	
[08/23/2022 - 18:27:46] File "/home/<ANONYMOUS>/code/ReVeal/Devign/trainer.py", line 99  	====================================================================================================	
[08/23/2022 - 18:28:39] File "/home/<ANONYMOUS>/code/ReVeal/Devign/trainer.py", line 97  	Step 1279		Train Loss      1.410	Valid Loss   239.319	f1: 74.07	Patience 9	
[08/23/2022 - 18:28:39] File "/home/<ANONYMOUS>/code/ReVeal/Devign/trainer.py", line 99  	====================================================================================================	
[08/23/2022 - 18:29:37] File "/home/<ANONYMOUS>/code/ReVeal/Devign/trainer.py", line 97  	Step 1343		Train Loss      1.418	Valid Loss   239.749	f1: 74.07	Patience 10	
[08/23/2022 - 18:29:37] File "/home/<ANONYMOUS>/code/ReVeal/Devign/trainer.py", line 99  	====================================================================================================	
[08/23/2022 - 18:30:30] File "/home/<ANONYMOUS>/code/ReVeal/Devign/trainer.py", line 97  	Step 1407		Train Loss      1.417	Valid Loss   240.160	f1: 74.07	Patience 11	
[08/23/2022 - 18:30:30] File "/home/<ANONYMOUS>/code/ReVeal/Devign/trainer.py", line 99  	====================================================================================================	
[08/23/2022 - 18:31:24] File "/home/<ANONYMOUS>/code/ReVeal/Devign/trainer.py", line 97  	Step 1471		Train Loss      1.411	Valid Loss   240.500	f1: 74.07	Patience 12	
[08/23/2022 - 18:31:24] File "/home/<ANONYMOUS>/code/ReVeal/Devign/trainer.py", line 99  	====================================================================================================	
[08/23/2022 - 18:32:17] File "/home/<ANONYMOUS>/code/ReVeal/Devign/trainer.py", line 97  	Step 1535		Train Loss      1.409	Valid Loss   240.914	f1: 74.07	Patience 13	
[08/23/2022 - 18:32:17] File "/home/<ANONYMOUS>/code/ReVeal/Devign/trainer.py", line 99  	====================================================================================================	
[08/23/2022 - 18:33:11] File "/home/<ANONYMOUS>/code/ReVeal/Devign/trainer.py", line 97  	Step 1599		Train Loss      1.416	Valid Loss   241.116	f1: 74.07	Patience 14	
[08/23/2022 - 18:33:11] File "/home/<ANONYMOUS>/code/ReVeal/Devign/trainer.py", line 99  	====================================================================================================	
[08/23/2022 - 18:34:04] File "/home/<ANONYMOUS>/code/ReVeal/Devign/trainer.py", line 97  	Step 1663		Train Loss      1.408	Valid Loss   241.556	f1: 74.07	Patience 15	
[08/23/2022 - 18:34:04] File "/home/<ANONYMOUS>/code/ReVeal/Devign/trainer.py", line 99  	====================================================================================================	
[08/23/2022 - 18:34:57] File "/home/<ANONYMOUS>/code/ReVeal/Devign/trainer.py", line 97  	Step 1727		Train Loss      1.404	Valid Loss   241.846	f1: 74.07	Patience 16	
[08/23/2022 - 18:34:57] File "/home/<ANONYMOUS>/code/ReVeal/Devign/trainer.py", line 99  	====================================================================================================	
[08/23/2022 - 18:35:53] File "/home/<ANONYMOUS>/code/ReVeal/Devign/trainer.py", line 97  	Step 1791		Train Loss      1.413	Valid Loss   242.115	f1: 74.07	Patience 17	
[08/23/2022 - 18:35:53] File "/home/<ANONYMOUS>/code/ReVeal/Devign/trainer.py", line 99  	====================================================================================================	
[08/23/2022 - 18:36:46] File "/home/<ANONYMOUS>/code/ReVeal/Devign/trainer.py", line 97  	Step 1855		Train Loss      1.399	Valid Loss   242.407	f1: 74.07	Patience 18	
[08/23/2022 - 18:36:46] File "/home/<ANONYMOUS>/code/ReVeal/Devign/trainer.py", line 99  	====================================================================================================	
[08/23/2022 - 18:37:40] File "/home/<ANONYMOUS>/code/ReVeal/Devign/trainer.py", line 97  	Step 1919		Train Loss      1.410	Valid Loss   242.676	f1: 74.07	Patience 19	
[08/23/2022 - 18:37:40] File "/home/<ANONYMOUS>/code/ReVeal/Devign/trainer.py", line 99  	====================================================================================================	
[08/23/2022 - 18:38:32] File "/home/<ANONYMOUS>/code/ReVeal/Devign/trainer.py", line 97  	Step 1983		Train Loss      1.401	Valid Loss   242.977	f1: 74.07	Patience 20	
[08/23/2022 - 18:38:32] File "/home/<ANONYMOUS>/code/ReVeal/Devign/trainer.py", line 99  	====================================================================================================	
[08/23/2022 - 18:39:25] File "/home/<ANONYMOUS>/code/ReVeal/Devign/trainer.py", line 97  	Step 2047		Train Loss      1.406	Valid Loss   243.175	f1: 74.07	Patience 21	
[08/23/2022 - 18:39:25] File "/home/<ANONYMOUS>/code/ReVeal/Devign/trainer.py", line 99  	====================================================================================================	
[08/23/2022 - 18:40:18] File "/home/<ANONYMOUS>/code/ReVeal/Devign/trainer.py", line 97  	Step 2111		Train Loss      1.402	Valid Loss   243.356	f1: 74.07	Patience 22	
[08/23/2022 - 18:40:18] File "/home/<ANONYMOUS>/code/ReVeal/Devign/trainer.py", line 99  	====================================================================================================	
[08/23/2022 - 18:41:15] File "/home/<ANONYMOUS>/code/ReVeal/Devign/trainer.py", line 97  	Step 2175		Train Loss      1.402	Valid Loss   243.974	f1: 74.07	Patience 23	
[08/23/2022 - 18:41:15] File "/home/<ANONYMOUS>/code/ReVeal/Devign/trainer.py", line 99  	====================================================================================================	
[08/23/2022 - 18:42:07] File "/home/<ANONYMOUS>/code/ReVeal/Devign/trainer.py", line 97  	Step 2239		Train Loss      1.400	Valid Loss   244.155	f1: 74.07	Patience 24	
[08/23/2022 - 18:42:07] File "/home/<ANONYMOUS>/code/ReVeal/Devign/trainer.py", line 99  	====================================================================================================	
[08/23/2022 - 18:43:00] File "/home/<ANONYMOUS>/code/ReVeal/Devign/trainer.py", line 97  	Step 2303		Train Loss      1.400	Valid Loss   244.376	f1: 74.07	Patience 25	
[08/23/2022 - 18:43:00] File "/home/<ANONYMOUS>/code/ReVeal/Devign/trainer.py", line 99  	====================================================================================================	
[08/23/2022 - 18:43:54] File "/home/<ANONYMOUS>/code/ReVeal/Devign/trainer.py", line 97  	Step 2367		Train Loss      1.402	Valid Loss   244.494	f1: 74.07	Patience 26	
[08/23/2022 - 18:43:54] File "/home/<ANONYMOUS>/code/ReVeal/Devign/trainer.py", line 99  	====================================================================================================	
[08/23/2022 - 18:44:46] File "/home/<ANONYMOUS>/code/ReVeal/Devign/trainer.py", line 97  	Step 2431		Train Loss      1.404	Valid Loss   244.562	f1: 74.07	Patience 27	
[08/23/2022 - 18:44:46] File "/home/<ANONYMOUS>/code/ReVeal/Devign/trainer.py", line 99  	====================================================================================================	
[08/23/2022 - 18:45:40] File "/home/<ANONYMOUS>/code/ReVeal/Devign/trainer.py", line 97  	Step 2495		Train Loss      1.394	Valid Loss   244.854	f1: 74.07	Patience 28	
[08/23/2022 - 18:45:40] File "/home/<ANONYMOUS>/code/ReVeal/Devign/trainer.py", line 99  	====================================================================================================	
[08/23/2022 - 18:46:36] File "/home/<ANONYMOUS>/code/ReVeal/Devign/trainer.py", line 97  	Step 2559		Train Loss      1.403	Valid Loss   244.898	f1: 74.07	Patience 29	
[08/23/2022 - 18:46:36] File "/home/<ANONYMOUS>/code/ReVeal/Devign/trainer.py", line 99  	====================================================================================================	
[08/23/2022 - 18:47:30] File "/home/<ANONYMOUS>/code/ReVeal/Devign/trainer.py", line 97  	Step 2623		Train Loss      1.396	Valid Loss   245.510	f1: 74.07	Patience 30	
[08/23/2022 - 18:47:30] File "/home/<ANONYMOUS>/code/ReVeal/Devign/trainer.py", line 99  	====================================================================================================	
[08/23/2022 - 18:48:23] File "/home/<ANONYMOUS>/code/ReVeal/Devign/trainer.py", line 97  	Step 2687		Train Loss      1.403	Valid Loss   245.685	f1: 74.07	Patience 31	
[08/23/2022 - 18:48:23] File "/home/<ANONYMOUS>/code/ReVeal/Devign/trainer.py", line 99  	====================================================================================================	
[08/23/2022 - 18:49:16] File "/home/<ANONYMOUS>/code/ReVeal/Devign/trainer.py", line 97  	Step 2751		Train Loss      1.392	Valid Loss   245.894	f1: 74.07	Patience 32	
[08/23/2022 - 18:49:16] File "/home/<ANONYMOUS>/code/ReVeal/Devign/trainer.py", line 99  	====================================================================================================	
[08/23/2022 - 18:50:10] File "/home/<ANONYMOUS>/code/ReVeal/Devign/trainer.py", line 97  	Step 2815		Train Loss      1.400	Valid Loss   245.880	f1: 74.07	Patience 33	
[08/23/2022 - 18:50:10] File "/home/<ANONYMOUS>/code/ReVeal/Devign/trainer.py", line 99  	====================================================================================================	
[08/23/2022 - 18:51:02] File "/home/<ANONYMOUS>/code/ReVeal/Devign/trainer.py", line 97  	Step 2879		Train Loss      1.396	Valid Loss   246.237	f1: 74.07	Patience 34	
[08/23/2022 - 18:51:02] File "/home/<ANONYMOUS>/code/ReVeal/Devign/trainer.py", line 99  	====================================================================================================	
[08/23/2022 - 18:51:56] File "/home/<ANONYMOUS>/code/ReVeal/Devign/trainer.py", line 97  	Step 2943		Train Loss      1.395	Valid Loss   246.115	f1: 74.07	Patience 35	
[08/23/2022 - 18:51:56] File "/home/<ANONYMOUS>/code/ReVeal/Devign/trainer.py", line 99  	====================================================================================================	
[08/23/2022 - 18:52:49] File "/home/<ANONYMOUS>/code/ReVeal/Devign/trainer.py", line 97  	Step 3007		Train Loss      1.402	Valid Loss   246.157	f1: 74.07	Patience 36	
[08/23/2022 - 18:52:49] File "/home/<ANONYMOUS>/code/ReVeal/Devign/trainer.py", line 99  	====================================================================================================	
[08/23/2022 - 18:53:41] File "/home/<ANONYMOUS>/code/ReVeal/Devign/trainer.py", line 97  	Step 3071		Train Loss      1.394	Valid Loss   246.348	f1: 74.07	Patience 37	
[08/23/2022 - 18:53:41] File "/home/<ANONYMOUS>/code/ReVeal/Devign/trainer.py", line 99  	====================================================================================================	
[08/23/2022 - 18:54:37] File "/home/<ANONYMOUS>/code/ReVeal/Devign/trainer.py", line 97  	Step 3135		Train Loss      1.398	Valid Loss   330.299	f1: 74.07	Patience 38	
[08/23/2022 - 18:54:37] File "/home/<ANONYMOUS>/code/ReVeal/Devign/trainer.py", line 99  	====================================================================================================	
[08/23/2022 - 18:55:30] File "/home/<ANONYMOUS>/code/ReVeal/Devign/trainer.py", line 97  	Step 3199		Train Loss      1.397	Valid Loss   330.506	f1: 74.07	Patience 39	
[08/23/2022 - 18:55:30] File "/home/<ANONYMOUS>/code/ReVeal/Devign/trainer.py", line 99  	====================================================================================================	
[08/23/2022 - 18:56:24] File "/home/<ANONYMOUS>/code/ReVeal/Devign/trainer.py", line 97  	Step 3263		Train Loss      1.400	Valid Loss   246.896	f1: 74.07	Patience 40	
[08/23/2022 - 18:56:24] File "/home/<ANONYMOUS>/code/ReVeal/Devign/trainer.py", line 99  	====================================================================================================	
[08/23/2022 - 18:57:16] File "/home/<ANONYMOUS>/code/ReVeal/Devign/trainer.py", line 97  	Step 3327		Train Loss      1.393	Valid Loss   330.760	f1: 74.07	Patience 41	
[08/23/2022 - 18:57:16] File "/home/<ANONYMOUS>/code/ReVeal/Devign/trainer.py", line 99  	====================================================================================================	
[08/23/2022 - 18:58:08] File "/home/<ANONYMOUS>/code/ReVeal/Devign/trainer.py", line 97  	Step 3391		Train Loss      1.392	Valid Loss   330.824	f1: 74.07	Patience 42	
[08/23/2022 - 18:58:08] File "/home/<ANONYMOUS>/code/ReVeal/Devign/trainer.py", line 99  	====================================================================================================	
[08/23/2022 - 18:59:01] File "/home/<ANONYMOUS>/code/ReVeal/Devign/trainer.py", line 97  	Step 3455		Train Loss      1.402	Valid Loss   330.796	f1: 74.07	Patience 43	
[08/23/2022 - 18:59:01] File "/home/<ANONYMOUS>/code/ReVeal/Devign/trainer.py", line 99  	====================================================================================================	
[08/23/2022 - 18:59:54] File "/home/<ANONYMOUS>/code/ReVeal/Devign/trainer.py", line 97  	Step 3519		Train Loss      1.391	Valid Loss   331.008	f1: 74.07	Patience 44	
[08/23/2022 - 18:59:54] File "/home/<ANONYMOUS>/code/ReVeal/Devign/trainer.py", line 99  	====================================================================================================	
[08/23/2022 - 19:00:50] File "/home/<ANONYMOUS>/code/ReVeal/Devign/trainer.py", line 97  	Step 3583		Train Loss      1.391	Valid Loss   330.732	f1: 74.07	Patience 45	
[08/23/2022 - 19:00:50] File "/home/<ANONYMOUS>/code/ReVeal/Devign/trainer.py", line 99  	====================================================================================================	
[08/23/2022 - 19:01:43] File "/home/<ANONYMOUS>/code/ReVeal/Devign/trainer.py", line 97  	Step 3647		Train Loss      1.402	Valid Loss   330.968	f1: 74.07	Patience 46	
[08/23/2022 - 19:01:43] File "/home/<ANONYMOUS>/code/ReVeal/Devign/trainer.py", line 99  	====================================================================================================	
[08/23/2022 - 19:02:35] File "/home/<ANONYMOUS>/code/ReVeal/Devign/trainer.py", line 97  	Step 3711		Train Loss      1.390	Valid Loss   331.507	f1: 74.07	Patience 47	
[08/23/2022 - 19:02:35] File "/home/<ANONYMOUS>/code/ReVeal/Devign/trainer.py", line 99  	====================================================================================================	
[08/23/2022 - 19:03:27] File "/home/<ANONYMOUS>/code/ReVeal/Devign/trainer.py", line 97  	Step 3775		Train Loss      1.398	Valid Loss   330.696	f1: 74.07	Patience 48	
[08/23/2022 - 19:03:27] File "/home/<ANONYMOUS>/code/ReVeal/Devign/trainer.py", line 99  	====================================================================================================	
[08/23/2022 - 19:04:19] File "/home/<ANONYMOUS>/code/ReVeal/Devign/trainer.py", line 97  	Step 3839		Train Loss      1.393	Valid Loss   331.183	f1: 74.07	Patience 49	
[08/23/2022 - 19:04:19] File "/home/<ANONYMOUS>/code/ReVeal/Devign/trainer.py", line 99  	====================================================================================================	
[08/23/2022 - 19:05:11] File "/home/<ANONYMOUS>/code/ReVeal/Devign/trainer.py", line 97  	Step 3903		Train Loss      1.390	Valid Loss   331.346	f1: 74.07	Patience 50	
[08/23/2022 - 19:05:11] File "/home/<ANONYMOUS>/code/ReVeal/Devign/trainer.py", line 99  	====================================================================================================	
[08/23/2022 - 19:06:09] File "/home/<ANONYMOUS>/code/ReVeal/Devign/trainer.py", line 97  	Step 3967		Train Loss      1.398	Valid Loss   331.205	f1: 74.07	Patience 51	
[08/23/2022 - 19:06:09] File "/home/<ANONYMOUS>/code/ReVeal/Devign/trainer.py", line 99  	====================================================================================================	
[08/23/2022 - 19:07:02] File "/home/<ANONYMOUS>/code/ReVeal/Devign/trainer.py", line 97  	Step 4031		Train Loss      1.395	Valid Loss   331.632	f1: 74.07	Patience 52	
[08/23/2022 - 19:07:02] File "/home/<ANONYMOUS>/code/ReVeal/Devign/trainer.py", line 99  	====================================================================================================	
[08/23/2022 - 19:07:56] File "/home/<ANONYMOUS>/code/ReVeal/Devign/trainer.py", line 97  	Step 4095		Train Loss      1.390	Valid Loss   332.096	f1: 74.07	Patience 53	
[08/23/2022 - 19:07:56] File "/home/<ANONYMOUS>/code/ReVeal/Devign/trainer.py", line 99  	====================================================================================================	
[08/23/2022 - 19:08:48] File "/home/<ANONYMOUS>/code/ReVeal/Devign/trainer.py", line 97  	Step 4159		Train Loss      1.393	Valid Loss   331.442	f1: 74.07	Patience 54	
[08/23/2022 - 19:08:48] File "/home/<ANONYMOUS>/code/ReVeal/Devign/trainer.py", line 99  	====================================================================================================	
[08/23/2022 - 19:09:41] File "/home/<ANONYMOUS>/code/ReVeal/Devign/trainer.py", line 97  	Step 4223		Train Loss      1.394	Valid Loss   331.611	f1: 74.07	Patience 55	
[08/23/2022 - 19:09:41] File "/home/<ANONYMOUS>/code/ReVeal/Devign/trainer.py", line 99  	====================================================================================================	
[08/23/2022 - 19:10:35] File "/home/<ANONYMOUS>/code/ReVeal/Devign/trainer.py", line 97  	Step 4287		Train Loss      1.390	Valid Loss   331.860	f1: 74.07	Patience 56	
[08/23/2022 - 19:10:35] File "/home/<ANONYMOUS>/code/ReVeal/Devign/trainer.py", line 99  	====================================================================================================	
[08/23/2022 - 19:11:27] File "/home/<ANONYMOUS>/code/ReVeal/Devign/trainer.py", line 97  	Step 4351		Train Loss      1.402	Valid Loss   331.589	f1: 74.07	Patience 57	
[08/23/2022 - 19:11:27] File "/home/<ANONYMOUS>/code/ReVeal/Devign/trainer.py", line 99  	====================================================================================================	
[08/23/2022 - 19:12:20] File "/home/<ANONYMOUS>/code/ReVeal/Devign/trainer.py", line 97  	Step 4415		Train Loss      1.389	Valid Loss   331.939	f1: 74.07	Patience 58	
[08/23/2022 - 19:12:20] File "/home/<ANONYMOUS>/code/ReVeal/Devign/trainer.py", line 99  	====================================================================================================	
[08/23/2022 - 19:13:13] File "/home/<ANONYMOUS>/code/ReVeal/Devign/trainer.py", line 97  	Step 4479		Train Loss      1.393	Valid Loss   331.552	f1: 74.07	Patience 59	
[08/23/2022 - 19:13:13] File "/home/<ANONYMOUS>/code/ReVeal/Devign/trainer.py", line 99  	====================================================================================================	
[08/23/2022 - 19:14:14] File "/home/<ANONYMOUS>/code/ReVeal/Devign/trainer.py", line 97  	Step 4543		Train Loss      1.390	Valid Loss   331.964	f1: 74.07	Patience 60	
[08/23/2022 - 19:14:14] File "/home/<ANONYMOUS>/code/ReVeal/Devign/trainer.py", line 99  	====================================================================================================	
[08/23/2022 - 19:15:14] File "/home/<ANONYMOUS>/code/ReVeal/Devign/trainer.py", line 97  	Step 4607		Train Loss      1.398	Valid Loss   331.649	f1: 74.07	Patience 61	
[08/23/2022 - 19:15:14] File "/home/<ANONYMOUS>/code/ReVeal/Devign/trainer.py", line 99  	====================================================================================================	
[08/23/2022 - 19:16:14] File "/home/<ANONYMOUS>/code/ReVeal/Devign/trainer.py", line 97  	Step 4671		Train Loss      1.388	Valid Loss   332.079	f1: 74.07	Patience 62	
[08/23/2022 - 19:16:14] File "/home/<ANONYMOUS>/code/ReVeal/Devign/trainer.py", line 99  	====================================================================================================	
[08/23/2022 - 19:16:51] File "/home/<ANONYMOUS>/code/ReVeal/Devign/trainer.py", line 97  	Step 4735		Train Loss      1.392	Valid Loss   332.049	f1: 74.07	Patience 63	
[08/23/2022 - 19:16:51] File "/home/<ANONYMOUS>/code/ReVeal/Devign/trainer.py", line 99  	====================================================================================================	
[08/23/2022 - 19:17:45] File "/home/<ANONYMOUS>/code/ReVeal/Devign/trainer.py", line 97  	Step 4799		Train Loss      1.394	Valid Loss   332.164	f1: 74.07	Patience 64	
[08/23/2022 - 19:17:45] File "/home/<ANONYMOUS>/code/ReVeal/Devign/trainer.py", line 99  	====================================================================================================	
[08/23/2022 - 19:18:38] File "/home/<ANONYMOUS>/code/ReVeal/Devign/trainer.py", line 97  	Step 4863		Train Loss      1.392	Valid Loss   331.669	f1: 74.07	Patience 65	
[08/23/2022 - 19:18:38] File "/home/<ANONYMOUS>/code/ReVeal/Devign/trainer.py", line 99  	====================================================================================================	
[08/23/2022 - 19:19:31] File "/home/<ANONYMOUS>/code/ReVeal/Devign/trainer.py", line 97  	Step 4927		Train Loss      1.394	Valid Loss   332.318	f1: 74.07	Patience 66	
[08/23/2022 - 19:19:31] File "/home/<ANONYMOUS>/code/ReVeal/Devign/trainer.py", line 99  	====================================================================================================	
[08/23/2022 - 19:20:27] File "/home/<ANONYMOUS>/code/ReVeal/Devign/trainer.py", line 97  	Step 4991		Train Loss      1.389	Valid Loss   332.042	f1: 74.07	Patience 67	
[08/23/2022 - 19:20:27] File "/home/<ANONYMOUS>/code/ReVeal/Devign/trainer.py", line 99  	====================================================================================================	
[08/23/2022 - 19:21:18] File "/home/<ANONYMOUS>/code/ReVeal/Devign/trainer.py", line 97  	Step 5055		Train Loss      1.393	Valid Loss   332.248	f1: 74.07	Patience 68	
[08/23/2022 - 19:21:18] File "/home/<ANONYMOUS>/code/ReVeal/Devign/trainer.py", line 99  	====================================================================================================	
[08/23/2022 - 19:22:09] File "/home/<ANONYMOUS>/code/ReVeal/Devign/trainer.py", line 97  	Step 5119		Train Loss      1.391	Valid Loss   332.433	f1: 74.07	Patience 69	
[08/23/2022 - 19:22:09] File "/home/<ANONYMOUS>/code/ReVeal/Devign/trainer.py", line 99  	====================================================================================================	
[08/23/2022 - 19:23:01] File "/home/<ANONYMOUS>/code/ReVeal/Devign/trainer.py", line 97  	Step 5183		Train Loss      1.401	Valid Loss   331.315	f1: 74.07	Patience 70	
[08/23/2022 - 19:23:01] File "/home/<ANONYMOUS>/code/ReVeal/Devign/trainer.py", line 99  	====================================================================================================	
[08/23/2022 - 19:23:54] File "/home/<ANONYMOUS>/code/ReVeal/Devign/trainer.py", line 97  	Step 5247		Train Loss      1.390	Valid Loss   332.057	f1: 74.07	Patience 71	
[08/23/2022 - 19:23:54] File "/home/<ANONYMOUS>/code/ReVeal/Devign/trainer.py", line 99  	====================================================================================================	
[08/23/2022 - 19:24:46] File "/home/<ANONYMOUS>/code/ReVeal/Devign/trainer.py", line 97  	Step 5311		Train Loss      1.388	Valid Loss   332.301	f1: 74.07	Patience 72	
[08/23/2022 - 19:24:46] File "/home/<ANONYMOUS>/code/ReVeal/Devign/trainer.py", line 99  	====================================================================================================	
[08/23/2022 - 19:25:40] File "/home/<ANONYMOUS>/code/ReVeal/Devign/trainer.py", line 97  	Step 5375		Train Loss      1.391	Valid Loss   332.239	f1: 74.07	Patience 73	
[08/23/2022 - 19:25:40] File "/home/<ANONYMOUS>/code/ReVeal/Devign/trainer.py", line 99  	====================================================================================================	
[08/23/2022 - 19:26:32] File "/home/<ANONYMOUS>/code/ReVeal/Devign/trainer.py", line 97  	Step 5439		Train Loss      1.395	Valid Loss   332.861	f1: 69.23	Patience 74	
[08/23/2022 - 19:26:32] File "/home/<ANONYMOUS>/code/ReVeal/Devign/trainer.py", line 99  	====================================================================================================	
[08/23/2022 - 19:27:24] File "/home/<ANONYMOUS>/code/ReVeal/Devign/trainer.py", line 97  	Step 5503		Train Loss      1.390	Valid Loss   332.190	f1: 74.07	Patience 75	
[08/23/2022 - 19:27:24] File "/home/<ANONYMOUS>/code/ReVeal/Devign/trainer.py", line 99  	====================================================================================================	
[08/23/2022 - 19:28:16] File "/home/<ANONYMOUS>/code/ReVeal/Devign/trainer.py", line 97  	Step 5567		Train Loss      1.390	Valid Loss   332.239	f1: 74.07	Patience 76	
[08/23/2022 - 19:28:16] File "/home/<ANONYMOUS>/code/ReVeal/Devign/trainer.py", line 99  	====================================================================================================	
[08/23/2022 - 19:29:07] File "/home/<ANONYMOUS>/code/ReVeal/Devign/trainer.py", line 97  	Step 5631		Train Loss      1.392	Valid Loss   332.486	f1: 74.07	Patience 77	
[08/23/2022 - 19:29:07] File "/home/<ANONYMOUS>/code/ReVeal/Devign/trainer.py", line 99  	====================================================================================================	
[08/23/2022 - 19:30:00] File "/home/<ANONYMOUS>/code/ReVeal/Devign/trainer.py", line 97  	Step 5695		Train Loss      1.393	Valid Loss   332.127	f1: 74.07	Patience 78	
[08/23/2022 - 19:30:00] File "/home/<ANONYMOUS>/code/ReVeal/Devign/trainer.py", line 99  	====================================================================================================	
[08/23/2022 - 19:30:52] File "/home/<ANONYMOUS>/code/ReVeal/Devign/trainer.py", line 97  	Step 5759		Train Loss      1.392	Valid Loss   331.779	f1: 74.07	Patience 79	
[08/23/2022 - 19:30:52] File "/home/<ANONYMOUS>/code/ReVeal/Devign/trainer.py", line 99  	====================================================================================================	
[08/23/2022 - 19:31:44] File "/home/<ANONYMOUS>/code/ReVeal/Devign/trainer.py", line 97  	Step 5823		Train Loss      1.391	Valid Loss   331.608	f1: 74.07	Patience 80	
[08/23/2022 - 19:31:44] File "/home/<ANONYMOUS>/code/ReVeal/Devign/trainer.py", line 99  	====================================================================================================	
[08/23/2022 - 19:32:39] File "/home/<ANONYMOUS>/code/ReVeal/Devign/trainer.py", line 97  	Step 5887		Train Loss      1.389	Valid Loss   332.042	f1: 74.07	Patience 81	
[08/23/2022 - 19:32:39] File "/home/<ANONYMOUS>/code/ReVeal/Devign/trainer.py", line 99  	====================================================================================================	
[08/23/2022 - 19:33:31] File "/home/<ANONYMOUS>/code/ReVeal/Devign/trainer.py", line 97  	Step 5951		Train Loss      1.395	Valid Loss   331.705	f1: 74.07	Patience 82	
[08/23/2022 - 19:33:31] File "/home/<ANONYMOUS>/code/ReVeal/Devign/trainer.py", line 99  	====================================================================================================	
[08/23/2022 - 19:34:22] File "/home/<ANONYMOUS>/code/ReVeal/Devign/trainer.py", line 97  	Step 6015		Train Loss      1.388	Valid Loss   332.218	f1: 74.07	Patience 83	
[08/23/2022 - 19:34:22] File "/home/<ANONYMOUS>/code/ReVeal/Devign/trainer.py", line 99  	====================================================================================================	
[08/23/2022 - 19:35:14] File "/home/<ANONYMOUS>/code/ReVeal/Devign/trainer.py", line 97  	Step 6079		Train Loss      1.395	Valid Loss   331.634	f1: 74.07	Patience 84	
[08/23/2022 - 19:35:14] File "/home/<ANONYMOUS>/code/ReVeal/Devign/trainer.py", line 99  	====================================================================================================	
[08/23/2022 - 19:36:05] File "/home/<ANONYMOUS>/code/ReVeal/Devign/trainer.py", line 97  	Step 6143		Train Loss      1.388	Valid Loss   332.141	f1: 74.07	Patience 85	
[08/23/2022 - 19:36:05] File "/home/<ANONYMOUS>/code/ReVeal/Devign/trainer.py", line 99  	====================================================================================================	
[08/23/2022 - 19:36:56] File "/home/<ANONYMOUS>/code/ReVeal/Devign/trainer.py", line 97  	Step 6207		Train Loss      1.391	Valid Loss   331.901	f1: 74.07	Patience 86	
[08/23/2022 - 19:36:56] File "/home/<ANONYMOUS>/code/ReVeal/Devign/trainer.py", line 99  	====================================================================================================	
[08/23/2022 - 19:37:47] File "/home/<ANONYMOUS>/code/ReVeal/Devign/trainer.py", line 97  	Step 6271		Train Loss      1.389	Valid Loss   332.027	f1: 74.07	Patience 87	
[08/23/2022 - 19:37:47] File "/home/<ANONYMOUS>/code/ReVeal/Devign/trainer.py", line 99  	====================================================================================================	
[08/23/2022 - 19:38:42] File "/home/<ANONYMOUS>/code/ReVeal/Devign/trainer.py", line 97  	Step 6335		Train Loss      1.394	Valid Loss   331.769	f1: 74.07	Patience 88	
[08/23/2022 - 19:38:42] File "/home/<ANONYMOUS>/code/ReVeal/Devign/trainer.py", line 99  	====================================================================================================	
[08/23/2022 - 19:39:33] File "/home/<ANONYMOUS>/code/ReVeal/Devign/trainer.py", line 97  	Step 6399		Train Loss      1.388	Valid Loss   331.919	f1: 74.07	Patience 89	
[08/23/2022 - 19:39:33] File "/home/<ANONYMOUS>/code/ReVeal/Devign/trainer.py", line 99  	====================================================================================================	
[08/23/2022 - 19:40:25] File "/home/<ANONYMOUS>/code/ReVeal/Devign/trainer.py", line 97  	Step 6463		Train Loss      1.395	Valid Loss   331.980	f1: 74.07	Patience 90	
[08/23/2022 - 19:40:25] File "/home/<ANONYMOUS>/code/ReVeal/Devign/trainer.py", line 99  	====================================================================================================	
[08/23/2022 - 19:41:16] File "/home/<ANONYMOUS>/code/ReVeal/Devign/trainer.py", line 97  	Step 6527		Train Loss      1.388	Valid Loss   331.869	f1: 74.07	Patience 91	
[08/23/2022 - 19:41:16] File "/home/<ANONYMOUS>/code/ReVeal/Devign/trainer.py", line 99  	====================================================================================================	
[08/23/2022 - 19:42:08] File "/home/<ANONYMOUS>/code/ReVeal/Devign/trainer.py", line 97  	Step 6591		Train Loss      1.392	Valid Loss   332.380	f1: 74.07	Patience 92	
[08/23/2022 - 19:42:08] File "/home/<ANONYMOUS>/code/ReVeal/Devign/trainer.py", line 99  	====================================================================================================	
[08/23/2022 - 19:43:00] File "/home/<ANONYMOUS>/code/ReVeal/Devign/trainer.py", line 97  	Step 6655		Train Loss      1.390	Valid Loss   331.684	f1: 74.07	Patience 93	
[08/23/2022 - 19:43:00] File "/home/<ANONYMOUS>/code/ReVeal/Devign/trainer.py", line 99  	====================================================================================================	
[08/23/2022 - 19:43:52] File "/home/<ANONYMOUS>/code/ReVeal/Devign/trainer.py", line 97  	Step 6719		Train Loss      1.390	Valid Loss   331.509	f1: 74.07	Patience 94	
[08/23/2022 - 19:43:52] File "/home/<ANONYMOUS>/code/ReVeal/Devign/trainer.py", line 99  	====================================================================================================	
[08/23/2022 - 19:44:46] File "/home/<ANONYMOUS>/code/ReVeal/Devign/trainer.py", line 97  	Step 6783		Train Loss      1.391	Valid Loss   331.828	f1: 74.07	Patience 95	
[08/23/2022 - 19:44:46] File "/home/<ANONYMOUS>/code/ReVeal/Devign/trainer.py", line 99  	====================================================================================================	
[08/23/2022 - 19:45:38] File "/home/<ANONYMOUS>/code/ReVeal/Devign/trainer.py", line 97  	Step 6847		Train Loss      1.393	Valid Loss   330.912	f1: 74.07	Patience 96	
[08/23/2022 - 19:45:38] File "/home/<ANONYMOUS>/code/ReVeal/Devign/trainer.py", line 99  	====================================================================================================	
[08/23/2022 - 19:46:30] File "/home/<ANONYMOUS>/code/ReVeal/Devign/trainer.py", line 97  	Step 6911		Train Loss      1.392	Valid Loss   331.193	f1: 74.07	Patience 97	
[08/23/2022 - 19:46:30] File "/home/<ANONYMOUS>/code/ReVeal/Devign/trainer.py", line 99  	====================================================================================================	
[08/23/2022 - 19:47:21] File "/home/<ANONYMOUS>/code/ReVeal/Devign/trainer.py", line 97  	Step 6975		Train Loss      1.387	Valid Loss   331.710	f1: 74.07	Patience 98	
[08/23/2022 - 19:47:21] File "/home/<ANONYMOUS>/code/ReVeal/Devign/trainer.py", line 99  	====================================================================================================	
[08/23/2022 - 19:48:13] File "/home/<ANONYMOUS>/code/ReVeal/Devign/trainer.py", line 97  	Step 7039		Train Loss      1.393	Valid Loss   331.622	f1: 74.07	Patience 99	
[08/23/2022 - 19:48:13] File "/home/<ANONYMOUS>/code/ReVeal/Devign/trainer.py", line 99  	====================================================================================================	
[08/23/2022 - 19:49:05] File "/home/<ANONYMOUS>/code/ReVeal/Devign/trainer.py", line 97  	Step 7103		Train Loss      1.389	Valid Loss   331.385	f1: 74.07	Patience 100	
[08/23/2022 - 19:49:05] File "/home/<ANONYMOUS>/code/ReVeal/Devign/trainer.py", line 99  	====================================================================================================	
[08/23/2022 - 19:49:18] File "/home/<ANONYMOUS>/code/ReVeal/Devign/trainer.py", line 114  	models/combined/ggnn/vbalanced_0.01/1/GGNNSumModel	Test Accuracy: 50.05	Precision: 54.22	Recall: 54.44	F1: 54.33	
[08/23/2022 - 19:49:18] File "/home/<ANONYMOUS>/code/ReVeal/Devign/trainer.py", line 115  	====================================================================================================	
loading weights for eval_export models/combined/ggnn/vbalanced_0.01/1/GGNNSumModel-model.bin
outputting features to data/combined/full_experiment_real_data_processed/vbalanced_0.01/GGNNinput_graph_ggnn_1.jsonlines
pass through data:   0%|          | 0/562 [00:00<?, ?it/s]pass through data:   0%|          | 1/562 [00:01<11:05,  1.19s/it]pass through data:   0%|          | 2/562 [00:02<10:32,  1.13s/it]pass through data:   1%|          | 3/562 [00:03<10:17,  1.10s/it]pass through data:   1%|          | 4/562 [00:04<10:09,  1.09s/it]pass through data:   1%|          | 5/562 [00:05<09:55,  1.07s/it]pass through data:   1%|          | 6/562 [00:06<10:11,  1.10s/it]pass through data:   1%|          | 7/562 [00:07<10:01,  1.08s/it]pass through data:   1%|▏         | 8/562 [00:08<10:07,  1.10s/it]pass through data:   2%|▏         | 9/562 [00:09<10:08,  1.10s/it]pass through data:   2%|▏         | 10/562 [00:10<09:52,  1.07s/it]pass through data:   2%|▏         | 11/562 [00:12<09:56,  1.08s/it]pass through data:   2%|▏         | 12/562 [00:13<09:45,  1.06s/it]pass through data:   2%|▏         | 13/562 [00:14<09:56,  1.09s/it]pass through data:   2%|▏         | 14/562 [00:15<10:00,  1.10s/it]pass through data:   3%|▎         | 15/562 [00:16<09:54,  1.09s/it]pass through data:   3%|▎         | 16/562 [00:17<09:58,  1.10s/it]pass through data:   3%|▎         | 17/562 [00:18<09:37,  1.06s/it]pass through data:   3%|▎         | 18/562 [00:19<09:51,  1.09s/it]pass through data:   3%|▎         | 19/562 [00:20<09:48,  1.08s/it]pass through data:   4%|▎         | 20/562 [00:21<09:49,  1.09s/it]pass through data:   4%|▎         | 21/562 [00:22<09:53,  1.10s/it]pass through data:   4%|▍         | 22/562 [00:23<09:48,  1.09s/it]pass through data:   4%|▍         | 23/562 [00:25<09:58,  1.11s/it]pass through data:   4%|▍         | 24/562 [00:26<09:45,  1.09s/it]pass through data:   4%|▍         | 25/562 [00:27<09:40,  1.08s/it]pass through data:   5%|▍         | 26/562 [00:28<09:38,  1.08s/it]pass through data:   5%|▍         | 27/562 [00:29<09:31,  1.07s/it]pass through data:   5%|▍         | 28/562 [00:30<09:29,  1.07s/it]pass through data:   5%|▌         | 29/562 [00:31<09:26,  1.06s/it]pass through data:   5%|▌         | 30/562 [00:32<09:35,  1.08s/it]pass through data:   6%|▌         | 31/562 [00:33<09:24,  1.06s/it]pass through data:   6%|▌         | 32/562 [00:34<09:39,  1.09s/it]pass through data:   6%|▌         | 33/562 [00:35<09:41,  1.10s/it]pass through data:   6%|▌         | 34/562 [00:36<09:27,  1.07s/it]pass through data:   6%|▌         | 35/562 [00:38<09:34,  1.09s/it]pass through data:   6%|▋         | 36/562 [00:39<09:36,  1.10s/it]pass through data:   7%|▋         | 37/562 [00:40<09:35,  1.10s/it]pass through data:   7%|▋         | 38/562 [00:41<09:35,  1.10s/it]pass through data:   7%|▋         | 39/562 [00:42<09:20,  1.07s/it]pass through data:   7%|▋         | 40/562 [00:43<09:23,  1.08s/it]pass through data:   7%|▋         | 41/562 [00:44<09:34,  1.10s/it]pass through data:   7%|▋         | 42/562 [00:45<09:50,  1.14s/it]pass through data:   8%|▊         | 43/562 [00:46<09:47,  1.13s/it]pass through data:   8%|▊         | 44/562 [00:48<09:47,  1.13s/it]pass through data:   8%|▊         | 45/562 [00:49<09:22,  1.09s/it]pass through data:   8%|▊         | 46/562 [00:53<17:11,  2.00s/it]pass through data:   8%|▊         | 47/562 [00:54<14:45,  1.72s/it]pass through data:   9%|▊         | 48/562 [00:55<13:02,  1.52s/it]pass through data:   9%|▊         | 49/562 [00:56<12:03,  1.41s/it]pass through data:   9%|▉         | 50/562 [00:57<11:16,  1.32s/it]pass through data:   9%|▉         | 51/562 [00:58<10:36,  1.25s/it]pass through data:   9%|▉         | 52/562 [00:59<10:06,  1.19s/it]pass through data:   9%|▉         | 53/562 [01:00<09:50,  1.16s/it]pass through data:  10%|▉         | 54/562 [01:01<09:51,  1.16s/it]pass through data:  10%|▉         | 55/562 [01:03<09:58,  1.18s/it]pass through data:  10%|▉         | 56/562 [01:04<09:40,  1.15s/it]pass through data:  10%|█         | 57/562 [01:05<09:29,  1.13s/it]pass through data:  10%|█         | 58/562 [01:06<09:34,  1.14s/it]pass through data:  10%|█         | 59/562 [01:07<09:28,  1.13s/it]pass through data:  11%|█         | 60/562 [01:08<09:21,  1.12s/it]pass through data:  11%|█         | 61/562 [01:09<09:05,  1.09s/it]pass through data:  11%|█         | 62/562 [01:10<09:06,  1.09s/it]pass through data:  11%|█         | 63/562 [01:11<09:02,  1.09s/it]pass through data:  11%|█▏        | 64/562 [01:13<09:10,  1.11s/it]pass through data:  12%|█▏        | 65/562 [01:14<09:09,  1.11s/it]pass through data:  12%|█▏        | 66/562 [01:15<09:17,  1.12s/it]pass through data:  12%|█▏        | 67/562 [01:16<09:11,  1.11s/it]pass through data:  12%|█▏        | 68/562 [01:17<09:15,  1.12s/it]pass through data:  12%|█▏        | 69/562 [01:18<09:35,  1.17s/it]pass through data:  12%|█▏        | 70/562 [01:19<09:04,  1.11s/it]pass through data:  13%|█▎        | 71/562 [01:20<09:00,  1.10s/it]pass through data:  13%|█▎        | 72/562 [01:22<09:12,  1.13s/it]pass through data:  13%|█▎        | 73/562 [01:23<09:16,  1.14s/it]pass through data:  13%|█▎        | 74/562 [01:24<09:07,  1.12s/it]pass through data:  13%|█▎        | 75/562 [01:25<09:04,  1.12s/it]pass through data:  14%|█▎        | 76/562 [01:26<08:46,  1.08s/it]pass through data:  14%|█▎        | 77/562 [01:27<08:48,  1.09s/it]pass through data:  14%|█▍        | 78/562 [01:28<08:35,  1.06s/it]pass through data:  14%|█▍        | 79/562 [01:29<08:43,  1.08s/it]pass through data:  14%|█▍        | 80/562 [01:30<08:37,  1.07s/it]pass through data:  14%|█▍        | 81/562 [01:31<08:45,  1.09s/it]pass through data:  15%|█▍        | 82/562 [01:33<09:07,  1.14s/it]pass through data:  15%|█▍        | 83/562 [01:34<08:59,  1.13s/it]pass through data:  15%|█▍        | 84/562 [01:35<08:44,  1.10s/it]pass through data:  15%|█▌        | 85/562 [01:36<08:43,  1.10s/it]pass through data:  15%|█▌        | 86/562 [01:37<08:31,  1.07s/it]pass through data:  15%|█▌        | 87/562 [01:38<08:20,  1.05s/it]pass through data:  16%|█▌        | 88/562 [01:39<08:23,  1.06s/it]pass through data:  16%|█▌        | 89/562 [01:40<08:25,  1.07s/it]pass through data:  16%|█▌        | 90/562 [01:41<08:20,  1.06s/it]pass through data:  16%|█▌        | 91/562 [01:42<08:19,  1.06s/it]pass through data:  16%|█▋        | 92/562 [01:43<08:15,  1.06s/it]pass through data:  17%|█▋        | 93/562 [01:44<08:22,  1.07s/it]pass through data:  17%|█▋        | 94/562 [01:45<08:10,  1.05s/it]pass through data:  17%|█▋        | 95/562 [01:46<07:52,  1.01s/it]pass through data:  17%|█▋        | 96/562 [01:47<08:07,  1.05s/it]pass through data:  17%|█▋        | 97/562 [01:48<08:07,  1.05s/it]pass through data:  17%|█▋        | 98/562 [01:49<08:15,  1.07s/it]pass through data:  18%|█▊        | 99/562 [01:51<08:33,  1.11s/it]pass through data:  18%|█▊        | 100/562 [01:52<08:27,  1.10s/it]pass through data:  18%|█▊        | 101/562 [01:53<08:28,  1.10s/it]pass through data:  18%|█▊        | 102/562 [01:54<08:43,  1.14s/it]pass through data:  18%|█▊        | 103/562 [01:55<08:38,  1.13s/it]pass through data:  19%|█▊        | 104/562 [01:56<08:21,  1.10s/it]pass through data:  19%|█▊        | 105/562 [01:57<08:21,  1.10s/it]pass through data:  19%|█▉        | 106/562 [01:58<08:10,  1.08s/it]pass through data:  19%|█▉        | 107/562 [01:59<08:19,  1.10s/it]pass through data:  19%|█▉        | 108/562 [02:01<08:13,  1.09s/it]pass through data:  19%|█▉        | 109/562 [02:02<08:10,  1.08s/it]pass through data:  20%|█▉        | 110/562 [02:03<08:13,  1.09s/it]pass through data:  20%|█▉        | 111/562 [02:04<08:04,  1.07s/it]pass through data:  20%|█▉        | 112/562 [02:05<08:05,  1.08s/it]pass through data:  20%|██        | 113/562 [02:06<07:55,  1.06s/it]pass through data:  20%|██        | 114/562 [02:07<08:02,  1.08s/it]pass through data:  20%|██        | 115/562 [02:08<07:52,  1.06s/it]pass through data:  21%|██        | 116/562 [02:09<08:00,  1.08s/it]pass through data:  21%|██        | 117/562 [02:10<08:00,  1.08s/it]pass through data:  21%|██        | 118/562 [02:11<08:04,  1.09s/it]pass through data:  21%|██        | 119/562 [02:12<08:04,  1.09s/it]pass through data:  21%|██▏       | 120/562 [02:14<08:04,  1.10s/it]pass through data:  22%|██▏       | 121/562 [02:15<08:04,  1.10s/it]pass through data:  22%|██▏       | 122/562 [02:16<07:58,  1.09s/it]pass through data:  22%|██▏       | 123/562 [02:17<08:07,  1.11s/it]pass through data:  22%|██▏       | 124/562 [02:18<08:07,  1.11s/it]pass through data:  22%|██▏       | 125/562 [02:19<08:21,  1.15s/it]pass through data:  22%|██▏       | 126/562 [02:20<08:29,  1.17s/it]pass through data:  23%|██▎       | 127/562 [02:22<08:30,  1.17s/it]pass through data:  23%|██▎       | 128/562 [02:23<08:25,  1.17s/it]pass through data:  23%|██▎       | 129/562 [02:24<08:08,  1.13s/it]pass through data:  23%|██▎       | 130/562 [02:25<08:07,  1.13s/it]pass through data:  23%|██▎       | 131/562 [02:26<07:48,  1.09s/it]pass through data:  23%|██▎       | 132/562 [02:27<08:00,  1.12s/it]pass through data:  24%|██▎       | 133/562 [02:28<07:43,  1.08s/it]pass through data:  24%|██▍       | 134/562 [02:29<07:44,  1.08s/it]pass through data:  24%|██▍       | 135/562 [02:30<07:53,  1.11s/it]pass through data:  24%|██▍       | 136/562 [02:32<07:59,  1.13s/it]pass through data:  24%|██▍       | 137/562 [02:33<07:45,  1.10s/it]pass through data:  25%|██▍       | 138/562 [02:34<07:43,  1.09s/it]pass through data:  25%|██▍       | 139/562 [02:35<07:39,  1.09s/it]pass through data:  25%|██▍       | 140/562 [02:36<07:47,  1.11s/it]pass through data:  25%|██▌       | 141/562 [02:37<07:45,  1.11s/it]pass through data:  25%|██▌       | 142/562 [02:38<07:39,  1.09s/it]pass through data:  25%|██▌       | 143/562 [02:39<07:38,  1.10s/it]pass through data:  26%|██▌       | 144/562 [02:40<07:32,  1.08s/it]pass through data:  26%|██▌       | 145/562 [02:41<07:37,  1.10s/it]pass through data:  26%|██▌       | 146/562 [02:42<07:35,  1.10s/it]pass through data:  26%|██▌       | 147/562 [02:43<07:26,  1.08s/it]pass through data:  26%|██▋       | 148/562 [02:45<07:35,  1.10s/it]pass through data:  27%|██▋       | 149/562 [02:46<07:22,  1.07s/it]pass through data:  27%|██▋       | 150/562 [02:47<07:24,  1.08s/it]pass through data:  27%|██▋       | 151/562 [02:48<07:15,  1.06s/it]pass through data:  27%|██▋       | 152/562 [02:49<07:29,  1.10s/it]pass through data:  27%|██▋       | 153/562 [02:50<07:30,  1.10s/it]pass through data:  27%|██▋       | 154/562 [02:51<07:17,  1.07s/it]pass through data:  28%|██▊       | 155/562 [02:52<07:14,  1.07s/it]pass through data:  28%|██▊       | 156/562 [02:53<07:08,  1.06s/it]pass through data:  28%|██▊       | 157/562 [02:54<07:12,  1.07s/it]pass through data:  28%|██▊       | 158/562 [02:55<07:07,  1.06s/it]pass through data:  28%|██▊       | 159/562 [02:56<07:21,  1.10s/it]pass through data:  28%|██▊       | 160/562 [02:58<07:22,  1.10s/it]pass through data:  29%|██▊       | 161/562 [02:59<07:13,  1.08s/it]pass through data:  29%|██▉       | 162/562 [03:00<07:10,  1.08s/it]pass through data:  29%|██▉       | 163/562 [03:01<07:05,  1.07s/it]pass through data:  29%|██▉       | 164/562 [03:02<07:18,  1.10s/it]pass through data:  29%|██▉       | 165/562 [03:03<07:17,  1.10s/it]pass through data:  30%|██▉       | 166/562 [03:04<07:13,  1.09s/it]pass through data:  30%|██▉       | 167/562 [03:05<07:11,  1.09s/it]pass through data:  30%|██▉       | 168/562 [03:06<07:01,  1.07s/it]pass through data:  30%|███       | 169/562 [03:07<06:55,  1.06s/it]pass through data:  30%|███       | 170/562 [03:08<06:54,  1.06s/it]pass through data:  30%|███       | 171/562 [03:09<06:57,  1.07s/it]pass through data:  31%|███       | 172/562 [03:10<06:50,  1.05s/it]pass through data:  31%|███       | 173/562 [03:11<06:53,  1.06s/it]pass through data:  31%|███       | 174/562 [03:12<06:48,  1.05s/it]pass through data:  31%|███       | 175/562 [03:14<06:51,  1.06s/it]pass through data:  31%|███▏      | 176/562 [03:15<06:42,  1.04s/it]pass through data:  31%|███▏      | 177/562 [03:16<06:53,  1.07s/it]pass through data:  32%|███▏      | 178/562 [03:17<06:46,  1.06s/it]pass through data:  32%|███▏      | 179/562 [03:18<07:00,  1.10s/it]pass through data:  32%|███▏      | 180/562 [03:19<06:57,  1.09s/it]pass through data:  32%|███▏      | 181/562 [03:20<06:48,  1.07s/it]pass through data:  32%|███▏      | 182/562 [03:21<06:56,  1.10s/it]pass through data:  33%|███▎      | 183/562 [03:22<06:54,  1.09s/it]pass through data:  33%|███▎      | 184/562 [03:23<06:53,  1.09s/it]pass through data:  33%|███▎      | 185/562 [03:24<06:53,  1.10s/it]pass through data:  33%|███▎      | 186/562 [03:25<06:43,  1.07s/it]pass through data:  33%|███▎      | 187/562 [03:27<06:41,  1.07s/it]pass through data:  33%|███▎      | 188/562 [03:28<06:35,  1.06s/it]pass through data:  34%|███▎      | 189/562 [03:29<06:46,  1.09s/it]pass through data:  34%|███▍      | 190/562 [03:30<06:55,  1.12s/it]pass through data:  34%|███▍      | 191/562 [03:31<06:41,  1.08s/it]pass through data:  34%|███▍      | 192/562 [03:32<06:40,  1.08s/it]pass through data:  34%|███▍      | 193/562 [03:33<06:32,  1.06s/it]pass through data:  35%|███▍      | 194/562 [03:34<06:44,  1.10s/it]pass through data:  35%|███▍      | 195/562 [03:35<06:39,  1.09s/it]pass through data:  35%|███▍      | 196/562 [03:36<06:39,  1.09s/it]pass through data:  35%|███▌      | 197/562 [03:37<06:37,  1.09s/it]pass through data:  35%|███▌      | 198/562 [03:38<06:29,  1.07s/it]pass through data:  35%|███▌      | 199/562 [03:40<06:33,  1.08s/it]pass through data:  36%|███▌      | 200/562 [03:41<06:24,  1.06s/it]pass through data:  36%|███▌      | 201/562 [03:42<06:28,  1.08s/it]pass through data:  36%|███▌      | 202/562 [03:43<06:21,  1.06s/it]pass through data:  36%|███▌      | 203/562 [03:44<06:25,  1.08s/it]pass through data:  36%|███▋      | 204/562 [03:45<06:25,  1.08s/it]pass through data:  36%|███▋      | 205/562 [03:46<06:27,  1.09s/it]pass through data:  37%|███▋      | 206/562 [03:47<06:28,  1.09s/it]pass through data:  37%|███▋      | 207/562 [03:48<06:18,  1.07s/it]pass through data:  37%|███▋      | 208/562 [03:49<06:10,  1.05s/it]pass through data:  37%|███▋      | 209/562 [03:50<06:14,  1.06s/it]pass through data:  37%|███▋      | 210/562 [03:51<06:11,  1.06s/it]pass through data:  38%|███▊      | 211/562 [03:52<06:10,  1.06s/it]pass through data:  38%|███▊      | 212/562 [03:53<06:13,  1.07s/it]pass through data:  38%|███▊      | 213/562 [03:55<06:18,  1.09s/it]pass through data:  38%|███▊      | 214/562 [03:56<06:27,  1.11s/it]pass through data:  38%|███▊      | 215/562 [03:57<06:32,  1.13s/it]pass through data:  38%|███▊      | 216/562 [03:58<06:14,  1.08s/it]pass through data:  39%|███▊      | 217/562 [03:59<06:17,  1.09s/it]pass through data:  39%|███▉      | 218/562 [04:00<06:21,  1.11s/it]pass through data:  39%|███▉      | 219/562 [04:01<06:14,  1.09s/it]pass through data:  39%|███▉      | 220/562 [04:02<06:08,  1.08s/it]pass through data:  39%|███▉      | 221/562 [04:03<06:04,  1.07s/it]pass through data:  40%|███▉      | 222/562 [04:08<11:31,  2.03s/it]pass through data:  40%|███▉      | 223/562 [04:09<09:56,  1.76s/it]pass through data:  40%|███▉      | 224/562 [04:10<08:43,  1.55s/it]pass through data:  40%|████      | 225/562 [04:11<07:49,  1.39s/it]pass through data:  40%|████      | 226/562 [04:12<07:17,  1.30s/it]pass through data:  40%|████      | 227/562 [04:13<07:02,  1.26s/it]pass through data:  41%|████      | 228/562 [04:14<06:45,  1.21s/it]pass through data:  41%|████      | 229/562 [04:15<06:27,  1.16s/it]pass through data:  41%|████      | 230/562 [04:16<06:21,  1.15s/it]pass through data:  41%|████      | 231/562 [04:17<06:11,  1.12s/it]pass through data:  41%|████▏     | 232/562 [04:18<06:10,  1.12s/it]pass through data:  41%|████▏     | 233/562 [04:20<06:06,  1.11s/it]pass through data:  42%|████▏     | 234/562 [04:21<05:55,  1.08s/it]pass through data:  42%|████▏     | 235/562 [04:22<05:47,  1.06s/it]pass through data:  42%|████▏     | 236/562 [04:23<05:55,  1.09s/it]pass through data:  42%|████▏     | 237/562 [04:24<06:02,  1.11s/it]pass through data:  42%|████▏     | 238/562 [04:25<06:01,  1.12s/it]pass through data:  43%|████▎     | 239/562 [04:26<05:54,  1.10s/it]pass through data:  43%|████▎     | 240/562 [04:27<05:53,  1.10s/it]pass through data:  43%|████▎     | 241/562 [04:28<05:39,  1.06s/it]pass through data:  43%|████▎     | 242/562 [04:29<05:49,  1.09s/it]pass through data:  43%|████▎     | 243/562 [04:30<05:55,  1.11s/it]pass through data:  43%|████▎     | 244/562 [04:32<06:07,  1.16s/it]pass through data:  44%|████▎     | 245/562 [04:33<05:50,  1.11s/it]pass through data:  44%|████▍     | 246/562 [04:34<05:59,  1.14s/it]pass through data:  44%|████▍     | 247/562 [04:35<06:09,  1.17s/it]pass through data:  44%|████▍     | 248/562 [04:36<05:59,  1.14s/it]pass through data:  44%|████▍     | 249/562 [04:37<05:48,  1.11s/it]pass through data:  44%|████▍     | 250/562 [04:38<05:49,  1.12s/it]pass through data:  45%|████▍     | 251/562 [04:39<05:40,  1.09s/it]pass through data:  45%|████▍     | 252/562 [04:41<05:42,  1.11s/it]pass through data:  45%|████▌     | 253/562 [04:42<05:44,  1.12s/it]pass through data:  45%|████▌     | 254/562 [04:43<05:38,  1.10s/it]pass through data:  45%|████▌     | 255/562 [04:44<05:44,  1.12s/it]pass through data:  46%|████▌     | 256/562 [04:45<05:47,  1.14s/it]pass through data:  46%|████▌     | 257/562 [04:46<05:33,  1.09s/it]pass through data:  46%|████▌     | 258/562 [04:47<05:35,  1.10s/it]pass through data:  46%|████▌     | 259/562 [04:48<05:26,  1.08s/it]pass through data:  46%|████▋     | 260/562 [04:49<05:31,  1.10s/it]pass through data:  46%|████▋     | 261/562 [04:51<05:32,  1.10s/it]pass through data:  47%|████▋     | 262/562 [04:52<05:20,  1.07s/it]pass through data:  47%|████▋     | 263/562 [04:53<05:26,  1.09s/it]pass through data:  47%|████▋     | 264/562 [04:54<05:23,  1.09s/it]pass through data:  47%|████▋     | 265/562 [04:55<05:26,  1.10s/it]pass through data:  47%|████▋     | 266/562 [04:56<05:30,  1.12s/it]pass through data:  48%|████▊     | 267/562 [04:57<05:16,  1.07s/it]pass through data:  48%|████▊     | 268/562 [04:58<05:15,  1.07s/it]pass through data:  48%|████▊     | 269/562 [04:59<05:22,  1.10s/it]pass through data:  48%|████▊     | 270/562 [05:00<05:20,  1.10s/it]pass through data:  48%|████▊     | 271/562 [05:01<05:22,  1.11s/it]pass through data:  48%|████▊     | 272/562 [05:02<05:12,  1.08s/it]pass through data:  49%|████▊     | 273/562 [05:04<05:09,  1.07s/it]pass through data:  49%|████▉     | 274/562 [05:05<05:06,  1.06s/it]pass through data:  49%|████▉     | 275/562 [05:06<05:11,  1.08s/it]pass through data:  49%|████▉     | 276/562 [05:07<05:08,  1.08s/it]pass through data:  49%|████▉     | 277/562 [05:08<05:16,  1.11s/it]pass through data:  49%|████▉     | 278/562 [05:09<05:21,  1.13s/it]pass through data:  50%|████▉     | 279/562 [05:10<05:18,  1.12s/it]pass through data:  50%|████▉     | 280/562 [05:11<05:12,  1.11s/it]pass through data:  50%|█████     | 281/562 [05:12<05:12,  1.11s/it]pass through data:  50%|█████     | 282/562 [05:13<04:59,  1.07s/it]pass through data:  50%|█████     | 283/562 [05:15<05:02,  1.09s/it]pass through data:  51%|█████     | 284/562 [05:16<04:52,  1.05s/it]pass through data:  51%|█████     | 285/562 [05:17<04:53,  1.06s/it]pass through data:  51%|█████     | 286/562 [05:18<04:48,  1.05s/it]pass through data:  51%|█████     | 287/562 [05:19<04:49,  1.05s/it]pass through data:  51%|█████     | 288/562 [05:20<04:46,  1.05s/it]pass through data:  51%|█████▏    | 289/562 [05:21<04:55,  1.08s/it]pass through data:  52%|█████▏    | 290/562 [05:22<04:57,  1.09s/it]pass through data:  52%|█████▏    | 291/562 [05:23<04:54,  1.09s/it]pass through data:  52%|█████▏    | 292/562 [05:24<04:54,  1.09s/it]pass through data:  52%|█████▏    | 293/562 [05:25<04:51,  1.08s/it]pass through data:  52%|█████▏    | 294/562 [05:26<04:55,  1.10s/it]pass through data:  52%|█████▏    | 295/562 [05:27<04:53,  1.10s/it]pass through data:  53%|█████▎    | 296/562 [05:28<04:46,  1.08s/it]pass through data:  53%|█████▎    | 297/562 [05:30<04:43,  1.07s/it]pass through data:  53%|█████▎    | 298/562 [05:31<04:39,  1.06s/it]pass through data:  53%|█████▎    | 299/562 [05:32<04:40,  1.07s/it]pass through data:  53%|█████▎    | 300/562 [05:33<04:35,  1.05s/it]pass through data:  54%|█████▎    | 301/562 [05:34<04:38,  1.07s/it]pass through data:  54%|█████▎    | 302/562 [05:35<04:35,  1.06s/it]pass through data:  54%|█████▍    | 303/562 [05:36<04:36,  1.07s/it]pass through data:  54%|█████▍    | 304/562 [05:37<04:36,  1.07s/it]pass through data:  54%|█████▍    | 305/562 [05:38<04:39,  1.09s/it]pass through data:  54%|█████▍    | 306/562 [05:39<04:44,  1.11s/it]pass through data:  55%|█████▍    | 307/562 [05:40<04:49,  1.14s/it]pass through data:  55%|█████▍    | 308/562 [05:42<04:46,  1.13s/it]pass through data:  55%|█████▍    | 309/562 [05:43<04:45,  1.13s/it]pass through data:  55%|█████▌    | 310/562 [05:44<04:41,  1.12s/it]pass through data:  55%|█████▌    | 311/562 [05:45<04:31,  1.08s/it]pass through data:  56%|█████▌    | 312/562 [05:46<04:32,  1.09s/it]pass through data:  56%|█████▌    | 313/562 [05:47<04:26,  1.07s/it]pass through data:  56%|█████▌    | 314/562 [05:48<04:34,  1.11s/it]pass through data:  56%|█████▌    | 315/562 [05:49<04:19,  1.05s/it]pass through data:  56%|█████▌    | 316/562 [05:50<04:23,  1.07s/it]pass through data:  56%|█████▋    | 317/562 [05:51<04:20,  1.06s/it]pass through data:  57%|█████▋    | 318/562 [05:52<04:26,  1.09s/it]pass through data:  57%|█████▋    | 319/562 [05:53<04:26,  1.10s/it]pass through data:  57%|█████▋    | 320/562 [05:54<04:18,  1.07s/it]pass through data:  57%|█████▋    | 321/562 [05:56<04:17,  1.07s/it]pass through data:  57%|█████▋    | 322/562 [05:57<04:17,  1.07s/it]pass through data:  57%|█████▋    | 323/562 [05:58<04:24,  1.11s/it]pass through data:  58%|█████▊    | 324/562 [05:59<04:30,  1.14s/it]pass through data:  58%|█████▊    | 325/562 [06:00<04:25,  1.12s/it]pass through data:  58%|█████▊    | 326/562 [06:01<04:17,  1.09s/it]pass through data:  58%|█████▊    | 327/562 [06:02<04:18,  1.10s/it]pass through data:  58%|█████▊    | 328/562 [06:03<04:13,  1.09s/it]pass through data:  59%|█████▊    | 329/562 [06:04<04:17,  1.10s/it]pass through data:  59%|█████▊    | 330/562 [06:06<04:18,  1.12s/it]pass through data:  59%|█████▉    | 331/562 [06:07<04:12,  1.09s/it]pass through data:  59%|█████▉    | 332/562 [06:08<04:15,  1.11s/it]pass through data:  59%|█████▉    | 333/562 [06:09<04:12,  1.10s/it]pass through data:  59%|█████▉    | 334/562 [06:10<04:07,  1.09s/it]pass through data:  60%|█████▉    | 335/562 [06:11<04:07,  1.09s/it]pass through data:  60%|█████▉    | 336/562 [06:12<04:02,  1.07s/it]pass through data:  60%|█████▉    | 337/562 [06:13<04:08,  1.10s/it]pass through data:  60%|██████    | 338/562 [06:14<04:06,  1.10s/it]pass through data:  60%|██████    | 339/562 [06:15<04:02,  1.09s/it]pass through data:  60%|██████    | 340/562 [06:16<04:03,  1.09s/it]pass through data:  61%|██████    | 341/562 [06:17<03:55,  1.07s/it]pass through data:  61%|██████    | 342/562 [06:18<03:45,  1.02s/it]pass through data:  61%|██████    | 343/562 [06:20<03:48,  1.05s/it]pass through data:  61%|██████    | 344/562 [06:21<03:52,  1.07s/it]pass through data:  61%|██████▏   | 345/562 [06:22<03:55,  1.08s/it]pass through data:  62%|██████▏   | 346/562 [06:23<04:02,  1.12s/it]pass through data:  62%|██████▏   | 347/562 [06:24<04:02,  1.13s/it]pass through data:  62%|██████▏   | 348/562 [06:25<03:56,  1.11s/it]pass through data:  62%|██████▏   | 349/562 [06:26<03:55,  1.11s/it]pass through data:  62%|██████▏   | 350/562 [06:27<03:50,  1.09s/it]pass through data:  62%|██████▏   | 351/562 [06:28<03:49,  1.09s/it]pass through data:  63%|██████▎   | 352/562 [06:30<03:50,  1.10s/it]pass through data:  63%|██████▎   | 353/562 [06:31<03:44,  1.08s/it]pass through data:  63%|██████▎   | 354/562 [06:32<03:49,  1.10s/it]pass through data:  63%|██████▎   | 355/562 [06:33<03:46,  1.09s/it]pass through data:  63%|██████▎   | 356/562 [06:34<03:50,  1.12s/it]pass through data:  64%|██████▎   | 357/562 [06:35<03:48,  1.11s/it]pass through data:  64%|██████▎   | 358/562 [06:36<03:47,  1.12s/it]pass through data:  64%|██████▍   | 359/562 [06:37<03:42,  1.09s/it]pass through data:  64%|██████▍   | 360/562 [06:38<03:39,  1.09s/it]pass through data:  64%|██████▍   | 361/562 [06:39<03:32,  1.05s/it]pass through data:  64%|██████▍   | 362/562 [06:40<03:36,  1.08s/it]pass through data:  65%|██████▍   | 363/562 [06:41<03:34,  1.08s/it]pass through data:  65%|██████▍   | 364/562 [06:43<03:34,  1.09s/it]pass through data:  65%|██████▍   | 365/562 [06:44<03:37,  1.11s/it]pass through data:  65%|██████▌   | 366/562 [06:45<03:28,  1.06s/it]pass through data:  65%|██████▌   | 367/562 [06:46<03:30,  1.08s/it]pass through data:  65%|██████▌   | 368/562 [06:47<03:23,  1.05s/it]pass through data:  66%|██████▌   | 369/562 [06:48<03:30,  1.09s/it]pass through data:  66%|██████▌   | 370/562 [06:49<03:28,  1.09s/it]pass through data:  66%|██████▌   | 371/562 [06:50<03:26,  1.08s/it]pass through data:  66%|██████▌   | 372/562 [06:51<03:32,  1.12s/it]pass through data:  66%|██████▋   | 373/562 [06:52<03:30,  1.11s/it]pass through data:  67%|██████▋   | 374/562 [06:54<03:25,  1.10s/it]pass through data:  67%|██████▋   | 375/562 [06:55<03:23,  1.09s/it]pass through data:  67%|██████▋   | 376/562 [06:56<03:17,  1.06s/it]pass through data:  67%|██████▋   | 377/562 [06:57<03:24,  1.11s/it]pass through data:  67%|██████▋   | 378/562 [06:58<03:23,  1.11s/it]pass through data:  67%|██████▋   | 379/562 [06:59<03:19,  1.09s/it]pass through data:  68%|██████▊   | 380/562 [07:00<03:18,  1.09s/it]pass through data:  68%|██████▊   | 381/562 [07:01<03:10,  1.05s/it]pass through data:  68%|██████▊   | 382/562 [07:02<03:10,  1.06s/it]pass through data:  68%|██████▊   | 383/562 [07:03<03:07,  1.05s/it]pass through data:  68%|██████▊   | 384/562 [07:04<03:10,  1.07s/it]pass through data:  69%|██████▊   | 385/562 [07:05<03:05,  1.05s/it]pass through data:  69%|██████▊   | 386/562 [07:06<03:10,  1.08s/it]pass through data:  69%|██████▉   | 387/562 [07:07<03:07,  1.07s/it]pass through data:  69%|██████▉   | 388/562 [07:09<03:07,  1.08s/it]pass through data:  69%|██████▉   | 389/562 [07:10<03:11,  1.10s/it]pass through data:  69%|██████▉   | 390/562 [07:11<03:05,  1.08s/it]pass through data:  70%|██████▉   | 391/562 [07:12<03:08,  1.10s/it]pass through data:  70%|██████▉   | 392/562 [07:13<03:14,  1.14s/it]pass through data:  70%|██████▉   | 393/562 [07:14<03:09,  1.12s/it]pass through data:  70%|███████   | 394/562 [07:15<03:02,  1.09s/it]pass through data:  70%|███████   | 395/562 [07:16<03:01,  1.09s/it]pass through data:  70%|███████   | 396/562 [07:17<03:04,  1.11s/it]pass through data:  71%|███████   | 397/562 [07:19<03:02,  1.11s/it]pass through data:  71%|███████   | 398/562 [07:20<03:00,  1.10s/it]pass through data:  71%|███████   | 399/562 [07:21<02:55,  1.08s/it]pass through data:  71%|███████   | 400/562 [07:22<02:55,  1.09s/it]pass through data:  71%|███████▏  | 401/562 [07:23<02:52,  1.07s/it]pass through data:  72%|███████▏  | 402/562 [07:24<02:49,  1.06s/it]pass through data:  72%|███████▏  | 403/562 [07:25<02:47,  1.05s/it]pass through data:  72%|███████▏  | 404/562 [07:26<02:45,  1.05s/it]pass through data:  72%|███████▏  | 405/562 [07:27<02:44,  1.05s/it]pass through data:  72%|███████▏  | 406/562 [07:28<02:48,  1.08s/it]pass through data:  72%|███████▏  | 407/562 [07:29<02:46,  1.08s/it]pass through data:  73%|███████▎  | 408/562 [07:30<02:47,  1.08s/it]pass through data:  73%|███████▎  | 409/562 [07:31<02:45,  1.08s/it]pass through data:  73%|███████▎  | 410/562 [07:32<02:42,  1.07s/it]pass through data:  73%|███████▎  | 411/562 [07:33<02:41,  1.07s/it]pass through data:  73%|███████▎  | 412/562 [07:34<02:38,  1.06s/it]pass through data:  73%|███████▎  | 413/562 [07:36<02:40,  1.08s/it]pass through data:  74%|███████▎  | 414/562 [07:37<02:43,  1.10s/it]pass through data:  74%|███████▍  | 415/562 [07:38<02:41,  1.10s/it]pass through data:  74%|███████▍  | 416/562 [07:39<02:40,  1.10s/it]pass through data:  74%|███████▍  | 417/562 [07:40<02:42,  1.12s/it]pass through data:  74%|███████▍  | 418/562 [07:41<02:39,  1.11s/it]pass through data:  75%|███████▍  | 419/562 [07:42<02:38,  1.11s/it]pass through data:  75%|███████▍  | 420/562 [07:43<02:38,  1.12s/it]pass through data:  75%|███████▍  | 421/562 [07:45<02:37,  1.11s/it]pass through data:  75%|███████▌  | 422/562 [07:46<02:37,  1.12s/it]pass through data:  75%|███████▌  | 423/562 [07:50<04:47,  2.07s/it]pass through data:  75%|███████▌  | 424/562 [07:51<04:01,  1.75s/it]pass through data:  76%|███████▌  | 425/562 [07:52<03:33,  1.56s/it]pass through data:  76%|███████▌  | 426/562 [07:53<03:11,  1.41s/it]pass through data:  76%|███████▌  | 427/562 [07:54<02:58,  1.32s/it]pass through data:  76%|███████▌  | 428/562 [07:55<02:48,  1.26s/it]pass through data:  76%|███████▋  | 429/562 [07:56<02:40,  1.21s/it]pass through data:  77%|███████▋  | 430/562 [07:58<02:35,  1.18s/it]pass through data:  77%|███████▋  | 431/562 [07:59<02:28,  1.14s/it]pass through data:  77%|███████▋  | 432/562 [08:00<02:27,  1.14s/it]pass through data:  77%|███████▋  | 433/562 [08:01<02:26,  1.14s/it]pass through data:  77%|███████▋  | 434/562 [08:02<02:24,  1.13s/it]pass through data:  77%|███████▋  | 435/562 [08:03<02:23,  1.13s/it]pass through data:  78%|███████▊  | 436/562 [08:04<02:24,  1.14s/it]pass through data:  78%|███████▊  | 437/562 [08:05<02:20,  1.12s/it]pass through data:  78%|███████▊  | 438/562 [08:07<02:21,  1.14s/it]pass through data:  78%|███████▊  | 439/562 [08:08<02:19,  1.13s/it]pass through data:  78%|███████▊  | 440/562 [08:09<02:16,  1.12s/it]pass through data:  78%|███████▊  | 441/562 [08:10<02:15,  1.12s/it]pass through data:  79%|███████▊  | 442/562 [08:11<02:11,  1.10s/it]pass through data:  79%|███████▉  | 443/562 [08:12<02:10,  1.10s/it]pass through data:  79%|███████▉  | 444/562 [08:13<02:09,  1.10s/it]pass through data:  79%|███████▉  | 445/562 [08:14<02:09,  1.10s/it]pass through data:  79%|███████▉  | 446/562 [08:15<02:09,  1.11s/it]pass through data:  80%|███████▉  | 447/562 [08:16<02:04,  1.08s/it]pass through data:  80%|███████▉  | 448/562 [08:18<02:06,  1.11s/it]pass through data:  80%|███████▉  | 449/562 [08:19<02:03,  1.09s/it]pass through data:  80%|████████  | 450/562 [08:20<02:01,  1.09s/it]pass through data:  80%|████████  | 451/562 [08:21<02:02,  1.10s/it]pass through data:  80%|████████  | 452/562 [08:22<02:01,  1.10s/it]pass through data:  81%|████████  | 453/562 [08:23<02:01,  1.11s/it]pass through data:  81%|████████  | 454/562 [08:24<02:02,  1.14s/it]pass through data:  81%|████████  | 455/562 [08:25<02:00,  1.13s/it]pass through data:  81%|████████  | 456/562 [08:26<01:57,  1.11s/it]pass through data:  81%|████████▏ | 457/562 [08:28<01:56,  1.11s/it]pass through data:  81%|████████▏ | 458/562 [08:29<01:54,  1.10s/it]pass through data:  82%|████████▏ | 459/562 [08:30<01:53,  1.10s/it]pass through data:  82%|████████▏ | 460/562 [08:31<01:51,  1.09s/it]pass through data:  82%|████████▏ | 461/562 [08:32<01:51,  1.10s/it]pass through data:  82%|████████▏ | 462/562 [08:33<01:51,  1.12s/it]pass through data:  82%|████████▏ | 463/562 [08:34<01:46,  1.08s/it]pass through data:  83%|████████▎ | 464/562 [08:35<01:45,  1.07s/it]pass through data:  83%|████████▎ | 465/562 [08:36<01:42,  1.06s/it]pass through data:  83%|████████▎ | 466/562 [08:37<01:43,  1.08s/it]pass through data:  83%|████████▎ | 467/562 [08:38<01:43,  1.09s/it]pass through data:  83%|████████▎ | 468/562 [08:39<01:43,  1.10s/it]pass through data:  83%|████████▎ | 469/562 [08:41<01:41,  1.10s/it]pass through data:  84%|████████▎ | 470/562 [08:42<01:38,  1.07s/it]pass through data:  84%|████████▍ | 471/562 [08:43<01:35,  1.05s/it]pass through data:  84%|████████▍ | 472/562 [08:44<01:35,  1.06s/it]pass through data:  84%|████████▍ | 473/562 [08:45<01:31,  1.03s/it]pass through data:  84%|████████▍ | 474/562 [08:46<01:33,  1.06s/it]pass through data:  85%|████████▍ | 475/562 [08:47<01:33,  1.07s/it]pass through data:  85%|████████▍ | 476/562 [08:48<01:31,  1.06s/it]pass through data:  85%|████████▍ | 477/562 [08:49<01:29,  1.05s/it]pass through data:  85%|████████▌ | 478/562 [08:50<01:29,  1.06s/it]pass through data:  85%|████████▌ | 479/562 [08:51<01:30,  1.09s/it]pass through data:  85%|████████▌ | 480/562 [08:52<01:28,  1.08s/it]pass through data:  86%|████████▌ | 481/562 [08:53<01:28,  1.10s/it]pass through data:  86%|████████▌ | 482/562 [08:55<01:28,  1.11s/it]pass through data:  86%|████████▌ | 483/562 [08:56<01:25,  1.08s/it]pass through data:  86%|████████▌ | 484/562 [08:57<01:24,  1.08s/it]pass through data:  86%|████████▋ | 485/562 [08:58<01:21,  1.05s/it]pass through data:  86%|████████▋ | 486/562 [08:59<01:22,  1.08s/it]pass through data:  87%|████████▋ | 487/562 [09:00<01:20,  1.07s/it]pass through data:  87%|████████▋ | 488/562 [09:01<01:20,  1.09s/it]pass through data:  87%|████████▋ | 489/562 [09:02<01:19,  1.08s/it]pass through data:  87%|████████▋ | 490/562 [09:03<01:17,  1.08s/it]pass through data:  87%|████████▋ | 491/562 [09:04<01:18,  1.10s/it]pass through data:  88%|████████▊ | 492/562 [09:05<01:16,  1.10s/it]pass through data:  88%|████████▊ | 493/562 [09:06<01:15,  1.10s/it]pass through data:  88%|████████▊ | 494/562 [09:08<01:16,  1.13s/it]pass through data:  88%|████████▊ | 495/562 [09:09<01:14,  1.11s/it]pass through data:  88%|████████▊ | 496/562 [09:10<01:12,  1.10s/it]pass through data:  88%|████████▊ | 497/562 [09:11<01:11,  1.10s/it]pass through data:  89%|████████▊ | 498/562 [09:12<01:08,  1.08s/it]pass through data:  89%|████████▉ | 499/562 [09:13<01:08,  1.08s/it]pass through data:  89%|████████▉ | 500/562 [09:14<01:06,  1.07s/it]pass through data:  89%|████████▉ | 501/562 [09:15<01:07,  1.11s/it]pass through data:  89%|████████▉ | 502/562 [09:16<01:06,  1.11s/it]pass through data:  90%|████████▉ | 503/562 [09:17<01:03,  1.08s/it]pass through data:  90%|████████▉ | 504/562 [09:18<01:02,  1.08s/it]pass through data:  90%|████████▉ | 505/562 [09:19<01:00,  1.07s/it]pass through data:  90%|█████████ | 506/562 [09:21<01:00,  1.09s/it]pass through data:  90%|█████████ | 507/562 [09:22<00:58,  1.07s/it]pass through data:  90%|█████████ | 508/562 [09:23<00:58,  1.08s/it]pass through data:  91%|█████████ | 509/562 [09:24<00:56,  1.07s/it]pass through data:  91%|█████████ | 510/562 [09:25<00:56,  1.09s/it]pass through data:  91%|█████████ | 511/562 [09:26<00:55,  1.09s/it]pass through data:  91%|█████████ | 512/562 [09:27<00:53,  1.07s/it]pass through data:  91%|█████████▏| 513/562 [09:28<00:53,  1.10s/it]pass through data:  91%|█████████▏| 514/562 [09:29<00:52,  1.09s/it]pass through data:  92%|█████████▏| 515/562 [09:30<00:51,  1.10s/it]pass through data:  92%|█████████▏| 516/562 [09:32<00:52,  1.13s/it]pass through data:  92%|█████████▏| 517/562 [09:33<00:49,  1.10s/it]pass through data:  92%|█████████▏| 518/562 [09:34<00:48,  1.11s/it]pass through data:  92%|█████████▏| 519/562 [09:35<00:47,  1.11s/it]pass through data:  93%|█████████▎| 520/562 [09:36<00:46,  1.10s/it]pass through data:  93%|█████████▎| 521/562 [09:37<00:45,  1.11s/it]pass through data:  93%|█████████▎| 522/562 [09:38<00:45,  1.13s/it]pass through data:  93%|█████████▎| 523/562 [09:39<00:42,  1.09s/it]pass through data:  93%|█████████▎| 524/562 [09:40<00:41,  1.09s/it]pass through data:  93%|█████████▎| 525/562 [09:41<00:39,  1.06s/it]pass through data:  94%|█████████▎| 526/562 [09:42<00:37,  1.03s/it]pass through data:  94%|█████████▍| 527/562 [09:43<00:37,  1.07s/it]pass through data:  94%|█████████▍| 528/562 [09:45<00:37,  1.10s/it]pass through data:  94%|█████████▍| 529/562 [09:46<00:36,  1.11s/it]pass through data:  94%|█████████▍| 530/562 [09:47<00:34,  1.09s/it]pass through data:  94%|█████████▍| 531/562 [09:48<00:34,  1.11s/it]pass through data:  95%|█████████▍| 532/562 [09:49<00:32,  1.08s/it]pass through data:  95%|█████████▍| 533/562 [09:50<00:32,  1.11s/it]pass through data:  95%|█████████▌| 534/562 [09:51<00:30,  1.11s/it]pass through data:  95%|█████████▌| 535/562 [09:52<00:29,  1.09s/it]pass through data:  95%|█████████▌| 536/562 [09:53<00:28,  1.09s/it]pass through data:  96%|█████████▌| 537/562 [09:54<00:26,  1.07s/it]pass through data:  96%|█████████▌| 538/562 [09:56<00:26,  1.09s/it]pass through data:  96%|█████████▌| 539/562 [09:57<00:24,  1.08s/it]pass through data:  96%|█████████▌| 540/562 [09:58<00:24,  1.10s/it]pass through data:  96%|█████████▋| 541/562 [09:59<00:22,  1.08s/it]pass through data:  96%|█████████▋| 542/562 [10:00<00:21,  1.08s/it]pass through data:  97%|█████████▋| 543/562 [10:01<00:21,  1.12s/it]pass through data:  97%|█████████▋| 544/562 [10:02<00:20,  1.11s/it]pass through data:  97%|█████████▋| 545/562 [10:03<00:18,  1.11s/it]pass through data:  97%|█████████▋| 546/562 [10:04<00:18,  1.13s/it]pass through data:  97%|█████████▋| 547/562 [10:06<00:16,  1.12s/it]pass through data:  98%|█████████▊| 548/562 [10:07<00:15,  1.09s/it]pass through data:  98%|█████████▊| 549/562 [10:08<00:14,  1.10s/it]pass through data:  98%|█████████▊| 550/562 [10:09<00:12,  1.08s/it]pass through data:  98%|█████████▊| 551/562 [10:10<00:12,  1.10s/it]pass through data:  98%|█████████▊| 552/562 [10:11<00:11,  1.11s/it]pass through data:  98%|█████████▊| 553/562 [10:12<00:09,  1.09s/it]pass through data:  99%|█████████▊| 554/562 [10:13<00:08,  1.08s/it]pass through data:  99%|█████████▉| 555/562 [10:14<00:07,  1.09s/it]pass through data:  99%|█████████▉| 556/562 [10:15<00:06,  1.11s/it]pass through data:  99%|█████████▉| 557/562 [10:16<00:05,  1.10s/it]pass through data:  99%|█████████▉| 558/562 [10:18<00:04,  1.11s/it]pass through data:  99%|█████████▉| 559/562 [10:19<00:03,  1.12s/it]pass through data: 100%|█████████▉| 560/562 [10:20<00:02,  1.12s/it]pass through data: 100%|█████████▉| 561/562 [10:21<00:01,  1.09s/it]pass through data: 100%|██████████| 562/562 [10:21<00:00,  1.16it/s]pass through data: 100%|██████████| 562/562 [10:21<00:00,  1.11s/it]
143648 eexamples_written
