[08/19/2022 - 22:30:17] File "Devign/main.py", line 68  	Reading already processed data from data/combined/full_experiment_real_data_processed/processed.bin!	
load json -> msr mapping...
done loading json -> msr mapping
132966 keys missing from splits.csv
5746 keys skipped because _after_
skipped 138712 keys
[08/19/2022 - 22:35:27] File "Devign/main.py", line 85  	1595	144	3197	0	
model: GGNNSum(
  (ggnn): GatedGraphConv(
    (linears): ModuleList(
      (0): Linear(in_features=200, out_features=200, bias=True)
      (1): Linear(in_features=200, out_features=200, bias=True)
      (2): Linear(in_features=200, out_features=200, bias=True)
      (3): Linear(in_features=200, out_features=200, bias=True)
      (4): Linear(in_features=200, out_features=200, bias=True)
    )
    (gru): GRUCell(200, 200)
  )
  (classifier): Linear(in_features=200, out_features=1, bias=True)
  (sigmoid): Sigmoid()
)
[08/19/2022 - 22:35:27] File "Devign/main.py", line 100  	Total Parameters : 442401	
[08/19/2022 - 22:35:27] File "Devign/main.py", line 101  	####################################################################################################	
[08/19/2022 - 22:35:29] File "/home/<ANONYMOUS>/code/ReVeal/Devign/trainer.py", line 66  	Start Training	
[08/19/2022 - 22:35:40] File "/home/<ANONYMOUS>/code/ReVeal/Devign/trainer.py", line 97  	Step 63		Train Loss    326.858	Valid Loss   152.694	f1: 51.80	Patience 0	
[08/19/2022 - 22:35:40] File "/home/<ANONYMOUS>/code/ReVeal/Devign/trainer.py", line 99  	====================================================================================================	
[08/19/2022 - 22:35:49] File "/home/<ANONYMOUS>/code/ReVeal/Devign/trainer.py", line 97  	Step 127		Train Loss    129.112	Valid Loss   158.442	f1: 52.55	Patience 0	
[08/19/2022 - 22:35:49] File "/home/<ANONYMOUS>/code/ReVeal/Devign/trainer.py", line 99  	====================================================================================================	
[08/19/2022 - 22:35:58] File "/home/<ANONYMOUS>/code/ReVeal/Devign/trainer.py", line 97  	Step 191		Train Loss    105.952	Valid Loss   169.849	f1: 49.65	Patience 1	
[08/19/2022 - 22:35:58] File "/home/<ANONYMOUS>/code/ReVeal/Devign/trainer.py", line 99  	====================================================================================================	
[08/19/2022 - 22:36:11] File "/home/<ANONYMOUS>/code/ReVeal/Devign/trainer.py", line 97  	Step 255		Train Loss     91.963	Valid Loss   182.371	f1: 50.72	Patience 2	
[08/19/2022 - 22:36:11] File "/home/<ANONYMOUS>/code/ReVeal/Devign/trainer.py", line 99  	====================================================================================================	
[08/19/2022 - 22:36:20] File "/home/<ANONYMOUS>/code/ReVeal/Devign/trainer.py", line 97  	Step 319		Train Loss     80.246	Valid Loss   198.936	f1: 48.89	Patience 3	
[08/19/2022 - 22:36:20] File "/home/<ANONYMOUS>/code/ReVeal/Devign/trainer.py", line 99  	====================================================================================================	
[08/19/2022 - 22:36:29] File "/home/<ANONYMOUS>/code/ReVeal/Devign/trainer.py", line 97  	Step 383		Train Loss     73.122	Valid Loss   215.893	f1: 53.42	Patience 0	
[08/19/2022 - 22:36:29] File "/home/<ANONYMOUS>/code/ReVeal/Devign/trainer.py", line 99  	====================================================================================================	
[08/19/2022 - 22:36:39] File "/home/<ANONYMOUS>/code/ReVeal/Devign/trainer.py", line 97  	Step 447		Train Loss     64.762	Valid Loss   242.682	f1: 51.80	Patience 1	
[08/19/2022 - 22:36:39] File "/home/<ANONYMOUS>/code/ReVeal/Devign/trainer.py", line 99  	====================================================================================================	
[08/19/2022 - 22:36:51] File "/home/<ANONYMOUS>/code/ReVeal/Devign/trainer.py", line 97  	Step 511		Train Loss     59.634	Valid Loss   272.288	f1: 50.72	Patience 2	
[08/19/2022 - 22:36:51] File "/home/<ANONYMOUS>/code/ReVeal/Devign/trainer.py", line 99  	====================================================================================================	
[08/19/2022 - 22:37:00] File "/home/<ANONYMOUS>/code/ReVeal/Devign/trainer.py", line 97  	Step 575		Train Loss     69.383	Valid Loss   362.325	f1: 56.95	Patience 0	
[08/19/2022 - 22:37:00] File "/home/<ANONYMOUS>/code/ReVeal/Devign/trainer.py", line 99  	====================================================================================================	
[08/19/2022 - 22:37:10] File "/home/<ANONYMOUS>/code/ReVeal/Devign/trainer.py", line 97  	Step 639		Train Loss     79.590	Valid Loss   270.779	f1: 48.85	Patience 1	
[08/19/2022 - 22:37:10] File "/home/<ANONYMOUS>/code/ReVeal/Devign/trainer.py", line 99  	====================================================================================================	
[08/19/2022 - 22:37:22] File "/home/<ANONYMOUS>/code/ReVeal/Devign/trainer.py", line 97  	Step 703		Train Loss     68.553	Valid Loss   313.585	f1: 51.13	Patience 2	
[08/19/2022 - 22:37:22] File "/home/<ANONYMOUS>/code/ReVeal/Devign/trainer.py", line 99  	====================================================================================================	
[08/19/2022 - 22:37:31] File "/home/<ANONYMOUS>/code/ReVeal/Devign/trainer.py", line 97  	Step 767		Train Loss     64.282	Valid Loss   341.943	f1: 50.00	Patience 3	
[08/19/2022 - 22:37:31] File "/home/<ANONYMOUS>/code/ReVeal/Devign/trainer.py", line 99  	====================================================================================================	
[08/19/2022 - 22:37:41] File "/home/<ANONYMOUS>/code/ReVeal/Devign/trainer.py", line 97  	Step 831		Train Loss     64.226	Valid Loss   373.558	f1: 48.53	Patience 4	
[08/19/2022 - 22:37:41] File "/home/<ANONYMOUS>/code/ReVeal/Devign/trainer.py", line 99  	====================================================================================================	
[08/19/2022 - 22:37:50] File "/home/<ANONYMOUS>/code/ReVeal/Devign/trainer.py", line 97  	Step 895		Train Loss     61.601	Valid Loss   420.579	f1: 43.75	Patience 5	
[08/19/2022 - 22:37:50] File "/home/<ANONYMOUS>/code/ReVeal/Devign/trainer.py", line 99  	====================================================================================================	
[08/19/2022 - 22:38:02] File "/home/<ANONYMOUS>/code/ReVeal/Devign/trainer.py", line 97  	Step 959		Train Loss     62.621	Valid Loss   510.317	f1: 48.53	Patience 6	
[08/19/2022 - 22:38:02] File "/home/<ANONYMOUS>/code/ReVeal/Devign/trainer.py", line 99  	====================================================================================================	
[08/19/2022 - 22:38:12] File "/home/<ANONYMOUS>/code/ReVeal/Devign/trainer.py", line 97  	Step 1023		Train Loss     60.089	Valid Loss   486.259	f1: 43.20	Patience 7	
[08/19/2022 - 22:38:12] File "/home/<ANONYMOUS>/code/ReVeal/Devign/trainer.py", line 99  	====================================================================================================	
[08/19/2022 - 22:38:21] File "/home/<ANONYMOUS>/code/ReVeal/Devign/trainer.py", line 97  	Step 1087		Train Loss     61.071	Valid Loss   565.914	f1: 48.89	Patience 8	
[08/19/2022 - 22:38:21] File "/home/<ANONYMOUS>/code/ReVeal/Devign/trainer.py", line 99  	====================================================================================================	
[08/19/2022 - 22:38:30] File "/home/<ANONYMOUS>/code/ReVeal/Devign/trainer.py", line 97  	Step 1151		Train Loss     60.072	Valid Loss   899.924	f1: 47.95	Patience 9	
[08/19/2022 - 22:38:30] File "/home/<ANONYMOUS>/code/ReVeal/Devign/trainer.py", line 99  	====================================================================================================	
[08/19/2022 - 22:38:43] File "/home/<ANONYMOUS>/code/ReVeal/Devign/trainer.py", line 97  	Step 1215		Train Loss     62.127	Valid Loss   619.874	f1: 45.45	Patience 10	
[08/19/2022 - 22:38:43] File "/home/<ANONYMOUS>/code/ReVeal/Devign/trainer.py", line 99  	====================================================================================================	
[08/19/2022 - 22:38:52] File "/home/<ANONYMOUS>/code/ReVeal/Devign/trainer.py", line 97  	Step 1279		Train Loss     70.008	Valid Loss   848.791	f1: 53.90	Patience 11	
[08/19/2022 - 22:38:52] File "/home/<ANONYMOUS>/code/ReVeal/Devign/trainer.py", line 99  	====================================================================================================	
[08/19/2022 - 22:39:01] File "/home/<ANONYMOUS>/code/ReVeal/Devign/trainer.py", line 97  	Step 1343		Train Loss     99.004	Valid Loss   478.410	f1: 47.24	Patience 12	
[08/19/2022 - 22:39:01] File "/home/<ANONYMOUS>/code/ReVeal/Devign/trainer.py", line 99  	====================================================================================================	
[08/19/2022 - 22:39:10] File "/home/<ANONYMOUS>/code/ReVeal/Devign/trainer.py", line 97  	Step 1407		Train Loss     73.970	Valid Loss   505.446	f1: 46.62	Patience 13	
[08/19/2022 - 22:39:10] File "/home/<ANONYMOUS>/code/ReVeal/Devign/trainer.py", line 99  	====================================================================================================	
[08/19/2022 - 22:39:23] File "/home/<ANONYMOUS>/code/ReVeal/Devign/trainer.py", line 97  	Step 1471		Train Loss     76.508	Valid Loss   602.556	f1: 45.93	Patience 14	
[08/19/2022 - 22:39:23] File "/home/<ANONYMOUS>/code/ReVeal/Devign/trainer.py", line 99  	====================================================================================================	
[08/19/2022 - 22:39:32] File "/home/<ANONYMOUS>/code/ReVeal/Devign/trainer.py", line 97  	Step 1535		Train Loss     71.223	Valid Loss   628.257	f1: 46.27	Patience 15	
[08/19/2022 - 22:39:32] File "/home/<ANONYMOUS>/code/ReVeal/Devign/trainer.py", line 99  	====================================================================================================	
[08/19/2022 - 22:39:41] File "/home/<ANONYMOUS>/code/ReVeal/Devign/trainer.py", line 97  	Step 1599		Train Loss     77.297	Valid Loss   644.479	f1: 46.27	Patience 16	
[08/19/2022 - 22:39:41] File "/home/<ANONYMOUS>/code/ReVeal/Devign/trainer.py", line 99  	====================================================================================================	
[08/19/2022 - 22:39:54] File "/home/<ANONYMOUS>/code/ReVeal/Devign/trainer.py", line 97  	Step 1663		Train Loss     74.332	Valid Loss   585.909	f1: 45.11	Patience 17	
[08/19/2022 - 22:39:54] File "/home/<ANONYMOUS>/code/ReVeal/Devign/trainer.py", line 99  	====================================================================================================	
[08/19/2022 - 22:40:03] File "/home/<ANONYMOUS>/code/ReVeal/Devign/trainer.py", line 97  	Step 1727		Train Loss     71.031	Valid Loss   733.064	f1: 48.18	Patience 18	
[08/19/2022 - 22:40:03] File "/home/<ANONYMOUS>/code/ReVeal/Devign/trainer.py", line 99  	====================================================================================================	
[08/19/2022 - 22:40:12] File "/home/<ANONYMOUS>/code/ReVeal/Devign/trainer.py", line 97  	Step 1791		Train Loss     73.673	Valid Loss   600.728	f1: 45.11	Patience 19	
[08/19/2022 - 22:40:12] File "/home/<ANONYMOUS>/code/ReVeal/Devign/trainer.py", line 99  	====================================================================================================	
[08/19/2022 - 22:40:22] File "/home/<ANONYMOUS>/code/ReVeal/Devign/trainer.py", line 97  	Step 1855		Train Loss     72.224	Valid Loss   614.328	f1: 45.11	Patience 20	
[08/19/2022 - 22:40:22] File "/home/<ANONYMOUS>/code/ReVeal/Devign/trainer.py", line 99  	====================================================================================================	
[08/19/2022 - 22:40:34] File "/home/<ANONYMOUS>/code/ReVeal/Devign/trainer.py", line 97  	Step 1919		Train Loss     73.741	Valid Loss   777.960	f1: 47.06	Patience 21	
[08/19/2022 - 22:40:34] File "/home/<ANONYMOUS>/code/ReVeal/Devign/trainer.py", line 99  	====================================================================================================	
[08/19/2022 - 22:40:43] File "/home/<ANONYMOUS>/code/ReVeal/Devign/trainer.py", line 97  	Step 1983		Train Loss     72.245	Valid Loss   916.394	f1: 47.89	Patience 22	
[08/19/2022 - 22:40:43] File "/home/<ANONYMOUS>/code/ReVeal/Devign/trainer.py", line 99  	====================================================================================================	
[08/19/2022 - 22:40:53] File "/home/<ANONYMOUS>/code/ReVeal/Devign/trainer.py", line 97  	Step 2047		Train Loss     76.800	Valid Loss   651.149	f1: 42.75	Patience 23	
[08/19/2022 - 22:40:53] File "/home/<ANONYMOUS>/code/ReVeal/Devign/trainer.py", line 99  	====================================================================================================	
[08/19/2022 - 22:41:02] File "/home/<ANONYMOUS>/code/ReVeal/Devign/trainer.py", line 97  	Step 2111		Train Loss     70.376	Valid Loss   788.451	f1: 47.48	Patience 24	
[08/19/2022 - 22:41:02] File "/home/<ANONYMOUS>/code/ReVeal/Devign/trainer.py", line 99  	====================================================================================================	
[08/19/2022 - 22:41:14] File "/home/<ANONYMOUS>/code/ReVeal/Devign/trainer.py", line 97  	Step 2175		Train Loss     75.263	Valid Loss   866.018	f1: 48.57	Patience 25	
[08/19/2022 - 22:41:14] File "/home/<ANONYMOUS>/code/ReVeal/Devign/trainer.py", line 99  	====================================================================================================	
[08/19/2022 - 22:41:24] File "/home/<ANONYMOUS>/code/ReVeal/Devign/trainer.py", line 97  	Step 2239		Train Loss     72.073	Valid Loss  1174.754	f1: 51.35	Patience 26	
[08/19/2022 - 22:41:24] File "/home/<ANONYMOUS>/code/ReVeal/Devign/trainer.py", line 99  	====================================================================================================	
[08/19/2022 - 22:41:33] File "/home/<ANONYMOUS>/code/ReVeal/Devign/trainer.py", line 97  	Step 2303		Train Loss     75.059	Valid Loss   900.585	f1: 44.44	Patience 27	
[08/19/2022 - 22:41:33] File "/home/<ANONYMOUS>/code/ReVeal/Devign/trainer.py", line 99  	====================================================================================================	
[08/19/2022 - 22:41:42] File "/home/<ANONYMOUS>/code/ReVeal/Devign/trainer.py", line 97  	Step 2367		Train Loss     71.842	Valid Loss   908.487	f1: 46.27	Patience 28	
[08/19/2022 - 22:41:42] File "/home/<ANONYMOUS>/code/ReVeal/Devign/trainer.py", line 99  	====================================================================================================	
[08/19/2022 - 22:41:55] File "/home/<ANONYMOUS>/code/ReVeal/Devign/trainer.py", line 97  	Step 2431		Train Loss     71.848	Valid Loss   823.181	f1: 47.06	Patience 29	
[08/19/2022 - 22:41:55] File "/home/<ANONYMOUS>/code/ReVeal/Devign/trainer.py", line 99  	====================================================================================================	
[08/19/2022 - 22:42:04] File "/home/<ANONYMOUS>/code/ReVeal/Devign/trainer.py", line 97  	Step 2495		Train Loss     74.846	Valid Loss   908.608	f1: 48.57	Patience 30	
[08/19/2022 - 22:42:04] File "/home/<ANONYMOUS>/code/ReVeal/Devign/trainer.py", line 99  	====================================================================================================	
[08/19/2022 - 22:42:13] File "/home/<ANONYMOUS>/code/ReVeal/Devign/trainer.py", line 97  	Step 2559		Train Loss     71.728	Valid Loss   988.525	f1: 49.65	Patience 31	
[08/19/2022 - 22:42:13] File "/home/<ANONYMOUS>/code/ReVeal/Devign/trainer.py", line 99  	====================================================================================================	
[08/19/2022 - 22:42:26] File "/home/<ANONYMOUS>/code/ReVeal/Devign/trainer.py", line 97  	Step 2623		Train Loss     73.400	Valid Loss  1078.949	f1: 50.70	Patience 32	
[08/19/2022 - 22:42:26] File "/home/<ANONYMOUS>/code/ReVeal/Devign/trainer.py", line 99  	====================================================================================================	
[08/19/2022 - 22:42:35] File "/home/<ANONYMOUS>/code/ReVeal/Devign/trainer.py", line 97  	Step 2687		Train Loss     71.698	Valid Loss  1073.614	f1: 50.70	Patience 33	
[08/19/2022 - 22:42:35] File "/home/<ANONYMOUS>/code/ReVeal/Devign/trainer.py", line 99  	====================================================================================================	
[08/19/2022 - 22:42:44] File "/home/<ANONYMOUS>/code/ReVeal/Devign/trainer.py", line 97  	Step 2751		Train Loss     75.100	Valid Loss  1002.854	f1: 46.72	Patience 34	
[08/19/2022 - 22:42:44] File "/home/<ANONYMOUS>/code/ReVeal/Devign/trainer.py", line 99  	====================================================================================================	
[08/19/2022 - 22:42:54] File "/home/<ANONYMOUS>/code/ReVeal/Devign/trainer.py", line 97  	Step 2815		Train Loss     73.417	Valid Loss   993.051	f1: 49.65	Patience 35	
[08/19/2022 - 22:42:54] File "/home/<ANONYMOUS>/code/ReVeal/Devign/trainer.py", line 99  	====================================================================================================	
[08/19/2022 - 22:43:06] File "/home/<ANONYMOUS>/code/ReVeal/Devign/trainer.py", line 97  	Step 2879		Train Loss     67.043	Valid Loss   992.192	f1: 49.65	Patience 36	
[08/19/2022 - 22:43:06] File "/home/<ANONYMOUS>/code/ReVeal/Devign/trainer.py", line 99  	====================================================================================================	
[08/19/2022 - 22:43:15] File "/home/<ANONYMOUS>/code/ReVeal/Devign/trainer.py", line 97  	Step 2943		Train Loss     73.430	Valid Loss  1134.714	f1: 51.39	Patience 37	
[08/19/2022 - 22:43:15] File "/home/<ANONYMOUS>/code/ReVeal/Devign/trainer.py", line 99  	====================================================================================================	
[08/19/2022 - 22:43:25] File "/home/<ANONYMOUS>/code/ReVeal/Devign/trainer.py", line 97  	Step 3007		Train Loss     74.843	Valid Loss  1076.414	f1: 50.70	Patience 38	
[08/19/2022 - 22:43:25] File "/home/<ANONYMOUS>/code/ReVeal/Devign/trainer.py", line 99  	====================================================================================================	
[08/19/2022 - 22:43:34] File "/home/<ANONYMOUS>/code/ReVeal/Devign/trainer.py", line 97  	Step 3071		Train Loss     74.946	Valid Loss  1148.505	f1: 50.35	Patience 39	
[08/19/2022 - 22:43:34] File "/home/<ANONYMOUS>/code/ReVeal/Devign/trainer.py", line 99  	====================================================================================================	
[08/19/2022 - 22:43:46] File "/home/<ANONYMOUS>/code/ReVeal/Devign/trainer.py", line 97  	Step 3135		Train Loss     71.777	Valid Loss  1019.788	f1: 43.28	Patience 40	
[08/19/2022 - 22:43:46] File "/home/<ANONYMOUS>/code/ReVeal/Devign/trainer.py", line 99  	====================================================================================================	
[08/19/2022 - 22:43:56] File "/home/<ANONYMOUS>/code/ReVeal/Devign/trainer.py", line 97  	Step 3199		Train Loss     73.459	Valid Loss   942.011	f1: 42.42	Patience 41	
[08/19/2022 - 22:43:56] File "/home/<ANONYMOUS>/code/ReVeal/Devign/trainer.py", line 99  	====================================================================================================	
[08/19/2022 - 22:44:05] File "/home/<ANONYMOUS>/code/ReVeal/Devign/trainer.py", line 97  	Step 3263		Train Loss     74.935	Valid Loss  1031.396	f1: 42.11	Patience 42	
[08/19/2022 - 22:44:05] File "/home/<ANONYMOUS>/code/ReVeal/Devign/trainer.py", line 99  	====================================================================================================	
[08/19/2022 - 22:44:17] File "/home/<ANONYMOUS>/code/ReVeal/Devign/trainer.py", line 97  	Step 3327		Train Loss     68.575	Valid Loss  1081.700	f1: 50.70	Patience 43	
[08/19/2022 - 22:44:17] File "/home/<ANONYMOUS>/code/ReVeal/Devign/trainer.py", line 99  	====================================================================================================	
[08/19/2022 - 22:44:27] File "/home/<ANONYMOUS>/code/ReVeal/Devign/trainer.py", line 97  	Step 3391		Train Loss     74.846	Valid Loss  1104.572	f1: 44.44	Patience 44	
[08/19/2022 - 22:44:27] File "/home/<ANONYMOUS>/code/ReVeal/Devign/trainer.py", line 99  	====================================================================================================	
[08/19/2022 - 22:44:36] File "/home/<ANONYMOUS>/code/ReVeal/Devign/trainer.py", line 97  	Step 3455		Train Loss     83.763	Valid Loss  1574.772	f1: 61.80	Patience 0	
[08/19/2022 - 22:44:36] File "/home/<ANONYMOUS>/code/ReVeal/Devign/trainer.py", line 99  	====================================================================================================	
[08/19/2022 - 22:44:45] File "/home/<ANONYMOUS>/code/ReVeal/Devign/trainer.py", line 97  	Step 3519		Train Loss    109.384	Valid Loss   927.554	f1: 47.22	Patience 1	
[08/19/2022 - 22:44:45] File "/home/<ANONYMOUS>/code/ReVeal/Devign/trainer.py", line 99  	====================================================================================================	
[08/19/2022 - 22:44:57] File "/home/<ANONYMOUS>/code/ReVeal/Devign/trainer.py", line 97  	Step 3583		Train Loss     59.300	Valid Loss   717.471	f1: 47.48	Patience 2	
[08/19/2022 - 22:44:57] File "/home/<ANONYMOUS>/code/ReVeal/Devign/trainer.py", line 99  	====================================================================================================	
[08/19/2022 - 22:45:07] File "/home/<ANONYMOUS>/code/ReVeal/Devign/trainer.py", line 97  	Step 3647		Train Loss     59.672	Valid Loss   892.473	f1: 48.23	Patience 3	
[08/19/2022 - 22:45:07] File "/home/<ANONYMOUS>/code/ReVeal/Devign/trainer.py", line 99  	====================================================================================================	
[08/19/2022 - 22:45:16] File "/home/<ANONYMOUS>/code/ReVeal/Devign/trainer.py", line 97  	Step 3711		Train Loss     56.301	Valid Loss   831.579	f1: 48.23	Patience 4	
[08/19/2022 - 22:45:16] File "/home/<ANONYMOUS>/code/ReVeal/Devign/trainer.py", line 99  	====================================================================================================	
[08/19/2022 - 22:45:25] File "/home/<ANONYMOUS>/code/ReVeal/Devign/trainer.py", line 97  	Step 3775		Train Loss     60.990	Valid Loss  1003.360	f1: 48.23	Patience 5	
[08/19/2022 - 22:45:25] File "/home/<ANONYMOUS>/code/ReVeal/Devign/trainer.py", line 99  	====================================================================================================	
[08/19/2022 - 22:45:38] File "/home/<ANONYMOUS>/code/ReVeal/Devign/trainer.py", line 97  	Step 3839		Train Loss     56.176	Valid Loss  1017.139	f1: 48.23	Patience 6	
[08/19/2022 - 22:45:38] File "/home/<ANONYMOUS>/code/ReVeal/Devign/trainer.py", line 99  	====================================================================================================	
[08/19/2022 - 22:45:47] File "/home/<ANONYMOUS>/code/ReVeal/Devign/trainer.py", line 97  	Step 3903		Train Loss     59.183	Valid Loss  1025.937	f1: 48.23	Patience 7	
[08/19/2022 - 22:45:47] File "/home/<ANONYMOUS>/code/ReVeal/Devign/trainer.py", line 99  	====================================================================================================	
[08/19/2022 - 22:45:56] File "/home/<ANONYMOUS>/code/ReVeal/Devign/trainer.py", line 97  	Step 3967		Train Loss     60.721	Valid Loss  1031.792	f1: 48.23	Patience 8	
[08/19/2022 - 22:45:56] File "/home/<ANONYMOUS>/code/ReVeal/Devign/trainer.py", line 99  	====================================================================================================	
[08/19/2022 - 22:46:09] File "/home/<ANONYMOUS>/code/ReVeal/Devign/trainer.py", line 97  	Step 4031		Train Loss     57.478	Valid Loss  1045.460	f1: 48.23	Patience 9	
[08/19/2022 - 22:46:09] File "/home/<ANONYMOUS>/code/ReVeal/Devign/trainer.py", line 99  	====================================================================================================	
[08/19/2022 - 22:46:18] File "/home/<ANONYMOUS>/code/ReVeal/Devign/trainer.py", line 97  	Step 4095		Train Loss     60.677	Valid Loss  1051.394	f1: 47.14	Patience 10	
[08/19/2022 - 22:46:18] File "/home/<ANONYMOUS>/code/ReVeal/Devign/trainer.py", line 99  	====================================================================================================	
[08/19/2022 - 22:46:28] File "/home/<ANONYMOUS>/code/ReVeal/Devign/trainer.py", line 97  	Step 4159		Train Loss     54.397	Valid Loss  1057.649	f1: 47.48	Patience 11	
[08/19/2022 - 22:46:28] File "/home/<ANONYMOUS>/code/ReVeal/Devign/trainer.py", line 99  	====================================================================================================	
[08/19/2022 - 22:46:37] File "/home/<ANONYMOUS>/code/ReVeal/Devign/trainer.py", line 97  	Step 4223		Train Loss     59.198	Valid Loss  1056.393	f1: 47.14	Patience 12	
[08/19/2022 - 22:46:37] File "/home/<ANONYMOUS>/code/ReVeal/Devign/trainer.py", line 99  	====================================================================================================	
[08/19/2022 - 22:46:49] File "/home/<ANONYMOUS>/code/ReVeal/Devign/trainer.py", line 97  	Step 4287		Train Loss     59.081	Valid Loss  1066.995	f1: 46.04	Patience 13	
[08/19/2022 - 22:46:49] File "/home/<ANONYMOUS>/code/ReVeal/Devign/trainer.py", line 99  	====================================================================================================	
[08/19/2022 - 22:46:59] File "/home/<ANONYMOUS>/code/ReVeal/Devign/trainer.py", line 97  	Step 4351		Train Loss     59.053	Valid Loss  1067.949	f1: 46.04	Patience 14	
[08/19/2022 - 22:46:59] File "/home/<ANONYMOUS>/code/ReVeal/Devign/trainer.py", line 99  	====================================================================================================	
[08/19/2022 - 22:47:08] File "/home/<ANONYMOUS>/code/ReVeal/Devign/trainer.py", line 97  	Step 4415		Train Loss     59.072	Valid Loss  1078.318	f1: 45.26	Patience 15	
[08/19/2022 - 22:47:08] File "/home/<ANONYMOUS>/code/ReVeal/Devign/trainer.py", line 99  	====================================================================================================	
[08/19/2022 - 22:47:17] File "/home/<ANONYMOUS>/code/ReVeal/Devign/trainer.py", line 97  	Step 4479		Train Loss     57.391	Valid Loss  1138.931	f1: 48.23	Patience 16	
[08/19/2022 - 22:47:17] File "/home/<ANONYMOUS>/code/ReVeal/Devign/trainer.py", line 99  	====================================================================================================	
[08/19/2022 - 22:47:30] File "/home/<ANONYMOUS>/code/ReVeal/Devign/trainer.py", line 97  	Step 4543		Train Loss     57.619	Valid Loss   951.832	f1: 42.42	Patience 17	
[08/19/2022 - 22:47:30] File "/home/<ANONYMOUS>/code/ReVeal/Devign/trainer.py", line 99  	====================================================================================================	
[08/19/2022 - 22:47:39] File "/home/<ANONYMOUS>/code/ReVeal/Devign/trainer.py", line 97  	Step 4607		Train Loss     60.759	Valid Loss  1086.987	f1: 45.26	Patience 18	
[08/19/2022 - 22:47:39] File "/home/<ANONYMOUS>/code/ReVeal/Devign/trainer.py", line 99  	====================================================================================================	
[08/19/2022 - 22:47:48] File "/home/<ANONYMOUS>/code/ReVeal/Devign/trainer.py", line 97  	Step 4671		Train Loss     57.482	Valid Loss  1099.458	f1: 45.59	Patience 19	
[08/19/2022 - 22:47:48] File "/home/<ANONYMOUS>/code/ReVeal/Devign/trainer.py", line 99  	====================================================================================================	
[08/19/2022 - 22:48:01] File "/home/<ANONYMOUS>/code/ReVeal/Devign/trainer.py", line 97  	Step 4735		Train Loss     57.465	Valid Loss  1097.052	f1: 45.59	Patience 20	
[08/19/2022 - 22:48:01] File "/home/<ANONYMOUS>/code/ReVeal/Devign/trainer.py", line 99  	====================================================================================================	
[08/19/2022 - 22:48:10] File "/home/<ANONYMOUS>/code/ReVeal/Devign/trainer.py", line 97  	Step 4799		Train Loss     59.058	Valid Loss  1108.455	f1: 43.28	Patience 21	
[08/19/2022 - 22:48:10] File "/home/<ANONYMOUS>/code/ReVeal/Devign/trainer.py", line 99  	====================================================================================================	
[08/19/2022 - 22:48:20] File "/home/<ANONYMOUS>/code/ReVeal/Devign/trainer.py", line 97  	Step 4863		Train Loss     59.014	Valid Loss  1111.036	f1: 43.28	Patience 22	
[08/19/2022 - 22:48:20] File "/home/<ANONYMOUS>/code/ReVeal/Devign/trainer.py", line 99  	====================================================================================================	
[08/19/2022 - 22:48:29] File "/home/<ANONYMOUS>/code/ReVeal/Devign/trainer.py", line 97  	Step 4927		Train Loss     57.649	Valid Loss  1177.261	f1: 45.26	Patience 23	
[08/19/2022 - 22:48:29] File "/home/<ANONYMOUS>/code/ReVeal/Devign/trainer.py", line 99  	====================================================================================================	
[08/19/2022 - 22:48:41] File "/home/<ANONYMOUS>/code/ReVeal/Devign/trainer.py", line 97  	Step 4991		Train Loss     57.489	Valid Loss  1089.937	f1: 44.93	Patience 24	
[08/19/2022 - 22:48:41] File "/home/<ANONYMOUS>/code/ReVeal/Devign/trainer.py", line 99  	====================================================================================================	
[08/19/2022 - 22:48:50] File "/home/<ANONYMOUS>/code/ReVeal/Devign/trainer.py", line 97  	Step 5055		Train Loss     60.701	Valid Loss  1104.726	f1: 42.96	Patience 25	
[08/19/2022 - 22:48:50] File "/home/<ANONYMOUS>/code/ReVeal/Devign/trainer.py", line 99  	====================================================================================================	
[08/19/2022 - 22:49:00] File "/home/<ANONYMOUS>/code/ReVeal/Devign/trainer.py", line 97  	Step 5119		Train Loss     57.439	Valid Loss  1114.403	f1: 43.28	Patience 26	
[08/19/2022 - 22:49:00] File "/home/<ANONYMOUS>/code/ReVeal/Devign/trainer.py", line 99  	====================================================================================================	
[08/19/2022 - 22:49:09] File "/home/<ANONYMOUS>/code/ReVeal/Devign/trainer.py", line 97  	Step 5183		Train Loss     54.260	Valid Loss  1100.822	f1: 45.26	Patience 27	
[08/19/2022 - 22:49:09] File "/home/<ANONYMOUS>/code/ReVeal/Devign/trainer.py", line 99  	====================================================================================================	
[08/19/2022 - 22:49:21] File "/home/<ANONYMOUS>/code/ReVeal/Devign/trainer.py", line 97  	Step 5247		Train Loss     63.629	Valid Loss  1100.783	f1: 45.26	Patience 28	
[08/19/2022 - 22:49:21] File "/home/<ANONYMOUS>/code/ReVeal/Devign/trainer.py", line 99  	====================================================================================================	
[08/19/2022 - 22:49:31] File "/home/<ANONYMOUS>/code/ReVeal/Devign/trainer.py", line 97  	Step 5311		Train Loss     57.464	Valid Loss  1105.136	f1: 45.26	Patience 29	
[08/19/2022 - 22:49:31] File "/home/<ANONYMOUS>/code/ReVeal/Devign/trainer.py", line 99  	====================================================================================================	
[08/19/2022 - 22:49:40] File "/home/<ANONYMOUS>/code/ReVeal/Devign/trainer.py", line 97  	Step 5375		Train Loss     57.448	Valid Loss  1176.719	f1: 48.57	Patience 30	
[08/19/2022 - 22:49:40] File "/home/<ANONYMOUS>/code/ReVeal/Devign/trainer.py", line 99  	====================================================================================================	
[08/19/2022 - 22:49:49] File "/home/<ANONYMOUS>/code/ReVeal/Devign/trainer.py", line 97  	Step 5439		Train Loss     58.949	Valid Loss  1132.211	f1: 43.28	Patience 31	
[08/19/2022 - 22:49:49] File "/home/<ANONYMOUS>/code/ReVeal/Devign/trainer.py", line 99  	====================================================================================================	
[08/19/2022 - 22:50:01] File "/home/<ANONYMOUS>/code/ReVeal/Devign/trainer.py", line 97  	Step 5503		Train Loss     56.033	Valid Loss  1106.685	f1: 46.38	Patience 32	
[08/19/2022 - 22:50:01] File "/home/<ANONYMOUS>/code/ReVeal/Devign/trainer.py", line 99  	====================================================================================================	
[08/19/2022 - 22:50:11] File "/home/<ANONYMOUS>/code/ReVeal/Devign/trainer.py", line 97  	Step 5567		Train Loss     62.201	Valid Loss  1115.095	f1: 44.44	Patience 33	
[08/19/2022 - 22:50:11] File "/home/<ANONYMOUS>/code/ReVeal/Devign/trainer.py", line 99  	====================================================================================================	
[08/19/2022 - 22:50:20] File "/home/<ANONYMOUS>/code/ReVeal/Devign/trainer.py", line 97  	Step 5631		Train Loss     57.452	Valid Loss  1201.347	f1: 42.96	Patience 34	
[08/19/2022 - 22:50:20] File "/home/<ANONYMOUS>/code/ReVeal/Devign/trainer.py", line 99  	====================================================================================================	
[08/19/2022 - 22:50:32] File "/home/<ANONYMOUS>/code/ReVeal/Devign/trainer.py", line 97  	Step 5695		Train Loss     57.436	Valid Loss  1113.314	f1: 45.59	Patience 35	
[08/19/2022 - 22:50:32] File "/home/<ANONYMOUS>/code/ReVeal/Devign/trainer.py", line 99  	====================================================================================================	
[08/19/2022 - 22:50:42] File "/home/<ANONYMOUS>/code/ReVeal/Devign/trainer.py", line 97  	Step 5759		Train Loss     59.129	Valid Loss  1056.937	f1: 43.28	Patience 36	
[08/19/2022 - 22:50:42] File "/home/<ANONYMOUS>/code/ReVeal/Devign/trainer.py", line 99  	====================================================================================================	
[08/19/2022 - 22:50:51] File "/home/<ANONYMOUS>/code/ReVeal/Devign/trainer.py", line 97  	Step 5823		Train Loss     57.478	Valid Loss  1117.456	f1: 42.96	Patience 37	
[08/19/2022 - 22:50:51] File "/home/<ANONYMOUS>/code/ReVeal/Devign/trainer.py", line 99  	====================================================================================================	
[08/19/2022 - 22:51:00] File "/home/<ANONYMOUS>/code/ReVeal/Devign/trainer.py", line 97  	Step 5887		Train Loss     59.157	Valid Loss  1175.111	f1: 49.30	Patience 38	
[08/19/2022 - 22:51:00] File "/home/<ANONYMOUS>/code/ReVeal/Devign/trainer.py", line 99  	====================================================================================================	
[08/19/2022 - 22:51:12] File "/home/<ANONYMOUS>/code/ReVeal/Devign/trainer.py", line 97  	Step 5951		Train Loss     57.629	Valid Loss  1183.351	f1: 46.38	Patience 39	
[08/19/2022 - 22:51:12] File "/home/<ANONYMOUS>/code/ReVeal/Devign/trainer.py", line 99  	====================================================================================================	
[08/19/2022 - 22:51:22] File "/home/<ANONYMOUS>/code/ReVeal/Devign/trainer.py", line 97  	Step 6015		Train Loss     55.829	Valid Loss  1169.754	f1: 49.30	Patience 40	
[08/19/2022 - 22:51:22] File "/home/<ANONYMOUS>/code/ReVeal/Devign/trainer.py", line 99  	====================================================================================================	
[08/19/2022 - 22:51:31] File "/home/<ANONYMOUS>/code/ReVeal/Devign/trainer.py", line 97  	Step 6079		Train Loss     60.660	Valid Loss  1191.978	f1: 45.26	Patience 41	
[08/19/2022 - 22:51:31] File "/home/<ANONYMOUS>/code/ReVeal/Devign/trainer.py", line 99  	====================================================================================================	
[08/19/2022 - 22:51:41] File "/home/<ANONYMOUS>/code/ReVeal/Devign/trainer.py", line 97  	Step 6143		Train Loss     60.534	Valid Loss  1119.860	f1: 44.44	Patience 42	
[08/19/2022 - 22:51:41] File "/home/<ANONYMOUS>/code/ReVeal/Devign/trainer.py", line 99  	====================================================================================================	
[08/19/2022 - 22:51:53] File "/home/<ANONYMOUS>/code/ReVeal/Devign/trainer.py", line 97  	Step 6207		Train Loss     55.801	Valid Loss  1144.235	f1: 42.96	Patience 43	
[08/19/2022 - 22:51:53] File "/home/<ANONYMOUS>/code/ReVeal/Devign/trainer.py", line 99  	====================================================================================================	
[08/19/2022 - 22:52:02] File "/home/<ANONYMOUS>/code/ReVeal/Devign/trainer.py", line 97  	Step 6271		Train Loss     59.108	Valid Loss  1194.243	f1: 44.93	Patience 44	
[08/19/2022 - 22:52:02] File "/home/<ANONYMOUS>/code/ReVeal/Devign/trainer.py", line 99  	====================================================================================================	
[08/19/2022 - 22:52:12] File "/home/<ANONYMOUS>/code/ReVeal/Devign/trainer.py", line 97  	Step 6335		Train Loss     57.561	Valid Loss  1190.674	f1: 45.26	Patience 45	
[08/19/2022 - 22:52:12] File "/home/<ANONYMOUS>/code/ReVeal/Devign/trainer.py", line 99  	====================================================================================================	
[08/19/2022 - 22:52:24] File "/home/<ANONYMOUS>/code/ReVeal/Devign/trainer.py", line 97  	Step 6399		Train Loss     57.444	Valid Loss  1196.323	f1: 44.12	Patience 46	
[08/19/2022 - 22:52:24] File "/home/<ANONYMOUS>/code/ReVeal/Devign/trainer.py", line 99  	====================================================================================================	
[08/19/2022 - 22:52:33] File "/home/<ANONYMOUS>/code/ReVeal/Devign/trainer.py", line 97  	Step 6463		Train Loss     58.958	Valid Loss  1125.703	f1: 44.44	Patience 47	
[08/19/2022 - 22:52:33] File "/home/<ANONYMOUS>/code/ReVeal/Devign/trainer.py", line 99  	====================================================================================================	
[08/19/2022 - 22:52:43] File "/home/<ANONYMOUS>/code/ReVeal/Devign/trainer.py", line 97  	Step 6527		Train Loss     60.490	Valid Loss  1118.316	f1: 45.26	Patience 48	
[08/19/2022 - 22:52:43] File "/home/<ANONYMOUS>/code/ReVeal/Devign/trainer.py", line 99  	====================================================================================================	
[08/19/2022 - 22:52:52] File "/home/<ANONYMOUS>/code/ReVeal/Devign/trainer.py", line 97  	Step 6591		Train Loss     55.923	Valid Loss  1154.946	f1: 42.11	Patience 49	
[08/19/2022 - 22:52:52] File "/home/<ANONYMOUS>/code/ReVeal/Devign/trainer.py", line 99  	====================================================================================================	
[08/19/2022 - 22:53:04] File "/home/<ANONYMOUS>/code/ReVeal/Devign/trainer.py", line 97  	Step 6655		Train Loss     60.553	Valid Loss  1124.703	f1: 44.12	Patience 50	
[08/19/2022 - 22:53:04] File "/home/<ANONYMOUS>/code/ReVeal/Devign/trainer.py", line 99  	====================================================================================================	
[08/19/2022 - 22:53:14] File "/home/<ANONYMOUS>/code/ReVeal/Devign/trainer.py", line 97  	Step 6719		Train Loss     57.473	Valid Loss  1194.089	f1: 47.14	Patience 51	
[08/19/2022 - 22:53:14] File "/home/<ANONYMOUS>/code/ReVeal/Devign/trainer.py", line 99  	====================================================================================================	
[08/19/2022 - 22:53:23] File "/home/<ANONYMOUS>/code/ReVeal/Devign/trainer.py", line 97  	Step 6783		Train Loss     59.088	Valid Loss  1190.608	f1: 46.04	Patience 52	
[08/19/2022 - 22:53:23] File "/home/<ANONYMOUS>/code/ReVeal/Devign/trainer.py", line 99  	====================================================================================================	
[08/19/2022 - 22:53:32] File "/home/<ANONYMOUS>/code/ReVeal/Devign/trainer.py", line 97  	Step 6847		Train Loss     59.573	Valid Loss  1092.771	f1: 46.72	Patience 53	
[08/19/2022 - 22:53:32] File "/home/<ANONYMOUS>/code/ReVeal/Devign/trainer.py", line 99  	====================================================================================================	
[08/19/2022 - 22:53:45] File "/home/<ANONYMOUS>/code/ReVeal/Devign/trainer.py", line 97  	Step 6911		Train Loss     55.934	Valid Loss  1156.208	f1: 50.34	Patience 54	
[08/19/2022 - 22:53:45] File "/home/<ANONYMOUS>/code/ReVeal/Devign/trainer.py", line 99  	====================================================================================================	
[08/19/2022 - 22:53:54] File "/home/<ANONYMOUS>/code/ReVeal/Devign/trainer.py", line 97  	Step 6975		Train Loss     57.516	Valid Loss  1107.395	f1: 47.83	Patience 55	
[08/19/2022 - 22:53:54] File "/home/<ANONYMOUS>/code/ReVeal/Devign/trainer.py", line 99  	====================================================================================================	
[08/19/2022 - 22:54:03] File "/home/<ANONYMOUS>/code/ReVeal/Devign/trainer.py", line 97  	Step 7039		Train Loss     59.016	Valid Loss  1137.186	f1: 45.59	Patience 56	
[08/19/2022 - 22:54:03] File "/home/<ANONYMOUS>/code/ReVeal/Devign/trainer.py", line 99  	====================================================================================================	
[08/19/2022 - 22:54:16] File "/home/<ANONYMOUS>/code/ReVeal/Devign/trainer.py", line 97  	Step 7103		Train Loss     60.526	Valid Loss  1147.121	f1: 45.59	Patience 57	
[08/19/2022 - 22:54:16] File "/home/<ANONYMOUS>/code/ReVeal/Devign/trainer.py", line 99  	====================================================================================================	
[08/19/2022 - 22:54:25] File "/home/<ANONYMOUS>/code/ReVeal/Devign/trainer.py", line 97  	Step 7167		Train Loss     57.310	Valid Loss  1134.814	f1: 45.59	Patience 58	
[08/19/2022 - 22:54:25] File "/home/<ANONYMOUS>/code/ReVeal/Devign/trainer.py", line 99  	====================================================================================================	
[08/19/2022 - 22:54:34] File "/home/<ANONYMOUS>/code/ReVeal/Devign/trainer.py", line 97  	Step 7231		Train Loss     57.351	Valid Loss  1133.483	f1: 47.06	Patience 59	
[08/19/2022 - 22:54:34] File "/home/<ANONYMOUS>/code/ReVeal/Devign/trainer.py", line 99  	====================================================================================================	
[08/19/2022 - 22:54:44] File "/home/<ANONYMOUS>/code/ReVeal/Devign/trainer.py", line 97  	Step 7295		Train Loss     57.444	Valid Loss  1200.671	f1: 47.14	Patience 60	
[08/19/2022 - 22:54:44] File "/home/<ANONYMOUS>/code/ReVeal/Devign/trainer.py", line 99  	====================================================================================================	
[08/19/2022 - 22:54:56] File "/home/<ANONYMOUS>/code/ReVeal/Devign/trainer.py", line 97  	Step 7359		Train Loss     57.418	Valid Loss  1175.098	f1: 50.34	Patience 61	
[08/19/2022 - 22:54:56] File "/home/<ANONYMOUS>/code/ReVeal/Devign/trainer.py", line 99  	====================================================================================================	
[08/19/2022 - 22:55:05] File "/home/<ANONYMOUS>/code/ReVeal/Devign/trainer.py", line 97  	Step 7423		Train Loss     60.639	Valid Loss  1193.240	f1: 48.23	Patience 62	
[08/19/2022 - 22:55:05] File "/home/<ANONYMOUS>/code/ReVeal/Devign/trainer.py", line 99  	====================================================================================================	
[08/19/2022 - 22:55:15] File "/home/<ANONYMOUS>/code/ReVeal/Devign/trainer.py", line 97  	Step 7487		Train Loss     59.017	Valid Loss  1152.211	f1: 44.44	Patience 63	
[08/19/2022 - 22:55:15] File "/home/<ANONYMOUS>/code/ReVeal/Devign/trainer.py", line 99  	====================================================================================================	
[08/19/2022 - 22:55:24] File "/home/<ANONYMOUS>/code/ReVeal/Devign/trainer.py", line 97  	Step 7551		Train Loss     58.990	Valid Loss  1199.618	f1: 48.23	Patience 64	
[08/19/2022 - 22:55:24] File "/home/<ANONYMOUS>/code/ReVeal/Devign/trainer.py", line 99  	====================================================================================================	
[08/19/2022 - 22:55:36] File "/home/<ANONYMOUS>/code/ReVeal/Devign/trainer.py", line 97  	Step 7615		Train Loss     57.365	Valid Loss  1206.277	f1: 47.14	Patience 65	
[08/19/2022 - 22:55:36] File "/home/<ANONYMOUS>/code/ReVeal/Devign/trainer.py", line 99  	====================================================================================================	
[08/19/2022 - 22:55:46] File "/home/<ANONYMOUS>/code/ReVeal/Devign/trainer.py", line 97  	Step 7679		Train Loss     57.339	Valid Loss  1194.825	f1: 43.41	Patience 66	
[08/19/2022 - 22:55:46] File "/home/<ANONYMOUS>/code/ReVeal/Devign/trainer.py", line 99  	====================================================================================================	
[08/19/2022 - 22:55:55] File "/home/<ANONYMOUS>/code/ReVeal/Devign/trainer.py", line 97  	Step 7743		Train Loss     60.565	Valid Loss  1208.545	f1: 47.14	Patience 67	
[08/19/2022 - 22:55:55] File "/home/<ANONYMOUS>/code/ReVeal/Devign/trainer.py", line 99  	====================================================================================================	
[08/19/2022 - 22:56:04] File "/home/<ANONYMOUS>/code/ReVeal/Devign/trainer.py", line 97  	Step 7807		Train Loss     57.424	Valid Loss  1154.380	f1: 44.78	Patience 68	
[08/19/2022 - 22:56:04] File "/home/<ANONYMOUS>/code/ReVeal/Devign/trainer.py", line 99  	====================================================================================================	
[08/19/2022 - 22:56:17] File "/home/<ANONYMOUS>/code/ReVeal/Devign/trainer.py", line 97  	Step 7871		Train Loss     57.536	Valid Loss  1148.227	f1: 45.26	Patience 69	
[08/19/2022 - 22:56:17] File "/home/<ANONYMOUS>/code/ReVeal/Devign/trainer.py", line 99  	====================================================================================================	
[08/19/2022 - 22:56:26] File "/home/<ANONYMOUS>/code/ReVeal/Devign/trainer.py", line 97  	Step 7935		Train Loss     55.873	Valid Loss  1162.297	f1: 45.11	Patience 70	
[08/19/2022 - 22:56:26] File "/home/<ANONYMOUS>/code/ReVeal/Devign/trainer.py", line 99  	====================================================================================================	
[08/19/2022 - 22:56:35] File "/home/<ANONYMOUS>/code/ReVeal/Devign/trainer.py", line 97  	Step 7999		Train Loss     62.110	Valid Loss  1201.426	f1: 48.61	Patience 71	
[08/19/2022 - 22:56:35] File "/home/<ANONYMOUS>/code/ReVeal/Devign/trainer.py", line 99  	====================================================================================================	
[08/19/2022 - 22:56:47] File "/home/<ANONYMOUS>/code/ReVeal/Devign/trainer.py", line 97  	Step 8063		Train Loss     57.467	Valid Loss  1144.752	f1: 44.12	Patience 72	
[08/19/2022 - 22:56:47] File "/home/<ANONYMOUS>/code/ReVeal/Devign/trainer.py", line 99  	====================================================================================================	
[08/19/2022 - 22:56:57] File "/home/<ANONYMOUS>/code/ReVeal/Devign/trainer.py", line 97  	Step 8127		Train Loss     59.005	Valid Loss  1227.158	f1: 46.38	Patience 73	
[08/19/2022 - 22:56:57] File "/home/<ANONYMOUS>/code/ReVeal/Devign/trainer.py", line 99  	====================================================================================================	
[08/19/2022 - 22:57:06] File "/home/<ANONYMOUS>/code/ReVeal/Devign/trainer.py", line 97  	Step 8191		Train Loss     58.946	Valid Loss  1216.792	f1: 44.93	Patience 74	
[08/19/2022 - 22:57:06] File "/home/<ANONYMOUS>/code/ReVeal/Devign/trainer.py", line 99  	====================================================================================================	
[08/19/2022 - 22:57:15] File "/home/<ANONYMOUS>/code/ReVeal/Devign/trainer.py", line 97  	Step 8255		Train Loss     54.257	Valid Loss  1214.673	f1: 45.71	Patience 75	
[08/19/2022 - 22:57:15] File "/home/<ANONYMOUS>/code/ReVeal/Devign/trainer.py", line 99  	====================================================================================================	
[08/19/2022 - 22:57:28] File "/home/<ANONYMOUS>/code/ReVeal/Devign/trainer.py", line 97  	Step 8319		Train Loss     62.100	Valid Loss  1149.365	f1: 44.12	Patience 76	
[08/19/2022 - 22:57:28] File "/home/<ANONYMOUS>/code/ReVeal/Devign/trainer.py", line 99  	====================================================================================================	
[08/19/2022 - 22:57:37] File "/home/<ANONYMOUS>/code/ReVeal/Devign/trainer.py", line 97  	Step 8383		Train Loss     58.955	Valid Loss  1161.953	f1: 44.78	Patience 77	
[08/19/2022 - 22:57:37] File "/home/<ANONYMOUS>/code/ReVeal/Devign/trainer.py", line 99  	====================================================================================================	
[08/19/2022 - 22:57:46] File "/home/<ANONYMOUS>/code/ReVeal/Devign/trainer.py", line 97  	Step 8447		Train Loss     57.421	Valid Loss  1161.359	f1: 44.78	Patience 78	
[08/19/2022 - 22:57:46] File "/home/<ANONYMOUS>/code/ReVeal/Devign/trainer.py", line 99  	====================================================================================================	
[08/19/2022 - 22:57:56] File "/home/<ANONYMOUS>/code/ReVeal/Devign/trainer.py", line 97  	Step 8511		Train Loss     57.381	Valid Loss  1164.321	f1: 44.44	Patience 79	
[08/19/2022 - 22:57:56] File "/home/<ANONYMOUS>/code/ReVeal/Devign/trainer.py", line 99  	====================================================================================================	
[08/19/2022 - 22:58:08] File "/home/<ANONYMOUS>/code/ReVeal/Devign/trainer.py", line 97  	Step 8575		Train Loss     61.999	Valid Loss  1230.703	f1: 44.93	Patience 80	
[08/19/2022 - 22:58:08] File "/home/<ANONYMOUS>/code/ReVeal/Devign/trainer.py", line 99  	====================================================================================================	
[08/19/2022 - 22:58:17] File "/home/<ANONYMOUS>/code/ReVeal/Devign/trainer.py", line 97  	Step 8639		Train Loss     54.162	Valid Loss  1226.785	f1: 43.48	Patience 81	
[08/19/2022 - 22:58:17] File "/home/<ANONYMOUS>/code/ReVeal/Devign/trainer.py", line 99  	====================================================================================================	
[08/19/2022 - 22:58:27] File "/home/<ANONYMOUS>/code/ReVeal/Devign/trainer.py", line 97  	Step 8703		Train Loss     55.949	Valid Loss  1236.383	f1: 43.80	Patience 82	
[08/19/2022 - 22:58:27] File "/home/<ANONYMOUS>/code/ReVeal/Devign/trainer.py", line 99  	====================================================================================================	
[08/19/2022 - 22:58:36] File "/home/<ANONYMOUS>/code/ReVeal/Devign/trainer.py", line 97  	Step 8767		Train Loss     60.441	Valid Loss  1226.549	f1: 47.14	Patience 83	
[08/19/2022 - 22:58:36] File "/home/<ANONYMOUS>/code/ReVeal/Devign/trainer.py", line 99  	====================================================================================================	
[08/19/2022 - 22:58:48] File "/home/<ANONYMOUS>/code/ReVeal/Devign/trainer.py", line 97  	Step 8831		Train Loss     60.420	Valid Loss  1228.135	f1: 47.14	Patience 84	
[08/19/2022 - 22:58:48] File "/home/<ANONYMOUS>/code/ReVeal/Devign/trainer.py", line 99  	====================================================================================================	
[08/19/2022 - 22:58:58] File "/home/<ANONYMOUS>/code/ReVeal/Devign/trainer.py", line 97  	Step 8895		Train Loss     57.477	Valid Loss  1175.573	f1: 42.96	Patience 85	
[08/19/2022 - 22:58:58] File "/home/<ANONYMOUS>/code/ReVeal/Devign/trainer.py", line 99  	====================================================================================================	
[08/19/2022 - 22:59:07] File "/home/<ANONYMOUS>/code/ReVeal/Devign/trainer.py", line 97  	Step 8959		Train Loss     57.434	Valid Loss  1208.984	f1: 43.41	Patience 86	
[08/19/2022 - 22:59:07] File "/home/<ANONYMOUS>/code/ReVeal/Devign/trainer.py", line 99  	====================================================================================================	
[08/19/2022 - 22:59:19] File "/home/<ANONYMOUS>/code/ReVeal/Devign/trainer.py", line 97  	Step 9023		Train Loss     57.352	Valid Loss  1248.528	f1: 43.80	Patience 87	
[08/19/2022 - 22:59:19] File "/home/<ANONYMOUS>/code/ReVeal/Devign/trainer.py", line 99  	====================================================================================================	
[08/19/2022 - 22:59:29] File "/home/<ANONYMOUS>/code/ReVeal/Devign/trainer.py", line 97  	Step 9087		Train Loss     60.550	Valid Loss  1245.653	f1: 43.80	Patience 88	
[08/19/2022 - 22:59:29] File "/home/<ANONYMOUS>/code/ReVeal/Devign/trainer.py", line 99  	====================================================================================================	
[08/19/2022 - 22:59:38] File "/home/<ANONYMOUS>/code/ReVeal/Devign/trainer.py", line 97  	Step 9151		Train Loss     55.781	Valid Loss  1264.824	f1: 41.79	Patience 89	
[08/19/2022 - 22:59:38] File "/home/<ANONYMOUS>/code/ReVeal/Devign/trainer.py", line 99  	====================================================================================================	
[08/19/2022 - 22:59:48] File "/home/<ANONYMOUS>/code/ReVeal/Devign/trainer.py", line 97  	Step 9215		Train Loss     62.059	Valid Loss  1206.452	f1: 42.75	Patience 90	
[08/19/2022 - 22:59:48] File "/home/<ANONYMOUS>/code/ReVeal/Devign/trainer.py", line 99  	====================================================================================================	
[08/19/2022 - 23:00:00] File "/home/<ANONYMOUS>/code/ReVeal/Devign/trainer.py", line 97  	Step 9279		Train Loss     57.345	Valid Loss  1204.158	f1: 42.75	Patience 91	
[08/19/2022 - 23:00:00] File "/home/<ANONYMOUS>/code/ReVeal/Devign/trainer.py", line 99  	====================================================================================================	
[08/19/2022 - 23:00:09] File "/home/<ANONYMOUS>/code/ReVeal/Devign/trainer.py", line 97  	Step 9343		Train Loss     57.310	Valid Loss  1234.337	f1: 44.60	Patience 92	
[08/19/2022 - 23:00:09] File "/home/<ANONYMOUS>/code/ReVeal/Devign/trainer.py", line 99  	====================================================================================================	
[08/19/2022 - 23:00:19] File "/home/<ANONYMOUS>/code/ReVeal/Devign/trainer.py", line 97  	Step 9407		Train Loss     57.644	Valid Loss  1258.035	f1: 40.88	Patience 93	
[08/19/2022 - 23:00:19] File "/home/<ANONYMOUS>/code/ReVeal/Devign/trainer.py", line 99  	====================================================================================================	
[08/19/2022 - 23:00:28] File "/home/<ANONYMOUS>/code/ReVeal/Devign/trainer.py", line 97  	Step 9471		Train Loss     60.550	Valid Loss  1183.236	f1: 42.11	Patience 94	
[08/19/2022 - 23:00:28] File "/home/<ANONYMOUS>/code/ReVeal/Devign/trainer.py", line 99  	====================================================================================================	
[08/19/2022 - 23:00:40] File "/home/<ANONYMOUS>/code/ReVeal/Devign/trainer.py", line 97  	Step 9535		Train Loss     58.859	Valid Loss  1180.940	f1: 43.80	Patience 95	
[08/19/2022 - 23:00:40] File "/home/<ANONYMOUS>/code/ReVeal/Devign/trainer.py", line 99  	====================================================================================================	
[08/19/2022 - 23:00:50] File "/home/<ANONYMOUS>/code/ReVeal/Devign/trainer.py", line 97  	Step 9599		Train Loss     55.831	Valid Loss  1201.423	f1: 42.11	Patience 96	
[08/19/2022 - 23:00:50] File "/home/<ANONYMOUS>/code/ReVeal/Devign/trainer.py", line 99  	====================================================================================================	
[08/19/2022 - 23:00:59] File "/home/<ANONYMOUS>/code/ReVeal/Devign/trainer.py", line 97  	Step 9663		Train Loss     58.867	Valid Loss  1261.951	f1: 44.60	Patience 97	
[08/19/2022 - 23:00:59] File "/home/<ANONYMOUS>/code/ReVeal/Devign/trainer.py", line 99  	====================================================================================================	
[08/19/2022 - 23:01:08] File "/home/<ANONYMOUS>/code/ReVeal/Devign/trainer.py", line 97  	Step 9727		Train Loss     58.979	Valid Loss  1251.525	f1: 44.60	Patience 98	
[08/19/2022 - 23:01:08] File "/home/<ANONYMOUS>/code/ReVeal/Devign/trainer.py", line 99  	====================================================================================================	
[08/19/2022 - 23:01:21] File "/home/<ANONYMOUS>/code/ReVeal/Devign/trainer.py", line 97  	Step 9791		Train Loss     55.729	Valid Loss  1252.597	f1: 47.89	Patience 99	
[08/19/2022 - 23:01:21] File "/home/<ANONYMOUS>/code/ReVeal/Devign/trainer.py", line 99  	====================================================================================================	
[08/19/2022 - 23:01:30] File "/home/<ANONYMOUS>/code/ReVeal/Devign/trainer.py", line 97  	Step 9855		Train Loss     58.854	Valid Loss  1196.931	f1: 42.65	Patience 100	
[08/19/2022 - 23:01:30] File "/home/<ANONYMOUS>/code/ReVeal/Devign/trainer.py", line 99  	====================================================================================================	
[08/19/2022 - 23:01:32] File "/home/<ANONYMOUS>/code/ReVeal/Devign/trainer.py", line 114  	models/combined/ggnn/vbalanced_0.1/1/GGNNSumModel	Test Accuracy: 56.52	Precision: 58.10	Recall: 72.95	F1: 64.68	
[08/19/2022 - 23:01:32] File "/home/<ANONYMOUS>/code/ReVeal/Devign/trainer.py", line 115  	====================================================================================================	
pass through data:   0%|          | 0/562 [00:00<?, ?it/s]pass through data:   0%|          | 1/562 [00:00<01:39,  5.66it/s]pass through data:   0%|          | 2/562 [00:00<01:37,  5.72it/s]pass through data:   1%|          | 3/562 [00:00<01:39,  5.64it/s]pass through data:   1%|          | 4/562 [00:00<01:38,  5.69it/s]pass through data:   1%|          | 5/562 [00:00<01:38,  5.64it/s]pass through data:   1%|          | 6/562 [00:01<01:38,  5.63it/s]pass through data:   1%|          | 7/562 [00:01<01:38,  5.64it/s]pass through data:   1%|         | 8/562 [00:01<01:37,  5.68it/s]pass through data:   2%|         | 9/562 [00:01<01:39,  5.57it/s]pass through data:   2%|         | 10/562 [00:01<01:38,  5.58it/s]pass through data:   2%|         | 11/562 [00:01<01:39,  5.53it/s]pass through data:   2%|         | 12/562 [00:02<01:38,  5.56it/s]pass through data:   2%|         | 13/562 [00:02<01:46,  5.16it/s]pass through data:   2%|         | 14/562 [00:02<01:44,  5.24it/s]pass through data:   3%|         | 15/562 [00:02<01:42,  5.34it/s]pass through data:   3%|         | 16/562 [00:02<01:40,  5.41it/s]pass through data:   3%|         | 17/562 [00:03<01:38,  5.52it/s]pass through data:   3%|         | 18/562 [00:03<01:39,  5.47it/s]pass through data:   3%|         | 19/562 [00:03<01:38,  5.49it/s]pass through data:   4%|         | 20/562 [00:03<01:38,  5.48it/s]pass through data:   4%|         | 21/562 [00:03<01:39,  5.46it/s]pass through data:   4%|         | 22/562 [00:03<01:38,  5.51it/s]pass through data:   4%|         | 23/562 [00:04<01:37,  5.55it/s]pass through data:   4%|         | 24/562 [00:04<01:36,  5.58it/s]pass through data:   4%|         | 25/562 [00:04<01:36,  5.55it/s]pass through data:   5%|         | 26/562 [00:04<01:35,  5.59it/s]pass through data:   5%|         | 27/562 [00:04<01:35,  5.58it/s]pass through data:   5%|         | 28/562 [00:05<01:35,  5.62it/s]pass through data:   5%|         | 29/562 [00:05<01:34,  5.62it/s]pass through data:   5%|         | 30/562 [00:05<01:36,  5.50it/s]pass through data:   6%|         | 31/562 [00:05<01:36,  5.52it/s]pass through data:   6%|         | 32/562 [00:05<01:35,  5.57it/s]pass through data:   6%|         | 33/562 [00:05<01:34,  5.57it/s]pass through data:   6%|         | 34/562 [00:06<01:34,  5.58it/s]pass through data:   6%|         | 35/562 [00:06<01:34,  5.59it/s]pass through data:   6%|         | 36/562 [00:06<01:33,  5.63it/s]pass through data:   7%|         | 37/562 [00:06<01:32,  5.66it/s]pass through data:   7%|         | 38/562 [00:06<01:33,  5.61it/s]pass through data:   7%|         | 39/562 [00:07<01:33,  5.59it/s]pass through data:   7%|         | 40/562 [00:07<01:32,  5.63it/s]pass through data:   7%|         | 41/562 [00:07<01:39,  5.23it/s]pass through data:   7%|         | 42/562 [00:07<01:37,  5.32it/s]pass through data:   8%|         | 43/562 [00:07<01:36,  5.38it/s]pass through data:   8%|         | 44/562 [00:07<01:35,  5.44it/s]pass through data:   8%|         | 45/562 [00:08<01:33,  5.50it/s]pass through data:   8%|         | 46/562 [00:08<01:33,  5.49it/s]pass through data:   8%|         | 47/562 [00:08<01:34,  5.47it/s]pass through data:   9%|         | 48/562 [00:08<01:32,  5.53it/s]pass through data:   9%|         | 49/562 [00:08<01:32,  5.55it/s]pass through data:   9%|         | 50/562 [00:09<01:32,  5.55it/s]pass through data:   9%|         | 51/562 [00:09<01:31,  5.58it/s]pass through data:   9%|         | 52/562 [00:09<01:31,  5.57it/s]pass through data:   9%|         | 53/562 [00:09<01:32,  5.53it/s]pass through data:  10%|         | 54/562 [00:09<01:32,  5.52it/s]pass through data:  10%|         | 55/562 [00:09<01:31,  5.54it/s]pass through data:  10%|         | 56/562 [00:10<01:30,  5.57it/s]pass through data:  10%|         | 57/562 [00:10<01:30,  5.58it/s]pass through data:  10%|         | 58/562 [00:10<01:30,  5.58it/s]pass through data:  10%|         | 59/562 [00:10<01:29,  5.59it/s]pass through data:  11%|         | 60/562 [00:10<01:29,  5.63it/s]pass through data:  11%|         | 61/562 [00:11<01:28,  5.65it/s]pass through data:  11%|         | 62/562 [00:11<01:28,  5.68it/s]pass through data:  11%|         | 63/562 [00:11<01:28,  5.66it/s]pass through data:  11%|        | 64/562 [00:11<01:27,  5.67it/s]pass through data:  12%|        | 65/562 [00:11<01:27,  5.67it/s]pass through data:  12%|        | 66/562 [00:11<01:27,  5.67it/s]pass through data:  12%|        | 67/562 [00:12<01:27,  5.66it/s]pass through data:  12%|        | 68/562 [00:12<01:27,  5.68it/s]pass through data:  12%|        | 69/562 [00:12<01:34,  5.24it/s]pass through data:  12%|        | 70/562 [00:12<01:31,  5.35it/s]pass through data:  13%|        | 71/562 [00:12<01:30,  5.42it/s]pass through data:  13%|        | 72/562 [00:13<01:29,  5.45it/s]pass through data:  13%|        | 73/562 [00:13<01:29,  5.49it/s]pass through data:  13%|        | 74/562 [00:13<01:28,  5.52it/s]pass through data:  13%|        | 75/562 [00:13<01:28,  5.50it/s]pass through data:  14%|        | 76/562 [00:13<01:28,  5.47it/s]pass through data:  14%|        | 77/562 [00:13<01:28,  5.50it/s]pass through data:  14%|        | 78/562 [00:14<01:27,  5.55it/s]pass through data:  14%|        | 79/562 [00:14<01:26,  5.59it/s]pass through data:  14%|        | 80/562 [00:14<01:26,  5.59it/s]pass through data:  14%|        | 81/562 [00:14<01:25,  5.62it/s]pass through data:  15%|        | 82/562 [00:14<01:25,  5.59it/s]pass through data:  15%|        | 83/562 [00:14<01:25,  5.59it/s]pass through data:  15%|        | 84/562 [00:15<01:26,  5.50it/s]pass through data:  15%|        | 85/562 [00:15<01:26,  5.54it/s]pass through data:  15%|        | 86/562 [00:15<01:25,  5.56it/s]pass through data:  15%|        | 87/562 [00:18<08:28,  1.07s/it]pass through data:  16%|        | 88/562 [00:18<06:20,  1.25it/s]pass through data:  16%|        | 89/562 [00:19<04:51,  1.62it/s]pass through data:  16%|        | 90/562 [00:19<03:49,  2.06it/s]pass through data:  16%|        | 91/562 [00:19<03:05,  2.54it/s]pass through data:  16%|        | 92/562 [00:19<02:36,  3.01it/s]pass through data:  17%|        | 93/562 [00:19<02:14,  3.49it/s]pass through data:  17%|        | 94/562 [00:19<01:59,  3.92it/s]pass through data:  17%|        | 95/562 [00:20<01:48,  4.30it/s]pass through data:  17%|        | 96/562 [00:20<01:40,  4.62it/s]pass through data:  17%|        | 97/562 [00:20<01:36,  4.82it/s]pass through data:  17%|        | 98/562 [00:20<01:32,  5.00it/s]pass through data:  18%|        | 99/562 [00:20<01:29,  5.15it/s]pass through data:  18%|        | 100/562 [00:21<01:28,  5.24it/s]pass through data:  18%|        | 101/562 [00:21<01:26,  5.33it/s]pass through data:  18%|        | 102/562 [00:21<01:24,  5.43it/s]pass through data:  18%|        | 103/562 [00:21<01:23,  5.51it/s]pass through data:  19%|        | 104/562 [00:21<01:23,  5.48it/s]pass through data:  19%|        | 105/562 [00:21<01:24,  5.41it/s]pass through data:  19%|        | 106/562 [00:22<01:23,  5.45it/s]pass through data:  19%|        | 107/562 [00:22<01:27,  5.22it/s]pass through data:  19%|        | 108/562 [00:22<01:28,  5.13it/s]pass through data:  19%|        | 109/562 [00:22<01:26,  5.25it/s]pass through data:  20%|        | 110/562 [00:22<01:24,  5.37it/s]pass through data:  20%|        | 111/562 [00:23<01:22,  5.45it/s]pass through data:  20%|        | 112/562 [00:23<01:21,  5.50it/s]pass through data:  20%|        | 113/562 [00:23<01:21,  5.49it/s]pass through data:  20%|        | 114/562 [00:23<01:21,  5.53it/s]pass through data:  20%|        | 115/562 [00:23<01:20,  5.53it/s]pass through data:  21%|        | 116/562 [00:23<01:20,  5.54it/s]pass through data:  21%|        | 117/562 [00:24<01:19,  5.57it/s]pass through data:  21%|        | 118/562 [00:24<01:19,  5.59it/s]pass through data:  21%|        | 119/562 [00:24<01:19,  5.56it/s]pass through data:  21%|       | 120/562 [00:24<01:19,  5.59it/s]pass through data:  22%|       | 121/562 [00:24<01:18,  5.62it/s]pass through data:  22%|       | 122/562 [00:25<01:17,  5.64it/s]pass through data:  22%|       | 123/562 [00:25<01:17,  5.66it/s]pass through data:  22%|       | 124/562 [00:25<01:17,  5.67it/s]pass through data:  22%|       | 125/562 [00:25<01:16,  5.69it/s]pass through data:  22%|       | 126/562 [00:25<01:16,  5.70it/s]pass through data:  23%|       | 127/562 [00:25<01:17,  5.64it/s]pass through data:  23%|       | 128/562 [00:26<01:17,  5.60it/s]pass through data:  23%|       | 129/562 [00:26<01:16,  5.64it/s]pass through data:  23%|       | 130/562 [00:26<01:15,  5.69it/s]pass through data:  23%|       | 131/562 [00:26<01:15,  5.68it/s]pass through data:  23%|       | 132/562 [00:26<01:16,  5.65it/s]pass through data:  24%|       | 133/562 [00:26<01:15,  5.67it/s]pass through data:  24%|       | 134/562 [00:27<01:15,  5.69it/s]pass through data:  24%|       | 135/562 [00:27<01:20,  5.31it/s]pass through data:  24%|       | 136/562 [00:27<01:20,  5.31it/s]pass through data:  24%|       | 137/562 [00:27<01:18,  5.39it/s]pass through data:  25%|       | 138/562 [00:27<01:17,  5.51it/s]pass through data:  25%|       | 139/562 [00:28<01:17,  5.48it/s]pass through data:  25%|       | 140/562 [00:28<01:16,  5.50it/s]pass through data:  25%|       | 141/562 [00:28<01:16,  5.52it/s]pass through data:  25%|       | 142/562 [00:28<01:15,  5.59it/s]pass through data:  25%|       | 143/562 [00:28<01:15,  5.52it/s]pass through data:  26%|       | 144/562 [00:28<01:15,  5.57it/s]pass through data:  26%|       | 145/562 [00:29<01:14,  5.57it/s]pass through data:  26%|       | 146/562 [00:29<01:14,  5.61it/s]pass through data:  26%|       | 147/562 [00:29<01:13,  5.61it/s]pass through data:  26%|       | 148/562 [00:29<01:13,  5.62it/s]pass through data:  27%|       | 149/562 [00:29<01:13,  5.60it/s]pass through data:  27%|       | 150/562 [00:30<01:13,  5.63it/s]pass through data:  27%|       | 151/562 [00:30<01:13,  5.62it/s]pass through data:  27%|       | 152/562 [00:30<01:13,  5.57it/s]pass through data:  27%|       | 153/562 [00:30<01:13,  5.60it/s]pass through data:  27%|       | 154/562 [00:30<01:12,  5.60it/s]pass through data:  28%|       | 155/562 [00:30<01:12,  5.65it/s]pass through data:  28%|       | 156/562 [00:31<01:12,  5.62it/s]pass through data:  28%|       | 157/562 [00:31<01:12,  5.59it/s]pass through data:  28%|       | 158/562 [00:31<01:12,  5.59it/s]pass through data:  28%|       | 159/562 [00:31<01:11,  5.61it/s]pass through data:  28%|       | 160/562 [00:31<01:11,  5.61it/s]pass through data:  29%|       | 161/562 [00:32<01:11,  5.61it/s]pass through data:  29%|       | 162/562 [00:32<01:11,  5.63it/s]pass through data:  29%|       | 163/562 [00:32<01:15,  5.26it/s]pass through data:  29%|       | 164/562 [00:32<01:16,  5.23it/s]pass through data:  29%|       | 165/562 [00:32<01:14,  5.35it/s]pass through data:  30%|       | 166/562 [00:32<01:12,  5.46it/s]pass through data:  30%|       | 167/562 [00:33<01:12,  5.43it/s]pass through data:  30%|       | 168/562 [00:33<01:11,  5.48it/s]pass through data:  30%|       | 169/562 [00:33<01:11,  5.48it/s]pass through data:  30%|       | 170/562 [00:33<01:11,  5.50it/s]pass through data:  30%|       | 171/562 [00:33<01:11,  5.48it/s]pass through data:  31%|       | 172/562 [00:34<01:11,  5.47it/s]pass through data:  31%|       | 173/562 [00:34<01:10,  5.52it/s]pass through data:  31%|       | 174/562 [00:34<01:09,  5.57it/s]pass through data:  31%|       | 175/562 [00:34<01:10,  5.52it/s]pass through data:  31%|      | 176/562 [00:34<01:10,  5.47it/s]pass through data:  31%|      | 177/562 [00:34<01:09,  5.51it/s]pass through data:  32%|      | 178/562 [00:35<01:09,  5.56it/s]pass through data:  32%|      | 179/562 [00:35<01:09,  5.52it/s]pass through data:  32%|      | 180/562 [00:35<01:08,  5.56it/s]pass through data:  32%|      | 181/562 [00:35<01:08,  5.56it/s]pass through data:  32%|      | 182/562 [00:35<01:08,  5.57it/s]pass through data:  33%|      | 183/562 [00:36<01:08,  5.56it/s]pass through data:  33%|      | 184/562 [00:36<01:08,  5.56it/s]pass through data:  33%|      | 185/562 [00:36<01:07,  5.56it/s]pass through data:  33%|      | 186/562 [00:36<01:07,  5.57it/s]pass through data:  33%|      | 187/562 [00:36<01:07,  5.56it/s]pass through data:  33%|      | 188/562 [00:36<01:07,  5.51it/s]pass through data:  34%|      | 189/562 [00:37<01:07,  5.50it/s]pass through data:  34%|      | 190/562 [00:37<01:08,  5.44it/s]pass through data:  34%|      | 191/562 [00:37<01:11,  5.19it/s]pass through data:  34%|      | 192/562 [00:37<01:11,  5.21it/s]pass through data:  34%|      | 193/562 [00:37<01:10,  5.25it/s]pass through data:  35%|      | 194/562 [00:38<01:09,  5.33it/s]pass through data:  35%|      | 195/562 [00:38<01:07,  5.42it/s]pass through data:  35%|      | 196/562 [00:38<01:07,  5.43it/s]pass through data:  35%|      | 197/562 [00:38<01:06,  5.47it/s]pass through data:  35%|      | 198/562 [00:38<01:06,  5.50it/s]pass through data:  35%|      | 199/562 [00:38<01:05,  5.54it/s]pass through data:  36%|      | 200/562 [00:39<01:05,  5.55it/s]pass through data:  36%|      | 201/562 [00:39<01:04,  5.57it/s]pass through data:  36%|      | 202/562 [00:39<01:05,  5.51it/s]pass through data:  36%|      | 203/562 [00:39<01:05,  5.45it/s]pass through data:  36%|      | 204/562 [00:39<01:05,  5.42it/s]pass through data:  36%|      | 205/562 [00:40<01:05,  5.46it/s]pass through data:  37%|      | 206/562 [00:40<01:04,  5.52it/s]pass through data:  37%|      | 207/562 [00:40<01:04,  5.48it/s]pass through data:  37%|      | 208/562 [00:40<01:04,  5.48it/s]pass through data:  37%|      | 209/562 [00:40<01:03,  5.54it/s]pass through data:  37%|      | 210/562 [00:40<01:03,  5.55it/s]pass through data:  38%|      | 211/562 [00:41<01:04,  5.46it/s]pass through data:  38%|      | 212/562 [00:41<01:04,  5.43it/s]pass through data:  38%|      | 213/562 [00:41<01:04,  5.43it/s]pass through data:  38%|      | 214/562 [00:41<01:03,  5.47it/s]pass through data:  38%|      | 215/562 [00:41<01:03,  5.43it/s]pass through data:  38%|      | 216/562 [00:42<01:03,  5.43it/s]pass through data:  39%|      | 217/562 [00:42<01:03,  5.44it/s]pass through data:  39%|      | 218/562 [00:42<01:06,  5.14it/s]pass through data:  39%|      | 219/562 [00:42<01:05,  5.25it/s]pass through data:  39%|      | 220/562 [00:42<01:04,  5.33it/s]pass through data:  39%|      | 221/562 [00:43<01:03,  5.40it/s]pass through data:  40%|      | 222/562 [00:43<01:02,  5.46it/s]pass through data:  40%|      | 223/562 [00:43<01:02,  5.46it/s]pass through data:  40%|      | 224/562 [00:43<01:02,  5.44it/s]pass through data:  40%|      | 225/562 [00:43<01:01,  5.52it/s]pass through data:  40%|      | 226/562 [00:43<01:00,  5.59it/s]pass through data:  40%|      | 227/562 [00:44<00:59,  5.62it/s]pass through data:  41%|      | 228/562 [00:44<00:59,  5.63it/s]pass through data:  41%|      | 229/562 [00:44<00:59,  5.63it/s]pass through data:  41%|      | 230/562 [00:44<00:58,  5.66it/s]pass through data:  41%|      | 231/562 [00:44<00:58,  5.64it/s]pass through data:  41%|     | 232/562 [00:44<00:58,  5.60it/s]pass through data:  41%|     | 233/562 [00:45<00:59,  5.54it/s]pass through data:  42%|     | 234/562 [00:45<00:58,  5.59it/s]pass through data:  42%|     | 235/562 [00:45<00:58,  5.57it/s]pass through data:  42%|     | 236/562 [00:45<00:58,  5.56it/s]pass through data:  42%|     | 237/562 [00:45<00:58,  5.59it/s]pass through data:  42%|     | 238/562 [00:46<00:58,  5.58it/s]pass through data:  43%|     | 239/562 [00:46<00:58,  5.55it/s]pass through data:  43%|     | 240/562 [00:46<00:58,  5.54it/s]pass through data:  43%|     | 241/562 [00:46<00:57,  5.58it/s]pass through data:  43%|     | 242/562 [00:46<00:57,  5.59it/s]pass through data:  43%|     | 243/562 [00:46<00:57,  5.57it/s]pass through data:  43%|     | 244/562 [00:47<00:56,  5.58it/s]pass through data:  44%|     | 245/562 [00:47<00:59,  5.31it/s]pass through data:  44%|     | 246/562 [00:47<01:00,  5.20it/s]pass through data:  44%|     | 247/562 [00:47<00:59,  5.26it/s]pass through data:  44%|     | 248/562 [00:47<00:59,  5.30it/s]pass through data:  44%|     | 249/562 [00:48<00:58,  5.31it/s]pass through data:  44%|     | 250/562 [00:48<00:57,  5.40it/s]pass through data:  45%|     | 251/562 [00:48<00:57,  5.40it/s]pass through data:  45%|     | 252/562 [00:48<00:56,  5.46it/s]pass through data:  45%|     | 253/562 [00:48<00:56,  5.50it/s]pass through data:  45%|     | 254/562 [00:49<00:56,  5.49it/s]pass through data:  45%|     | 255/562 [00:49<00:56,  5.47it/s]pass through data:  46%|     | 256/562 [00:49<00:55,  5.50it/s]pass through data:  46%|     | 257/562 [00:49<00:54,  5.55it/s]pass through data:  46%|     | 258/562 [00:49<00:54,  5.59it/s]pass through data:  46%|     | 259/562 [00:49<00:54,  5.53it/s]pass through data:  46%|     | 260/562 [00:50<00:54,  5.56it/s]pass through data:  46%|     | 261/562 [00:50<00:53,  5.59it/s]pass through data:  47%|     | 262/562 [00:50<00:53,  5.60it/s]pass through data:  47%|     | 263/562 [00:50<00:53,  5.56it/s]pass through data:  47%|     | 264/562 [00:50<00:53,  5.59it/s]pass through data:  47%|     | 265/562 [00:50<00:53,  5.58it/s]pass through data:  47%|     | 266/562 [00:51<00:52,  5.60it/s]pass through data:  48%|     | 267/562 [00:51<00:52,  5.61it/s]pass through data:  48%|     | 268/562 [00:51<00:52,  5.61it/s]pass through data:  48%|     | 269/562 [00:51<00:52,  5.58it/s]pass through data:  48%|     | 270/562 [00:51<00:51,  5.62it/s]pass through data:  48%|     | 271/562 [00:52<00:52,  5.58it/s]pass through data:  48%|     | 272/562 [00:52<00:51,  5.61it/s]pass through data:  49%|     | 273/562 [00:52<00:55,  5.23it/s]pass through data:  49%|     | 274/562 [00:52<00:55,  5.18it/s]pass through data:  49%|     | 275/562 [00:52<00:54,  5.26it/s]pass through data:  49%|     | 276/562 [00:53<00:53,  5.35it/s]pass through data:  49%|     | 277/562 [00:53<00:51,  5.48it/s]pass through data:  49%|     | 278/562 [00:53<00:51,  5.52it/s]pass through data:  50%|     | 279/562 [00:53<00:50,  5.57it/s]pass through data:  50%|     | 280/562 [00:53<00:50,  5.55it/s]pass through data:  50%|     | 281/562 [00:53<00:50,  5.58it/s]pass through data:  50%|     | 282/562 [00:54<00:49,  5.61it/s]pass through data:  50%|     | 283/562 [00:54<00:49,  5.63it/s]pass through data:  51%|     | 284/562 [00:54<00:50,  5.53it/s]pass through data:  51%|     | 285/562 [00:54<00:51,  5.39it/s]pass through data:  51%|     | 286/562 [00:54<00:50,  5.49it/s]pass through data:  51%|     | 287/562 [00:54<00:49,  5.52it/s]pass through data:  51%|     | 288/562 [00:55<00:49,  5.53it/s]pass through data:  51%|    | 289/562 [00:55<00:48,  5.59it/s]pass through data:  52%|    | 290/562 [00:55<00:49,  5.51it/s]pass through data:  52%|    | 291/562 [00:55<00:48,  5.56it/s]pass through data:  52%|    | 292/562 [00:55<00:48,  5.58it/s]pass through data:  52%|    | 293/562 [00:56<00:48,  5.57it/s]pass through data:  52%|    | 294/562 [00:56<00:47,  5.58it/s]pass through data:  52%|    | 295/562 [00:56<00:47,  5.62it/s]pass through data:  53%|    | 296/562 [00:56<00:47,  5.61it/s]pass through data:  53%|    | 297/562 [00:56<00:46,  5.66it/s]pass through data:  53%|    | 298/562 [00:56<00:46,  5.64it/s]pass through data:  53%|    | 299/562 [00:57<00:46,  5.65it/s]pass through data:  53%|    | 300/562 [00:57<00:49,  5.29it/s]pass through data:  54%|    | 301/562 [00:57<00:51,  5.08it/s]pass through data:  54%|    | 302/562 [00:57<00:51,  5.06it/s]pass through data:  54%|    | 303/562 [00:57<00:49,  5.20it/s]pass through data:  54%|    | 304/562 [01:01<04:40,  1.09s/it]pass through data:  54%|    | 305/562 [01:01<03:29,  1.23it/s]pass through data:  54%|    | 306/562 [01:01<02:39,  1.60it/s]pass through data:  55%|    | 307/562 [01:01<02:05,  2.04it/s]pass through data:  55%|    | 308/562 [01:01<01:41,  2.51it/s]pass through data:  55%|    | 309/562 [01:02<01:24,  2.99it/s]pass through data:  55%|    | 310/562 [01:02<01:12,  3.50it/s]pass through data:  55%|    | 311/562 [01:02<01:06,  3.80it/s]pass through data:  56%|    | 312/562 [01:02<01:01,  4.04it/s]pass through data:  56%|    | 313/562 [01:02<00:56,  4.43it/s]pass through data:  56%|    | 314/562 [01:02<00:52,  4.73it/s]pass through data:  56%|    | 315/562 [01:03<00:49,  5.00it/s]pass through data:  56%|    | 316/562 [01:03<00:47,  5.18it/s]pass through data:  56%|    | 317/562 [01:03<00:46,  5.27it/s]pass through data:  57%|    | 318/562 [01:03<00:45,  5.38it/s]pass through data:  57%|    | 319/562 [01:03<00:44,  5.46it/s]pass through data:  57%|    | 320/562 [01:04<00:44,  5.46it/s]pass through data:  57%|    | 321/562 [01:04<00:43,  5.50it/s]pass through data:  57%|    | 322/562 [01:04<00:43,  5.55it/s]pass through data:  57%|    | 323/562 [01:04<00:42,  5.56it/s]pass through data:  58%|    | 324/562 [01:04<00:42,  5.61it/s]pass through data:  58%|    | 325/562 [01:04<00:41,  5.65it/s]pass through data:  58%|    | 326/562 [01:05<00:41,  5.64it/s]pass through data:  58%|    | 327/562 [01:05<00:41,  5.63it/s]pass through data:  58%|    | 328/562 [01:05<00:41,  5.65it/s]pass through data:  59%|    | 329/562 [01:05<00:41,  5.67it/s]pass through data:  59%|    | 330/562 [01:05<00:41,  5.63it/s]pass through data:  59%|    | 331/562 [01:05<00:41,  5.62it/s]pass through data:  59%|    | 332/562 [01:06<00:41,  5.59it/s]pass through data:  59%|    | 333/562 [01:06<00:41,  5.58it/s]pass through data:  59%|    | 334/562 [01:06<00:40,  5.61it/s]pass through data:  60%|    | 335/562 [01:06<00:40,  5.60it/s]pass through data:  60%|    | 336/562 [01:06<00:40,  5.57it/s]pass through data:  60%|    | 337/562 [01:07<00:40,  5.60it/s]pass through data:  60%|    | 338/562 [01:07<00:39,  5.62it/s]pass through data:  60%|    | 339/562 [01:07<00:41,  5.31it/s]pass through data:  60%|    | 340/562 [01:07<00:40,  5.42it/s]pass through data:  61%|    | 341/562 [01:07<00:40,  5.49it/s]pass through data:  61%|    | 342/562 [01:07<00:39,  5.58it/s]pass through data:  61%|    | 343/562 [01:08<00:38,  5.64it/s]pass through data:  61%|    | 344/562 [01:08<00:38,  5.65it/s]pass through data:  61%|   | 345/562 [01:08<00:38,  5.64it/s]pass through data:  62%|   | 346/562 [01:08<00:37,  5.69it/s]pass through data:  62%|   | 347/562 [01:08<00:37,  5.73it/s]pass through data:  62%|   | 348/562 [01:09<00:37,  5.74it/s]pass through data:  62%|   | 349/562 [01:09<00:37,  5.66it/s]pass through data:  62%|   | 350/562 [01:09<00:37,  5.63it/s]pass through data:  62%|   | 351/562 [01:09<00:37,  5.60it/s]pass through data:  63%|   | 352/562 [01:09<00:37,  5.60it/s]pass through data:  63%|   | 353/562 [01:09<00:37,  5.64it/s]pass through data:  63%|   | 354/562 [01:10<00:36,  5.62it/s]pass through data:  63%|   | 355/562 [01:10<00:36,  5.60it/s]pass through data:  63%|   | 356/562 [01:10<00:36,  5.59it/s]pass through data:  64%|   | 357/562 [01:10<00:36,  5.64it/s]pass through data:  64%|   | 358/562 [01:10<00:35,  5.69it/s]pass through data:  64%|   | 359/562 [01:10<00:35,  5.72it/s]pass through data:  64%|   | 360/562 [01:11<00:35,  5.75it/s]pass through data:  64%|   | 361/562 [01:11<00:34,  5.78it/s]pass through data:  64%|   | 362/562 [01:11<00:34,  5.78it/s]pass through data:  65%|   | 363/562 [01:11<00:34,  5.79it/s]pass through data:  65%|   | 364/562 [01:11<00:34,  5.80it/s]pass through data:  65%|   | 365/562 [01:12<00:34,  5.79it/s]pass through data:  65%|   | 366/562 [01:12<00:33,  5.77it/s]pass through data:  65%|   | 367/562 [01:12<00:35,  5.47it/s]pass through data:  65%|   | 368/562 [01:12<00:35,  5.44it/s]pass through data:  66%|   | 369/562 [01:12<00:34,  5.55it/s]pass through data:  66%|   | 370/562 [01:12<00:34,  5.59it/s]pass through data:  66%|   | 371/562 [01:13<00:33,  5.62it/s]pass through data:  66%|   | 372/562 [01:13<00:33,  5.62it/s]pass through data:  66%|   | 373/562 [01:13<00:33,  5.62it/s]pass through data:  67%|   | 374/562 [01:13<00:33,  5.65it/s]pass through data:  67%|   | 375/562 [01:13<00:32,  5.69it/s]pass through data:  67%|   | 376/562 [01:13<00:32,  5.70it/s]pass through data:  67%|   | 377/562 [01:14<00:32,  5.71it/s]pass through data:  67%|   | 378/562 [01:14<00:31,  5.75it/s]pass through data:  67%|   | 379/562 [01:14<00:31,  5.76it/s]pass through data:  68%|   | 380/562 [01:14<00:31,  5.77it/s]pass through data:  68%|   | 381/562 [01:14<00:31,  5.80it/s]pass through data:  68%|   | 382/562 [01:15<00:31,  5.76it/s]pass through data:  68%|   | 383/562 [01:15<00:30,  5.78it/s]pass through data:  68%|   | 384/562 [01:15<00:30,  5.80it/s]pass through data:  69%|   | 385/562 [01:15<00:30,  5.83it/s]pass through data:  69%|   | 386/562 [01:15<00:30,  5.79it/s]pass through data:  69%|   | 387/562 [01:15<00:30,  5.79it/s]pass through data:  69%|   | 388/562 [01:16<00:29,  5.80it/s]pass through data:  69%|   | 389/562 [01:16<00:29,  5.79it/s]pass through data:  69%|   | 390/562 [01:16<00:29,  5.79it/s]pass through data:  70%|   | 391/562 [01:16<00:29,  5.79it/s]pass through data:  70%|   | 392/562 [01:16<00:29,  5.76it/s]pass through data:  70%|   | 393/562 [01:16<00:29,  5.80it/s]pass through data:  70%|   | 394/562 [01:17<00:28,  5.82it/s]pass through data:  70%|   | 395/562 [01:17<00:28,  5.80it/s]pass through data:  70%|   | 396/562 [01:17<00:31,  5.32it/s]pass through data:  71%|   | 397/562 [01:17<00:30,  5.43it/s]pass through data:  71%|   | 398/562 [01:17<00:29,  5.51it/s]pass through data:  71%|   | 399/562 [01:18<00:29,  5.59it/s]pass through data:  71%|   | 400/562 [01:18<00:28,  5.64it/s]pass through data:  71%|  | 401/562 [01:18<00:28,  5.66it/s]pass through data:  72%|  | 402/562 [01:18<00:28,  5.66it/s]pass through data:  72%|  | 403/562 [01:18<00:27,  5.72it/s]pass through data:  72%|  | 404/562 [01:18<00:27,  5.69it/s]pass through data:  72%|  | 405/562 [01:19<00:27,  5.68it/s]pass through data:  72%|  | 406/562 [01:19<00:27,  5.70it/s]pass through data:  72%|  | 407/562 [01:19<00:27,  5.70it/s]pass through data:  73%|  | 408/562 [01:19<00:27,  5.69it/s]pass through data:  73%|  | 409/562 [01:19<00:26,  5.70it/s]pass through data:  73%|  | 410/562 [01:19<00:27,  5.60it/s]pass through data:  73%|  | 411/562 [01:20<00:26,  5.66it/s]pass through data:  73%|  | 412/562 [01:20<00:26,  5.61it/s]pass through data:  73%|  | 413/562 [01:20<00:26,  5.52it/s]pass through data:  74%|  | 414/562 [01:20<00:27,  5.47it/s]pass through data:  74%|  | 415/562 [01:20<00:27,  5.44it/s]pass through data:  74%|  | 416/562 [01:21<00:26,  5.42it/s]pass through data:  74%|  | 417/562 [01:21<00:26,  5.43it/s]pass through data:  74%|  | 418/562 [01:21<00:26,  5.49it/s]pass through data:  75%|  | 419/562 [01:21<00:25,  5.55it/s]pass through data:  75%|  | 420/562 [01:21<00:25,  5.48it/s]pass through data:  75%|  | 421/562 [01:21<00:25,  5.52it/s]pass through data:  75%|  | 422/562 [01:22<00:25,  5.51it/s]pass through data:  75%|  | 423/562 [01:22<00:25,  5.48it/s]pass through data:  75%|  | 424/562 [01:22<00:26,  5.16it/s]pass through data:  76%|  | 425/562 [01:22<00:25,  5.27it/s]pass through data:  76%|  | 426/562 [01:22<00:25,  5.30it/s]pass through data:  76%|  | 427/562 [01:23<00:25,  5.31it/s]pass through data:  76%|  | 428/562 [01:23<00:24,  5.38it/s]pass through data:  76%|  | 429/562 [01:23<00:24,  5.36it/s]pass through data:  77%|  | 430/562 [01:23<00:24,  5.36it/s]pass through data:  77%|  | 431/562 [01:23<00:24,  5.39it/s]pass through data:  77%|  | 432/562 [01:24<00:24,  5.30it/s]pass through data:  77%|  | 433/562 [01:24<00:24,  5.23it/s]pass through data:  77%|  | 434/562 [01:24<00:24,  5.25it/s]pass through data:  77%|  | 435/562 [01:24<00:23,  5.35it/s]pass through data:  78%|  | 436/562 [01:24<00:23,  5.33it/s]pass through data:  78%|  | 437/562 [01:24<00:24,  5.13it/s]pass through data:  78%|  | 438/562 [01:25<00:23,  5.20it/s]pass through data:  78%|  | 439/562 [01:25<00:23,  5.21it/s]pass through data:  78%|  | 440/562 [01:25<00:23,  5.22it/s]pass through data:  78%|  | 441/562 [01:25<00:22,  5.28it/s]pass through data:  79%|  | 442/562 [01:25<00:22,  5.30it/s]pass through data:  79%|  | 443/562 [01:26<00:22,  5.31it/s]pass through data:  79%|  | 444/562 [01:26<00:22,  5.36it/s]pass through data:  79%|  | 445/562 [01:26<00:21,  5.34it/s]pass through data:  79%|  | 446/562 [01:26<00:21,  5.33it/s]pass through data:  80%|  | 447/562 [01:26<00:21,  5.27it/s]pass through data:  80%|  | 448/562 [01:27<00:21,  5.28it/s]pass through data:  80%|  | 449/562 [01:27<00:20,  5.39it/s]pass through data:  80%|  | 450/562 [01:27<00:21,  5.13it/s]pass through data:  80%|  | 451/562 [01:27<00:21,  5.20it/s]pass through data:  80%|  | 452/562 [01:27<00:20,  5.36it/s]pass through data:  81%|  | 453/562 [01:27<00:19,  5.46it/s]pass through data:  81%|  | 454/562 [01:28<00:19,  5.42it/s]pass through data:  81%|  | 455/562 [01:28<00:19,  5.44it/s]pass through data:  81%|  | 456/562 [01:28<00:19,  5.35it/s]pass through data:  81%| | 457/562 [01:28<00:20,  5.13it/s]pass through data:  81%| | 458/562 [01:28<00:20,  5.16it/s]pass through data:  82%| | 459/562 [01:29<00:19,  5.27it/s]pass through data:  82%| | 460/562 [01:29<00:19,  5.34it/s]pass through data:  82%| | 461/562 [01:29<00:18,  5.40it/s]pass through data:  82%| | 462/562 [01:29<00:18,  5.46it/s]pass through data:  82%| | 463/562 [01:29<00:18,  5.41it/s]pass through data:  83%| | 464/562 [01:30<00:18,  5.39it/s]pass through data:  83%| | 465/562 [01:30<00:17,  5.46it/s]pass through data:  83%| | 466/562 [01:30<00:17,  5.51it/s]pass through data:  83%| | 467/562 [01:30<00:17,  5.50it/s]pass through data:  83%| | 468/562 [01:30<00:17,  5.52it/s]pass through data:  83%| | 469/562 [01:30<00:16,  5.51it/s]pass through data:  84%| | 470/562 [01:31<00:16,  5.56it/s]pass through data:  84%| | 471/562 [01:31<00:16,  5.54it/s]pass through data:  84%| | 472/562 [01:31<00:16,  5.58it/s]pass through data:  84%| | 473/562 [01:31<00:15,  5.57it/s]pass through data:  84%| | 474/562 [01:31<00:15,  5.53it/s]pass through data:  85%| | 475/562 [01:32<00:15,  5.57it/s]pass through data:  85%| | 476/562 [01:32<00:15,  5.58it/s]pass through data:  85%| | 477/562 [01:32<00:16,  5.18it/s]pass through data:  85%| | 478/562 [01:32<00:16,  5.16it/s]pass through data:  85%| | 479/562 [01:32<00:15,  5.23it/s]pass through data:  85%| | 480/562 [01:32<00:15,  5.33it/s]pass through data:  86%| | 481/562 [01:33<00:15,  5.36it/s]pass through data:  86%| | 482/562 [01:33<00:14,  5.43it/s]pass through data:  86%| | 483/562 [01:33<00:14,  5.43it/s]pass through data:  86%| | 484/562 [01:33<00:14,  5.49it/s]pass through data:  86%| | 485/562 [01:33<00:13,  5.51it/s]pass through data:  86%| | 486/562 [01:34<00:13,  5.55it/s]pass through data:  87%| | 487/562 [01:34<00:13,  5.50it/s]pass through data:  87%| | 488/562 [01:34<00:13,  5.53it/s]pass through data:  87%| | 489/562 [01:37<01:21,  1.11s/it]pass through data:  87%| | 490/562 [01:37<01:00,  1.20it/s]pass through data:  87%| | 491/562 [01:38<00:45,  1.57it/s]pass through data:  88%| | 492/562 [01:38<00:35,  2.00it/s]pass through data:  88%| | 493/562 [01:38<00:27,  2.47it/s]pass through data:  88%| | 494/562 [01:38<00:22,  2.97it/s]pass through data:  88%| | 495/562 [01:38<00:19,  3.45it/s]pass through data:  88%| | 496/562 [01:38<00:16,  3.92it/s]pass through data:  88%| | 497/562 [01:39<00:15,  4.28it/s]pass through data:  89%| | 498/562 [01:39<00:13,  4.58it/s]pass through data:  89%| | 499/562 [01:39<00:13,  4.82it/s]pass through data:  89%| | 500/562 [01:39<00:12,  5.06it/s]pass through data:  89%| | 501/562 [01:39<00:12,  5.06it/s]pass through data:  89%| | 502/562 [01:40<00:11,  5.23it/s]pass through data:  90%| | 503/562 [01:40<00:11,  5.29it/s]pass through data:  90%| | 504/562 [01:40<00:10,  5.38it/s]pass through data:  90%| | 505/562 [01:40<00:10,  5.42it/s]pass through data:  90%| | 506/562 [01:40<00:10,  5.48it/s]pass through data:  90%| | 507/562 [01:40<00:10,  5.46it/s]pass through data:  90%| | 508/562 [01:41<00:09,  5.50it/s]pass through data:  91%| | 509/562 [01:41<00:09,  5.49it/s]pass through data:  91%| | 510/562 [01:41<00:09,  5.51it/s]pass through data:  91%| | 511/562 [01:41<00:09,  5.51it/s]pass through data:  91%| | 512/562 [01:41<00:09,  5.53it/s]pass through data:  91%|| 513/562 [01:42<00:08,  5.48it/s]pass through data:  91%|| 514/562 [01:42<00:08,  5.47it/s]pass through data:  92%|| 515/562 [01:42<00:09,  5.14it/s]pass through data:  92%|| 516/562 [01:42<00:08,  5.24it/s]pass through data:  92%|| 517/562 [01:42<00:08,  5.31it/s]pass through data:  92%|| 518/562 [01:43<00:08,  5.41it/s]pass through data:  92%|| 519/562 [01:43<00:07,  5.44it/s]pass through data:  93%|| 520/562 [01:43<00:07,  5.46it/s]pass through data:  93%|| 521/562 [01:43<00:07,  5.50it/s]pass through data:  93%|| 522/562 [01:43<00:07,  5.52it/s]pass through data:  93%|| 523/562 [01:43<00:07,  5.52it/s]pass through data:  93%|| 524/562 [01:44<00:06,  5.60it/s]pass through data:  93%|| 525/562 [01:44<00:06,  5.56it/s]pass through data:  94%|| 526/562 [01:44<00:06,  5.51it/s]pass through data:  94%|| 527/562 [01:44<00:06,  5.52it/s]pass through data:  94%|| 528/562 [01:44<00:06,  5.55it/s]pass through data:  94%|| 529/562 [01:45<00:05,  5.55it/s]pass through data:  94%|| 530/562 [01:45<00:05,  5.57it/s]pass through data:  94%|| 531/562 [01:45<00:05,  5.54it/s]pass through data:  95%|| 532/562 [01:45<00:05,  5.58it/s]pass through data:  95%|| 533/562 [01:45<00:05,  5.59it/s]pass through data:  95%|| 534/562 [01:45<00:05,  5.60it/s]pass through data:  95%|| 535/562 [01:46<00:04,  5.63it/s]pass through data:  95%|| 536/562 [01:46<00:04,  5.63it/s]pass through data:  96%|| 537/562 [01:46<00:04,  5.62it/s]pass through data:  96%|| 538/562 [01:46<00:04,  5.60it/s]pass through data:  96%|| 539/562 [01:46<00:04,  5.61it/s]pass through data:  96%|| 540/562 [01:46<00:03,  5.58it/s]pass through data:  96%|| 541/562 [01:47<00:03,  5.56it/s]pass through data:  96%|| 542/562 [01:47<00:03,  5.57it/s]pass through data:  97%|| 543/562 [01:47<00:03,  5.20it/s]pass through data:  97%|| 544/562 [01:47<00:03,  5.33it/s]pass through data:  97%|| 545/562 [01:47<00:03,  5.35it/s]pass through data:  97%|| 546/562 [01:48<00:02,  5.41it/s]pass through data:  97%|| 547/562 [01:48<00:02,  5.46it/s]pass through data:  98%|| 548/562 [01:48<00:02,  5.48it/s]pass through data:  98%|| 549/562 [01:48<00:02,  5.46it/s]pass through data:  98%|| 550/562 [01:48<00:02,  5.45it/s]pass through data:  98%|| 551/562 [01:48<00:02,  5.47it/s]pass through data:  98%|| 552/562 [01:49<00:01,  5.52it/s]pass through data:  98%|| 553/562 [01:49<00:01,  5.51it/s]pass through data:  99%|| 554/562 [01:49<00:01,  5.52it/s]pass through data:  99%|| 555/562 [01:49<00:01,  5.55it/s]pass through data:  99%|| 556/562 [01:49<00:01,  5.58it/s]pass through data:  99%|| 557/562 [01:50<00:00,  5.58it/s]pass through data:  99%|| 558/562 [01:50<00:00,  5.58it/s]pass through data:  99%|| 559/562 [01:50<00:00,  5.58it/s]pass through data: 100%|| 560/562 [01:50<00:00,  5.58it/s]pass through data: 100%|| 561/562 [01:50<00:00,  5.56it/s]pass through data: 100%|| 562/562 [01:50<00:00,  5.07it/s]
143648 eexamples_written
