[08/18/2022 - 18:22:42] File "Devign/main.py", line 68  	Reading already processed data from data/combined/full_experiment_real_data_processed/processed.bin!	
load json -> msr mapping...
done loading json -> msr mapping
134684 keys missing from splits.csv
5746 keys skipped because _after_
skipped 140430 keys
[08/18/2022 - 18:32:29] File "Devign/main.py", line 85  	20	1	3197	0	
model: DevignModel(
  (ggnn): GatedGraphConv(
    (linears): ModuleList(
      (0): Linear(in_features=200, out_features=200, bias=True)
      (1): Linear(in_features=200, out_features=200, bias=True)
      (2): Linear(in_features=200, out_features=200, bias=True)
      (3): Linear(in_features=200, out_features=200, bias=True)
      (4): Linear(in_features=200, out_features=200, bias=True)
    )
    (gru): GRUCell(200, 200)
  )
  (conv_l1): Conv1d(200, 200, kernel_size=(3,), stride=(1,))
  (maxpool1): MaxPool1d(kernel_size=3, stride=2, padding=0, dilation=1, ceil_mode=False)
  (conv_l2): Conv1d(200, 200, kernel_size=(1,), stride=(1,))
  (maxpool2): MaxPool1d(kernel_size=2, stride=2, padding=0, dilation=1, ceil_mode=False)
  (conv_l1_for_concat): Conv1d(369, 369, kernel_size=(3,), stride=(1,))
  (maxpool1_for_concat): MaxPool1d(kernel_size=3, stride=2, padding=0, dilation=1, ceil_mode=False)
  (conv_l2_for_concat): Conv1d(369, 369, kernel_size=(1,), stride=(1,))
  (maxpool2_for_concat): MaxPool1d(kernel_size=2, stride=2, padding=0, dilation=1, ceil_mode=False)
  (mlp_z): Linear(in_features=369, out_features=1, bias=True)
  (mlp_y): Linear(in_features=200, out_features=1, bias=True)
  (sigmoid): Sigmoid()
)
[08/18/2022 - 18:32:29] File "Devign/main.py", line 100  	Total Parameters : 1148553	
[08/18/2022 - 18:32:29] File "Devign/main.py", line 101  	####################################################################################################	
[08/18/2022 - 18:32:37] File "/home/<ANONYMOUS>/code/ReVeal/Devign/trainer.py", line 66  	Start Training	
[08/18/2022 - 18:32:47] File "/home/<ANONYMOUS>/code/ReVeal/Devign/trainer.py", line 97  	Step 63		Train Loss      5.947	Valid Loss     0.000	f1: 100.00	Patience 0	
[08/18/2022 - 18:32:47] File "/home/<ANONYMOUS>/code/ReVeal/Devign/trainer.py", line 99  	====================================================================================================	
[08/18/2022 - 18:32:54] File "/home/<ANONYMOUS>/code/ReVeal/Devign/trainer.py", line 97  	Step 127		Train Loss      0.008	Valid Loss     0.000	f1: 100.00	Patience 1	
[08/18/2022 - 18:32:54] File "/home/<ANONYMOUS>/code/ReVeal/Devign/trainer.py", line 99  	====================================================================================================	
[08/18/2022 - 18:33:03] File "/home/<ANONYMOUS>/code/ReVeal/Devign/trainer.py", line 97  	Step 191		Train Loss      0.002	Valid Loss     0.000	f1: 100.00	Patience 2	
[08/18/2022 - 18:33:03] File "/home/<ANONYMOUS>/code/ReVeal/Devign/trainer.py", line 99  	====================================================================================================	
[08/18/2022 - 18:33:11] File "/home/<ANONYMOUS>/code/ReVeal/Devign/trainer.py", line 97  	Step 255		Train Loss      0.001	Valid Loss     0.000	f1: 100.00	Patience 3	
[08/18/2022 - 18:33:11] File "/home/<ANONYMOUS>/code/ReVeal/Devign/trainer.py", line 99  	====================================================================================================	
[08/18/2022 - 18:33:18] File "/home/<ANONYMOUS>/code/ReVeal/Devign/trainer.py", line 97  	Step 319		Train Loss      0.001	Valid Loss     0.000	f1: 100.00	Patience 4	
[08/18/2022 - 18:33:18] File "/home/<ANONYMOUS>/code/ReVeal/Devign/trainer.py", line 99  	====================================================================================================	
[08/18/2022 - 18:33:24] File "/home/<ANONYMOUS>/code/ReVeal/Devign/trainer.py", line 97  	Step 383		Train Loss      0.001	Valid Loss     0.000	f1: 100.00	Patience 5	
[08/18/2022 - 18:33:24] File "/home/<ANONYMOUS>/code/ReVeal/Devign/trainer.py", line 99  	====================================================================================================	
[08/18/2022 - 18:33:31] File "/home/<ANONYMOUS>/code/ReVeal/Devign/trainer.py", line 97  	Step 447		Train Loss      0.000	Valid Loss     0.000	f1: 100.00	Patience 6	
[08/18/2022 - 18:33:31] File "/home/<ANONYMOUS>/code/ReVeal/Devign/trainer.py", line 99  	====================================================================================================	
[08/18/2022 - 18:33:37] File "/home/<ANONYMOUS>/code/ReVeal/Devign/trainer.py", line 97  	Step 511		Train Loss      0.000	Valid Loss     0.000	f1: 100.00	Patience 7	
[08/18/2022 - 18:33:37] File "/home/<ANONYMOUS>/code/ReVeal/Devign/trainer.py", line 99  	====================================================================================================	
[08/18/2022 - 18:33:44] File "/home/<ANONYMOUS>/code/ReVeal/Devign/trainer.py", line 97  	Step 575		Train Loss      0.000	Valid Loss     0.000	f1: 100.00	Patience 8	
[08/18/2022 - 18:33:44] File "/home/<ANONYMOUS>/code/ReVeal/Devign/trainer.py", line 99  	====================================================================================================	
[08/18/2022 - 18:33:50] File "/home/<ANONYMOUS>/code/ReVeal/Devign/trainer.py", line 97  	Step 639		Train Loss      0.000	Valid Loss     0.000	f1: 100.00	Patience 9	
[08/18/2022 - 18:33:50] File "/home/<ANONYMOUS>/code/ReVeal/Devign/trainer.py", line 99  	====================================================================================================	
[08/18/2022 - 18:33:57] File "/home/<ANONYMOUS>/code/ReVeal/Devign/trainer.py", line 97  	Step 703		Train Loss      0.000	Valid Loss     0.000	f1: 100.00	Patience 10	
[08/18/2022 - 18:33:57] File "/home/<ANONYMOUS>/code/ReVeal/Devign/trainer.py", line 99  	====================================================================================================	
[08/18/2022 - 18:34:04] File "/home/<ANONYMOUS>/code/ReVeal/Devign/trainer.py", line 97  	Step 767		Train Loss      0.000	Valid Loss     0.000	f1: 100.00	Patience 11	
[08/18/2022 - 18:34:04] File "/home/<ANONYMOUS>/code/ReVeal/Devign/trainer.py", line 99  	====================================================================================================	
[08/18/2022 - 18:34:10] File "/home/<ANONYMOUS>/code/ReVeal/Devign/trainer.py", line 97  	Step 831		Train Loss      0.000	Valid Loss     0.000	f1: 100.00	Patience 12	
[08/18/2022 - 18:34:10] File "/home/<ANONYMOUS>/code/ReVeal/Devign/trainer.py", line 99  	====================================================================================================	
[08/18/2022 - 18:34:17] File "/home/<ANONYMOUS>/code/ReVeal/Devign/trainer.py", line 97  	Step 895		Train Loss      0.000	Valid Loss     0.000	f1: 100.00	Patience 13	
[08/18/2022 - 18:34:17] File "/home/<ANONYMOUS>/code/ReVeal/Devign/trainer.py", line 99  	====================================================================================================	
[08/18/2022 - 18:34:25] File "/home/<ANONYMOUS>/code/ReVeal/Devign/trainer.py", line 97  	Step 959		Train Loss      0.000	Valid Loss     0.000	f1: 100.00	Patience 14	
[08/18/2022 - 18:34:25] File "/home/<ANONYMOUS>/code/ReVeal/Devign/trainer.py", line 99  	====================================================================================================	
[08/18/2022 - 18:34:31] File "/home/<ANONYMOUS>/code/ReVeal/Devign/trainer.py", line 97  	Step 1023		Train Loss      0.000	Valid Loss     0.000	f1: 100.00	Patience 15	
[08/18/2022 - 18:34:31] File "/home/<ANONYMOUS>/code/ReVeal/Devign/trainer.py", line 99  	====================================================================================================	
[08/18/2022 - 18:34:39] File "/home/<ANONYMOUS>/code/ReVeal/Devign/trainer.py", line 97  	Step 1087		Train Loss      0.000	Valid Loss     0.000	f1: 100.00	Patience 16	
[08/18/2022 - 18:34:39] File "/home/<ANONYMOUS>/code/ReVeal/Devign/trainer.py", line 99  	====================================================================================================	
[08/18/2022 - 18:34:45] File "/home/<ANONYMOUS>/code/ReVeal/Devign/trainer.py", line 97  	Step 1151		Train Loss      0.000	Valid Loss     0.000	f1: 100.00	Patience 17	
[08/18/2022 - 18:34:45] File "/home/<ANONYMOUS>/code/ReVeal/Devign/trainer.py", line 99  	====================================================================================================	
[08/18/2022 - 18:34:52] File "/home/<ANONYMOUS>/code/ReVeal/Devign/trainer.py", line 97  	Step 1215		Train Loss      0.000	Valid Loss     0.000	f1: 100.00	Patience 18	
[08/18/2022 - 18:34:52] File "/home/<ANONYMOUS>/code/ReVeal/Devign/trainer.py", line 99  	====================================================================================================	
[08/18/2022 - 18:35:00] File "/home/<ANONYMOUS>/code/ReVeal/Devign/trainer.py", line 97  	Step 1279		Train Loss      0.000	Valid Loss     0.000	f1: 100.00	Patience 19	
[08/18/2022 - 18:35:00] File "/home/<ANONYMOUS>/code/ReVeal/Devign/trainer.py", line 99  	====================================================================================================	
[08/18/2022 - 18:35:06] File "/home/<ANONYMOUS>/code/ReVeal/Devign/trainer.py", line 97  	Step 1343		Train Loss      0.000	Valid Loss     0.000	f1: 100.00	Patience 20	
[08/18/2022 - 18:35:06] File "/home/<ANONYMOUS>/code/ReVeal/Devign/trainer.py", line 99  	====================================================================================================	
[08/18/2022 - 18:35:13] File "/home/<ANONYMOUS>/code/ReVeal/Devign/trainer.py", line 97  	Step 1407		Train Loss      0.000	Valid Loss     0.000	f1: 100.00	Patience 21	
[08/18/2022 - 18:35:13] File "/home/<ANONYMOUS>/code/ReVeal/Devign/trainer.py", line 99  	====================================================================================================	
[08/18/2022 - 18:35:18] File "/home/<ANONYMOUS>/code/ReVeal/Devign/trainer.py", line 97  	Step 1471		Train Loss      0.000	Valid Loss     0.000	f1: 100.00	Patience 22	
[08/18/2022 - 18:35:18] File "/home/<ANONYMOUS>/code/ReVeal/Devign/trainer.py", line 99  	====================================================================================================	
[08/18/2022 - 18:35:24] File "/home/<ANONYMOUS>/code/ReVeal/Devign/trainer.py", line 97  	Step 1535		Train Loss      0.000	Valid Loss     0.000	f1: 100.00	Patience 23	
[08/18/2022 - 18:35:24] File "/home/<ANONYMOUS>/code/ReVeal/Devign/trainer.py", line 99  	====================================================================================================	
[08/18/2022 - 18:35:29] File "/home/<ANONYMOUS>/code/ReVeal/Devign/trainer.py", line 97  	Step 1599		Train Loss      0.000	Valid Loss     0.000	f1: 100.00	Patience 24	
[08/18/2022 - 18:35:29] File "/home/<ANONYMOUS>/code/ReVeal/Devign/trainer.py", line 99  	====================================================================================================	
[08/18/2022 - 18:35:36] File "/home/<ANONYMOUS>/code/ReVeal/Devign/trainer.py", line 97  	Step 1663		Train Loss      0.000	Valid Loss     0.000	f1: 100.00	Patience 25	
[08/18/2022 - 18:35:36] File "/home/<ANONYMOUS>/code/ReVeal/Devign/trainer.py", line 99  	====================================================================================================	
[08/18/2022 - 18:35:43] File "/home/<ANONYMOUS>/code/ReVeal/Devign/trainer.py", line 97  	Step 1727		Train Loss      0.000	Valid Loss     0.000	f1: 100.00	Patience 26	
[08/18/2022 - 18:35:43] File "/home/<ANONYMOUS>/code/ReVeal/Devign/trainer.py", line 99  	====================================================================================================	
[08/18/2022 - 18:35:50] File "/home/<ANONYMOUS>/code/ReVeal/Devign/trainer.py", line 97  	Step 1791		Train Loss      0.000	Valid Loss     0.000	f1: 100.00	Patience 27	
[08/18/2022 - 18:35:50] File "/home/<ANONYMOUS>/code/ReVeal/Devign/trainer.py", line 99  	====================================================================================================	
[08/18/2022 - 18:35:58] File "/home/<ANONYMOUS>/code/ReVeal/Devign/trainer.py", line 97  	Step 1855		Train Loss      0.000	Valid Loss     0.000	f1: 100.00	Patience 28	
[08/18/2022 - 18:35:58] File "/home/<ANONYMOUS>/code/ReVeal/Devign/trainer.py", line 99  	====================================================================================================	
[08/18/2022 - 18:36:05] File "/home/<ANONYMOUS>/code/ReVeal/Devign/trainer.py", line 97  	Step 1919		Train Loss      0.000	Valid Loss     0.000	f1: 100.00	Patience 29	
[08/18/2022 - 18:36:05] File "/home/<ANONYMOUS>/code/ReVeal/Devign/trainer.py", line 99  	====================================================================================================	
[08/18/2022 - 18:36:10] File "/home/<ANONYMOUS>/code/ReVeal/Devign/trainer.py", line 97  	Step 1983		Train Loss      0.000	Valid Loss     0.000	f1: 100.00	Patience 30	
[08/18/2022 - 18:36:10] File "/home/<ANONYMOUS>/code/ReVeal/Devign/trainer.py", line 99  	====================================================================================================	
[08/18/2022 - 18:36:17] File "/home/<ANONYMOUS>/code/ReVeal/Devign/trainer.py", line 97  	Step 2047		Train Loss      0.000	Valid Loss     0.000	f1: 100.00	Patience 31	
[08/18/2022 - 18:36:17] File "/home/<ANONYMOUS>/code/ReVeal/Devign/trainer.py", line 99  	====================================================================================================	
[08/18/2022 - 18:36:23] File "/home/<ANONYMOUS>/code/ReVeal/Devign/trainer.py", line 97  	Step 2111		Train Loss      0.000	Valid Loss     0.000	f1: 100.00	Patience 32	
[08/18/2022 - 18:36:23] File "/home/<ANONYMOUS>/code/ReVeal/Devign/trainer.py", line 99  	====================================================================================================	
[08/18/2022 - 18:36:28] File "/home/<ANONYMOUS>/code/ReVeal/Devign/trainer.py", line 97  	Step 2175		Train Loss      0.000	Valid Loss     0.000	f1: 100.00	Patience 33	
[08/18/2022 - 18:36:28] File "/home/<ANONYMOUS>/code/ReVeal/Devign/trainer.py", line 99  	====================================================================================================	
[08/18/2022 - 18:36:36] File "/home/<ANONYMOUS>/code/ReVeal/Devign/trainer.py", line 97  	Step 2239		Train Loss      0.000	Valid Loss     0.000	f1: 100.00	Patience 34	
[08/18/2022 - 18:36:36] File "/home/<ANONYMOUS>/code/ReVeal/Devign/trainer.py", line 99  	====================================================================================================	
[08/18/2022 - 18:36:43] File "/home/<ANONYMOUS>/code/ReVeal/Devign/trainer.py", line 97  	Step 2303		Train Loss      0.000	Valid Loss     0.000	f1: 100.00	Patience 35	
[08/18/2022 - 18:36:43] File "/home/<ANONYMOUS>/code/ReVeal/Devign/trainer.py", line 99  	====================================================================================================	
[08/18/2022 - 18:36:50] File "/home/<ANONYMOUS>/code/ReVeal/Devign/trainer.py", line 97  	Step 2367		Train Loss      0.000	Valid Loss     0.000	f1: 100.00	Patience 36	
[08/18/2022 - 18:36:50] File "/home/<ANONYMOUS>/code/ReVeal/Devign/trainer.py", line 99  	====================================================================================================	
[08/18/2022 - 18:36:56] File "/home/<ANONYMOUS>/code/ReVeal/Devign/trainer.py", line 97  	Step 2431		Train Loss      0.000	Valid Loss     0.000	f1: 100.00	Patience 37	
[08/18/2022 - 18:36:56] File "/home/<ANONYMOUS>/code/ReVeal/Devign/trainer.py", line 99  	====================================================================================================	
[08/18/2022 - 18:37:02] File "/home/<ANONYMOUS>/code/ReVeal/Devign/trainer.py", line 97  	Step 2495		Train Loss      0.000	Valid Loss     0.000	f1: 100.00	Patience 38	
[08/18/2022 - 18:37:02] File "/home/<ANONYMOUS>/code/ReVeal/Devign/trainer.py", line 99  	====================================================================================================	
[08/18/2022 - 18:37:09] File "/home/<ANONYMOUS>/code/ReVeal/Devign/trainer.py", line 97  	Step 2559		Train Loss      0.000	Valid Loss     0.000	f1: 100.00	Patience 39	
[08/18/2022 - 18:37:09] File "/home/<ANONYMOUS>/code/ReVeal/Devign/trainer.py", line 99  	====================================================================================================	
[08/18/2022 - 18:37:13] File "/home/<ANONYMOUS>/code/ReVeal/Devign/trainer.py", line 97  	Step 2623		Train Loss      0.000	Valid Loss     0.000	f1: 100.00	Patience 40	
[08/18/2022 - 18:37:13] File "/home/<ANONYMOUS>/code/ReVeal/Devign/trainer.py", line 99  	====================================================================================================	
[08/18/2022 - 18:37:19] File "/home/<ANONYMOUS>/code/ReVeal/Devign/trainer.py", line 97  	Step 2687		Train Loss      0.000	Valid Loss     0.000	f1: 100.00	Patience 41	
[08/18/2022 - 18:37:19] File "/home/<ANONYMOUS>/code/ReVeal/Devign/trainer.py", line 99  	====================================================================================================	
[08/18/2022 - 18:37:25] File "/home/<ANONYMOUS>/code/ReVeal/Devign/trainer.py", line 97  	Step 2751		Train Loss      0.000	Valid Loss     0.000	f1: 100.00	Patience 42	
[08/18/2022 - 18:37:25] File "/home/<ANONYMOUS>/code/ReVeal/Devign/trainer.py", line 99  	====================================================================================================	
[08/18/2022 - 18:37:31] File "/home/<ANONYMOUS>/code/ReVeal/Devign/trainer.py", line 97  	Step 2815		Train Loss      0.000	Valid Loss     0.000	f1: 100.00	Patience 43	
[08/18/2022 - 18:37:31] File "/home/<ANONYMOUS>/code/ReVeal/Devign/trainer.py", line 99  	====================================================================================================	
[08/18/2022 - 18:37:36] File "/home/<ANONYMOUS>/code/ReVeal/Devign/trainer.py", line 97  	Step 2879		Train Loss      0.000	Valid Loss     0.000	f1: 100.00	Patience 44	
[08/18/2022 - 18:37:36] File "/home/<ANONYMOUS>/code/ReVeal/Devign/trainer.py", line 99  	====================================================================================================	
[08/18/2022 - 18:37:42] File "/home/<ANONYMOUS>/code/ReVeal/Devign/trainer.py", line 97  	Step 2943		Train Loss      0.000	Valid Loss     0.000	f1: 100.00	Patience 45	
[08/18/2022 - 18:37:42] File "/home/<ANONYMOUS>/code/ReVeal/Devign/trainer.py", line 99  	====================================================================================================	
[08/18/2022 - 18:37:48] File "/home/<ANONYMOUS>/code/ReVeal/Devign/trainer.py", line 97  	Step 3007		Train Loss      0.000	Valid Loss     0.000	f1: 100.00	Patience 46	
[08/18/2022 - 18:37:48] File "/home/<ANONYMOUS>/code/ReVeal/Devign/trainer.py", line 99  	====================================================================================================	
[08/18/2022 - 18:37:53] File "/home/<ANONYMOUS>/code/ReVeal/Devign/trainer.py", line 97  	Step 3071		Train Loss      0.000	Valid Loss     0.000	f1: 100.00	Patience 47	
[08/18/2022 - 18:37:53] File "/home/<ANONYMOUS>/code/ReVeal/Devign/trainer.py", line 99  	====================================================================================================	
[08/18/2022 - 18:37:59] File "/home/<ANONYMOUS>/code/ReVeal/Devign/trainer.py", line 97  	Step 3135		Train Loss      0.000	Valid Loss     0.000	f1: 100.00	Patience 48	
[08/18/2022 - 18:37:59] File "/home/<ANONYMOUS>/code/ReVeal/Devign/trainer.py", line 99  	====================================================================================================	
[08/18/2022 - 18:38:05] File "/home/<ANONYMOUS>/code/ReVeal/Devign/trainer.py", line 97  	Step 3199		Train Loss      0.000	Valid Loss     0.001	f1: 100.00	Patience 49	
[08/18/2022 - 18:38:05] File "/home/<ANONYMOUS>/code/ReVeal/Devign/trainer.py", line 99  	====================================================================================================	
[08/18/2022 - 18:38:10] File "/home/<ANONYMOUS>/code/ReVeal/Devign/trainer.py", line 97  	Step 3263		Train Loss      0.000	Valid Loss     0.008	f1: 100.00	Patience 50	
[08/18/2022 - 18:38:10] File "/home/<ANONYMOUS>/code/ReVeal/Devign/trainer.py", line 99  	====================================================================================================	
[08/18/2022 - 18:38:16] File "/home/<ANONYMOUS>/code/ReVeal/Devign/trainer.py", line 97  	Step 3327		Train Loss      0.000	Valid Loss     0.075	f1: 100.00	Patience 51	
[08/18/2022 - 18:38:16] File "/home/<ANONYMOUS>/code/ReVeal/Devign/trainer.py", line 99  	====================================================================================================	
[08/18/2022 - 18:38:24] File "/home/<ANONYMOUS>/code/ReVeal/Devign/trainer.py", line 97  	Step 3391		Train Loss      0.000	Valid Loss     0.332	f1: 100.00	Patience 52	
[08/18/2022 - 18:38:24] File "/home/<ANONYMOUS>/code/ReVeal/Devign/trainer.py", line 99  	====================================================================================================	
[08/18/2022 - 18:38:29] File "/home/<ANONYMOUS>/code/ReVeal/Devign/trainer.py", line 97  	Step 3455		Train Loss      0.000	Valid Loss     1.150	f1:  0.00	Patience 53	
[08/18/2022 - 18:38:29] File "/home/<ANONYMOUS>/code/ReVeal/Devign/trainer.py", line 99  	====================================================================================================	
[08/18/2022 - 18:38:35] File "/home/<ANONYMOUS>/code/ReVeal/Devign/trainer.py", line 97  	Step 3519		Train Loss      0.000	Valid Loss     2.682	f1:  0.00	Patience 54	
[08/18/2022 - 18:38:35] File "/home/<ANONYMOUS>/code/ReVeal/Devign/trainer.py", line 99  	====================================================================================================	
[08/18/2022 - 18:38:41] File "/home/<ANONYMOUS>/code/ReVeal/Devign/trainer.py", line 97  	Step 3583		Train Loss      0.000	Valid Loss     3.588	f1:  0.00	Patience 55	
[08/18/2022 - 18:38:41] File "/home/<ANONYMOUS>/code/ReVeal/Devign/trainer.py", line 99  	====================================================================================================	
[08/18/2022 - 18:38:47] File "/home/<ANONYMOUS>/code/ReVeal/Devign/trainer.py", line 97  	Step 3647		Train Loss      0.000	Valid Loss     4.861	f1:  0.00	Patience 56	
[08/18/2022 - 18:38:47] File "/home/<ANONYMOUS>/code/ReVeal/Devign/trainer.py", line 99  	====================================================================================================	
[08/18/2022 - 18:38:52] File "/home/<ANONYMOUS>/code/ReVeal/Devign/trainer.py", line 97  	Step 3711		Train Loss      0.000	Valid Loss     5.542	f1:  0.00	Patience 57	
[08/18/2022 - 18:38:52] File "/home/<ANONYMOUS>/code/ReVeal/Devign/trainer.py", line 99  	====================================================================================================	
[08/18/2022 - 18:38:58] File "/home/<ANONYMOUS>/code/ReVeal/Devign/trainer.py", line 97  	Step 3775		Train Loss      0.000	Valid Loss     6.537	f1:  0.00	Patience 58	
[08/18/2022 - 18:38:58] File "/home/<ANONYMOUS>/code/ReVeal/Devign/trainer.py", line 99  	====================================================================================================	
[08/18/2022 - 18:39:03] File "/home/<ANONYMOUS>/code/ReVeal/Devign/trainer.py", line 97  	Step 3839		Train Loss      0.000	Valid Loss     7.131	f1:  0.00	Patience 59	
[08/18/2022 - 18:39:03] File "/home/<ANONYMOUS>/code/ReVeal/Devign/trainer.py", line 99  	====================================================================================================	
[08/18/2022 - 18:39:09] File "/home/<ANONYMOUS>/code/ReVeal/Devign/trainer.py", line 97  	Step 3903		Train Loss      0.000	Valid Loss     7.972	f1:  0.00	Patience 60	
[08/18/2022 - 18:39:09] File "/home/<ANONYMOUS>/code/ReVeal/Devign/trainer.py", line 99  	====================================================================================================	
[08/18/2022 - 18:39:15] File "/home/<ANONYMOUS>/code/ReVeal/Devign/trainer.py", line 97  	Step 3967		Train Loss      0.000	Valid Loss     8.750	f1:  0.00	Patience 61	
[08/18/2022 - 18:39:15] File "/home/<ANONYMOUS>/code/ReVeal/Devign/trainer.py", line 99  	====================================================================================================	
[08/18/2022 - 18:39:21] File "/home/<ANONYMOUS>/code/ReVeal/Devign/trainer.py", line 97  	Step 4031		Train Loss      0.000	Valid Loss     9.508	f1:  0.00	Patience 62	
[08/18/2022 - 18:39:21] File "/home/<ANONYMOUS>/code/ReVeal/Devign/trainer.py", line 99  	====================================================================================================	
[08/18/2022 - 18:39:27] File "/home/<ANONYMOUS>/code/ReVeal/Devign/trainer.py", line 97  	Step 4095		Train Loss      0.000	Valid Loss    10.298	f1:  0.00	Patience 63	
[08/18/2022 - 18:39:27] File "/home/<ANONYMOUS>/code/ReVeal/Devign/trainer.py", line 99  	====================================================================================================	
[08/18/2022 - 18:39:34] File "/home/<ANONYMOUS>/code/ReVeal/Devign/trainer.py", line 97  	Step 4159		Train Loss      0.000	Valid Loss    11.372	f1:  0.00	Patience 64	
[08/18/2022 - 18:39:34] File "/home/<ANONYMOUS>/code/ReVeal/Devign/trainer.py", line 99  	====================================================================================================	
[08/18/2022 - 18:39:40] File "/home/<ANONYMOUS>/code/ReVeal/Devign/trainer.py", line 97  	Step 4223		Train Loss      0.000	Valid Loss    12.387	f1:  0.00	Patience 65	
[08/18/2022 - 18:39:40] File "/home/<ANONYMOUS>/code/ReVeal/Devign/trainer.py", line 99  	====================================================================================================	
[08/18/2022 - 18:39:45] File "/home/<ANONYMOUS>/code/ReVeal/Devign/trainer.py", line 97  	Step 4287		Train Loss      0.000	Valid Loss    13.460	f1:  0.00	Patience 66	
[08/18/2022 - 18:39:45] File "/home/<ANONYMOUS>/code/ReVeal/Devign/trainer.py", line 99  	====================================================================================================	
[08/18/2022 - 18:39:50] File "/home/<ANONYMOUS>/code/ReVeal/Devign/trainer.py", line 97  	Step 4351		Train Loss      0.000	Valid Loss    14.440	f1:  0.00	Patience 67	
[08/18/2022 - 18:39:50] File "/home/<ANONYMOUS>/code/ReVeal/Devign/trainer.py", line 99  	====================================================================================================	
[08/18/2022 - 18:39:56] File "/home/<ANONYMOUS>/code/ReVeal/Devign/trainer.py", line 97  	Step 4415		Train Loss      0.000	Valid Loss    15.943	f1:  0.00	Patience 68	
[08/18/2022 - 18:39:56] File "/home/<ANONYMOUS>/code/ReVeal/Devign/trainer.py", line 99  	====================================================================================================	
[08/18/2022 - 18:40:01] File "/home/<ANONYMOUS>/code/ReVeal/Devign/trainer.py", line 97  	Step 4479		Train Loss      0.000	Valid Loss    17.440	f1:  0.00	Patience 69	
[08/18/2022 - 18:40:01] File "/home/<ANONYMOUS>/code/ReVeal/Devign/trainer.py", line 99  	====================================================================================================	
[08/18/2022 - 18:40:07] File "/home/<ANONYMOUS>/code/ReVeal/Devign/trainer.py", line 97  	Step 4543		Train Loss      0.000	Valid Loss    18.498	f1:  0.00	Patience 70	
[08/18/2022 - 18:40:07] File "/home/<ANONYMOUS>/code/ReVeal/Devign/trainer.py", line 99  	====================================================================================================	
[08/18/2022 - 18:40:12] File "/home/<ANONYMOUS>/code/ReVeal/Devign/trainer.py", line 97  	Step 4607		Train Loss      0.000	Valid Loss    20.072	f1:  0.00	Patience 71	
[08/18/2022 - 18:40:12] File "/home/<ANONYMOUS>/code/ReVeal/Devign/trainer.py", line 99  	====================================================================================================	
[08/18/2022 - 18:40:18] File "/home/<ANONYMOUS>/code/ReVeal/Devign/trainer.py", line 97  	Step 4671		Train Loss      0.000	Valid Loss    21.241	f1:  0.00	Patience 72	
[08/18/2022 - 18:40:18] File "/home/<ANONYMOUS>/code/ReVeal/Devign/trainer.py", line 99  	====================================================================================================	
[08/18/2022 - 18:40:24] File "/home/<ANONYMOUS>/code/ReVeal/Devign/trainer.py", line 97  	Step 4735		Train Loss      0.000	Valid Loss    22.202	f1:  0.00	Patience 73	
[08/18/2022 - 18:40:24] File "/home/<ANONYMOUS>/code/ReVeal/Devign/trainer.py", line 99  	====================================================================================================	
[08/18/2022 - 18:40:30] File "/home/<ANONYMOUS>/code/ReVeal/Devign/trainer.py", line 97  	Step 4799		Train Loss      0.000	Valid Loss    23.150	f1:  0.00	Patience 74	
[08/18/2022 - 18:40:30] File "/home/<ANONYMOUS>/code/ReVeal/Devign/trainer.py", line 99  	====================================================================================================	
[08/18/2022 - 18:40:35] File "/home/<ANONYMOUS>/code/ReVeal/Devign/trainer.py", line 97  	Step 4863		Train Loss      0.000	Valid Loss    24.184	f1:  0.00	Patience 75	
[08/18/2022 - 18:40:35] File "/home/<ANONYMOUS>/code/ReVeal/Devign/trainer.py", line 99  	====================================================================================================	
[08/18/2022 - 18:40:40] File "/home/<ANONYMOUS>/code/ReVeal/Devign/trainer.py", line 97  	Step 4927		Train Loss      0.000	Valid Loss    24.863	f1:  0.00	Patience 76	
[08/18/2022 - 18:40:40] File "/home/<ANONYMOUS>/code/ReVeal/Devign/trainer.py", line 99  	====================================================================================================	
[08/18/2022 - 18:40:44] File "/home/<ANONYMOUS>/code/ReVeal/Devign/trainer.py", line 97  	Step 4991		Train Loss      0.000	Valid Loss    25.395	f1:  0.00	Patience 77	
[08/18/2022 - 18:40:44] File "/home/<ANONYMOUS>/code/ReVeal/Devign/trainer.py", line 99  	====================================================================================================	
[08/18/2022 - 18:40:50] File "/home/<ANONYMOUS>/code/ReVeal/Devign/trainer.py", line 97  	Step 5055		Train Loss      0.000	Valid Loss    25.443	f1:  0.00	Patience 78	
[08/18/2022 - 18:40:50] File "/home/<ANONYMOUS>/code/ReVeal/Devign/trainer.py", line 99  	====================================================================================================	
[08/18/2022 - 18:40:55] File "/home/<ANONYMOUS>/code/ReVeal/Devign/trainer.py", line 97  	Step 5119		Train Loss      0.000	Valid Loss    25.356	f1:  0.00	Patience 79	
[08/18/2022 - 18:40:55] File "/home/<ANONYMOUS>/code/ReVeal/Devign/trainer.py", line 99  	====================================================================================================	
[08/18/2022 - 18:41:01] File "/home/<ANONYMOUS>/code/ReVeal/Devign/trainer.py", line 97  	Step 5183		Train Loss      0.000	Valid Loss    25.697	f1:  0.00	Patience 80	
[08/18/2022 - 18:41:01] File "/home/<ANONYMOUS>/code/ReVeal/Devign/trainer.py", line 99  	====================================================================================================	
[08/18/2022 - 18:41:07] File "/home/<ANONYMOUS>/code/ReVeal/Devign/trainer.py", line 97  	Step 5247		Train Loss      0.000	Valid Loss    25.797	f1:  0.00	Patience 81	
[08/18/2022 - 18:41:07] File "/home/<ANONYMOUS>/code/ReVeal/Devign/trainer.py", line 99  	====================================================================================================	
[08/18/2022 - 18:41:13] File "/home/<ANONYMOUS>/code/ReVeal/Devign/trainer.py", line 97  	Step 5311		Train Loss      0.000	Valid Loss    25.388	f1:  0.00	Patience 82	
[08/18/2022 - 18:41:13] File "/home/<ANONYMOUS>/code/ReVeal/Devign/trainer.py", line 99  	====================================================================================================	
[08/18/2022 - 18:41:20] File "/home/<ANONYMOUS>/code/ReVeal/Devign/trainer.py", line 97  	Step 5375		Train Loss      0.000	Valid Loss    25.081	f1:  0.00	Patience 83	
[08/18/2022 - 18:41:20] File "/home/<ANONYMOUS>/code/ReVeal/Devign/trainer.py", line 99  	====================================================================================================	
[08/18/2022 - 18:41:27] File "/home/<ANONYMOUS>/code/ReVeal/Devign/trainer.py", line 97  	Step 5439		Train Loss      0.000	Valid Loss    24.837	f1:  0.00	Patience 84	
[08/18/2022 - 18:41:27] File "/home/<ANONYMOUS>/code/ReVeal/Devign/trainer.py", line 99  	====================================================================================================	
[08/18/2022 - 18:41:33] File "/home/<ANONYMOUS>/code/ReVeal/Devign/trainer.py", line 97  	Step 5503		Train Loss      0.000	Valid Loss    24.257	f1:  0.00	Patience 85	
[08/18/2022 - 18:41:33] File "/home/<ANONYMOUS>/code/ReVeal/Devign/trainer.py", line 99  	====================================================================================================	
[08/18/2022 - 18:41:39] File "/home/<ANONYMOUS>/code/ReVeal/Devign/trainer.py", line 97  	Step 5567		Train Loss      0.000	Valid Loss    23.224	f1:  0.00	Patience 86	
[08/18/2022 - 18:41:39] File "/home/<ANONYMOUS>/code/ReVeal/Devign/trainer.py", line 99  	====================================================================================================	
[08/18/2022 - 18:41:44] File "/home/<ANONYMOUS>/code/ReVeal/Devign/trainer.py", line 97  	Step 5631		Train Loss      0.000	Valid Loss    22.597	f1:  0.00	Patience 87	
[08/18/2022 - 18:41:44] File "/home/<ANONYMOUS>/code/ReVeal/Devign/trainer.py", line 99  	====================================================================================================	
[08/18/2022 - 18:41:50] File "/home/<ANONYMOUS>/code/ReVeal/Devign/trainer.py", line 97  	Step 5695		Train Loss      0.000	Valid Loss    21.930	f1:  0.00	Patience 88	
[08/18/2022 - 18:41:50] File "/home/<ANONYMOUS>/code/ReVeal/Devign/trainer.py", line 99  	====================================================================================================	
[08/18/2022 - 18:41:56] File "/home/<ANONYMOUS>/code/ReVeal/Devign/trainer.py", line 97  	Step 5759		Train Loss      0.000	Valid Loss    21.535	f1:  0.00	Patience 89	
[08/18/2022 - 18:41:56] File "/home/<ANONYMOUS>/code/ReVeal/Devign/trainer.py", line 99  	====================================================================================================	
[08/18/2022 - 18:42:02] File "/home/<ANONYMOUS>/code/ReVeal/Devign/trainer.py", line 97  	Step 5823		Train Loss      0.000	Valid Loss    19.692	f1:  0.00	Patience 90	
[08/18/2022 - 18:42:02] File "/home/<ANONYMOUS>/code/ReVeal/Devign/trainer.py", line 99  	====================================================================================================	
[08/18/2022 - 18:42:08] File "/home/<ANONYMOUS>/code/ReVeal/Devign/trainer.py", line 97  	Step 5887		Train Loss      0.000	Valid Loss    19.423	f1:  0.00	Patience 91	
[08/18/2022 - 18:42:08] File "/home/<ANONYMOUS>/code/ReVeal/Devign/trainer.py", line 99  	====================================================================================================	
[08/18/2022 - 18:42:13] File "/home/<ANONYMOUS>/code/ReVeal/Devign/trainer.py", line 97  	Step 5951		Train Loss      0.000	Valid Loss    17.616	f1:  0.00	Patience 92	
[08/18/2022 - 18:42:13] File "/home/<ANONYMOUS>/code/ReVeal/Devign/trainer.py", line 99  	====================================================================================================	
[08/18/2022 - 18:42:19] File "/home/<ANONYMOUS>/code/ReVeal/Devign/trainer.py", line 97  	Step 6015		Train Loss     31.645	Valid Loss     1.017	f1:  0.00	Patience 93	
[08/18/2022 - 18:42:19] File "/home/<ANONYMOUS>/code/ReVeal/Devign/trainer.py", line 99  	====================================================================================================	
[08/18/2022 - 18:42:25] File "/home/<ANONYMOUS>/code/ReVeal/Devign/trainer.py", line 97  	Step 6079		Train Loss     11.603	Valid Loss     0.767	f1:  0.00	Patience 94	
[08/18/2022 - 18:42:25] File "/home/<ANONYMOUS>/code/ReVeal/Devign/trainer.py", line 99  	====================================================================================================	
[08/18/2022 - 18:42:31] File "/home/<ANONYMOUS>/code/ReVeal/Devign/trainer.py", line 97  	Step 6143		Train Loss      4.913	Valid Loss     5.626	f1:  0.00	Patience 95	
[08/18/2022 - 18:42:31] File "/home/<ANONYMOUS>/code/ReVeal/Devign/trainer.py", line 99  	====================================================================================================	
[08/18/2022 - 18:42:36] File "/home/<ANONYMOUS>/code/ReVeal/Devign/trainer.py", line 97  	Step 6207		Train Loss      1.035	Valid Loss     2.884	f1:  0.00	Patience 96	
[08/18/2022 - 18:42:36] File "/home/<ANONYMOUS>/code/ReVeal/Devign/trainer.py", line 99  	====================================================================================================	
[08/18/2022 - 18:42:41] File "/home/<ANONYMOUS>/code/ReVeal/Devign/trainer.py", line 97  	Step 6271		Train Loss      0.028	Valid Loss     6.413	f1:  0.00	Patience 97	
[08/18/2022 - 18:42:41] File "/home/<ANONYMOUS>/code/ReVeal/Devign/trainer.py", line 99  	====================================================================================================	
[08/18/2022 - 18:42:46] File "/home/<ANONYMOUS>/code/ReVeal/Devign/trainer.py", line 97  	Step 6335		Train Loss      0.006	Valid Loss     5.564	f1:  0.00	Patience 98	
[08/18/2022 - 18:42:46] File "/home/<ANONYMOUS>/code/ReVeal/Devign/trainer.py", line 99  	====================================================================================================	
[08/18/2022 - 18:42:52] File "/home/<ANONYMOUS>/code/ReVeal/Devign/trainer.py", line 97  	Step 6399		Train Loss      0.003	Valid Loss     4.937	f1:  0.00	Patience 99	
[08/18/2022 - 18:42:52] File "/home/<ANONYMOUS>/code/ReVeal/Devign/trainer.py", line 99  	====================================================================================================	
[08/18/2022 - 18:42:57] File "/home/<ANONYMOUS>/code/ReVeal/Devign/trainer.py", line 97  	Step 6463		Train Loss      0.002	Valid Loss     4.815	f1:  0.00	Patience 100	
[08/18/2022 - 18:42:57] File "/home/<ANONYMOUS>/code/ReVeal/Devign/trainer.py", line 99  	====================================================================================================	
[08/18/2022 - 18:43:03] File "/home/<ANONYMOUS>/code/ReVeal/Devign/trainer.py", line 114  	models/combined/devign/vbalanced_0.001/1/GGNNSumModel	Test Accuracy: 49.33	Precision: 55.82	Recall: 34.33	F1: 42.51	
[08/18/2022 - 18:43:03] File "/home/<ANONYMOUS>/code/ReVeal/Devign/trainer.py", line 115  	====================================================================================================	
